[ 2018-06-04T13:53:49+08:00 ] 210.83.66.4 /admin/user/login
INFO: [ app_init ] --START--
INFO: Run Behavior\BuildLiteBehavior [ RunTime:0.000009s ]
INFO: [ app_init ] --END-- [ RunTime:0.000055s ]
INFO: [ app_begin ] --START--
INFO: Run Behavior\ReadHtmlCacheBehavior [ RunTime:0.000025s ]
INFO: [ app_begin ] --END-- [ RunTime:0.000041s ]
INFO: [ view_parse ] --START--
INFO: [ template_filter ] --START--
INFO: Run Behavior\ContentReplaceBehavior [ RunTime:0.000033s ]
INFO: [ template_filter ] --END-- [ RunTime:0.000054s ]
NOTIC: [8] Undefined variable: user_name /application/nginx-1.12.2/html/lovgarden_site/lovgarden/Application/Runtime/Cache/Admin/dd023d97164b5a749e2edb2ef1228c9f.php 第 42 行.
INFO: Run Behavior\ParseTemplateBehavior [ RunTime:0.000947s ]
INFO: [ view_parse ] --END-- [ RunTime:0.000986s ]
INFO: [ view_filter ] --START--
INFO: Run Behavior\WriteHtmlCacheBehavior [ RunTime:0.000034s ]
INFO: [ view_filter ] --END-- [ RunTime:0.000045s ]
INFO: [ app_end ] --START--
INFO: Run Behavior\ShowPageTraceBehavior [ RunTime:0.000021s ]
INFO: [ app_end ] --END-- [ RunTime:0.000031s ]

[ 2018-06-04T13:53:49+08:00 ] 210.83.66.4 /Admin/User/chkcode
INFO: [ app_init ] --START--
INFO: Run Behavior\BuildLiteBehavior [ RunTime:0.000009s ]
INFO: [ app_init ] --END-- [ RunTime:0.000051s ]
INFO: [ app_begin ] --START--
INFO: Run Behavior\ReadHtmlCacheBehavior [ RunTime:0.000020s ]
INFO: [ app_begin ] --END-- [ RunTime:0.000036s ]
INFO: [ app_end ] --START--
INFO: Run Behavior\ShowPageTraceBehavior [ RunTime:0.000026s ]
INFO: [ app_end ] --END-- [ RunTime:0.000050s ]

[ 2018-06-04T13:54:06+08:00 ] 210.83.66.4 /admin/user/login
INFO: [ app_init ] --START--
INFO: Run Behavior\BuildLiteBehavior [ RunTime:0.000011s ]
INFO: [ app_init ] --END-- [ RunTime:0.000065s ]
INFO: [ app_begin ] --START--
INFO: Run Behavior\ReadHtmlCacheBehavior [ RunTime:0.000036s ]
INFO: [ app_begin ] --END-- [ RunTime:0.000056s ]
SQL: SHOW COLUMNS FROM `lovgarden_user` [ RunTime:0.0006s ]
NOTIC: [8] Undefined index: auto /application/nginx-1.12.2/html/lovgarden_site/lovgarden/ThinkPHP/Library/Think/Model.class.php 第 1128 行.
SQL: SELECT * FROM `lovgarden_user` WHERE `user_name` = 'root' LIMIT 1   [ RunTime:0.0001s ]

[ 2018-06-04T13:54:06+08:00 ] 210.83.66.4 /Admin/Index/index.html
INFO: [ app_init ] --START--
INFO: Run Behavior\BuildLiteBehavior [ RunTime:0.000008s ]
INFO: [ app_init ] --END-- [ RunTime:0.000047s ]
INFO: [ app_begin ] --START--
INFO: Run Behavior\ReadHtmlCacheBehavior [ RunTime:0.000019s ]
INFO: [ app_begin ] --END-- [ RunTime:0.000035s ]
SQL: SHOW COLUMNS FROM `lovgarden_permission` [ RunTime:0.0005s ]
INFO: [ view_parse ] --START--
INFO: [ template_filter ] --START--
INFO: Run Behavior\ContentReplaceBehavior [ RunTime:0.000156s ]
INFO: [ template_filter ] --END-- [ RunTime:0.000180s ]
INFO: Run Behavior\ParseTemplateBehavior [ RunTime:0.003678s ]
INFO: [ view_parse ] --END-- [ RunTime:0.003701s ]
INFO: [ view_filter ] --START--
INFO: Run Behavior\WriteHtmlCacheBehavior [ RunTime:0.000033s ]
INFO: [ view_filter ] --END-- [ RunTime:0.000044s ]
INFO: [ app_end ] --START--
INFO: Run Behavior\ShowPageTraceBehavior [ RunTime:0.000024s ]
INFO: [ app_end ] --END-- [ RunTime:0.000043s ]

[ 2018-06-04T13:54:16+08:00 ] 210.83.66.4 /Admin/Order/order_list
INFO: [ app_init ] --START--
INFO: Run Behavior\BuildLiteBehavior [ RunTime:0.000009s ]
INFO: [ app_init ] --END-- [ RunTime:0.000052s ]
INFO: [ app_begin ] --START--
INFO: Run Behavior\ReadHtmlCacheBehavior [ RunTime:0.000023s ]
INFO: [ app_begin ] --END-- [ RunTime:0.000041s ]
SQL: SHOW COLUMNS FROM `lovgarden_permission` [ RunTime:0.0006s ]
SQL: SHOW COLUMNS FROM `lovgarden_order` [ RunTime:0.0005s ]
SQL: SELECT COUNT(*) AS tp_count FROM `lovgarden_order` LIMIT 1   [ RunTime:0.0003s ]
SQL: SELECT * FROM `lovgarden_order` ORDER BY `order_create_time` desc LIMIT 0,10   [ RunTime:0.0003s ]
INFO: [ view_parse ] --START--
INFO: [ template_filter ] --START--
INFO: Run Behavior\ContentReplaceBehavior [ RunTime:0.000102s ]
INFO: [ template_filter ] --END-- [ RunTime:0.000126s ]
NOTIC: [8] Undefined index: order_id /application/nginx-1.12.2/html/lovgarden_site/lovgarden/Application/Runtime/Cache/Admin/fef8c423ec3c67c65a2d8ee18ad16fe2.php 第 159 行.
NOTIC: [8] Undefined index: order_owner /application/nginx-1.12.2/html/lovgarden_site/lovgarden/Application/Runtime/Cache/Admin/fef8c423ec3c67c65a2d8ee18ad16fe2.php 第 160 行.
NOTIC: [8] Undefined index: telephone /application/nginx-1.12.2/html/lovgarden_site/lovgarden/Application/Runtime/Cache/Admin/fef8c423ec3c67c65a2d8ee18ad16fe2.php 第 161 行.
NOTIC: [8] Undefined index: order_create_time_start /application/nginx-1.12.2/html/lovgarden_site/lovgarden/Application/Runtime/Cache/Admin/fef8c423ec3c67c65a2d8ee18ad16fe2.php 第 162 行.
NOTIC: [8] Undefined index: order_create_time_end /application/nginx-1.12.2/html/lovgarden_site/lovgarden/Application/Runtime/Cache/Admin/fef8c423ec3c67c65a2d8ee18ad16fe2.php 第 163 行.
NOTIC: [8] Undefined index: order_status /application/nginx-1.12.2/html/lovgarden_site/lovgarden/Application/Runtime/Cache/Admin/fef8c423ec3c67c65a2d8ee18ad16fe2.php 第 166 行.
NOTIC: [8] Undefined index: order_status /application/nginx-1.12.2/html/lovgarden_site/lovgarden/Application/Runtime/Cache/Admin/fef8c423ec3c67c65a2d8ee18ad16fe2.php 第 167 行.
NOTIC: [8] Undefined index: order_status /application/nginx-1.12.2/html/lovgarden_site/lovgarden/Application/Runtime/Cache/Admin/fef8c423ec3c67c65a2d8ee18ad16fe2.php 第 168 行.
NOTIC: [8] Undefined index: others /application/nginx-1.12.2/html/lovgarden_site/lovgarden/Application/Runtime/Cache/Admin/fef8c423ec3c67c65a2d8ee18ad16fe2.php 第 170 行.
INFO: Run Behavior\ParseTemplateBehavior [ RunTime:0.002729s ]
INFO: [ view_parse ] --END-- [ RunTime:0.002749s ]
INFO: [ view_filter ] --START--
INFO: Run Behavior\WriteHtmlCacheBehavior [ RunTime:0.000023s ]
INFO: [ view_filter ] --END-- [ RunTime:0.000034s ]
INFO: [ app_end ] --START--
INFO: Run Behavior\ShowPageTraceBehavior [ RunTime:0.000023s ]
INFO: [ app_end ] --END-- [ RunTime:0.000042s ]

[ 2018-06-04T13:55:03+08:00 ] 210.83.66.4 /Admin/Order/detail/id/4
INFO: [ app_init ] --START--
INFO: Run Behavior\BuildLiteBehavior [ RunTime:0.000009s ]
INFO: [ app_init ] --END-- [ RunTime:0.000059s ]
INFO: [ app_begin ] --START--
INFO: Run Behavior\ReadHtmlCacheBehavior [ RunTime:0.000026s ]
INFO: [ app_begin ] --END-- [ RunTime:0.000043s ]
SQL: SHOW COLUMNS FROM `lovgarden_permission` [ RunTime:0.0005s ]
SQL: SELECT o.id AS list_id, o.order_info_id,o.product_sku_id,o.vase_option,o.deliver_time,p.varient_name,p.varient_status,p.varient_price,img.image_url FROM lovgarden_order_product_varient AS o
                LEFT JOIN lovgarden_product_varient AS p ON o.product_sku_id = p.sku_id 
                LEFT JOIN lovgarden_product_varient_images AS img ON p.id = img.product_varient_id WHERE o.order_original_id = '4' [ RunTime:0.0004s ]
NOTIC: [8] Undefined index: image_url /application/nginx-1.12.2/html/lovgarden_site/lovgarden/Application/Common/Common/function.php 第 130 行.
NOTIC: [2] in_array() expects parameter 2 to be array, null given /application/nginx-1.12.2/html/lovgarden_site/lovgarden/Application/Common/Common/function.php 第 130 行.
NOTIC: [8] Undefined index: image_url /application/nginx-1.12.2/html/lovgarden_site/lovgarden/Application/Common/Common/function.php 第 130 行.
NOTIC: [2] in_array() expects parameter 2 to be array, null given /application/nginx-1.12.2/html/lovgarden_site/lovgarden/Application/Common/Common/function.php 第 130 行.
INFO: [ view_parse ] --START--
INFO: [ template_filter ] --START--
INFO: Run Behavior\ContentReplaceBehavior [ RunTime:0.000074s ]
INFO: [ template_filter ] --END-- [ RunTime:0.000095s ]
INFO: Run Behavior\ParseTemplateBehavior [ RunTime:0.002068s ]
INFO: [ view_parse ] --END-- [ RunTime:0.002090s ]
INFO: [ view_filter ] --START--
INFO: Run Behavior\WriteHtmlCacheBehavior [ RunTime:0.000023s ]
INFO: [ view_filter ] --END-- [ RunTime:0.000033s ]
INFO: [ app_end ] --START--
INFO: Run Behavior\ShowPageTraceBehavior [ RunTime:0.000030s ]
INFO: [ app_end ] --END-- [ RunTime:0.000048s ]

[ 2018-06-04T17:16:09+08:00 ] 210.83.66.4 /admin/user/login
INFO: [ app_init ] --START--
INFO: Run Behavior\BuildLiteBehavior [ RunTime:0.000009s ]
INFO: [ app_init ] --END-- [ RunTime:0.000057s ]
INFO: [ app_begin ] --START--
INFO: Run Behavior\ReadHtmlCacheBehavior [ RunTime:0.000055s ]
INFO: [ app_begin ] --END-- [ RunTime:0.000074s ]
INFO: [ view_parse ] --START--
INFO: [ template_filter ] --START--
INFO: Run Behavior\ContentReplaceBehavior [ RunTime:0.000034s ]
INFO: [ template_filter ] --END-- [ RunTime:0.000055s ]
NOTIC: [8] Undefined variable: user_name /application/nginx-1.12.2/html/lovgarden_site/lovgarden/Application/Runtime/Cache/Admin/dd023d97164b5a749e2edb2ef1228c9f.php 第 42 行.
INFO: Run Behavior\ParseTemplateBehavior [ RunTime:0.000991s ]
INFO: [ view_parse ] --END-- [ RunTime:0.001009s ]
INFO: [ view_filter ] --START--
INFO: Run Behavior\WriteHtmlCacheBehavior [ RunTime:0.000027s ]
INFO: [ view_filter ] --END-- [ RunTime:0.000038s ]
INFO: [ app_end ] --START--
INFO: Run Behavior\ShowPageTraceBehavior [ RunTime:0.000015s ]
INFO: [ app_end ] --END-- [ RunTime:0.000025s ]

[ 2018-06-04T17:16:09+08:00 ] 210.83.66.4 /Admin/User/chkcode
INFO: [ app_init ] --START--
INFO: Run Behavior\BuildLiteBehavior [ RunTime:0.000009s ]
INFO: [ app_init ] --END-- [ RunTime:0.000049s ]
INFO: [ app_begin ] --START--
INFO: Run Behavior\ReadHtmlCacheBehavior [ RunTime:0.000021s ]
INFO: [ app_begin ] --END-- [ RunTime:0.000037s ]
INFO: [ app_end ] --START--
INFO: Run Behavior\ShowPageTraceBehavior [ RunTime:0.000029s ]
INFO: [ app_end ] --END-- [ RunTime:0.000055s ]

[ 2018-06-04T17:16:22+08:00 ] 210.83.66.4 /admin/user/login
INFO: [ app_init ] --START--
INFO: Run Behavior\BuildLiteBehavior [ RunTime:0.000011s ]
INFO: [ app_init ] --END-- [ RunTime:0.000065s ]
INFO: [ app_begin ] --START--
INFO: Run Behavior\ReadHtmlCacheBehavior [ RunTime:0.000028s ]
INFO: [ app_begin ] --END-- [ RunTime:0.000052s ]
SQL: SHOW COLUMNS FROM `lovgarden_user` [ RunTime:0.0007s ]
NOTIC: [8] Undefined index: auto /application/nginx-1.12.2/html/lovgarden_site/lovgarden/ThinkPHP/Library/Think/Model.class.php 第 1128 行.
SQL: SELECT * FROM `lovgarden_user` WHERE `user_name` = 'root' LIMIT 1   [ RunTime:0.0001s ]

[ 2018-06-04T17:16:22+08:00 ] 210.83.66.4 /Admin/Index/index.html
INFO: [ app_init ] --START--
INFO: Run Behavior\BuildLiteBehavior [ RunTime:0.000009s ]
INFO: [ app_init ] --END-- [ RunTime:0.000050s ]
INFO: [ app_begin ] --START--
INFO: Run Behavior\ReadHtmlCacheBehavior [ RunTime:0.000019s ]
INFO: [ app_begin ] --END-- [ RunTime:0.000035s ]
SQL: SHOW COLUMNS FROM `lovgarden_permission` [ RunTime:0.0006s ]
INFO: [ view_parse ] --START--
INFO: [ template_filter ] --START--
INFO: Run Behavior\ContentReplaceBehavior [ RunTime:0.000151s ]
INFO: [ template_filter ] --END-- [ RunTime:0.000177s ]
INFO: Run Behavior\ParseTemplateBehavior [ RunTime:0.003683s ]
INFO: [ view_parse ] --END-- [ RunTime:0.003707s ]
INFO: [ view_filter ] --START--
INFO: Run Behavior\WriteHtmlCacheBehavior [ RunTime:0.000036s ]
INFO: [ view_filter ] --END-- [ RunTime:0.000049s ]
INFO: [ app_end ] --START--
INFO: Run Behavior\ShowPageTraceBehavior [ RunTime:0.000023s ]
INFO: [ app_end ] --END-- [ RunTime:0.000041s ]

[ 2018-06-04T17:16:25+08:00 ] 210.83.66.4 /Admin/Product/product_list
INFO: [ app_init ] --START--
INFO: Run Behavior\BuildLiteBehavior [ RunTime:0.000041s ]
INFO: [ app_init ] --END-- [ RunTime:0.000103s ]
INFO: [ app_begin ] --START--
INFO: Run Behavior\ReadHtmlCacheBehavior [ RunTime:0.000034s ]
INFO: [ app_begin ] --END-- [ RunTime:0.000063s ]
SQL: SHOW COLUMNS FROM `lovgarden_permission` [ RunTime:0.0007s ]
NOTIC: [2] Declaration of Admin\Model\ProductVarientModel::_before_insert($data, $option) should be compatible with Think\Model::_before_insert(&$data, $options) /application/nginx-1.12.2/html/lovgarden_site/lovgarden/Application/Admin/Model/ProductVarientModel.class.php 第 0 行.
SQL: SHOW COLUMNS FROM `lovgarden_product_varient` [ RunTime:0.0005s ]
SQL: SELECT mf.sku_id,mf.varient_name,mf.varient_status,mf.varient_price,mf.decoration_level,mf.vase,df.`image_url` FROM lovgarden_product_varient mf LEFT JOIN lovgarden_product_varient_images AS df ON mf.id = df.product_varient_id  GROUP BY mf.sku_id  [ RunTime:0.0005s ]
SQL: SELECT mf.id,mf.sku_id,mf.varient_name,mf.varient_status,mf.varient_price,mf.decoration_level,mf.vase,df.`image_url` FROM lovgarden_product_varient mf LEFT JOIN lovgarden_product_varient_images AS df ON mf.id = df.product_varient_id  GROUP BY mf.sku_id LIMIT 0,10   [ RunTime:0.0004s ]
INFO: [ view_parse ] --START--
INFO: [ template_filter ] --START--
INFO: Run Behavior\ContentReplaceBehavior [ RunTime:0.000109s ]
INFO: [ template_filter ] --END-- [ RunTime:0.000147s ]
NOTIC: [8] Undefined index: varient_status /application/nginx-1.12.2/html/lovgarden_site/lovgarden/Application/Runtime/Cache/Admin/527ac73b321bc66eb5b723d07450871f.php 第 133 行.
NOTIC: [8] Undefined index: varient_status /application/nginx-1.12.2/html/lovgarden_site/lovgarden/Application/Runtime/Cache/Admin/527ac73b321bc66eb5b723d07450871f.php 第 134 行.
NOTIC: [8] Undefined index: varient_status /application/nginx-1.12.2/html/lovgarden_site/lovgarden/Application/Runtime/Cache/Admin/527ac73b321bc66eb5b723d07450871f.php 第 135 行.
NOTIC: [8] Undefined index: vase /application/nginx-1.12.2/html/lovgarden_site/lovgarden/Application/Runtime/Cache/Admin/527ac73b321bc66eb5b723d07450871f.php 第 139 行.
NOTIC: [8] Undefined index: vase /application/nginx-1.12.2/html/lovgarden_site/lovgarden/Application/Runtime/Cache/Admin/527ac73b321bc66eb5b723d07450871f.php 第 140 行.
NOTIC: [8] Undefined index: decoration_level /application/nginx-1.12.2/html/lovgarden_site/lovgarden/Application/Runtime/Cache/Admin/527ac73b321bc66eb5b723d07450871f.php 第 144 行.
NOTIC: [8] Undefined index: decoration_level /application/nginx-1.12.2/html/lovgarden_site/lovgarden/Application/Runtime/Cache/Admin/527ac73b321bc66eb5b723d07450871f.php 第 145 行.
NOTIC: [8] Undefined index: decoration_level /application/nginx-1.12.2/html/lovgarden_site/lovgarden/Application/Runtime/Cache/Admin/527ac73b321bc66eb5b723d07450871f.php 第 146 行.
INFO: Run Behavior\ParseTemplateBehavior [ RunTime:0.002992s ]
INFO: [ view_parse ] --END-- [ RunTime:0.003020s ]
INFO: [ view_filter ] --START--
INFO: Run Behavior\WriteHtmlCacheBehavior [ RunTime:0.000027s ]
INFO: [ view_filter ] --END-- [ RunTime:0.000040s ]
INFO: [ app_end ] --START--
INFO: Run Behavior\ShowPageTraceBehavior [ RunTime:0.000030s ]
INFO: [ app_end ] --END-- [ RunTime:0.000056s ]

[ 2018-06-04T17:16:29+08:00 ] 210.83.66.4 /Admin/Product/update/id/16
INFO: [ app_init ] --START--
INFO: Run Behavior\BuildLiteBehavior [ RunTime:0.000009s ]
INFO: [ app_init ] --END-- [ RunTime:0.000050s ]
INFO: [ app_begin ] --START--
INFO: Run Behavior\ReadHtmlCacheBehavior [ RunTime:0.000019s ]
INFO: [ app_begin ] --END-- [ RunTime:0.000034s ]
SQL: SHOW COLUMNS FROM `lovgarden_permission` [ RunTime:0.0005s ]
SQL: SELECT pv.id , pv.category , pv.sku_id , pv.varient_name,pv.varient_summary,pv.varient_body,pv.varient_status,pv.varient_price,pv.decoration_level,pv.vase,pvi.`image_url` ,pvhl.`hurry_level_id` , pvft.`flower_type_id`,pvfo.`flower_occasion_id`,pvfh.`flower_home_id`,pvfc.`flower_color_id` FROM lovgarden_product_varient AS pv 
                    LEFT JOIN lovgarden_product_varient_images AS pvi ON pv.`id`=pvi.`product_varient_id`
                    LEFT JOIN lovgarden_product_varient_hurry_level AS pvhl ON pv.`id`=pvhl.`product_varient_id`
                    LEFT JOIN lovgarden_product_varient_flower_type AS pvft ON pv.`id`=pvft.`product_varient_id`
                    LEFT JOIN lovgarden_product_varient_flower_occasion AS pvfo ON pv.`id`=pvfo.`product_varient_id`
                    LEFT JOIN lovgarden_product_varient_flower_home AS pvfh ON pv.`id`=pvfh.`product_varient_id`
                    LEFT JOIN lovgarden_product_varient_flower_color AS pvfc ON pv.`id`=pvfc.`product_varient_id` WHERE pv.`id`= '16' [ RunTime:0.0024s ]
NOTIC: [8] Undefined index: image_url /application/nginx-1.12.2/html/lovgarden_site/lovgarden/Application/Common/Common/function.php 第 130 行.
NOTIC: [2] in_array() expects parameter 2 to be array, null given /application/nginx-1.12.2/html/lovgarden_site/lovgarden/Application/Common/Common/function.php 第 130 行.
NOTIC: [8] Undefined index: hurry_level_id /application/nginx-1.12.2/html/lovgarden_site/lovgarden/Application/Common/Common/function.php 第 130 行.
NOTIC: [2] in_array() expects parameter 2 to be array, null given /application/nginx-1.12.2/html/lovgarden_site/lovgarden/Application/Common/Common/function.php 第 130 行.
NOTIC: [8] Undefined index: flower_type_id /application/nginx-1.12.2/html/lovgarden_site/lovgarden/Application/Common/Common/function.php 第 130 行.
NOTIC: [2] in_array() expects parameter 2 to be array, null given /application/nginx-1.12.2/html/lovgarden_site/lovgarden/Application/Common/Common/function.php 第 130 行.
NOTIC: [8] Undefined index: flower_occasion_id /application/nginx-1.12.2/html/lovgarden_site/lovgarden/Application/Common/Common/function.php 第 130 行.
NOTIC: [2] in_array() expects parameter 2 to be array, null given /application/nginx-1.12.2/html/lovgarden_site/lovgarden/Application/Common/Common/function.php 第 130 行.
NOTIC: [8] Undefined index: flower_home_id /application/nginx-1.12.2/html/lovgarden_site/lovgarden/Application/Common/Common/function.php 第 130 行.
NOTIC: [2] in_array() expects parameter 2 to be array, null given /application/nginx-1.12.2/html/lovgarden_site/lovgarden/Application/Common/Common/function.php 第 130 行.
NOTIC: [8] Undefined index: flower_color_id /application/nginx-1.12.2/html/lovgarden_site/lovgarden/Application/Common/Common/function.php 第 130 行.
NOTIC: [2] in_array() expects parameter 2 to be array, null given /application/nginx-1.12.2/html/lovgarden_site/lovgarden/Application/Common/Common/function.php 第 130 行.
SQL: SELECT id,image_url FROM lovgarden_product_varient_images WHERE product_varient_id='16' [ RunTime:0.0003s ]
INFO: [ view_parse ] --START--
INFO: [ template_filter ] --START--
INFO: Run Behavior\ContentReplaceBehavior [ RunTime:0.000123s ]
INFO: [ template_filter ] --END-- [ RunTime:0.000153s ]
SQL: select id , article_category_name from lovgarden_article_category [ RunTime:0.0001s ]
SQL: select id , flower_color from lovgarden_flower_color [ RunTime:0.0002s ]
SQL: select id , hurry_level from lovgarden_hurry_level [ RunTime:0.0001s ]
SQL: select id , flower_name from lovgarden_flower_type [ RunTime:0.0002s ]
SQL: select id , flower_home from lovgarden_flower_home [ RunTime:0.0001s ]
SQL: select id , flower_occasion from lovgarden_flower_occasion [ RunTime:0.0001s ]
INFO: Run Behavior\ParseTemplateBehavior [ RunTime:0.004222s ]
INFO: [ view_parse ] --END-- [ RunTime:0.004239s ]
INFO: [ view_filter ] --START--
INFO: Run Behavior\WriteHtmlCacheBehavior [ RunTime:0.000034s ]
INFO: [ view_filter ] --END-- [ RunTime:0.000051s ]
INFO: [ app_end ] --START--
INFO: Run Behavior\ShowPageTraceBehavior [ RunTime:0.000025s ]
INFO: [ app_end ] --END-- [ RunTime:0.000045s ]

[ 2018-06-04T17:16:44+08:00 ] 210.83.66.4 /Admin/Product/update/id/16
INFO: [ app_init ] --START--
INFO: Run Behavior\BuildLiteBehavior [ RunTime:0.000010s ]
INFO: [ app_init ] --END-- [ RunTime:0.000052s ]
INFO: [ app_begin ] --START--
INFO: Run Behavior\ReadHtmlCacheBehavior [ RunTime:0.000018s ]
INFO: [ app_begin ] --END-- [ RunTime:0.000033s ]
SQL: SHOW COLUMNS FROM `lovgarden_permission` [ RunTime:0.0005s ]
NOTIC: [2] Declaration of Admin\Model\ProductVarientModel::_before_insert($data, $option) should be compatible with Think\Model::_before_insert(&$data, $options) /application/nginx-1.12.2/html/lovgarden_site/lovgarden/Application/Admin/Model/ProductVarientModel.class.php 第 0 行.
SQL: SHOW COLUMNS FROM `lovgarden_product_varient` [ RunTime:0.0005s ]
NOTIC: [8] Undefined index: validate /application/nginx-1.12.2/html/lovgarden_site/lovgarden/ThinkPHP/Library/Think/Model.class.php 第 1185 行.
NOTIC: [8] Undefined index: auto /application/nginx-1.12.2/html/lovgarden_site/lovgarden/ThinkPHP/Library/Think/Model.class.php 第 1128 行.
SQL: UPDATE `lovgarden_product_varient` SET `sku_id`='180011',`varient_name`='绿野仙踪',`varient_summary`='田园派玫瑰组合',`varient_body`='<p>1田园派玫瑰组合，让绿野之气息回荡在身边</p><p><br/></p>',`varient_status`='1',`varient_price`='1.00',`decoration_level`='1',`category`='8',`vase`='1' WHERE ( id=16 ) [ RunTime:0.0005s ]
SQL: SHOW COLUMNS FROM `lovgarden_product_varient_flower_color` [ RunTime:0.0003s ]
SQL: SELECT flower_color_id FROM lovgarden_product_varient_flower_color WHERE product_varient_id = '16' [ RunTime:0.0002s ]
SQL: SHOW COLUMNS FROM `lovgarden_product_varient_flower_home` [ RunTime:0.0003s ]
SQL: SELECT flower_home_id FROM lovgarden_product_varient_flower_home WHERE product_varient_id = '16' [ RunTime:0.0002s ]
SQL: SHOW COLUMNS FROM `lovgarden_product_varient_flower_occasion` [ RunTime:0.0003s ]
SQL: SELECT flower_occasion_id FROM lovgarden_product_varient_flower_occasion WHERE product_varient_id = '16' [ RunTime:0.0002s ]
SQL: SHOW COLUMNS FROM `lovgarden_product_varient_flower_type` [ RunTime:0.0003s ]
SQL: SELECT flower_type_id FROM lovgarden_product_varient_flower_type WHERE product_varient_id = '16' [ RunTime:0.0001s ]
SQL: SHOW COLUMNS FROM `lovgarden_product_varient_hurry_level` [ RunTime:0.0003s ]
SQL: SELECT hurry_level_id FROM lovgarden_product_varient_hurry_level WHERE product_varient_id = '16' [ RunTime:0.0001s ]
INFO: [ view_parse ] --START--
INFO: [ template_filter ] --START--
INFO: Run Behavior\ContentReplaceBehavior [ RunTime:0.000034s ]
INFO: [ template_filter ] --END-- [ RunTime:0.000087s ]
INFO: Run Behavior\ParseTemplateBehavior [ RunTime:0.000799s ]
INFO: [ view_parse ] --END-- [ RunTime:0.000843s ]
INFO: [ view_filter ] --START--
INFO: Run Behavior\WriteHtmlCacheBehavior [ RunTime:0.000036s ]
INFO: [ view_filter ] --END-- [ RunTime:0.000055s ]
INFO: [ app_end ] --START--
INFO: Run Behavior\ShowPageTraceBehavior [ RunTime:0.000021s ]
INFO: [ app_end ] --END-- [ RunTime:0.000033s ]

[ 2018-06-04T17:16:46+08:00 ] 210.83.66.4 /Admin/Index/index
INFO: [ app_init ] --START--
INFO: Run Behavior\BuildLiteBehavior [ RunTime:0.000010s ]
INFO: [ app_init ] --END-- [ RunTime:0.000062s ]
INFO: [ app_begin ] --START--
INFO: Run Behavior\ReadHtmlCacheBehavior [ RunTime:0.000027s ]
INFO: [ app_begin ] --END-- [ RunTime:0.000045s ]
SQL: SHOW COLUMNS FROM `lovgarden_permission` [ RunTime:0.0006s ]
INFO: [ view_parse ] --START--
INFO: [ template_filter ] --START--
INFO: Run Behavior\ContentReplaceBehavior [ RunTime:0.000151s ]
INFO: [ template_filter ] --END-- [ RunTime:0.000178s ]
INFO: Run Behavior\ParseTemplateBehavior [ RunTime:0.003752s ]
INFO: [ view_parse ] --END-- [ RunTime:0.003779s ]
INFO: [ view_filter ] --START--
INFO: Run Behavior\WriteHtmlCacheBehavior [ RunTime:0.000026s ]
INFO: [ view_filter ] --END-- [ RunTime:0.000037s ]
INFO: [ app_end ] --START--
INFO: Run Behavior\ShowPageTraceBehavior [ RunTime:0.000025s ]
INFO: [ app_end ] --END-- [ RunTime:0.000044s ]

[ 2018-06-04T17:25:50+08:00 ] 210.83.66.4 /admin/user/login
INFO: [ app_init ] --START--
INFO: Run Behavior\BuildLiteBehavior [ RunTime:0.000009s ]
INFO: [ app_init ] --END-- [ RunTime:0.000060s ]
INFO: [ app_begin ] --START--
INFO: Run Behavior\ReadHtmlCacheBehavior [ RunTime:0.000025s ]
INFO: [ app_begin ] --END-- [ RunTime:0.000041s ]

[ 2018-06-04T17:25:50+08:00 ] 210.83.66.4 /Admin/Index/index.html
INFO: [ app_init ] --START--
INFO: Run Behavior\BuildLiteBehavior [ RunTime:0.000008s ]
INFO: [ app_init ] --END-- [ RunTime:0.000048s ]
INFO: [ app_begin ] --START--
INFO: Run Behavior\ReadHtmlCacheBehavior [ RunTime:0.000020s ]
INFO: [ app_begin ] --END-- [ RunTime:0.000036s ]
SQL: SHOW COLUMNS FROM `lovgarden_permission` [ RunTime:0.0006s ]
INFO: [ view_parse ] --START--
INFO: [ template_filter ] --START--
INFO: Run Behavior\ContentReplaceBehavior [ RunTime:0.000151s ]
INFO: [ template_filter ] --END-- [ RunTime:0.000176s ]
INFO: Run Behavior\ParseTemplateBehavior [ RunTime:0.003751s ]
INFO: [ view_parse ] --END-- [ RunTime:0.003774s ]
INFO: [ view_filter ] --START--
INFO: Run Behavior\WriteHtmlCacheBehavior [ RunTime:0.000034s ]
INFO: [ view_filter ] --END-- [ RunTime:0.000046s ]
INFO: [ app_end ] --START--
INFO: Run Behavior\ShowPageTraceBehavior [ RunTime:0.000031s ]
INFO: [ app_end ] --END-- [ RunTime:0.000050s ]

[ 2018-06-04T17:25:54+08:00 ] 210.83.66.4 /Admin/Product/product_list
INFO: [ app_init ] --START--
INFO: Run Behavior\BuildLiteBehavior [ RunTime:0.000008s ]
INFO: [ app_init ] --END-- [ RunTime:0.000049s ]
INFO: [ app_begin ] --START--
INFO: Run Behavior\ReadHtmlCacheBehavior [ RunTime:0.000020s ]
INFO: [ app_begin ] --END-- [ RunTime:0.000037s ]
SQL: SHOW COLUMNS FROM `lovgarden_permission` [ RunTime:0.0005s ]
NOTIC: [2] Declaration of Admin\Model\ProductVarientModel::_before_insert($data, $option) should be compatible with Think\Model::_before_insert(&$data, $options) /application/nginx-1.12.2/html/lovgarden_site/lovgarden/Application/Admin/Model/ProductVarientModel.class.php 第 0 行.
SQL: SHOW COLUMNS FROM `lovgarden_product_varient` [ RunTime:0.0004s ]
SQL: SELECT mf.sku_id,mf.varient_name,mf.varient_status,mf.varient_price,mf.decoration_level,mf.vase,df.`image_url` FROM lovgarden_product_varient mf LEFT JOIN lovgarden_product_varient_images AS df ON mf.id = df.product_varient_id  GROUP BY mf.sku_id  [ RunTime:0.0004s ]
SQL: SELECT mf.id,mf.sku_id,mf.varient_name,mf.varient_status,mf.varient_price,mf.decoration_level,mf.vase,df.`image_url` FROM lovgarden_product_varient mf LEFT JOIN lovgarden_product_varient_images AS df ON mf.id = df.product_varient_id  GROUP BY mf.sku_id LIMIT 0,10   [ RunTime:0.0003s ]
INFO: [ view_parse ] --START--
INFO: [ template_filter ] --START--
INFO: Run Behavior\ContentReplaceBehavior [ RunTime:0.000091s ]
INFO: [ template_filter ] --END-- [ RunTime:0.000112s ]
NOTIC: [8] Undefined index: varient_status /application/nginx-1.12.2/html/lovgarden_site/lovgarden/Application/Runtime/Cache/Admin/527ac73b321bc66eb5b723d07450871f.php 第 133 行.
NOTIC: [8] Undefined index: varient_status /application/nginx-1.12.2/html/lovgarden_site/lovgarden/Application/Runtime/Cache/Admin/527ac73b321bc66eb5b723d07450871f.php 第 134 行.
NOTIC: [8] Undefined index: varient_status /application/nginx-1.12.2/html/lovgarden_site/lovgarden/Application/Runtime/Cache/Admin/527ac73b321bc66eb5b723d07450871f.php 第 135 行.
NOTIC: [8] Undefined index: vase /application/nginx-1.12.2/html/lovgarden_site/lovgarden/Application/Runtime/Cache/Admin/527ac73b321bc66eb5b723d07450871f.php 第 139 行.
NOTIC: [8] Undefined index: vase /application/nginx-1.12.2/html/lovgarden_site/lovgarden/Application/Runtime/Cache/Admin/527ac73b321bc66eb5b723d07450871f.php 第 140 行.
NOTIC: [8] Undefined index: decoration_level /application/nginx-1.12.2/html/lovgarden_site/lovgarden/Application/Runtime/Cache/Admin/527ac73b321bc66eb5b723d07450871f.php 第 144 行.
NOTIC: [8] Undefined index: decoration_level /application/nginx-1.12.2/html/lovgarden_site/lovgarden/Application/Runtime/Cache/Admin/527ac73b321bc66eb5b723d07450871f.php 第 145 行.
NOTIC: [8] Undefined index: decoration_level /application/nginx-1.12.2/html/lovgarden_site/lovgarden/Application/Runtime/Cache/Admin/527ac73b321bc66eb5b723d07450871f.php 第 146 行.
INFO: Run Behavior\ParseTemplateBehavior [ RunTime:0.002475s ]
INFO: [ view_parse ] --END-- [ RunTime:0.002494s ]
INFO: [ view_filter ] --START--
INFO: Run Behavior\WriteHtmlCacheBehavior [ RunTime:0.000022s ]
INFO: [ view_filter ] --END-- [ RunTime:0.000033s ]
INFO: [ app_end ] --START--
INFO: Run Behavior\ShowPageTraceBehavior [ RunTime:0.000023s ]
INFO: [ app_end ] --END-- [ RunTime:0.000040s ]

[ 2018-06-04T17:25:57+08:00 ] 210.83.66.4 /Admin/Product/update/id/16
INFO: [ app_init ] --START--
INFO: Run Behavior\BuildLiteBehavior [ RunTime:0.000009s ]
INFO: [ app_init ] --END-- [ RunTime:0.000052s ]
INFO: [ app_begin ] --START--
INFO: Run Behavior\ReadHtmlCacheBehavior [ RunTime:0.000019s ]
INFO: [ app_begin ] --END-- [ RunTime:0.000035s ]
SQL: SHOW COLUMNS FROM `lovgarden_permission` [ RunTime:0.0006s ]
SQL: SELECT pv.id , pv.category , pv.sku_id , pv.varient_name,pv.varient_summary,pv.varient_body,pv.varient_status,pv.varient_price,pv.decoration_level,pv.vase,pvi.`image_url` ,pvhl.`hurry_level_id` , pvft.`flower_type_id`,pvfo.`flower_occasion_id`,pvfh.`flower_home_id`,pvfc.`flower_color_id` FROM lovgarden_product_varient AS pv 
                    LEFT JOIN lovgarden_product_varient_images AS pvi ON pv.`id`=pvi.`product_varient_id`
                    LEFT JOIN lovgarden_product_varient_hurry_level AS pvhl ON pv.`id`=pvhl.`product_varient_id`
                    LEFT JOIN lovgarden_product_varient_flower_type AS pvft ON pv.`id`=pvft.`product_varient_id`
                    LEFT JOIN lovgarden_product_varient_flower_occasion AS pvfo ON pv.`id`=pvfo.`product_varient_id`
                    LEFT JOIN lovgarden_product_varient_flower_home AS pvfh ON pv.`id`=pvfh.`product_varient_id`
                    LEFT JOIN lovgarden_product_varient_flower_color AS pvfc ON pv.`id`=pvfc.`product_varient_id` WHERE pv.`id`= '16' [ RunTime:0.0024s ]
NOTIC: [8] Undefined index: image_url /application/nginx-1.12.2/html/lovgarden_site/lovgarden/Application/Common/Common/function.php 第 130 行.
NOTIC: [2] in_array() expects parameter 2 to be array, null given /application/nginx-1.12.2/html/lovgarden_site/lovgarden/Application/Common/Common/function.php 第 130 行.
NOTIC: [8] Undefined index: hurry_level_id /application/nginx-1.12.2/html/lovgarden_site/lovgarden/Application/Common/Common/function.php 第 130 行.
NOTIC: [2] in_array() expects parameter 2 to be array, null given /application/nginx-1.12.2/html/lovgarden_site/lovgarden/Application/Common/Common/function.php 第 130 行.
NOTIC: [8] Undefined index: flower_type_id /application/nginx-1.12.2/html/lovgarden_site/lovgarden/Application/Common/Common/function.php 第 130 行.
NOTIC: [2] in_array() expects parameter 2 to be array, null given /application/nginx-1.12.2/html/lovgarden_site/lovgarden/Application/Common/Common/function.php 第 130 行.
NOTIC: [8] Undefined index: flower_occasion_id /application/nginx-1.12.2/html/lovgarden_site/lovgarden/Application/Common/Common/function.php 第 130 行.
NOTIC: [2] in_array() expects parameter 2 to be array, null given /application/nginx-1.12.2/html/lovgarden_site/lovgarden/Application/Common/Common/function.php 第 130 行.
NOTIC: [8] Undefined index: flower_home_id /application/nginx-1.12.2/html/lovgarden_site/lovgarden/Application/Common/Common/function.php 第 130 行.
NOTIC: [2] in_array() expects parameter 2 to be array, null given /application/nginx-1.12.2/html/lovgarden_site/lovgarden/Application/Common/Common/function.php 第 130 行.
NOTIC: [8] Undefined index: flower_color_id /application/nginx-1.12.2/html/lovgarden_site/lovgarden/Application/Common/Common/function.php 第 130 行.
NOTIC: [2] in_array() expects parameter 2 to be array, null given /application/nginx-1.12.2/html/lovgarden_site/lovgarden/Application/Common/Common/function.php 第 130 行.
SQL: SELECT id,image_url FROM lovgarden_product_varient_images WHERE product_varient_id='16' [ RunTime:0.0001s ]
INFO: [ view_parse ] --START--
INFO: [ template_filter ] --START--
INFO: Run Behavior\ContentReplaceBehavior [ RunTime:0.000157s ]
INFO: [ template_filter ] --END-- [ RunTime:0.000184s ]
SQL: select id , article_category_name from lovgarden_article_category [ RunTime:0.0001s ]
SQL: select id , flower_color from lovgarden_flower_color [ RunTime:0.0001s ]
SQL: select id , hurry_level from lovgarden_hurry_level [ RunTime:0.0001s ]
SQL: select id , flower_name from lovgarden_flower_type [ RunTime:0.0001s ]
SQL: select id , flower_home from lovgarden_flower_home [ RunTime:0.0001s ]
SQL: select id , flower_occasion from lovgarden_flower_occasion [ RunTime:0.0001s ]
INFO: Run Behavior\ParseTemplateBehavior [ RunTime:0.003741s ]
INFO: [ view_parse ] --END-- [ RunTime:0.003756s ]
INFO: [ view_filter ] --START--
INFO: Run Behavior\WriteHtmlCacheBehavior [ RunTime:0.000025s ]
INFO: [ view_filter ] --END-- [ RunTime:0.000035s ]
INFO: [ app_end ] --START--
INFO: Run Behavior\ShowPageTraceBehavior [ RunTime:0.000023s ]
INFO: [ app_end ] --END-- [ RunTime:0.000041s ]

[ 2018-06-04T17:26:04+08:00 ] 210.83.66.4 /Admin/Product/update/id/16
INFO: [ app_init ] --START--
INFO: Run Behavior\BuildLiteBehavior [ RunTime:0.000009s ]
INFO: [ app_init ] --END-- [ RunTime:0.000048s ]
INFO: [ app_begin ] --START--
INFO: Run Behavior\ReadHtmlCacheBehavior [ RunTime:0.000018s ]
INFO: [ app_begin ] --END-- [ RunTime:0.000034s ]
SQL: SHOW COLUMNS FROM `lovgarden_permission` [ RunTime:0.0005s ]
NOTIC: [2] Declaration of Admin\Model\ProductVarientModel::_before_insert($data, $option) should be compatible with Think\Model::_before_insert(&$data, $options) /application/nginx-1.12.2/html/lovgarden_site/lovgarden/Application/Admin/Model/ProductVarientModel.class.php 第 0 行.
SQL: SHOW COLUMNS FROM `lovgarden_product_varient` [ RunTime:0.0004s ]
NOTIC: [8] Undefined index: validate /application/nginx-1.12.2/html/lovgarden_site/lovgarden/ThinkPHP/Library/Think/Model.class.php 第 1185 行.
NOTIC: [8] Undefined index: auto /application/nginx-1.12.2/html/lovgarden_site/lovgarden/ThinkPHP/Library/Think/Model.class.php 第 1128 行.
SQL: UPDATE `lovgarden_product_varient` SET `sku_id`='180011',`varient_name`='绿野仙踪',`varient_summary`='田园派玫瑰组合',`varient_body`='<p>1田园派玫瑰组合，让绿野之气息回荡在身边</p><p><br/></p>',`varient_status`='1',`varient_price`='223',`decoration_level`='1',`category`='8',`vase`='1' WHERE ( id=16 ) [ RunTime:0.0004s ]
SQL: SHOW COLUMNS FROM `lovgarden_product_varient_flower_color` [ RunTime:0.0003s ]
SQL: SELECT flower_color_id FROM lovgarden_product_varient_flower_color WHERE product_varient_id = '16' [ RunTime:0.0001s ]
SQL: SHOW COLUMNS FROM `lovgarden_product_varient_flower_home` [ RunTime:0.0004s ]
SQL: SELECT flower_home_id FROM lovgarden_product_varient_flower_home WHERE product_varient_id = '16' [ RunTime:0.0001s ]
SQL: SHOW COLUMNS FROM `lovgarden_product_varient_flower_occasion` [ RunTime:0.0003s ]
SQL: SELECT flower_occasion_id FROM lovgarden_product_varient_flower_occasion WHERE product_varient_id = '16' [ RunTime:0.0001s ]
SQL: SHOW COLUMNS FROM `lovgarden_product_varient_flower_type` [ RunTime:0.0003s ]
SQL: SELECT flower_type_id FROM lovgarden_product_varient_flower_type WHERE product_varient_id = '16' [ RunTime:0.0001s ]
SQL: SHOW COLUMNS FROM `lovgarden_product_varient_hurry_level` [ RunTime:0.0003s ]
SQL: SELECT hurry_level_id FROM lovgarden_product_varient_hurry_level WHERE product_varient_id = '16' [ RunTime:0.0001s ]
INFO: [ view_parse ] --START--
INFO: [ template_filter ] --START--
INFO: Run Behavior\ContentReplaceBehavior [ RunTime:0.000017s ]
INFO: [ template_filter ] --END-- [ RunTime:0.000038s ]
INFO: Run Behavior\ParseTemplateBehavior [ RunTime:0.000633s ]
INFO: [ view_parse ] --END-- [ RunTime:0.000663s ]
INFO: [ view_filter ] --START--
INFO: Run Behavior\WriteHtmlCacheBehavior [ RunTime:0.000025s ]
INFO: [ view_filter ] --END-- [ RunTime:0.000038s ]
INFO: [ app_end ] --START--
INFO: Run Behavior\ShowPageTraceBehavior [ RunTime:0.000016s ]
INFO: [ app_end ] --END-- [ RunTime:0.000027s ]

[ 2018-06-04T17:26:05+08:00 ] 210.83.66.4 /Admin/Index/index
INFO: [ app_init ] --START--
INFO: Run Behavior\BuildLiteBehavior [ RunTime:0.000012s ]
INFO: [ app_init ] --END-- [ RunTime:0.000065s ]
INFO: [ app_begin ] --START--
INFO: Run Behavior\ReadHtmlCacheBehavior [ RunTime:0.000022s ]
INFO: [ app_begin ] --END-- [ RunTime:0.000039s ]
SQL: SHOW COLUMNS FROM `lovgarden_permission` [ RunTime:0.0006s ]
INFO: [ view_parse ] --START--
INFO: [ template_filter ] --START--
INFO: Run Behavior\ContentReplaceBehavior [ RunTime:0.000161s ]
INFO: [ template_filter ] --END-- [ RunTime:0.000187s ]
INFO: Run Behavior\ParseTemplateBehavior [ RunTime:0.003744s ]
INFO: [ view_parse ] --END-- [ RunTime:0.003769s ]
INFO: [ view_filter ] --START--
INFO: Run Behavior\WriteHtmlCacheBehavior [ RunTime:0.000023s ]
INFO: [ view_filter ] --END-- [ RunTime:0.000035s ]
INFO: [ app_end ] --START--
INFO: Run Behavior\ShowPageTraceBehavior [ RunTime:0.000039s ]
INFO: [ app_end ] --END-- [ RunTime:0.000060s ]

[ 2018-06-04T17:26:08+08:00 ] 210.83.66.4 /Admin/User/logout
INFO: [ app_init ] --START--
INFO: Run Behavior\BuildLiteBehavior [ RunTime:0.000013s ]
INFO: [ app_init ] --END-- [ RunTime:0.000078s ]
INFO: [ app_begin ] --START--
INFO: Run Behavior\ReadHtmlCacheBehavior [ RunTime:0.000032s ]
INFO: [ app_begin ] --END-- [ RunTime:0.000058s ]
SQL: SHOW COLUMNS FROM `lovgarden_user` [ RunTime:0.0009s ]

[ 2018-06-04T17:26:08+08:00 ] 210.83.66.4 /Admin/User/login.html
INFO: [ app_init ] --START--
INFO: Run Behavior\BuildLiteBehavior [ RunTime:0.000013s ]
INFO: [ app_init ] --END-- [ RunTime:0.000080s ]
INFO: [ app_begin ] --START--
INFO: Run Behavior\ReadHtmlCacheBehavior [ RunTime:0.000032s ]
INFO: [ app_begin ] --END-- [ RunTime:0.000058s ]
INFO: [ view_parse ] --START--
INFO: [ template_filter ] --START--
INFO: Run Behavior\ContentReplaceBehavior [ RunTime:0.000045s ]
INFO: [ template_filter ] --END-- [ RunTime:0.000077s ]
NOTIC: [8] Undefined variable: user_name /application/nginx-1.12.2/html/lovgarden_site/lovgarden/Application/Runtime/Cache/Admin/dd023d97164b5a749e2edb2ef1228c9f.php 第 42 行.
INFO: Run Behavior\ParseTemplateBehavior [ RunTime:0.001363s ]
INFO: [ view_parse ] --END-- [ RunTime:0.001392s ]
INFO: [ view_filter ] --START--
INFO: Run Behavior\WriteHtmlCacheBehavior [ RunTime:0.000034s ]
INFO: [ view_filter ] --END-- [ RunTime:0.000053s ]
INFO: [ app_end ] --START--
INFO: Run Behavior\ShowPageTraceBehavior [ RunTime:0.000026s ]
INFO: [ app_end ] --END-- [ RunTime:0.000046s ]

[ 2018-06-04T17:26:08+08:00 ] 210.83.66.4 /Admin/User/chkcode
INFO: [ app_init ] --START--
INFO: Run Behavior\BuildLiteBehavior [ RunTime:0.000013s ]
INFO: [ app_init ] --END-- [ RunTime:0.000090s ]
INFO: [ app_begin ] --START--
INFO: Run Behavior\ReadHtmlCacheBehavior [ RunTime:0.000031s ]
INFO: [ app_begin ] --END-- [ RunTime:0.000058s ]
INFO: [ app_end ] --START--
INFO: Run Behavior\ShowPageTraceBehavior [ RunTime:0.000038s ]
INFO: [ app_end ] --END-- [ RunTime:0.000074s ]

[ 2018-06-04T17:29:45+08:00 ] 210.83.66.4 /admin/user/login
INFO: [ app_init ] --START--
INFO: Run Behavior\BuildLiteBehavior [ RunTime:0.000009s ]
INFO: [ app_init ] --END-- [ RunTime:0.000059s ]
INFO: [ app_begin ] --START--
INFO: Run Behavior\ReadHtmlCacheBehavior [ RunTime:0.000026s ]
INFO: [ app_begin ] --END-- [ RunTime:0.000042s ]
INFO: [ view_parse ] --START--
INFO: [ template_filter ] --START--
INFO: Run Behavior\ContentReplaceBehavior [ RunTime:0.000033s ]
INFO: [ template_filter ] --END-- [ RunTime:0.000052s ]
NOTIC: [8] Undefined variable: user_name /application/nginx-1.12.2/html/lovgarden_site/lovgarden/Application/Runtime/Cache/Admin/dd023d97164b5a749e2edb2ef1228c9f.php 第 42 行.
INFO: Run Behavior\ParseTemplateBehavior [ RunTime:0.000942s ]
INFO: [ view_parse ] --END-- [ RunTime:0.000959s ]
INFO: [ view_filter ] --START--
INFO: Run Behavior\WriteHtmlCacheBehavior [ RunTime:0.000029s ]
INFO: [ view_filter ] --END-- [ RunTime:0.000040s ]
INFO: [ app_end ] --START--
INFO: Run Behavior\ShowPageTraceBehavior [ RunTime:0.000022s ]
INFO: [ app_end ] --END-- [ RunTime:0.000031s ]

[ 2018-06-04T17:29:45+08:00 ] 210.83.66.4 /Admin/User/chkcode
INFO: [ app_init ] --START--
INFO: Run Behavior\BuildLiteBehavior [ RunTime:0.000009s ]
INFO: [ app_init ] --END-- [ RunTime:0.000059s ]
INFO: [ app_begin ] --START--
INFO: Run Behavior\ReadHtmlCacheBehavior [ RunTime:0.000019s ]
INFO: [ app_begin ] --END-- [ RunTime:0.000047s ]
INFO: [ app_end ] --START--
INFO: Run Behavior\ShowPageTraceBehavior [ RunTime:0.000033s ]
INFO: [ app_end ] --END-- [ RunTime:0.000060s ]

[ 2018-06-04T17:29:46+08:00 ] 210.83.66.4 /Admin/User/chkcode
INFO: [ app_init ] --START--
INFO: Run Behavior\BuildLiteBehavior [ RunTime:0.000009s ]
INFO: [ app_init ] --END-- [ RunTime:0.000054s ]
INFO: [ app_begin ] --START--
INFO: Run Behavior\ReadHtmlCacheBehavior [ RunTime:0.000018s ]
INFO: [ app_begin ] --END-- [ RunTime:0.000034s ]
INFO: [ app_end ] --START--
INFO: Run Behavior\ShowPageTraceBehavior [ RunTime:0.000024s ]
INFO: [ app_end ] --END-- [ RunTime:0.000048s ]

[ 2018-06-04T17:29:57+08:00 ] 210.83.66.4 /Admin/User/chkcode.html
INFO: [ app_init ] --START--
INFO: Run Behavior\BuildLiteBehavior [ RunTime:0.000024s ]
INFO: [ app_init ] --END-- [ RunTime:0.000069s ]
INFO: [ app_begin ] --START--
INFO: Run Behavior\ReadHtmlCacheBehavior [ RunTime:0.000018s ]
INFO: [ app_begin ] --END-- [ RunTime:0.000035s ]
INFO: [ app_end ] --START--
INFO: Run Behavior\ShowPageTraceBehavior [ RunTime:0.000024s ]
INFO: [ app_end ] --END-- [ RunTime:0.000047s ]

[ 2018-06-04T17:30:06+08:00 ] 210.83.66.4 /admin/user/login
INFO: [ app_init ] --START--
INFO: Run Behavior\BuildLiteBehavior [ RunTime:0.000009s ]
INFO: [ app_init ] --END-- [ RunTime:0.000050s ]
INFO: [ app_begin ] --START--
INFO: Run Behavior\ReadHtmlCacheBehavior [ RunTime:0.000019s ]
INFO: [ app_begin ] --END-- [ RunTime:0.000036s ]
SQL: SHOW COLUMNS FROM `lovgarden_user` [ RunTime:0.0006s ]
NOTIC: [8] Undefined index: auto /application/nginx-1.12.2/html/lovgarden_site/lovgarden/ThinkPHP/Library/Think/Model.class.php 第 1128 行.
SQL: SELECT * FROM `lovgarden_user` WHERE `user_name` = 'root' LIMIT 1   [ RunTime:0.0001s ]

[ 2018-06-04T17:30:06+08:00 ] 210.83.66.4 /Admin/Index/index.html
INFO: [ app_init ] --START--
INFO: Run Behavior\BuildLiteBehavior [ RunTime:0.000009s ]
INFO: [ app_init ] --END-- [ RunTime:0.000050s ]
INFO: [ app_begin ] --START--
INFO: Run Behavior\ReadHtmlCacheBehavior [ RunTime:0.000021s ]
INFO: [ app_begin ] --END-- [ RunTime:0.000039s ]
SQL: SHOW COLUMNS FROM `lovgarden_permission` [ RunTime:0.0005s ]
INFO: [ view_parse ] --START--
INFO: [ template_filter ] --START--
INFO: Run Behavior\ContentReplaceBehavior [ RunTime:0.000149s ]
INFO: [ template_filter ] --END-- [ RunTime:0.000174s ]
INFO: Run Behavior\ParseTemplateBehavior [ RunTime:0.003667s ]
INFO: [ view_parse ] --END-- [ RunTime:0.003692s ]
INFO: [ view_filter ] --START--
INFO: Run Behavior\WriteHtmlCacheBehavior [ RunTime:0.000024s ]
INFO: [ view_filter ] --END-- [ RunTime:0.000035s ]
INFO: [ app_end ] --START--
INFO: Run Behavior\ShowPageTraceBehavior [ RunTime:0.000025s ]
INFO: [ app_end ] --END-- [ RunTime:0.000043s ]

[ 2018-06-04T17:32:31+08:00 ] 210.83.66.4 /Admin/Order/order_list
INFO: [ app_init ] --START--
INFO: Run Behavior\BuildLiteBehavior [ RunTime:0.000008s ]
INFO: [ app_init ] --END-- [ RunTime:0.000059s ]
INFO: [ app_begin ] --START--
INFO: Run Behavior\ReadHtmlCacheBehavior [ RunTime:0.000028s ]
INFO: [ app_begin ] --END-- [ RunTime:0.000046s ]
SQL: SHOW COLUMNS FROM `lovgarden_permission` [ RunTime:0.0006s ]
SQL: SHOW COLUMNS FROM `lovgarden_order` [ RunTime:0.0005s ]
SQL: SELECT COUNT(*) AS tp_count FROM `lovgarden_order` LIMIT 1   [ RunTime:0.0002s ]
SQL: SELECT * FROM `lovgarden_order` ORDER BY `order_create_time` desc LIMIT 0,10   [ RunTime:0.0003s ]
INFO: [ view_parse ] --START--
INFO: [ template_filter ] --START--
INFO: Run Behavior\ContentReplaceBehavior [ RunTime:0.000103s ]
INFO: [ template_filter ] --END-- [ RunTime:0.000127s ]
NOTIC: [8] Undefined index: order_id /application/nginx-1.12.2/html/lovgarden_site/lovgarden/Application/Runtime/Cache/Admin/fef8c423ec3c67c65a2d8ee18ad16fe2.php 第 159 行.
NOTIC: [8] Undefined index: order_owner /application/nginx-1.12.2/html/lovgarden_site/lovgarden/Application/Runtime/Cache/Admin/fef8c423ec3c67c65a2d8ee18ad16fe2.php 第 160 行.
NOTIC: [8] Undefined index: telephone /application/nginx-1.12.2/html/lovgarden_site/lovgarden/Application/Runtime/Cache/Admin/fef8c423ec3c67c65a2d8ee18ad16fe2.php 第 161 行.
NOTIC: [8] Undefined index: order_create_time_start /application/nginx-1.12.2/html/lovgarden_site/lovgarden/Application/Runtime/Cache/Admin/fef8c423ec3c67c65a2d8ee18ad16fe2.php 第 162 行.
NOTIC: [8] Undefined index: order_create_time_end /application/nginx-1.12.2/html/lovgarden_site/lovgarden/Application/Runtime/Cache/Admin/fef8c423ec3c67c65a2d8ee18ad16fe2.php 第 163 行.
NOTIC: [8] Undefined index: order_status /application/nginx-1.12.2/html/lovgarden_site/lovgarden/Application/Runtime/Cache/Admin/fef8c423ec3c67c65a2d8ee18ad16fe2.php 第 166 行.
NOTIC: [8] Undefined index: order_status /application/nginx-1.12.2/html/lovgarden_site/lovgarden/Application/Runtime/Cache/Admin/fef8c423ec3c67c65a2d8ee18ad16fe2.php 第 167 行.
NOTIC: [8] Undefined index: order_status /application/nginx-1.12.2/html/lovgarden_site/lovgarden/Application/Runtime/Cache/Admin/fef8c423ec3c67c65a2d8ee18ad16fe2.php 第 168 行.
NOTIC: [8] Undefined index: others /application/nginx-1.12.2/html/lovgarden_site/lovgarden/Application/Runtime/Cache/Admin/fef8c423ec3c67c65a2d8ee18ad16fe2.php 第 170 行.
INFO: Run Behavior\ParseTemplateBehavior [ RunTime:0.002838s ]
INFO: [ view_parse ] --END-- [ RunTime:0.002861s ]
INFO: [ view_filter ] --START--
INFO: Run Behavior\WriteHtmlCacheBehavior [ RunTime:0.000032s ]
INFO: [ view_filter ] --END-- [ RunTime:0.000043s ]
INFO: [ app_end ] --START--
INFO: Run Behavior\ShowPageTraceBehavior [ RunTime:0.000031s ]
INFO: [ app_end ] --END-- [ RunTime:0.000050s ]

[ 2018-06-04T17:32:36+08:00 ] 210.83.66.4 /Admin/Order/order_list?order_id=&order_owner=&telephone=&order_create_time_start=&order_create_time_end=&order_status=2&others=
INFO: [ app_init ] --START--
INFO: Run Behavior\BuildLiteBehavior [ RunTime:0.000009s ]
INFO: [ app_init ] --END-- [ RunTime:0.000050s ]
INFO: [ app_begin ] --START--
INFO: Run Behavior\ReadHtmlCacheBehavior [ RunTime:0.000019s ]
INFO: [ app_begin ] --END-- [ RunTime:0.000035s ]
SQL: SHOW COLUMNS FROM `lovgarden_permission` [ RunTime:0.0029s ]
SQL: SHOW COLUMNS FROM `lovgarden_order` [ RunTime:0.0005s ]
SQL: SELECT COUNT(*) AS tp_count FROM `lovgarden_order` WHERE `order_status` = '2' LIMIT 1   [ RunTime:0.0003s ]
SQL: SELECT * FROM `lovgarden_order` WHERE `order_status` = '2' ORDER BY `order_create_time` desc LIMIT 0,10   [ RunTime:0.0003s ]
INFO: [ view_parse ] --START--
INFO: [ template_filter ] --START--
INFO: Run Behavior\ContentReplaceBehavior [ RunTime:0.000109s ]
INFO: [ template_filter ] --END-- [ RunTime:0.000129s ]
NOTIC: [8] Undefined index: order_id /application/nginx-1.12.2/html/lovgarden_site/lovgarden/Application/Runtime/Cache/Admin/fef8c423ec3c67c65a2d8ee18ad16fe2.php 第 159 行.
NOTIC: [8] Undefined index: order_owner /application/nginx-1.12.2/html/lovgarden_site/lovgarden/Application/Runtime/Cache/Admin/fef8c423ec3c67c65a2d8ee18ad16fe2.php 第 160 行.
NOTIC: [8] Undefined index: telephone /application/nginx-1.12.2/html/lovgarden_site/lovgarden/Application/Runtime/Cache/Admin/fef8c423ec3c67c65a2d8ee18ad16fe2.php 第 161 行.
NOTIC: [8] Undefined index: order_create_time_start /application/nginx-1.12.2/html/lovgarden_site/lovgarden/Application/Runtime/Cache/Admin/fef8c423ec3c67c65a2d8ee18ad16fe2.php 第 162 行.
NOTIC: [8] Undefined index: order_create_time_end /application/nginx-1.12.2/html/lovgarden_site/lovgarden/Application/Runtime/Cache/Admin/fef8c423ec3c67c65a2d8ee18ad16fe2.php 第 163 行.
NOTIC: [8] Undefined index: others /application/nginx-1.12.2/html/lovgarden_site/lovgarden/Application/Runtime/Cache/Admin/fef8c423ec3c67c65a2d8ee18ad16fe2.php 第 170 行.
INFO: Run Behavior\ParseTemplateBehavior [ RunTime:0.002619s ]
INFO: [ view_parse ] --END-- [ RunTime:0.002638s ]
INFO: [ view_filter ] --START--
INFO: Run Behavior\WriteHtmlCacheBehavior [ RunTime:0.000021s ]
INFO: [ view_filter ] --END-- [ RunTime:0.000032s ]
INFO: [ app_end ] --START--
INFO: Run Behavior\ShowPageTraceBehavior [ RunTime:0.000022s ]
INFO: [ app_end ] --END-- [ RunTime:0.000039s ]

[ 2018-06-04T17:33:21+08:00 ] 210.83.66.4 /Admin/Order/detail/id/13
INFO: [ app_init ] --START--
INFO: Run Behavior\BuildLiteBehavior [ RunTime:0.000034s ]
INFO: [ app_init ] --END-- [ RunTime:0.000099s ]
INFO: [ app_begin ] --START--
INFO: Run Behavior\ReadHtmlCacheBehavior [ RunTime:0.000032s ]
INFO: [ app_begin ] --END-- [ RunTime:0.000061s ]
SQL: SHOW COLUMNS FROM `lovgarden_permission` [ RunTime:0.0008s ]
SQL: SELECT o.id AS list_id, o.order_info_id,o.product_sku_id,o.vase_option,o.deliver_time,p.varient_name,p.varient_status,p.varient_price,img.image_url FROM lovgarden_order_product_varient AS o
                LEFT JOIN lovgarden_product_varient AS p ON o.product_sku_id = p.sku_id 
                LEFT JOIN lovgarden_product_varient_images AS img ON p.id = img.product_varient_id WHERE o.order_original_id = '13' [ RunTime:0.0005s ]
NOTIC: [8] Undefined index: image_url /application/nginx-1.12.2/html/lovgarden_site/lovgarden/Application/Common/Common/function.php 第 130 行.
NOTIC: [2] in_array() expects parameter 2 to be array, null given /application/nginx-1.12.2/html/lovgarden_site/lovgarden/Application/Common/Common/function.php 第 130 行.
INFO: [ view_parse ] --START--
INFO: [ template_filter ] --START--
INFO: Run Behavior\ContentReplaceBehavior [ RunTime:0.000082s ]
INFO: [ template_filter ] --END-- [ RunTime:0.000112s ]
INFO: Run Behavior\ParseTemplateBehavior [ RunTime:0.002229s ]
INFO: [ view_parse ] --END-- [ RunTime:0.002256s ]
INFO: [ view_filter ] --START--
INFO: Run Behavior\WriteHtmlCacheBehavior [ RunTime:0.000023s ]
INFO: [ view_filter ] --END-- [ RunTime:0.000034s ]
INFO: [ app_end ] --START--
INFO: Run Behavior\ShowPageTraceBehavior [ RunTime:0.000022s ]
INFO: [ app_end ] --END-- [ RunTime:0.000040s ]

[ 2018-06-04T17:36:28+08:00 ] 210.83.66.4 /Admin/Order/detail/id/13
INFO: [ app_init ] --START--
INFO: Run Behavior\BuildLiteBehavior [ RunTime:0.000009s ]
INFO: [ app_init ] --END-- [ RunTime:0.000077s ]
INFO: [ app_begin ] --START--
INFO: Run Behavior\ReadHtmlCacheBehavior [ RunTime:0.000026s ]
INFO: [ app_begin ] --END-- [ RunTime:0.000042s ]
SQL: SHOW COLUMNS FROM `lovgarden_permission` [ RunTime:0.0006s ]
SQL: SELECT o.id AS list_id, o.order_info_id,o.product_sku_id,o.vase_option,o.deliver_time,p.varient_name,p.varient_status,p.varient_price,img.image_url FROM lovgarden_order_product_varient AS o
                LEFT JOIN lovgarden_product_varient AS p ON o.product_sku_id = p.sku_id 
                LEFT JOIN lovgarden_product_varient_images AS img ON p.id = img.product_varient_id WHERE o.order_original_id = '13' [ RunTime:0.0001s ]
NOTIC: [8] Undefined index: image_url /application/nginx-1.12.2/html/lovgarden_site/lovgarden/Application/Common/Common/function.php 第 130 行.
NOTIC: [2] in_array() expects parameter 2 to be array, null given /application/nginx-1.12.2/html/lovgarden_site/lovgarden/Application/Common/Common/function.php 第 130 行.
INFO: [ view_parse ] --START--
INFO: [ template_filter ] --START--
INFO: Run Behavior\ContentReplaceBehavior [ RunTime:0.000090s ]
INFO: [ template_filter ] --END-- [ RunTime:0.000120s ]
INFO: Run Behavior\ParseTemplateBehavior [ RunTime:0.002199s ]
INFO: [ view_parse ] --END-- [ RunTime:0.002223s ]
INFO: [ view_filter ] --START--
INFO: Run Behavior\WriteHtmlCacheBehavior [ RunTime:0.000031s ]
INFO: [ view_filter ] --END-- [ RunTime:0.000043s ]
INFO: [ app_end ] --START--
INFO: Run Behavior\ShowPageTraceBehavior [ RunTime:0.000031s ]
INFO: [ app_end ] --END-- [ RunTime:0.000049s ]

[ 2018-06-04T17:36:43+08:00 ] 210.83.66.4 /Admin/Order/detail/id/9
INFO: [ app_init ] --START--
INFO: Run Behavior\BuildLiteBehavior [ RunTime:0.000008s ]
INFO: [ app_init ] --END-- [ RunTime:0.000053s ]
INFO: [ app_begin ] --START--
INFO: Run Behavior\ReadHtmlCacheBehavior [ RunTime:0.000019s ]
INFO: [ app_begin ] --END-- [ RunTime:0.000034s ]
SQL: SHOW COLUMNS FROM `lovgarden_permission` [ RunTime:0.0005s ]
SQL: SELECT o.id AS list_id, o.order_info_id,o.product_sku_id,o.vase_option,o.deliver_time,p.varient_name,p.varient_status,p.varient_price,img.image_url FROM lovgarden_order_product_varient AS o
                LEFT JOIN lovgarden_product_varient AS p ON o.product_sku_id = p.sku_id 
                LEFT JOIN lovgarden_product_varient_images AS img ON p.id = img.product_varient_id WHERE o.order_original_id = '9' [ RunTime:0.0004s ]
NOTIC: [8] Undefined index: image_url /application/nginx-1.12.2/html/lovgarden_site/lovgarden/Application/Common/Common/function.php 第 130 行.
NOTIC: [2] in_array() expects parameter 2 to be array, null given /application/nginx-1.12.2/html/lovgarden_site/lovgarden/Application/Common/Common/function.php 第 130 行.
NOTIC: [8] Undefined index: image_url /application/nginx-1.12.2/html/lovgarden_site/lovgarden/Application/Common/Common/function.php 第 130 行.
NOTIC: [2] in_array() expects parameter 2 to be array, null given /application/nginx-1.12.2/html/lovgarden_site/lovgarden/Application/Common/Common/function.php 第 130 行.
NOTIC: [8] Undefined index: image_url /application/nginx-1.12.2/html/lovgarden_site/lovgarden/Application/Common/Common/function.php 第 130 行.
NOTIC: [2] in_array() expects parameter 2 to be array, null given /application/nginx-1.12.2/html/lovgarden_site/lovgarden/Application/Common/Common/function.php 第 130 行.
INFO: [ view_parse ] --START--
INFO: [ template_filter ] --START--
INFO: Run Behavior\ContentReplaceBehavior [ RunTime:0.000075s ]
INFO: [ template_filter ] --END-- [ RunTime:0.000096s ]
INFO: Run Behavior\ParseTemplateBehavior [ RunTime:0.002074s ]
INFO: [ view_parse ] --END-- [ RunTime:0.002095s ]
INFO: [ view_filter ] --START--
INFO: Run Behavior\WriteHtmlCacheBehavior [ RunTime:0.000022s ]
INFO: [ view_filter ] --END-- [ RunTime:0.000034s ]
INFO: [ app_end ] --START--
INFO: Run Behavior\ShowPageTraceBehavior [ RunTime:0.000023s ]
INFO: [ app_end ] --END-- [ RunTime:0.000039s ]

[ 2018-06-04T17:51:48+08:00 ] 210.83.66.4 /Admin/Order/order_list
INFO: [ app_init ] --START--
INFO: Run Behavior\BuildLiteBehavior [ RunTime:0.000008s ]
INFO: [ app_init ] --END-- [ RunTime:0.000057s ]
INFO: [ app_begin ] --START--
INFO: Run Behavior\ReadHtmlCacheBehavior [ RunTime:0.000025s ]
INFO: [ app_begin ] --END-- [ RunTime:0.000040s ]
SQL: SHOW COLUMNS FROM `lovgarden_permission` [ RunTime:0.0005s ]
SQL: SHOW COLUMNS FROM `lovgarden_order` [ RunTime:0.0005s ]
SQL: SELECT COUNT(*) AS tp_count FROM `lovgarden_order` LIMIT 1   [ RunTime:0.0001s ]
SQL: SELECT * FROM `lovgarden_order` ORDER BY `order_create_time` desc LIMIT 0,10   [ RunTime:0.0001s ]
INFO: [ view_parse ] --START--
INFO: [ template_filter ] --START--
INFO: Run Behavior\ContentReplaceBehavior [ RunTime:0.000101s ]
INFO: [ template_filter ] --END-- [ RunTime:0.000122s ]
NOTIC: [8] Undefined index: order_id /application/nginx-1.12.2/html/lovgarden_site/lovgarden/Application/Runtime/Cache/Admin/fef8c423ec3c67c65a2d8ee18ad16fe2.php 第 159 行.
NOTIC: [8] Undefined index: order_owner /application/nginx-1.12.2/html/lovgarden_site/lovgarden/Application/Runtime/Cache/Admin/fef8c423ec3c67c65a2d8ee18ad16fe2.php 第 160 行.
NOTIC: [8] Undefined index: telephone /application/nginx-1.12.2/html/lovgarden_site/lovgarden/Application/Runtime/Cache/Admin/fef8c423ec3c67c65a2d8ee18ad16fe2.php 第 161 行.
NOTIC: [8] Undefined index: order_create_time_start /application/nginx-1.12.2/html/lovgarden_site/lovgarden/Application/Runtime/Cache/Admin/fef8c423ec3c67c65a2d8ee18ad16fe2.php 第 162 行.
NOTIC: [8] Undefined index: order_create_time_end /application/nginx-1.12.2/html/lovgarden_site/lovgarden/Application/Runtime/Cache/Admin/fef8c423ec3c67c65a2d8ee18ad16fe2.php 第 163 行.
NOTIC: [8] Undefined index: order_status /application/nginx-1.12.2/html/lovgarden_site/lovgarden/Application/Runtime/Cache/Admin/fef8c423ec3c67c65a2d8ee18ad16fe2.php 第 166 行.
NOTIC: [8] Undefined index: order_status /application/nginx-1.12.2/html/lovgarden_site/lovgarden/Application/Runtime/Cache/Admin/fef8c423ec3c67c65a2d8ee18ad16fe2.php 第 167 行.
NOTIC: [8] Undefined index: order_status /application/nginx-1.12.2/html/lovgarden_site/lovgarden/Application/Runtime/Cache/Admin/fef8c423ec3c67c65a2d8ee18ad16fe2.php 第 168 行.
NOTIC: [8] Undefined index: others /application/nginx-1.12.2/html/lovgarden_site/lovgarden/Application/Runtime/Cache/Admin/fef8c423ec3c67c65a2d8ee18ad16fe2.php 第 170 行.
INFO: Run Behavior\ParseTemplateBehavior [ RunTime:0.002728s ]
INFO: [ view_parse ] --END-- [ RunTime:0.002747s ]
INFO: [ view_filter ] --START--
INFO: Run Behavior\WriteHtmlCacheBehavior [ RunTime:0.000032s ]
INFO: [ view_filter ] --END-- [ RunTime:0.000043s ]
INFO: [ app_end ] --START--
INFO: Run Behavior\ShowPageTraceBehavior [ RunTime:0.000023s ]
INFO: [ app_end ] --END-- [ RunTime:0.000036s ]

[ 2018-06-04T17:52:08+08:00 ] 210.83.66.4 /Admin/Order/order_list?order_id=&order_owner=&telephone=&order_create_time_start=&order_create_time_end=&order_status=2&others=
INFO: [ app_init ] --START--
INFO: Run Behavior\BuildLiteBehavior [ RunTime:0.000009s ]
INFO: [ app_init ] --END-- [ RunTime:0.000051s ]
INFO: [ app_begin ] --START--
INFO: Run Behavior\ReadHtmlCacheBehavior [ RunTime:0.000019s ]
INFO: [ app_begin ] --END-- [ RunTime:0.000035s ]
SQL: SHOW COLUMNS FROM `lovgarden_permission` [ RunTime:0.0005s ]
SQL: SHOW COLUMNS FROM `lovgarden_order` [ RunTime:0.0005s ]
SQL: SELECT COUNT(*) AS tp_count FROM `lovgarden_order` WHERE `order_status` = '2' LIMIT 1   [ RunTime:0.0001s ]
SQL: SELECT * FROM `lovgarden_order` WHERE `order_status` = '2' ORDER BY `order_create_time` desc LIMIT 0,10   [ RunTime:0.0001s ]
INFO: [ view_parse ] --START--
INFO: [ template_filter ] --START--
INFO: Run Behavior\ContentReplaceBehavior [ RunTime:0.000118s ]
INFO: [ template_filter ] --END-- [ RunTime:0.000150s ]
NOTIC: [8] Undefined index: order_id /application/nginx-1.12.2/html/lovgarden_site/lovgarden/Application/Runtime/Cache/Admin/fef8c423ec3c67c65a2d8ee18ad16fe2.php 第 159 行.
NOTIC: [8] Undefined index: order_owner /application/nginx-1.12.2/html/lovgarden_site/lovgarden/Application/Runtime/Cache/Admin/fef8c423ec3c67c65a2d8ee18ad16fe2.php 第 160 行.
NOTIC: [8] Undefined index: telephone /application/nginx-1.12.2/html/lovgarden_site/lovgarden/Application/Runtime/Cache/Admin/fef8c423ec3c67c65a2d8ee18ad16fe2.php 第 161 行.
NOTIC: [8] Undefined index: order_create_time_start /application/nginx-1.12.2/html/lovgarden_site/lovgarden/Application/Runtime/Cache/Admin/fef8c423ec3c67c65a2d8ee18ad16fe2.php 第 162 行.
NOTIC: [8] Undefined index: order_create_time_end /application/nginx-1.12.2/html/lovgarden_site/lovgarden/Application/Runtime/Cache/Admin/fef8c423ec3c67c65a2d8ee18ad16fe2.php 第 163 行.
NOTIC: [8] Undefined index: others /application/nginx-1.12.2/html/lovgarden_site/lovgarden/Application/Runtime/Cache/Admin/fef8c423ec3c67c65a2d8ee18ad16fe2.php 第 170 行.
INFO: Run Behavior\ParseTemplateBehavior [ RunTime:0.003062s ]
INFO: [ view_parse ] --END-- [ RunTime:0.003082s ]
INFO: [ view_filter ] --START--
INFO: Run Behavior\WriteHtmlCacheBehavior [ RunTime:0.000025s ]
INFO: [ view_filter ] --END-- [ RunTime:0.000036s ]
INFO: [ app_end ] --START--
INFO: Run Behavior\ShowPageTraceBehavior [ RunTime:0.000026s ]
INFO: [ app_end ] --END-- [ RunTime:0.000049s ]

[ 2018-06-04T17:52:14+08:00 ] 210.83.66.4 /Admin/Order/detail/id/9
INFO: [ app_init ] --START--
INFO: Run Behavior\BuildLiteBehavior [ RunTime:0.000013s ]
INFO: [ app_init ] --END-- [ RunTime:0.000085s ]
INFO: [ app_begin ] --START--
INFO: Run Behavior\ReadHtmlCacheBehavior [ RunTime:0.000021s ]
INFO: [ app_begin ] --END-- [ RunTime:0.000038s ]
SQL: SHOW COLUMNS FROM `lovgarden_permission` [ RunTime:0.0006s ]
SQL: SELECT o.id AS list_id, o.order_info_id,o.product_sku_id,o.vase_option,o.deliver_time,p.varient_name,p.varient_status,p.varient_price,img.image_url FROM lovgarden_order_product_varient AS o
                LEFT JOIN lovgarden_product_varient AS p ON o.product_sku_id = p.sku_id 
                LEFT JOIN lovgarden_product_varient_images AS img ON p.id = img.product_varient_id WHERE o.order_original_id = '9' [ RunTime:0.0002s ]
NOTIC: [8] Undefined index: image_url /application/nginx-1.12.2/html/lovgarden_site/lovgarden/Application/Common/Common/function.php 第 130 行.
NOTIC: [2] in_array() expects parameter 2 to be array, null given /application/nginx-1.12.2/html/lovgarden_site/lovgarden/Application/Common/Common/function.php 第 130 行.
NOTIC: [8] Undefined index: image_url /application/nginx-1.12.2/html/lovgarden_site/lovgarden/Application/Common/Common/function.php 第 130 行.
NOTIC: [2] in_array() expects parameter 2 to be array, null given /application/nginx-1.12.2/html/lovgarden_site/lovgarden/Application/Common/Common/function.php 第 130 行.
NOTIC: [8] Undefined index: image_url /application/nginx-1.12.2/html/lovgarden_site/lovgarden/Application/Common/Common/function.php 第 130 行.
NOTIC: [2] in_array() expects parameter 2 to be array, null given /application/nginx-1.12.2/html/lovgarden_site/lovgarden/Application/Common/Common/function.php 第 130 行.
INFO: [ view_parse ] --START--
INFO: [ template_filter ] --START--
INFO: Run Behavior\ContentReplaceBehavior [ RunTime:0.000095s ]
INFO: [ template_filter ] --END-- [ RunTime:0.000130s ]
INFO: Run Behavior\ParseTemplateBehavior [ RunTime:0.002573s ]
INFO: [ view_parse ] --END-- [ RunTime:0.002596s ]
INFO: [ view_filter ] --START--
INFO: Run Behavior\WriteHtmlCacheBehavior [ RunTime:0.000041s ]
INFO: [ view_filter ] --END-- [ RunTime:0.000055s ]
INFO: [ app_end ] --START--
INFO: Run Behavior\ShowPageTraceBehavior [ RunTime:0.000024s ]
INFO: [ app_end ] --END-- [ RunTime:0.000042s ]

[ 2018-06-04T18:05:46+08:00 ] 210.83.66.4 /Admin/User/logout
INFO: [ app_init ] --START--
INFO: Run Behavior\BuildLiteBehavior [ RunTime:0.000009s ]
INFO: [ app_init ] --END-- [ RunTime:0.000059s ]
INFO: [ app_begin ] --START--
INFO: Run Behavior\ReadHtmlCacheBehavior [ RunTime:0.000026s ]
INFO: [ app_begin ] --END-- [ RunTime:0.000044s ]
SQL: SHOW COLUMNS FROM `lovgarden_user` [ RunTime:0.0006s ]

[ 2018-06-04T18:05:46+08:00 ] 210.83.66.4 /Admin/User/login.html
INFO: [ app_init ] --START--
INFO: Run Behavior\BuildLiteBehavior [ RunTime:0.000009s ]
INFO: [ app_init ] --END-- [ RunTime:0.000051s ]
INFO: [ app_begin ] --START--
INFO: Run Behavior\ReadHtmlCacheBehavior [ RunTime:0.000018s ]
INFO: [ app_begin ] --END-- [ RunTime:0.000034s ]
INFO: [ view_parse ] --START--
INFO: [ template_filter ] --START--
INFO: Run Behavior\ContentReplaceBehavior [ RunTime:0.000032s ]
INFO: [ template_filter ] --END-- [ RunTime:0.000052s ]
NOTIC: [8] Undefined variable: user_name /application/nginx-1.12.2/html/lovgarden_site/lovgarden/Application/Runtime/Cache/Admin/dd023d97164b5a749e2edb2ef1228c9f.php 第 42 行.
INFO: Run Behavior\ParseTemplateBehavior [ RunTime:0.000961s ]
INFO: [ view_parse ] --END-- [ RunTime:0.000978s ]
INFO: [ view_filter ] --START--
INFO: Run Behavior\WriteHtmlCacheBehavior [ RunTime:0.000032s ]
INFO: [ view_filter ] --END-- [ RunTime:0.000042s ]
INFO: [ app_end ] --START--
INFO: Run Behavior\ShowPageTraceBehavior [ RunTime:0.000022s ]
INFO: [ app_end ] --END-- [ RunTime:0.000032s ]

[ 2018-06-04T18:05:46+08:00 ] 210.83.66.4 /Admin/User/chkcode
INFO: [ app_init ] --START--
INFO: Run Behavior\BuildLiteBehavior [ RunTime:0.000009s ]
INFO: [ app_init ] --END-- [ RunTime:0.000053s ]
INFO: [ app_begin ] --START--
INFO: Run Behavior\ReadHtmlCacheBehavior [ RunTime:0.000019s ]
INFO: [ app_begin ] --END-- [ RunTime:0.000036s ]
INFO: [ app_end ] --START--
INFO: Run Behavior\ShowPageTraceBehavior [ RunTime:0.000025s ]
INFO: [ app_end ] --END-- [ RunTime:0.000047s ]

