[ 2018-06-05T14:47:23+08:00 ] 210.83.66.4 /admin/user/login
INFO: [ app_init ] --START--
INFO: Run Behavior\BuildLiteBehavior [ RunTime:0.000009s ]
INFO: [ app_init ] --END-- [ RunTime:0.000058s ]
INFO: [ app_begin ] --START--
INFO: Run Behavior\ReadHtmlCacheBehavior [ RunTime:0.000025s ]
INFO: [ app_begin ] --END-- [ RunTime:0.000040s ]
INFO: [ view_parse ] --START--
INFO: [ template_filter ] --START--
INFO: Run Behavior\ContentReplaceBehavior [ RunTime:0.000033s ]
INFO: [ template_filter ] --END-- [ RunTime:0.000052s ]
NOTIC: [8] Undefined variable: user_name /application/nginx-1.12.2/html/lovgarden_site/lovgarden/Application/Runtime/Cache/Admin/dd023d97164b5a749e2edb2ef1228c9f.php 第 42 行.
INFO: Run Behavior\ParseTemplateBehavior [ RunTime:0.000949s ]
INFO: [ view_parse ] --END-- [ RunTime:0.000967s ]
INFO: [ view_filter ] --START--
INFO: Run Behavior\WriteHtmlCacheBehavior [ RunTime:0.000029s ]
INFO: [ view_filter ] --END-- [ RunTime:0.000039s ]
INFO: [ app_end ] --START--
INFO: Run Behavior\ShowPageTraceBehavior [ RunTime:0.000022s ]
INFO: [ app_end ] --END-- [ RunTime:0.000032s ]

[ 2018-06-05T14:47:24+08:00 ] 210.83.66.4 /Admin/User/chkcode
INFO: [ app_init ] --START--
INFO: Run Behavior\BuildLiteBehavior [ RunTime:0.000009s ]
INFO: [ app_init ] --END-- [ RunTime:0.000053s ]
INFO: [ app_begin ] --START--
INFO: Run Behavior\ReadHtmlCacheBehavior [ RunTime:0.000019s ]
INFO: [ app_begin ] --END-- [ RunTime:0.000034s ]
INFO: [ app_end ] --START--
INFO: Run Behavior\ShowPageTraceBehavior [ RunTime:0.000024s ]
INFO: [ app_end ] --END-- [ RunTime:0.000047s ]

[ 2018-06-05T14:47:26+08:00 ] 210.83.66.4 /Admin/User/chkcode
INFO: [ app_init ] --START--
INFO: Run Behavior\BuildLiteBehavior [ RunTime:0.000009s ]
INFO: [ app_init ] --END-- [ RunTime:0.000051s ]
INFO: [ app_begin ] --START--
INFO: Run Behavior\ReadHtmlCacheBehavior [ RunTime:0.000020s ]
INFO: [ app_begin ] --END-- [ RunTime:0.000036s ]
INFO: [ app_end ] --START--
INFO: Run Behavior\ShowPageTraceBehavior [ RunTime:0.000027s ]
INFO: [ app_end ] --END-- [ RunTime:0.000053s ]

[ 2018-06-05T14:47:53+08:00 ] 210.83.66.4 /admin/user/login
INFO: [ app_init ] --START--
INFO: Run Behavior\BuildLiteBehavior [ RunTime:0.000008s ]
INFO: [ app_init ] --END-- [ RunTime:0.000050s ]
INFO: [ app_begin ] --START--
INFO: Run Behavior\ReadHtmlCacheBehavior [ RunTime:0.000019s ]
INFO: [ app_begin ] --END-- [ RunTime:0.000034s ]
SQL: SHOW COLUMNS FROM `lovgarden_user` [ RunTime:0.0006s ]
NOTIC: [8] Undefined index: auto /application/nginx-1.12.2/html/lovgarden_site/lovgarden/ThinkPHP/Library/Think/Model.class.php 第 1128 行.
SQL: SELECT * FROM `lovgarden_user` WHERE `user_name` = 'root' LIMIT 1   [ RunTime:0.0001s ]

[ 2018-06-05T14:47:53+08:00 ] 210.83.66.4 /Admin/Index/index.html
INFO: [ app_init ] --START--
INFO: Run Behavior\BuildLiteBehavior [ RunTime:0.000009s ]
INFO: [ app_init ] --END-- [ RunTime:0.000050s ]
INFO: [ app_begin ] --START--
INFO: Run Behavior\ReadHtmlCacheBehavior [ RunTime:0.000021s ]
INFO: [ app_begin ] --END-- [ RunTime:0.000039s ]
SQL: SHOW COLUMNS FROM `lovgarden_permission` [ RunTime:0.0005s ]
INFO: [ view_parse ] --START--
INFO: [ template_filter ] --START--
INFO: Run Behavior\ContentReplaceBehavior [ RunTime:0.000157s ]
INFO: [ template_filter ] --END-- [ RunTime:0.000182s ]
INFO: Run Behavior\ParseTemplateBehavior [ RunTime:0.003633s ]
INFO: [ view_parse ] --END-- [ RunTime:0.003657s ]
INFO: [ view_filter ] --START--
INFO: Run Behavior\WriteHtmlCacheBehavior [ RunTime:0.000023s ]
INFO: [ view_filter ] --END-- [ RunTime:0.000033s ]
INFO: [ app_end ] --START--
INFO: Run Behavior\ShowPageTraceBehavior [ RunTime:0.000022s ]
INFO: [ app_end ] --END-- [ RunTime:0.000040s ]

[ 2018-06-05T14:48:41+08:00 ] 210.83.66.4 /Admin/Product/product_list
INFO: [ app_init ] --START--
INFO: Run Behavior\BuildLiteBehavior [ RunTime:0.000009s ]
INFO: [ app_init ] --END-- [ RunTime:0.000057s ]
INFO: [ app_begin ] --START--
INFO: Run Behavior\ReadHtmlCacheBehavior [ RunTime:0.000023s ]
INFO: [ app_begin ] --END-- [ RunTime:0.000039s ]
SQL: SHOW COLUMNS FROM `lovgarden_permission` [ RunTime:0.0005s ]
NOTIC: [2] Declaration of Admin\Model\ProductVarientModel::_before_insert($data, $option) should be compatible with Think\Model::_before_insert(&$data, $options) /application/nginx-1.12.2/html/lovgarden_site/lovgarden/Application/Admin/Model/ProductVarientModel.class.php 第 0 行.
SQL: SHOW COLUMNS FROM `lovgarden_product_varient` [ RunTime:0.0004s ]
SQL: SELECT mf.sku_id,mf.varient_name,mf.varient_status,mf.varient_price,mf.decoration_level,mf.vase,df.`image_url` FROM lovgarden_product_varient mf LEFT JOIN lovgarden_product_varient_images AS df ON mf.id = df.product_varient_id  GROUP BY mf.sku_id  [ RunTime:0.0004s ]
SQL: SELECT mf.id,mf.sku_id,mf.varient_name,mf.varient_status,mf.varient_price,mf.decoration_level,mf.vase,df.`image_url` FROM lovgarden_product_varient mf LEFT JOIN lovgarden_product_varient_images AS df ON mf.id = df.product_varient_id  GROUP BY mf.sku_id LIMIT 0,10   [ RunTime:0.0002s ]
INFO: [ view_parse ] --START--
INFO: [ template_filter ] --START--
INFO: Run Behavior\ContentReplaceBehavior [ RunTime:0.000094s ]
INFO: [ template_filter ] --END-- [ RunTime:0.000119s ]
NOTIC: [8] Undefined index: varient_status /application/nginx-1.12.2/html/lovgarden_site/lovgarden/Application/Runtime/Cache/Admin/527ac73b321bc66eb5b723d07450871f.php 第 133 行.
NOTIC: [8] Undefined index: varient_status /application/nginx-1.12.2/html/lovgarden_site/lovgarden/Application/Runtime/Cache/Admin/527ac73b321bc66eb5b723d07450871f.php 第 134 行.
NOTIC: [8] Undefined index: varient_status /application/nginx-1.12.2/html/lovgarden_site/lovgarden/Application/Runtime/Cache/Admin/527ac73b321bc66eb5b723d07450871f.php 第 135 行.
NOTIC: [8] Undefined index: vase /application/nginx-1.12.2/html/lovgarden_site/lovgarden/Application/Runtime/Cache/Admin/527ac73b321bc66eb5b723d07450871f.php 第 139 行.
NOTIC: [8] Undefined index: vase /application/nginx-1.12.2/html/lovgarden_site/lovgarden/Application/Runtime/Cache/Admin/527ac73b321bc66eb5b723d07450871f.php 第 140 行.
NOTIC: [8] Undefined index: decoration_level /application/nginx-1.12.2/html/lovgarden_site/lovgarden/Application/Runtime/Cache/Admin/527ac73b321bc66eb5b723d07450871f.php 第 144 行.
NOTIC: [8] Undefined index: decoration_level /application/nginx-1.12.2/html/lovgarden_site/lovgarden/Application/Runtime/Cache/Admin/527ac73b321bc66eb5b723d07450871f.php 第 145 行.
NOTIC: [8] Undefined index: decoration_level /application/nginx-1.12.2/html/lovgarden_site/lovgarden/Application/Runtime/Cache/Admin/527ac73b321bc66eb5b723d07450871f.php 第 146 行.
INFO: Run Behavior\ParseTemplateBehavior [ RunTime:0.002774s ]
INFO: [ view_parse ] --END-- [ RunTime:0.002794s ]
INFO: [ view_filter ] --START--
INFO: Run Behavior\WriteHtmlCacheBehavior [ RunTime:0.000029s ]
INFO: [ view_filter ] --END-- [ RunTime:0.000040s ]
INFO: [ app_end ] --START--
INFO: Run Behavior\ShowPageTraceBehavior [ RunTime:0.000027s ]
INFO: [ app_end ] --END-- [ RunTime:0.000045s ]

[ 2018-06-05T14:48:46+08:00 ] 210.83.66.4 /Admin/Product/update/id/16
INFO: [ app_init ] --START--
INFO: Run Behavior\BuildLiteBehavior [ RunTime:0.000009s ]
INFO: [ app_init ] --END-- [ RunTime:0.000075s ]
INFO: [ app_begin ] --START--
INFO: Run Behavior\ReadHtmlCacheBehavior [ RunTime:0.000020s ]
INFO: [ app_begin ] --END-- [ RunTime:0.000037s ]
SQL: SHOW COLUMNS FROM `lovgarden_permission` [ RunTime:0.0015s ]
SQL: SELECT pv.id , pv.category , pv.sku_id , pv.varient_name,pv.varient_summary,pv.varient_body,pv.varient_status,pv.varient_price,pv.decoration_level,pv.vase,pvi.`image_url` ,pvhl.`hurry_level_id` , pvft.`flower_type_id`,pvfo.`flower_occasion_id`,pvfh.`flower_home_id`,pvfc.`flower_color_id` FROM lovgarden_product_varient AS pv 
                    LEFT JOIN lovgarden_product_varient_images AS pvi ON pv.`id`=pvi.`product_varient_id`
                    LEFT JOIN lovgarden_product_varient_hurry_level AS pvhl ON pv.`id`=pvhl.`product_varient_id`
                    LEFT JOIN lovgarden_product_varient_flower_type AS pvft ON pv.`id`=pvft.`product_varient_id`
                    LEFT JOIN lovgarden_product_varient_flower_occasion AS pvfo ON pv.`id`=pvfo.`product_varient_id`
                    LEFT JOIN lovgarden_product_varient_flower_home AS pvfh ON pv.`id`=pvfh.`product_varient_id`
                    LEFT JOIN lovgarden_product_varient_flower_color AS pvfc ON pv.`id`=pvfc.`product_varient_id` WHERE pv.`id`= '16' [ RunTime:0.0024s ]
NOTIC: [8] Undefined index: image_url /application/nginx-1.12.2/html/lovgarden_site/lovgarden/Application/Common/Common/function.php 第 130 行.
NOTIC: [2] in_array() expects parameter 2 to be array, null given /application/nginx-1.12.2/html/lovgarden_site/lovgarden/Application/Common/Common/function.php 第 130 行.
NOTIC: [8] Undefined index: hurry_level_id /application/nginx-1.12.2/html/lovgarden_site/lovgarden/Application/Common/Common/function.php 第 130 行.
NOTIC: [2] in_array() expects parameter 2 to be array, null given /application/nginx-1.12.2/html/lovgarden_site/lovgarden/Application/Common/Common/function.php 第 130 行.
NOTIC: [8] Undefined index: flower_type_id /application/nginx-1.12.2/html/lovgarden_site/lovgarden/Application/Common/Common/function.php 第 130 行.
NOTIC: [2] in_array() expects parameter 2 to be array, null given /application/nginx-1.12.2/html/lovgarden_site/lovgarden/Application/Common/Common/function.php 第 130 行.
NOTIC: [8] Undefined index: flower_occasion_id /application/nginx-1.12.2/html/lovgarden_site/lovgarden/Application/Common/Common/function.php 第 130 行.
NOTIC: [2] in_array() expects parameter 2 to be array, null given /application/nginx-1.12.2/html/lovgarden_site/lovgarden/Application/Common/Common/function.php 第 130 行.
NOTIC: [8] Undefined index: flower_home_id /application/nginx-1.12.2/html/lovgarden_site/lovgarden/Application/Common/Common/function.php 第 130 行.
NOTIC: [2] in_array() expects parameter 2 to be array, null given /application/nginx-1.12.2/html/lovgarden_site/lovgarden/Application/Common/Common/function.php 第 130 行.
NOTIC: [8] Undefined index: flower_color_id /application/nginx-1.12.2/html/lovgarden_site/lovgarden/Application/Common/Common/function.php 第 130 行.
NOTIC: [2] in_array() expects parameter 2 to be array, null given /application/nginx-1.12.2/html/lovgarden_site/lovgarden/Application/Common/Common/function.php 第 130 行.
SQL: SELECT id,image_url FROM lovgarden_product_varient_images WHERE product_varient_id='16' [ RunTime:0.0001s ]
INFO: [ view_parse ] --START--
INFO: [ template_filter ] --START--
INFO: Run Behavior\ContentReplaceBehavior [ RunTime:0.000118s ]
INFO: [ template_filter ] --END-- [ RunTime:0.000145s ]
SQL: select id , article_category_name from lovgarden_article_category [ RunTime:0.0001s ]
SQL: select id , flower_color from lovgarden_flower_color [ RunTime:0.0001s ]
SQL: select id , hurry_level from lovgarden_hurry_level [ RunTime:0.0001s ]
SQL: select id , flower_name from lovgarden_flower_type [ RunTime:0.0001s ]
SQL: select id , flower_home from lovgarden_flower_home [ RunTime:0.0001s ]
SQL: select id , flower_occasion from lovgarden_flower_occasion [ RunTime:0.0001s ]
INFO: Run Behavior\ParseTemplateBehavior [ RunTime:0.003818s ]
INFO: [ view_parse ] --END-- [ RunTime:0.003836s ]
INFO: [ view_filter ] --START--
INFO: Run Behavior\WriteHtmlCacheBehavior [ RunTime:0.000030s ]
INFO: [ view_filter ] --END-- [ RunTime:0.000041s ]
INFO: [ app_end ] --START--
INFO: Run Behavior\ShowPageTraceBehavior [ RunTime:0.000026s ]
INFO: [ app_end ] --END-- [ RunTime:0.000046s ]

[ 2018-06-05T14:53:42+08:00 ] 210.83.66.4 /Admin/Article/article_list
INFO: [ app_init ] --START--
INFO: Run Behavior\BuildLiteBehavior [ RunTime:0.000010s ]
INFO: [ app_init ] --END-- [ RunTime:0.000059s ]
INFO: [ app_begin ] --START--
INFO: Run Behavior\ReadHtmlCacheBehavior [ RunTime:0.000025s ]
INFO: [ app_begin ] --END-- [ RunTime:0.000040s ]
SQL: SHOW COLUMNS FROM `lovgarden_permission` [ RunTime:0.0006s ]
SQL: SHOW COLUMNS FROM `lovgarden_article` [ RunTime:0.0004s ]
SQL: SELECT COUNT(*) AS tp_count FROM lovgarden_article articles LEFT JOIN lovgarden_article_category AS categories ON articles.article_category = categories.id  LIMIT 1   [ RunTime:0.0001s ]
SQL: SELECT articles.article_title,articles.article_publish,articles.article_create_time,articles.banner_image,articles.id,articles.article_category,categories.article_category_name FROM lovgarden_article articles LEFT JOIN lovgarden_article_category AS categories ON articles.article_category = categories.id  LIMIT 0,10   [ RunTime:0.0001s ]
INFO: [ view_parse ] --START--
INFO: [ template_filter ] --START--
INFO: Run Behavior\ContentReplaceBehavior [ RunTime:0.000105s ]
INFO: [ template_filter ] --END-- [ RunTime:0.000136s ]
NOTIC: [8] Undefined index: article_status /application/nginx-1.12.2/html/lovgarden_site/lovgarden/Application/Runtime/Cache/Admin/f68c5a1a42542d9b876352dd3eb66abd.php 第 133 行.
NOTIC: [8] Undefined index: article_status /application/nginx-1.12.2/html/lovgarden_site/lovgarden/Application/Runtime/Cache/Admin/f68c5a1a42542d9b876352dd3eb66abd.php 第 134 行.
NOTIC: [8] Undefined index: article_status /application/nginx-1.12.2/html/lovgarden_site/lovgarden/Application/Runtime/Cache/Admin/f68c5a1a42542d9b876352dd3eb66abd.php 第 135 行.
NOTIC: [8] Undefined index: article_category /application/nginx-1.12.2/html/lovgarden_site/lovgarden/Application/Runtime/Cache/Admin/f68c5a1a42542d9b876352dd3eb66abd.php 第 137 行.
SQL: select id , article_category_name from lovgarden_article_category [ RunTime:0.0001s ]
INFO: Run Behavior\ParseTemplateBehavior [ RunTime:0.002671s ]
INFO: [ view_parse ] --END-- [ RunTime:0.002694s ]
INFO: [ view_filter ] --START--
INFO: Run Behavior\WriteHtmlCacheBehavior [ RunTime:0.000044s ]
INFO: [ view_filter ] --END-- [ RunTime:0.000063s ]
INFO: [ app_end ] --START--
INFO: Run Behavior\ShowPageTraceBehavior [ RunTime:0.000031s ]
INFO: [ app_end ] --END-- [ RunTime:0.000049s ]

[ 2018-06-05T14:53:46+08:00 ] 210.83.66.4 /Admin/Article/update_article/id/27
INFO: [ app_init ] --START--
INFO: Run Behavior\BuildLiteBehavior [ RunTime:0.000009s ]
INFO: [ app_init ] --END-- [ RunTime:0.000053s ]
INFO: [ app_begin ] --START--
INFO: Run Behavior\ReadHtmlCacheBehavior [ RunTime:0.000021s ]
INFO: [ app_begin ] --END-- [ RunTime:0.000042s ]
SQL: SHOW COLUMNS FROM `lovgarden_permission` [ RunTime:0.0006s ]
SQL: SHOW COLUMNS FROM `lovgarden_article` [ RunTime:0.0004s ]
SQL: SELECT * FROM `lovgarden_article` WHERE ( id = 27 ) LIMIT 1   [ RunTime:0.0003s ]
INFO: [ view_parse ] --START--
INFO: [ template_filter ] --START--
INFO: Run Behavior\ContentReplaceBehavior [ RunTime:0.000094s ]
INFO: [ template_filter ] --END-- [ RunTime:0.000121s ]
SQL: select id , article_category_name from lovgarden_article_category [ RunTime:0.0001s ]
INFO: Run Behavior\ParseTemplateBehavior [ RunTime:0.002765s ]
INFO: [ view_parse ] --END-- [ RunTime:0.002784s ]
INFO: [ view_filter ] --START--
INFO: Run Behavior\WriteHtmlCacheBehavior [ RunTime:0.000030s ]
INFO: [ view_filter ] --END-- [ RunTime:0.000042s ]
INFO: [ app_end ] --START--
INFO: Run Behavior\ShowPageTraceBehavior [ RunTime:0.000024s ]
INFO: [ app_end ] --END-- [ RunTime:0.000042s ]

[ 2018-06-05T15:20:38+08:00 ] 210.83.66.4 /Admin/User/logout
INFO: [ app_init ] --START--
INFO: Run Behavior\BuildLiteBehavior [ RunTime:0.000013s ]
INFO: [ app_init ] --END-- [ RunTime:0.000087s ]
INFO: [ app_begin ] --START--
INFO: Run Behavior\ReadHtmlCacheBehavior [ RunTime:0.000037s ]
INFO: [ app_begin ] --END-- [ RunTime:0.000062s ]
SQL: SHOW COLUMNS FROM `lovgarden_user` [ RunTime:0.0008s ]

[ 2018-06-05T15:20:38+08:00 ] 210.83.66.4 /Admin/User/login.html
INFO: [ app_init ] --START--
INFO: Run Behavior\BuildLiteBehavior [ RunTime:0.000009s ]
INFO: [ app_init ] --END-- [ RunTime:0.000053s ]
INFO: [ app_begin ] --START--
INFO: Run Behavior\ReadHtmlCacheBehavior [ RunTime:0.000019s ]
INFO: [ app_begin ] --END-- [ RunTime:0.000037s ]
INFO: [ view_parse ] --START--
INFO: [ template_filter ] --START--
INFO: Run Behavior\ContentReplaceBehavior [ RunTime:0.000034s ]
INFO: [ template_filter ] --END-- [ RunTime:0.000052s ]
NOTIC: [8] Undefined variable: user_name /application/nginx-1.12.2/html/lovgarden_site/lovgarden/Application/Runtime/Cache/Admin/dd023d97164b5a749e2edb2ef1228c9f.php 第 42 行.
INFO: Run Behavior\ParseTemplateBehavior [ RunTime:0.000979s ]
INFO: [ view_parse ] --END-- [ RunTime:0.000995s ]
INFO: [ view_filter ] --START--
INFO: Run Behavior\WriteHtmlCacheBehavior [ RunTime:0.000032s ]
INFO: [ view_filter ] --END-- [ RunTime:0.000043s ]
INFO: [ app_end ] --START--
INFO: Run Behavior\ShowPageTraceBehavior [ RunTime:0.000035s ]
INFO: [ app_end ] --END-- [ RunTime:0.000046s ]

[ 2018-06-05T15:20:38+08:00 ] 210.83.66.4 /Admin/User/chkcode
INFO: [ app_init ] --START--
INFO: Run Behavior\BuildLiteBehavior [ RunTime:0.000008s ]
INFO: [ app_init ] --END-- [ RunTime:0.000051s ]
INFO: [ app_begin ] --START--
INFO: Run Behavior\ReadHtmlCacheBehavior [ RunTime:0.000019s ]
INFO: [ app_begin ] --END-- [ RunTime:0.000036s ]
INFO: [ app_end ] --START--
INFO: Run Behavior\ShowPageTraceBehavior [ RunTime:0.000026s ]
INFO: [ app_end ] --END-- [ RunTime:0.000052s ]

