[ 2018-07-11T21:41:17+08:00 ] 123.152.232.186 /api/pay/create_order/codepay_id/123456/order_id/A2018111111/type/1/price/1/param/65
INFO: [ app_init ] --START--
INFO: Run Behavior\BuildLiteBehavior [ RunTime:0.000010s ]
INFO: [ app_init ] --END-- [ RunTime:0.000066s ]
INFO: [ app_begin ] --START--
INFO: Run Behavior\ReadHtmlCacheBehavior [ RunTime:0.000027s ]
INFO: [ app_begin ] --END-- [ RunTime:0.000046s ]
ERR: 无法加载控制器:Pay

[ 2018-07-11T21:41:43+08:00 ] 123.152.232.186 /api/pay/create_order/codepay_id/123456/order_id/A2018111111/type/1/price/1/param/65
INFO: [ app_init ] --START--
INFO: Run Behavior\BuildLiteBehavior [ RunTime:0.000013s ]
INFO: [ app_init ] --END-- [ RunTime:0.000068s ]
INFO: [ app_begin ] --START--
INFO: Run Behavior\ReadHtmlCacheBehavior [ RunTime:0.000037s ]
INFO: [ app_begin ] --END-- [ RunTime:0.000057s ]
ERR: 无法加载控制器:Pay

[ 2018-07-11T21:42:19+08:00 ] 123.152.232.186 /api/pay/create_order/codepay_id/123456/order_id/A2018111111/type/1/price/1/param/65
INFO: [ app_init ] --START--
INFO: Run Behavior\BuildLiteBehavior [ RunTime:0.000010s ]
INFO: [ app_init ] --END-- [ RunTime:0.000061s ]
INFO: [ app_begin ] --START--
INFO: Run Behavior\ReadHtmlCacheBehavior [ RunTime:0.000025s ]
INFO: [ app_begin ] --END-- [ RunTime:0.000042s ]
ERR: 无法加载控制器:Pay

[ 2018-07-11T21:44:30+08:00 ] 123.152.232.186 /api/pay/create_order/codepay_id/123456/order_id/2018111111/type/1/price/1/param/65
INFO: [ app_init ] --START--
INFO: Run Behavior\BuildLiteBehavior [ RunTime:0.000009s ]
INFO: [ app_init ] --END-- [ RunTime:0.000060s ]
INFO: [ app_begin ] --START--
INFO: Run Behavior\ReadHtmlCacheBehavior [ RunTime:0.000025s ]
INFO: [ app_begin ] --END-- [ RunTime:0.000042s ]
ERR: 无法加载控制器:Pay

[ 2018-07-11T21:54:01+08:00 ] 123.152.232.186 /api/pay/create_order/codepay_id/123456/order_id/A2018111111/type/1/price/1/param/65
INFO: [ app_init ] --START--
INFO: Run Behavior\BuildLiteBehavior [ RunTime:0.000009s ]
INFO: [ app_init ] --END-- [ RunTime:0.000057s ]
INFO: [ app_begin ] --START--
INFO: Run Behavior\ReadHtmlCacheBehavior [ RunTime:0.000035s ]
INFO: [ app_begin ] --END-- [ RunTime:0.000053s ]
ERR: 无法加载控制器:Pay

[ 2018-07-11T21:54:16+08:00 ] 123.152.232.186 /api/pay/create_order
INFO: [ app_init ] --START--
INFO: Run Behavior\BuildLiteBehavior [ RunTime:0.000008s ]
INFO: [ app_init ] --END-- [ RunTime:0.000050s ]
INFO: [ app_begin ] --START--
INFO: Run Behavior\ReadHtmlCacheBehavior [ RunTime:0.000017s ]
INFO: [ app_begin ] --END-- [ RunTime:0.000033s ]
ERR: 无法加载控制器:Pay

[ 2018-07-11T22:03:57+08:00 ] 123.152.232.186 /api/pay/create_order/codepay_id/123456/order_id/A2018111111/type/1/price/1/param/65
INFO: [ app_init ] --START--
INFO: Run Behavior\BuildLiteBehavior [ RunTime:0.000009s ]
INFO: [ app_init ] --END-- [ RunTime:0.000057s ]
INFO: [ app_begin ] --START--
INFO: Run Behavior\ReadHtmlCacheBehavior [ RunTime:0.000025s ]
INFO: [ app_begin ] --END-- [ RunTime:0.000042s ]
ERR: 无法加载控制器:Pay

[ 2018-07-11T22:05:21+08:00 ] 123.152.232.186 /api/pay/create_order
INFO: [ app_init ] --START--
INFO: Run Behavior\BuildLiteBehavior [ RunTime:0.000010s ]
INFO: [ app_init ] --END-- [ RunTime:0.000061s ]
INFO: [ app_begin ] --START--
INFO: Run Behavior\ReadHtmlCacheBehavior [ RunTime:0.000047s ]
INFO: [ app_begin ] --END-- [ RunTime:0.000067s ]
ERR: 无法加载控制器:Pay

[ 2018-07-11T22:06:00+08:00 ] 123.152.232.186 /api/pay/create_order/codepay_id/123456/order_id/A2018111111/type/1/price/1/param/65
INFO: [ app_init ] --START--
INFO: Run Behavior\BuildLiteBehavior [ RunTime:0.000022s ]
INFO: [ app_init ] --END-- [ RunTime:0.000065s ]
INFO: [ app_begin ] --START--
INFO: Run Behavior\ReadHtmlCacheBehavior [ RunTime:0.000025s ]
INFO: [ app_begin ] --END-- [ RunTime:0.000042s ]
ERR: 无法加载控制器:Pay

[ 2018-07-11T22:06:08+08:00 ] 123.152.232.186 /api/pay/create_order/codepay_id/123456/order_id/A2018111111/type/1/price/1/param/65
INFO: [ app_init ] --START--
INFO: Run Behavior\BuildLiteBehavior [ RunTime:0.000008s ]
INFO: [ app_init ] --END-- [ RunTime:0.000051s ]
INFO: [ app_begin ] --START--
INFO: Run Behavior\ReadHtmlCacheBehavior [ RunTime:0.000018s ]
INFO: [ app_begin ] --END-- [ RunTime:0.000034s ]
ERR: 无法加载控制器:Pay

[ 2018-07-11T22:09:06+08:00 ] 123.152.232.186 /api/pay/create_order/codepay_id/123456/order_id/A2018111111/type/1/price/1/param/65
INFO: [ app_init ] --START--
INFO: Run Behavior\BuildLiteBehavior [ RunTime:0.000009s ]
INFO: [ app_init ] --END-- [ RunTime:0.000058s ]
INFO: [ app_begin ] --START--
INFO: Run Behavior\ReadHtmlCacheBehavior [ RunTime:0.000026s ]
INFO: [ app_begin ] --END-- [ RunTime:0.000042s ]

[ 2018-07-11T22:09:39+08:00 ] 123.152.232.186 /api/pay/create_order/codepay_id/123456/order_id/A2018111111/type/1/price/1/param/65
INFO: [ app_init ] --START--
INFO: Run Behavior\BuildLiteBehavior [ RunTime:0.000011s ]
INFO: [ app_init ] --END-- [ RunTime:0.000060s ]
INFO: [ app_begin ] --START--
INFO: Run Behavior\ReadHtmlCacheBehavior [ RunTime:0.000020s ]
INFO: [ app_begin ] --END-- [ RunTime:0.000038s ]

[ 2018-07-11T22:09:41+08:00 ] 123.152.232.186 /api/pay/create_order/codepay_id/123456/order_id/A2018111111/type/1/price/1/param/65
INFO: [ app_init ] --START--
INFO: Run Behavior\BuildLiteBehavior [ RunTime:0.000009s ]
INFO: [ app_init ] --END-- [ RunTime:0.000051s ]
INFO: [ app_begin ] --START--
INFO: Run Behavior\ReadHtmlCacheBehavior [ RunTime:0.000021s ]
INFO: [ app_begin ] --END-- [ RunTime:0.000055s ]

[ 2018-07-11T22:09:43+08:00 ] 123.152.232.186 /api/pay/create_order/codepay_id/123456/order_id/A2018111111/type/1/price/1/param/65
INFO: [ app_init ] --START--
INFO: Run Behavior\BuildLiteBehavior [ RunTime:0.000009s ]
INFO: [ app_init ] --END-- [ RunTime:0.000051s ]
INFO: [ app_begin ] --START--
INFO: Run Behavior\ReadHtmlCacheBehavior [ RunTime:0.000019s ]
INFO: [ app_begin ] --END-- [ RunTime:0.000035s ]

[ 2018-07-11T22:09:56+08:00 ] 123.152.232.186 /api/pay/create_order/codepay_id/123456/order_id/A2018111111/type/1/price/1/param/65
INFO: [ app_init ] --START--
INFO: Run Behavior\BuildLiteBehavior [ RunTime:0.000012s ]
INFO: [ app_init ] --END-- [ RunTime:0.000070s ]
INFO: [ app_begin ] --START--
INFO: Run Behavior\ReadHtmlCacheBehavior [ RunTime:0.000021s ]
INFO: [ app_begin ] --END-- [ RunTime:0.000039s ]

[ 2018-07-11T22:10:01+08:00 ] 123.152.232.186 /api/pay/create_order/codepay_id/123456/order_id/A2018111111/type/1/price/1/param/65
INFO: [ app_init ] --START--
INFO: Run Behavior\BuildLiteBehavior [ RunTime:0.000009s ]
INFO: [ app_init ] --END-- [ RunTime:0.000052s ]
INFO: [ app_begin ] --START--
INFO: Run Behavior\ReadHtmlCacheBehavior [ RunTime:0.000019s ]
INFO: [ app_begin ] --END-- [ RunTime:0.000036s ]

[ 2018-07-11T22:10:02+08:00 ] 123.152.232.186 /api/pay/create_order/codepay_id/123456/order_id/A2018111111/type/1/price/1/param/65
INFO: [ app_init ] --START--
INFO: Run Behavior\BuildLiteBehavior [ RunTime:0.000008s ]
INFO: [ app_init ] --END-- [ RunTime:0.000051s ]
INFO: [ app_begin ] --START--
INFO: Run Behavior\ReadHtmlCacheBehavior [ RunTime:0.000019s ]
INFO: [ app_begin ] --END-- [ RunTime:0.000035s ]

[ 2018-07-11T22:10:03+08:00 ] 123.152.232.186 /api/pay/create_order/codepay_id/123456/order_id/A2018111111/type/1/price/1/param/65
INFO: [ app_init ] --START--
INFO: Run Behavior\BuildLiteBehavior [ RunTime:0.000009s ]
INFO: [ app_init ] --END-- [ RunTime:0.000050s ]
INFO: [ app_begin ] --START--
INFO: Run Behavior\ReadHtmlCacheBehavior [ RunTime:0.000019s ]
INFO: [ app_begin ] --END-- [ RunTime:0.000037s ]

[ 2018-07-11T22:10:03+08:00 ] 123.152.232.186 /api/pay/create_order/codepay_id/123456/order_id/A2018111111/type/1/price/1/param/65
INFO: [ app_init ] --START--
INFO: Run Behavior\BuildLiteBehavior [ RunTime:0.000009s ]
INFO: [ app_init ] --END-- [ RunTime:0.000050s ]
INFO: [ app_begin ] --START--
INFO: Run Behavior\ReadHtmlCacheBehavior [ RunTime:0.000020s ]
INFO: [ app_begin ] --END-- [ RunTime:0.000038s ]

[ 2018-07-11T22:10:03+08:00 ] 123.152.232.186 /api/pay/create_order/codepay_id/123456/order_id/A2018111111/type/1/price/1/param/65
INFO: [ app_init ] --START--
INFO: Run Behavior\BuildLiteBehavior [ RunTime:0.000009s ]
INFO: [ app_init ] --END-- [ RunTime:0.000059s ]
INFO: [ app_begin ] --START--
INFO: Run Behavior\ReadHtmlCacheBehavior [ RunTime:0.000021s ]
INFO: [ app_begin ] --END-- [ RunTime:0.000040s ]

[ 2018-07-11T22:10:03+08:00 ] 123.152.232.186 /api/pay/create_order/codepay_id/123456/order_id/A2018111111/type/1/price/1/param/65
INFO: [ app_init ] --START--
INFO: Run Behavior\BuildLiteBehavior [ RunTime:0.000009s ]
INFO: [ app_init ] --END-- [ RunTime:0.000053s ]
INFO: [ app_begin ] --START--
INFO: Run Behavior\ReadHtmlCacheBehavior [ RunTime:0.000019s ]
INFO: [ app_begin ] --END-- [ RunTime:0.000035s ]

[ 2018-07-11T22:10:03+08:00 ] 123.152.232.186 /api/pay/create_order/codepay_id/123456/order_id/A2018111111/type/1/price/1/param/65
INFO: [ app_init ] --START--
INFO: Run Behavior\BuildLiteBehavior [ RunTime:0.000008s ]
INFO: [ app_init ] --END-- [ RunTime:0.000062s ]
INFO: [ app_begin ] --START--
INFO: Run Behavior\ReadHtmlCacheBehavior [ RunTime:0.000018s ]
INFO: [ app_begin ] --END-- [ RunTime:0.000034s ]

[ 2018-07-11T22:10:18+08:00 ] 123.152.232.186 /api/pay/create_order/codepay_id/123456/order_id/A2018111111/type/1/price/1/param/65
INFO: [ app_init ] --START--
INFO: Run Behavior\BuildLiteBehavior [ RunTime:0.000009s ]
INFO: [ app_init ] --END-- [ RunTime:0.000056s ]
INFO: [ app_begin ] --START--
INFO: Run Behavior\ReadHtmlCacheBehavior [ RunTime:0.000022s ]
INFO: [ app_begin ] --END-- [ RunTime:0.000040s ]

[ 2018-07-11T22:11:42+08:00 ] 123.152.232.186 /api/pay/create_order/codepay_id/123456/order_id/A2018111111/type/1/price/1/param/65
INFO: [ app_init ] --START--
INFO: Run Behavior\BuildLiteBehavior [ RunTime:0.000009s ]
INFO: [ app_init ] --END-- [ RunTime:0.000058s ]
INFO: [ app_begin ] --START--
INFO: Run Behavior\ReadHtmlCacheBehavior [ RunTime:0.000027s ]
INFO: [ app_begin ] --END-- [ RunTime:0.000043s ]

[ 2018-07-11T22:12:40+08:00 ] 123.152.232.186 /api/pay/create_order/codepay_id/123456/order_id/A2018111111/type/1/price/1/param/65
INFO: [ app_init ] --START--
INFO: Run Behavior\BuildLiteBehavior [ RunTime:0.000009s ]
INFO: [ app_init ] --END-- [ RunTime:0.000050s ]
INFO: [ app_begin ] --START--
INFO: Run Behavior\ReadHtmlCacheBehavior [ RunTime:0.000018s ]
INFO: [ app_begin ] --END-- [ RunTime:0.000034s ]
INFO: [ app_end ] --START--
INFO: Run Behavior\ShowPageTraceBehavior [ RunTime:0.000045s ]
INFO: [ app_end ] --END-- [ RunTime:0.000074s ]

[ 2018-07-11T22:12:40+08:00 ] 123.152.232.186 /api/pay/alipay/?cparam=65&id=123456&pay_id=A2018111111&price=1&type=1&sign=841ccebea30c6565fa755f392bf69aae
INFO: [ app_init ] --START--
INFO: Run Behavior\BuildLiteBehavior [ RunTime:0.000013s ]
INFO: [ app_init ] --END-- [ RunTime:0.000073s ]
INFO: [ app_begin ] --START--
INFO: Run Behavior\ReadHtmlCacheBehavior [ RunTime:0.000038s ]
INFO: [ app_begin ] --END-- [ RunTime:0.000071s ]

[ 2018-07-11T22:13:42+08:00 ] 123.152.232.186 /api/pay/alipay/?cparam=65&id=123456&pay_id=A2018111111&price=1&type=1&sign=841ccebea30c6565fa755f392bf69aae
INFO: [ app_init ] --START--
INFO: Run Behavior\BuildLiteBehavior [ RunTime:0.000010s ]
INFO: [ app_init ] --END-- [ RunTime:0.000067s ]
INFO: [ app_begin ] --START--
INFO: Run Behavior\ReadHtmlCacheBehavior [ RunTime:0.000025s ]
INFO: [ app_begin ] --END-- [ RunTime:0.000041s ]
INFO: [ app_end ] --START--
INFO: Run Behavior\ShowPageTraceBehavior [ RunTime:0.000035s ]
INFO: [ app_end ] --END-- [ RunTime:0.000075s ]

[ 2018-07-11T22:19:15+08:00 ] 123.152.232.186 /api/pay/create_order/codepay_id/123456/order_id/A2018111111/type/1/price/1/param/65
INFO: [ app_init ] --START--
INFO: Run Behavior\BuildLiteBehavior [ RunTime:0.000008s ]
INFO: [ app_init ] --END-- [ RunTime:0.000057s ]
INFO: [ app_begin ] --START--
INFO: Run Behavior\ReadHtmlCacheBehavior [ RunTime:0.000025s ]
INFO: [ app_begin ] --END-- [ RunTime:0.000056s ]
INFO: [ app_end ] --START--
INFO: Run Behavior\ShowPageTraceBehavior [ RunTime:0.000024s ]
INFO: [ app_end ] --END-- [ RunTime:0.000040s ]

[ 2018-07-11T22:19:15+08:00 ] 123.152.232.186 /api/pay/alipay/?cparam=65&id=123456&pay_id=A2018111111&price=1&type=1&sign=841ccebea30c6565fa755f392bf69aae
INFO: [ app_init ] --START--
INFO: Run Behavior\BuildLiteBehavior [ RunTime:0.000009s ]
INFO: [ app_init ] --END-- [ RunTime:0.000050s ]
INFO: [ app_begin ] --START--
INFO: Run Behavior\ReadHtmlCacheBehavior [ RunTime:0.000018s ]
INFO: [ app_begin ] --END-- [ RunTime:0.000034s ]
NOTIC: [2] file_put_contents(/application/nginx-1.12.2/html/lovgarden_site/lovgarden/alipay_wap_pay/wappay/service/./../../log.txt): failed to open stream: Permission denied /application/nginx-1.12.2/html/lovgarden_site/lovgarden/alipay_wap_pay/wappay/service/AlipayTradeService.php 第 229 行.
NOTIC: [2] file_put_contents(/application/nginx-1.12.2/html/lovgarden_site/lovgarden/alipay_wap_pay/wappay/service/./../../log.txt): failed to open stream: Permission denied /application/nginx-1.12.2/html/lovgarden_site/lovgarden/alipay_wap_pay/wappay/service/AlipayTradeService.php 第 229 行.
INFO: [ app_end ] --START--
INFO: Run Behavior\ShowPageTraceBehavior [ RunTime:0.000028s ]
INFO: [ app_end ] --END-- [ RunTime:0.000055s ]

[ 2018-07-11T22:19:42+08:00 ] 123.152.232.186 /api/pay/return_url
INFO: [ app_init ] --START--
INFO: Run Behavior\BuildLiteBehavior [ RunTime:0.000009s ]
INFO: [ app_init ] --END-- [ RunTime:0.000050s ]
INFO: [ app_begin ] --START--
INFO: Run Behavior\ReadHtmlCacheBehavior [ RunTime:0.000018s ]
INFO: [ app_begin ] --END-- [ RunTime:0.000033s ]

[ 2018-07-11T22:32:07+08:00 ] 123.152.232.186 /api/pay/create_order/codepay_id/123456/order_id/A2018111112/type/1/price/1/param/65
INFO: [ app_init ] --START--
INFO: Run Behavior\BuildLiteBehavior [ RunTime:0.000009s ]
INFO: [ app_init ] --END-- [ RunTime:0.000064s ]
INFO: [ app_begin ] --START--
INFO: Run Behavior\ReadHtmlCacheBehavior [ RunTime:0.000041s ]
INFO: [ app_begin ] --END-- [ RunTime:0.000067s ]
INFO: [ app_end ] --START--
INFO: Run Behavior\ShowPageTraceBehavior [ RunTime:0.000026s ]
INFO: [ app_end ] --END-- [ RunTime:0.000043s ]

[ 2018-07-11T22:32:07+08:00 ] 123.152.232.186 /api/pay/alipay/?cparam=65&id=123456&pay_id=A2018111112&price=1&type=1&sign=0b5d7a9070db38e01cb4cfd161ecf9f0
INFO: [ app_init ] --START--
INFO: Run Behavior\BuildLiteBehavior [ RunTime:0.000009s ]
INFO: [ app_init ] --END-- [ RunTime:0.000060s ]
INFO: [ app_begin ] --START--
INFO: Run Behavior\ReadHtmlCacheBehavior [ RunTime:0.000020s ]
INFO: [ app_begin ] --END-- [ RunTime:0.000036s ]
NOTIC: [2] file_put_contents(/application/nginx-1.12.2/html/lovgarden_site/lovgarden/alipay_wap_pay/wappay/service/./../../log.txt): failed to open stream: Permission denied /application/nginx-1.12.2/html/lovgarden_site/lovgarden/alipay_wap_pay/wappay/service/AlipayTradeService.php 第 229 行.
NOTIC: [2] file_put_contents(/application/nginx-1.12.2/html/lovgarden_site/lovgarden/alipay_wap_pay/wappay/service/./../../log.txt): failed to open stream: Permission denied /application/nginx-1.12.2/html/lovgarden_site/lovgarden/alipay_wap_pay/wappay/service/AlipayTradeService.php 第 229 行.
INFO: [ app_end ] --START--
INFO: Run Behavior\ShowPageTraceBehavior [ RunTime:0.000030s ]
INFO: [ app_end ] --END-- [ RunTime:0.000060s ]

[ 2018-07-11T22:32:23+08:00 ] 123.152.232.186 /api/pay/return_url
INFO: [ app_init ] --START--
INFO: Run Behavior\BuildLiteBehavior [ RunTime:0.000034s ]
INFO: [ app_init ] --END-- [ RunTime:0.000092s ]
INFO: [ app_begin ] --START--
INFO: Run Behavior\ReadHtmlCacheBehavior [ RunTime:0.000021s ]
INFO: [ app_begin ] --END-- [ RunTime:0.000043s ]

[ 2018-07-11T22:53:45+08:00 ] 123.152.232.186 /api/pay/create_order/codepay_id/123456/order_id/A2018111113/type/1/price/1/param/65
INFO: [ app_init ] --START--
INFO: Run Behavior\BuildLiteBehavior [ RunTime:0.000008s ]
INFO: [ app_init ] --END-- [ RunTime:0.000059s ]
INFO: [ app_begin ] --START--
INFO: Run Behavior\ReadHtmlCacheBehavior [ RunTime:0.000026s ]
INFO: [ app_begin ] --END-- [ RunTime:0.000042s ]
INFO: [ app_end ] --START--
INFO: Run Behavior\ShowPageTraceBehavior [ RunTime:0.000039s ]
INFO: [ app_end ] --END-- [ RunTime:0.000062s ]

[ 2018-07-11T22:53:45+08:00 ] 123.152.232.186 /api/pay/alipay/?cparam=65&id=123456&pay_id=A2018111113&price=1&type=1&sign=fe98703d5c2a7554e5d770d2b2aafa18
INFO: [ app_init ] --START--
INFO: Run Behavior\BuildLiteBehavior [ RunTime:0.000009s ]
INFO: [ app_init ] --END-- [ RunTime:0.000049s ]
INFO: [ app_begin ] --START--
INFO: Run Behavior\ReadHtmlCacheBehavior [ RunTime:0.000019s ]
INFO: [ app_begin ] --END-- [ RunTime:0.000034s ]
NOTIC: [2] file_put_contents(/application/nginx-1.12.2/html/lovgarden_site/lovgarden/alipay_wap_pay/wappay/service/./../../log.txt): failed to open stream: Permission denied /application/nginx-1.12.2/html/lovgarden_site/lovgarden/alipay_wap_pay/wappay/service/AlipayTradeService.php 第 229 行.
NOTIC: [2] file_put_contents(/application/nginx-1.12.2/html/lovgarden_site/lovgarden/alipay_wap_pay/wappay/service/./../../log.txt): failed to open stream: Permission denied /application/nginx-1.12.2/html/lovgarden_site/lovgarden/alipay_wap_pay/wappay/service/AlipayTradeService.php 第 229 行.
INFO: [ app_end ] --START--
INFO: Run Behavior\ShowPageTraceBehavior [ RunTime:0.000027s ]
INFO: [ app_end ] --END-- [ RunTime:0.000056s ]

[ 2018-07-11T22:53:59+08:00 ] 123.152.232.186 /api/pay/return_url
INFO: [ app_init ] --START--
INFO: Run Behavior\BuildLiteBehavior [ RunTime:0.000009s ]
INFO: [ app_init ] --END-- [ RunTime:0.000052s ]
INFO: [ app_begin ] --START--
INFO: Run Behavior\ReadHtmlCacheBehavior [ RunTime:0.000019s ]
INFO: [ app_begin ] --END-- [ RunTime:0.000036s ]

[ 2018-07-11T23:00:31+08:00 ] 123.152.232.186 /api/pay/create_order/codepay_id/123456/order_id/A2018111156/type/1/price/1/param/65
INFO: [ app_init ] --START--
INFO: Run Behavior\BuildLiteBehavior [ RunTime:0.000009s ]
INFO: [ app_init ] --END-- [ RunTime:0.000063s ]
INFO: [ app_begin ] --START--
INFO: Run Behavior\ReadHtmlCacheBehavior [ RunTime:0.000025s ]
INFO: [ app_begin ] --END-- [ RunTime:0.000042s ]
INFO: [ app_end ] --START--
INFO: Run Behavior\ShowPageTraceBehavior [ RunTime:0.000029s ]
INFO: [ app_end ] --END-- [ RunTime:0.000048s ]

[ 2018-07-11T23:00:31+08:00 ] 123.152.232.186 /api/pay/alipay/?cparam=65&id=123456&pay_id=A2018111156&price=1&type=1&sign=7212c8223565fd986b531b2b8e4ab983
INFO: [ app_init ] --START--
INFO: Run Behavior\BuildLiteBehavior [ RunTime:0.000009s ]
INFO: [ app_init ] --END-- [ RunTime:0.000048s ]
INFO: [ app_begin ] --START--
INFO: Run Behavior\ReadHtmlCacheBehavior [ RunTime:0.000019s ]
INFO: [ app_begin ] --END-- [ RunTime:0.000036s ]
NOTIC: [2] file_put_contents(/application/nginx-1.12.2/html/lovgarden_site/lovgarden/alipay_wap_pay/wappay/service/./../../log.txt): failed to open stream: Permission denied /application/nginx-1.12.2/html/lovgarden_site/lovgarden/alipay_wap_pay/wappay/service/AlipayTradeService.php 第 229 行.
NOTIC: [2] file_put_contents(/application/nginx-1.12.2/html/lovgarden_site/lovgarden/alipay_wap_pay/wappay/service/./../../log.txt): failed to open stream: Permission denied /application/nginx-1.12.2/html/lovgarden_site/lovgarden/alipay_wap_pay/wappay/service/AlipayTradeService.php 第 229 行.
INFO: [ app_end ] --START--
INFO: Run Behavior\ShowPageTraceBehavior [ RunTime:0.000028s ]
INFO: [ app_end ] --END-- [ RunTime:0.000059s ]

[ 2018-07-11T23:00:45+08:00 ] 123.152.232.186 /api/pay/return_url
INFO: [ app_init ] --START--
INFO: Run Behavior\BuildLiteBehavior [ RunTime:0.000007s ]
INFO: [ app_init ] --END-- [ RunTime:0.000045s ]
INFO: [ app_begin ] --START--
INFO: Run Behavior\ReadHtmlCacheBehavior [ RunTime:0.000018s ]
INFO: [ app_begin ] --END-- [ RunTime:0.000033s ]

[ 2018-07-11T23:02:16+08:00 ] 123.152.232.186 /api/pay/notify_url
INFO: [ app_init ] --START--
INFO: Run Behavior\BuildLiteBehavior [ RunTime:0.000009s ]
INFO: [ app_init ] --END-- [ RunTime:0.000050s ]
INFO: [ app_begin ] --START--
INFO: Run Behavior\ReadHtmlCacheBehavior [ RunTime:0.000018s ]
INFO: [ app_begin ] --END-- [ RunTime:0.000034s ]
INFO: [ app_end ] --START--
INFO: Run Behavior\ShowPageTraceBehavior [ RunTime:0.000016s ]
INFO: [ app_end ] --END-- [ RunTime:0.000032s ]

[ 2018-07-11T23:07:39+08:00 ] 47.98.216.142 /api/pay/notify_url
INFO: [ app_init ] --START--
INFO: Run Behavior\BuildLiteBehavior [ RunTime:0.000010s ]
INFO: [ app_init ] --END-- [ RunTime:0.000058s ]
INFO: [ app_begin ] --START--
INFO: Run Behavior\ReadHtmlCacheBehavior [ RunTime:0.000022s ]
INFO: [ app_begin ] --END-- [ RunTime:0.000044s ]
NOTIC: [8] Undefined index: HTTP_ACCEPT /application/nginx-1.12.2/html/lovgarden_site/lovgarden/ThinkPHP/Library/Think/Controller/RestController.class.php 第 118 行.
NOTIC: [8] Undefined index: HTTP_ACCEPT /application/nginx-1.12.2/html/lovgarden_site/lovgarden/ThinkPHP/Library/Think/Controller/RestController.class.php 第 118 行.
NOTIC: [8] Undefined index: HTTP_ACCEPT /application/nginx-1.12.2/html/lovgarden_site/lovgarden/ThinkPHP/Library/Think/Controller/RestController.class.php 第 118 行.
NOTIC: [8] Undefined index: HTTP_ACCEPT /application/nginx-1.12.2/html/lovgarden_site/lovgarden/ThinkPHP/Library/Think/Controller/RestController.class.php 第 118 行.
NOTIC: [8] Undefined index: HTTP_ACCEPT /application/nginx-1.12.2/html/lovgarden_site/lovgarden/ThinkPHP/Library/Think/Controller/RestController.class.php 第 118 行.
NOTIC: [8] Undefined index: HTTP_ACCEPT /application/nginx-1.12.2/html/lovgarden_site/lovgarden/ThinkPHP/Library/Think/Controller/RestController.class.php 第 118 行.
NOTIC: [8] Undefined index: HTTP_ACCEPT /application/nginx-1.12.2/html/lovgarden_site/lovgarden/ThinkPHP/Library/Think/Controller/RestController.class.php 第 118 行.
NOTIC: [8] Undefined index: HTTP_ACCEPT /application/nginx-1.12.2/html/lovgarden_site/lovgarden/ThinkPHP/Library/Think/Controller/RestController.class.php 第 118 行.
NOTIC: [8] Undefined index: HTTP_ACCEPT /application/nginx-1.12.2/html/lovgarden_site/lovgarden/ThinkPHP/Library/Think/Controller/RestController.class.php 第 118 行.
NOTIC: [8] Undefined index: HTTP_ACCEPT /application/nginx-1.12.2/html/lovgarden_site/lovgarden/ThinkPHP/Library/Think/Controller/RestController.class.php 第 118 行.
NOTIC: [8] Undefined index: HTTP_ACCEPT /application/nginx-1.12.2/html/lovgarden_site/lovgarden/ThinkPHP/Library/Think/Controller/RestController.class.php 第 118 行.
NOTIC: [8] Undefined index: HTTP_ACCEPT /application/nginx-1.12.2/html/lovgarden_site/lovgarden/ThinkPHP/Library/Think/Controller/RestController.class.php 第 118 行.
NOTIC: [8] Undefined index: HTTP_ACCEPT /application/nginx-1.12.2/html/lovgarden_site/lovgarden/ThinkPHP/Library/Think/Controller/RestController.class.php 第 118 行.
NOTIC: [8] Undefined index: HTTP_ACCEPT /application/nginx-1.12.2/html/lovgarden_site/lovgarden/ThinkPHP/Library/Think/Controller/RestController.class.php 第 118 行.
NOTIC: [8] Undefined index: HTTP_ACCEPT /application/nginx-1.12.2/html/lovgarden_site/lovgarden/ThinkPHP/Library/Think/Controller/RestController.class.php 第 118 行.
NOTIC: [8] Undefined index: HTTP_ACCEPT /application/nginx-1.12.2/html/lovgarden_site/lovgarden/ThinkPHP/Library/Think/Controller/RestController.class.php 第 118 行.
NOTIC: [8] Undefined index: HTTP_ACCEPT /application/nginx-1.12.2/html/lovgarden_site/lovgarden/ThinkPHP/Library/Think/Controller/RestController.class.php 第 118 行.
NOTIC: [8] Undefined index: HTTP_ACCEPT /application/nginx-1.12.2/html/lovgarden_site/lovgarden/ThinkPHP/Library/Think/Controller/RestController.class.php 第 118 行.
NOTIC: [8] Undefined index: HTTP_ACCEPT /application/nginx-1.12.2/html/lovgarden_site/lovgarden/ThinkPHP/Library/Think/Controller/RestController.class.php 第 118 行.
NOTIC: [8] Undefined index: HTTP_ACCEPT /application/nginx-1.12.2/html/lovgarden_site/lovgarden/ThinkPHP/Library/Think/Controller/RestController.class.php 第 118 行.
NOTIC: [8] Undefined index: HTTP_ACCEPT /application/nginx-1.12.2/html/lovgarden_site/lovgarden/ThinkPHP/Library/Think/Controller/RestController.class.php 第 118 行.
NOTIC: [8] Undefined index: HTTP_ACCEPT /application/nginx-1.12.2/html/lovgarden_site/lovgarden/ThinkPHP/Library/Think/Controller/RestController.class.php 第 118 行.
NOTIC: [8] Undefined index: HTTP_ACCEPT /application/nginx-1.12.2/html/lovgarden_site/lovgarden/ThinkPHP/Library/Think/Controller/RestController.class.php 第 118 行.
NOTIC: [8] Undefined index: HTTP_ACCEPT /application/nginx-1.12.2/html/lovgarden_site/lovgarden/ThinkPHP/Library/Think/Controller/RestController.class.php 第 118 行.
NOTIC: [8] Undefined index: HTTP_ACCEPT /application/nginx-1.12.2/html/lovgarden_site/lovgarden/ThinkPHP/Library/Think/Controller/RestController.class.php 第 118 行.
NOTIC: [8] Undefined index: HTTP_ACCEPT /application/nginx-1.12.2/html/lovgarden_site/lovgarden/ThinkPHP/Library/Think/Controller/RestController.class.php 第 118 行.
INFO: [ app_end ] --START--
INFO: Run Behavior\ShowPageTraceBehavior [ RunTime:0.000063s ]
INFO: [ app_end ] --END-- [ RunTime:0.000088s ]

[ 2018-07-11T23:14:13+08:00 ] 47.98.216.142 /api/pay/notify_url
INFO: [ app_init ] --START--
INFO: Run Behavior\BuildLiteBehavior [ RunTime:0.000009s ]
INFO: [ app_init ] --END-- [ RunTime:0.000056s ]
INFO: [ app_begin ] --START--
INFO: Run Behavior\ReadHtmlCacheBehavior [ RunTime:0.000021s ]
INFO: [ app_begin ] --END-- [ RunTime:0.000039s ]
NOTIC: [8] Undefined index: HTTP_ACCEPT /application/nginx-1.12.2/html/lovgarden_site/lovgarden/ThinkPHP/Library/Think/Controller/RestController.class.php 第 118 行.
NOTIC: [8] Undefined index: HTTP_ACCEPT /application/nginx-1.12.2/html/lovgarden_site/lovgarden/ThinkPHP/Library/Think/Controller/RestController.class.php 第 118 行.
NOTIC: [8] Undefined index: HTTP_ACCEPT /application/nginx-1.12.2/html/lovgarden_site/lovgarden/ThinkPHP/Library/Think/Controller/RestController.class.php 第 118 行.
NOTIC: [8] Undefined index: HTTP_ACCEPT /application/nginx-1.12.2/html/lovgarden_site/lovgarden/ThinkPHP/Library/Think/Controller/RestController.class.php 第 118 行.
NOTIC: [8] Undefined index: HTTP_ACCEPT /application/nginx-1.12.2/html/lovgarden_site/lovgarden/ThinkPHP/Library/Think/Controller/RestController.class.php 第 118 行.
NOTIC: [8] Undefined index: HTTP_ACCEPT /application/nginx-1.12.2/html/lovgarden_site/lovgarden/ThinkPHP/Library/Think/Controller/RestController.class.php 第 118 行.
NOTIC: [8] Undefined index: HTTP_ACCEPT /application/nginx-1.12.2/html/lovgarden_site/lovgarden/ThinkPHP/Library/Think/Controller/RestController.class.php 第 118 行.
NOTIC: [8] Undefined index: HTTP_ACCEPT /application/nginx-1.12.2/html/lovgarden_site/lovgarden/ThinkPHP/Library/Think/Controller/RestController.class.php 第 118 行.
NOTIC: [8] Undefined index: HTTP_ACCEPT /application/nginx-1.12.2/html/lovgarden_site/lovgarden/ThinkPHP/Library/Think/Controller/RestController.class.php 第 118 行.
NOTIC: [8] Undefined index: HTTP_ACCEPT /application/nginx-1.12.2/html/lovgarden_site/lovgarden/ThinkPHP/Library/Think/Controller/RestController.class.php 第 118 行.
NOTIC: [8] Undefined index: HTTP_ACCEPT /application/nginx-1.12.2/html/lovgarden_site/lovgarden/ThinkPHP/Library/Think/Controller/RestController.class.php 第 118 行.
NOTIC: [8] Undefined index: HTTP_ACCEPT /application/nginx-1.12.2/html/lovgarden_site/lovgarden/ThinkPHP/Library/Think/Controller/RestController.class.php 第 118 行.
NOTIC: [8] Undefined index: HTTP_ACCEPT /application/nginx-1.12.2/html/lovgarden_site/lovgarden/ThinkPHP/Library/Think/Controller/RestController.class.php 第 118 行.
NOTIC: [8] Undefined index: HTTP_ACCEPT /application/nginx-1.12.2/html/lovgarden_site/lovgarden/ThinkPHP/Library/Think/Controller/RestController.class.php 第 118 行.
NOTIC: [8] Undefined index: HTTP_ACCEPT /application/nginx-1.12.2/html/lovgarden_site/lovgarden/ThinkPHP/Library/Think/Controller/RestController.class.php 第 118 行.
NOTIC: [8] Undefined index: HTTP_ACCEPT /application/nginx-1.12.2/html/lovgarden_site/lovgarden/ThinkPHP/Library/Think/Controller/RestController.class.php 第 118 行.
NOTIC: [8] Undefined index: HTTP_ACCEPT /application/nginx-1.12.2/html/lovgarden_site/lovgarden/ThinkPHP/Library/Think/Controller/RestController.class.php 第 118 行.
NOTIC: [8] Undefined index: HTTP_ACCEPT /application/nginx-1.12.2/html/lovgarden_site/lovgarden/ThinkPHP/Library/Think/Controller/RestController.class.php 第 118 行.
NOTIC: [8] Undefined index: HTTP_ACCEPT /application/nginx-1.12.2/html/lovgarden_site/lovgarden/ThinkPHP/Library/Think/Controller/RestController.class.php 第 118 行.
NOTIC: [8] Undefined index: HTTP_ACCEPT /application/nginx-1.12.2/html/lovgarden_site/lovgarden/ThinkPHP/Library/Think/Controller/RestController.class.php 第 118 行.
NOTIC: [8] Undefined index: HTTP_ACCEPT /application/nginx-1.12.2/html/lovgarden_site/lovgarden/ThinkPHP/Library/Think/Controller/RestController.class.php 第 118 行.
NOTIC: [8] Undefined index: HTTP_ACCEPT /application/nginx-1.12.2/html/lovgarden_site/lovgarden/ThinkPHP/Library/Think/Controller/RestController.class.php 第 118 行.
NOTIC: [8] Undefined index: HTTP_ACCEPT /application/nginx-1.12.2/html/lovgarden_site/lovgarden/ThinkPHP/Library/Think/Controller/RestController.class.php 第 118 行.
NOTIC: [8] Undefined index: HTTP_ACCEPT /application/nginx-1.12.2/html/lovgarden_site/lovgarden/ThinkPHP/Library/Think/Controller/RestController.class.php 第 118 行.
NOTIC: [8] Undefined index: HTTP_ACCEPT /application/nginx-1.12.2/html/lovgarden_site/lovgarden/ThinkPHP/Library/Think/Controller/RestController.class.php 第 118 行.
NOTIC: [8] Undefined index: HTTP_ACCEPT /application/nginx-1.12.2/html/lovgarden_site/lovgarden/ThinkPHP/Library/Think/Controller/RestController.class.php 第 118 行.
INFO: [ app_end ] --START--
INFO: Run Behavior\ShowPageTraceBehavior [ RunTime:0.000031s ]
INFO: [ app_end ] --END-- [ RunTime:0.000073s ]

[ 2018-07-11T23:17:09+08:00 ] 47.98.216.142 /api/pay/notify_url
INFO: [ app_init ] --START--
INFO: Run Behavior\BuildLiteBehavior [ RunTime:0.000008s ]
INFO: [ app_init ] --END-- [ RunTime:0.000050s ]
INFO: [ app_begin ] --START--
INFO: Run Behavior\ReadHtmlCacheBehavior [ RunTime:0.000026s ]
INFO: [ app_begin ] --END-- [ RunTime:0.000050s ]
NOTIC: [8] Undefined index: HTTP_ACCEPT /application/nginx-1.12.2/html/lovgarden_site/lovgarden/ThinkPHP/Library/Think/Controller/RestController.class.php 第 118 行.
NOTIC: [8] Undefined index: HTTP_ACCEPT /application/nginx-1.12.2/html/lovgarden_site/lovgarden/ThinkPHP/Library/Think/Controller/RestController.class.php 第 118 行.
NOTIC: [8] Undefined index: HTTP_ACCEPT /application/nginx-1.12.2/html/lovgarden_site/lovgarden/ThinkPHP/Library/Think/Controller/RestController.class.php 第 118 行.
NOTIC: [8] Undefined index: HTTP_ACCEPT /application/nginx-1.12.2/html/lovgarden_site/lovgarden/ThinkPHP/Library/Think/Controller/RestController.class.php 第 118 行.
NOTIC: [8] Undefined index: HTTP_ACCEPT /application/nginx-1.12.2/html/lovgarden_site/lovgarden/ThinkPHP/Library/Think/Controller/RestController.class.php 第 118 行.
NOTIC: [8] Undefined index: HTTP_ACCEPT /application/nginx-1.12.2/html/lovgarden_site/lovgarden/ThinkPHP/Library/Think/Controller/RestController.class.php 第 118 行.
NOTIC: [8] Undefined index: HTTP_ACCEPT /application/nginx-1.12.2/html/lovgarden_site/lovgarden/ThinkPHP/Library/Think/Controller/RestController.class.php 第 118 行.
NOTIC: [8] Undefined index: HTTP_ACCEPT /application/nginx-1.12.2/html/lovgarden_site/lovgarden/ThinkPHP/Library/Think/Controller/RestController.class.php 第 118 行.
NOTIC: [8] Undefined index: HTTP_ACCEPT /application/nginx-1.12.2/html/lovgarden_site/lovgarden/ThinkPHP/Library/Think/Controller/RestController.class.php 第 118 行.
NOTIC: [8] Undefined index: HTTP_ACCEPT /application/nginx-1.12.2/html/lovgarden_site/lovgarden/ThinkPHP/Library/Think/Controller/RestController.class.php 第 118 行.
NOTIC: [8] Undefined index: HTTP_ACCEPT /application/nginx-1.12.2/html/lovgarden_site/lovgarden/ThinkPHP/Library/Think/Controller/RestController.class.php 第 118 行.
NOTIC: [8] Undefined index: HTTP_ACCEPT /application/nginx-1.12.2/html/lovgarden_site/lovgarden/ThinkPHP/Library/Think/Controller/RestController.class.php 第 118 行.
NOTIC: [8] Undefined index: HTTP_ACCEPT /application/nginx-1.12.2/html/lovgarden_site/lovgarden/ThinkPHP/Library/Think/Controller/RestController.class.php 第 118 行.
NOTIC: [8] Undefined index: HTTP_ACCEPT /application/nginx-1.12.2/html/lovgarden_site/lovgarden/ThinkPHP/Library/Think/Controller/RestController.class.php 第 118 行.
NOTIC: [8] Undefined index: HTTP_ACCEPT /application/nginx-1.12.2/html/lovgarden_site/lovgarden/ThinkPHP/Library/Think/Controller/RestController.class.php 第 118 行.
NOTIC: [8] Undefined index: HTTP_ACCEPT /application/nginx-1.12.2/html/lovgarden_site/lovgarden/ThinkPHP/Library/Think/Controller/RestController.class.php 第 118 行.
NOTIC: [8] Undefined index: HTTP_ACCEPT /application/nginx-1.12.2/html/lovgarden_site/lovgarden/ThinkPHP/Library/Think/Controller/RestController.class.php 第 118 行.
NOTIC: [8] Undefined index: HTTP_ACCEPT /application/nginx-1.12.2/html/lovgarden_site/lovgarden/ThinkPHP/Library/Think/Controller/RestController.class.php 第 118 行.
NOTIC: [8] Undefined index: HTTP_ACCEPT /application/nginx-1.12.2/html/lovgarden_site/lovgarden/ThinkPHP/Library/Think/Controller/RestController.class.php 第 118 行.
NOTIC: [8] Undefined index: HTTP_ACCEPT /application/nginx-1.12.2/html/lovgarden_site/lovgarden/ThinkPHP/Library/Think/Controller/RestController.class.php 第 118 行.
NOTIC: [8] Undefined index: HTTP_ACCEPT /application/nginx-1.12.2/html/lovgarden_site/lovgarden/ThinkPHP/Library/Think/Controller/RestController.class.php 第 118 行.
NOTIC: [8] Undefined index: HTTP_ACCEPT /application/nginx-1.12.2/html/lovgarden_site/lovgarden/ThinkPHP/Library/Think/Controller/RestController.class.php 第 118 行.
NOTIC: [8] Undefined index: HTTP_ACCEPT /application/nginx-1.12.2/html/lovgarden_site/lovgarden/ThinkPHP/Library/Think/Controller/RestController.class.php 第 118 行.
NOTIC: [8] Undefined index: HTTP_ACCEPT /application/nginx-1.12.2/html/lovgarden_site/lovgarden/ThinkPHP/Library/Think/Controller/RestController.class.php 第 118 行.
NOTIC: [8] Undefined index: HTTP_ACCEPT /application/nginx-1.12.2/html/lovgarden_site/lovgarden/ThinkPHP/Library/Think/Controller/RestController.class.php 第 118 行.
NOTIC: [8] Undefined index: HTTP_ACCEPT /application/nginx-1.12.2/html/lovgarden_site/lovgarden/ThinkPHP/Library/Think/Controller/RestController.class.php 第 118 行.
INFO: [ app_end ] --START--
INFO: Run Behavior\ShowPageTraceBehavior [ RunTime:0.000030s ]
INFO: [ app_end ] --END-- [ RunTime:0.000045s ]

[ 2018-07-11T23:24:17+08:00 ] 47.98.216.142 /api/pay/notify_url
INFO: [ app_init ] --START--
INFO: Run Behavior\BuildLiteBehavior [ RunTime:0.000009s ]
INFO: [ app_init ] --END-- [ RunTime:0.000051s ]
INFO: [ app_begin ] --START--
INFO: Run Behavior\ReadHtmlCacheBehavior [ RunTime:0.000017s ]
INFO: [ app_begin ] --END-- [ RunTime:0.000034s ]
INFO: [ app_end ] --START--
INFO: Run Behavior\ShowPageTraceBehavior [ RunTime:0.000030s ]
INFO: [ app_end ] --END-- [ RunTime:0.000048s ]

[ 2018-07-11T23:35:15+08:00 ] 123.152.232.186 /api/pay/create_order/codepay_id/123456/order_id/A2018111119/type/1/price/1/param/65
INFO: [ app_init ] --START--
INFO: Run Behavior\BuildLiteBehavior [ RunTime:0.000013s ]
INFO: [ app_init ] --END-- [ RunTime:0.000103s ]
INFO: [ app_begin ] --START--
INFO: Run Behavior\ReadHtmlCacheBehavior [ RunTime:0.000041s ]
INFO: [ app_begin ] --END-- [ RunTime:0.000083s ]
INFO: [ app_end ] --START--
INFO: Run Behavior\ShowPageTraceBehavior [ RunTime:0.000040s ]
INFO: [ app_end ] --END-- [ RunTime:0.000069s ]

[ 2018-07-11T23:35:15+08:00 ] 123.152.232.186 /api/pay/alipay/?cparam=65&id=123456&pay_id=A2018111119&price=1&type=1&sign=506cbe5a78517c88a519919555162a18
INFO: [ app_init ] --START--
INFO: Run Behavior\BuildLiteBehavior [ RunTime:0.000012s ]
INFO: [ app_init ] --END-- [ RunTime:0.000072s ]
INFO: [ app_begin ] --START--
INFO: Run Behavior\ReadHtmlCacheBehavior [ RunTime:0.000041s ]
INFO: [ app_begin ] --END-- [ RunTime:0.000069s ]
NOTIC: [2] file_put_contents(/application/nginx-1.12.2/html/lovgarden_site/lovgarden/alipay_wap_pay/wappay/service/./../../log.txt): failed to open stream: Permission denied /application/nginx-1.12.2/html/lovgarden_site/lovgarden/alipay_wap_pay/wappay/service/AlipayTradeService.php 第 229 行.
NOTIC: [2] file_put_contents(/application/nginx-1.12.2/html/lovgarden_site/lovgarden/alipay_wap_pay/wappay/service/./../../log.txt): failed to open stream: Permission denied /application/nginx-1.12.2/html/lovgarden_site/lovgarden/alipay_wap_pay/wappay/service/AlipayTradeService.php 第 229 行.
INFO: [ app_end ] --START--
INFO: Run Behavior\ShowPageTraceBehavior [ RunTime:0.000092s ]
INFO: [ app_end ] --END-- [ RunTime:0.000139s ]

[ 2018-07-11T23:35:22+08:00 ] 47.98.216.142 /api/pay/notify_url
INFO: [ app_init ] --START--
INFO: Run Behavior\BuildLiteBehavior [ RunTime:0.000008s ]
INFO: [ app_init ] --END-- [ RunTime:0.000048s ]
INFO: [ app_begin ] --START--
INFO: Run Behavior\ReadHtmlCacheBehavior [ RunTime:0.000018s ]
INFO: [ app_begin ] --END-- [ RunTime:0.000036s ]
INFO: [ app_end ] --START--
INFO: Run Behavior\ShowPageTraceBehavior [ RunTime:0.000017s ]
INFO: [ app_end ] --END-- [ RunTime:0.000035s ]

[ 2018-07-11T23:35:28+08:00 ] 123.152.232.186 /api/pay/return_url
INFO: [ app_init ] --START--
INFO: Run Behavior\BuildLiteBehavior [ RunTime:0.000009s ]
INFO: [ app_init ] --END-- [ RunTime:0.000052s ]
INFO: [ app_begin ] --START--
INFO: Run Behavior\ReadHtmlCacheBehavior [ RunTime:0.000021s ]
INFO: [ app_begin ] --END-- [ RunTime:0.000039s ]

[ 2018-07-11T23:39:08+08:00 ] 47.98.216.142 /api/pay/notify_url
INFO: [ app_init ] --START--
INFO: Run Behavior\BuildLiteBehavior [ RunTime:0.000008s ]
INFO: [ app_init ] --END-- [ RunTime:0.000046s ]
INFO: [ app_begin ] --START--
INFO: Run Behavior\ReadHtmlCacheBehavior [ RunTime:0.000017s ]
INFO: [ app_begin ] --END-- [ RunTime:0.000033s ]
INFO: [ app_end ] --START--
INFO: Run Behavior\ShowPageTraceBehavior [ RunTime:0.000029s ]
INFO: [ app_end ] --END-- [ RunTime:0.000047s ]

[ 2018-07-11T23:43:42+08:00 ] 47.98.216.142 /api/pay/notify_url
INFO: [ app_init ] --START--
INFO: Run Behavior\BuildLiteBehavior [ RunTime:0.000009s ]
INFO: [ app_init ] --END-- [ RunTime:0.000049s ]
INFO: [ app_begin ] --START--
INFO: Run Behavior\ReadHtmlCacheBehavior [ RunTime:0.000017s ]
INFO: [ app_begin ] --END-- [ RunTime:0.000034s ]
INFO: [ app_end ] --START--
INFO: Run Behavior\ShowPageTraceBehavior [ RunTime:0.000029s ]
INFO: [ app_end ] --END-- [ RunTime:0.000048s ]

[ 2018-07-11T23:49:20+08:00 ] 47.98.216.142 /api/pay/notify_url
INFO: [ app_init ] --START--
INFO: Run Behavior\BuildLiteBehavior [ RunTime:0.000008s ]
INFO: [ app_init ] --END-- [ RunTime:0.000050s ]
INFO: [ app_begin ] --START--
INFO: Run Behavior\ReadHtmlCacheBehavior [ RunTime:0.000031s ]
INFO: [ app_begin ] --END-- [ RunTime:0.000049s ]
INFO: [ app_end ] --START--
INFO: Run Behavior\ShowPageTraceBehavior [ RunTime:0.000031s ]
INFO: [ app_end ] --END-- [ RunTime:0.000049s ]

[ 2018-07-11T23:53:10+08:00 ] 123.152.232.186 /api/pay/create_order/codepay_id/123456/order_id/A20181111178/type/1/price/1/param/65
INFO: [ app_init ] --START--
INFO: Run Behavior\BuildLiteBehavior [ RunTime:0.000009s ]
INFO: [ app_init ] --END-- [ RunTime:0.000060s ]
INFO: [ app_begin ] --START--
INFO: Run Behavior\ReadHtmlCacheBehavior [ RunTime:0.000027s ]
INFO: [ app_begin ] --END-- [ RunTime:0.000044s ]
INFO: [ app_end ] --START--
INFO: Run Behavior\ShowPageTraceBehavior [ RunTime:0.000033s ]
INFO: [ app_end ] --END-- [ RunTime:0.000051s ]

[ 2018-07-11T23:53:10+08:00 ] 123.152.232.186 /api/pay/alipay/?cparam=65&id=123456&pay_id=A20181111178&price=1&type=1&sign=9382bb0783d81d58afc19114ea093b02
INFO: [ app_init ] --START--
INFO: Run Behavior\BuildLiteBehavior [ RunTime:0.000009s ]
INFO: [ app_init ] --END-- [ RunTime:0.000051s ]
INFO: [ app_begin ] --START--
INFO: Run Behavior\ReadHtmlCacheBehavior [ RunTime:0.000019s ]
INFO: [ app_begin ] --END-- [ RunTime:0.000034s ]
NOTIC: [2] file_put_contents(/application/nginx-1.12.2/html/lovgarden_site/lovgarden/alipay_wap_pay/wappay/service/./../../log.txt): failed to open stream: Permission denied /application/nginx-1.12.2/html/lovgarden_site/lovgarden/alipay_wap_pay/wappay/service/AlipayTradeService.php 第 229 行.
NOTIC: [2] file_put_contents(/application/nginx-1.12.2/html/lovgarden_site/lovgarden/alipay_wap_pay/wappay/service/./../../log.txt): failed to open stream: Permission denied /application/nginx-1.12.2/html/lovgarden_site/lovgarden/alipay_wap_pay/wappay/service/AlipayTradeService.php 第 229 行.
INFO: [ app_end ] --START--
INFO: Run Behavior\ShowPageTraceBehavior [ RunTime:0.000029s ]
INFO: [ app_end ] --END-- [ RunTime:0.000059s ]

[ 2018-07-11T23:53:17+08:00 ] 47.98.216.142 /api/pay/notify_url
INFO: [ app_init ] --START--
INFO: Run Behavior\BuildLiteBehavior [ RunTime:0.000012s ]
INFO: [ app_init ] --END-- [ RunTime:0.000071s ]
INFO: [ app_begin ] --START--
INFO: Run Behavior\ReadHtmlCacheBehavior [ RunTime:0.000030s ]
INFO: [ app_begin ] --END-- [ RunTime:0.000078s ]
INFO: [ app_end ] --START--
INFO: Run Behavior\ShowPageTraceBehavior [ RunTime:0.000050s ]
INFO: [ app_end ] --END-- [ RunTime:0.000082s ]

[ 2018-07-11T23:53:24+08:00 ] 123.152.232.186 /api/pay/return_url
INFO: [ app_init ] --START--
INFO: Run Behavior\BuildLiteBehavior [ RunTime:0.000009s ]
INFO: [ app_init ] --END-- [ RunTime:0.000055s ]
INFO: [ app_begin ] --START--
INFO: Run Behavior\ReadHtmlCacheBehavior [ RunTime:0.000021s ]
INFO: [ app_begin ] --END-- [ RunTime:0.000039s ]

[ 2018-07-11T23:53:50+08:00 ] 123.152.232.186 /api/pay/create_order/codepay_id/123456/order_id/A201811111567/type/1/price/1/param/65
INFO: [ app_init ] --START--
INFO: Run Behavior\BuildLiteBehavior [ RunTime:0.000008s ]
INFO: [ app_init ] --END-- [ RunTime:0.000050s ]
INFO: [ app_begin ] --START--
INFO: Run Behavior\ReadHtmlCacheBehavior [ RunTime:0.000019s ]
INFO: [ app_begin ] --END-- [ RunTime:0.000036s ]
INFO: [ app_end ] --START--
INFO: Run Behavior\ShowPageTraceBehavior [ RunTime:0.000029s ]
INFO: [ app_end ] --END-- [ RunTime:0.000052s ]

[ 2018-07-11T23:53:50+08:00 ] 123.152.232.186 /api/pay/alipay/?cparam=65&id=123456&pay_id=A201811111567&price=1&type=1&sign=bb20b0428c9115c85db75d7657f164c4
INFO: [ app_init ] --START--
INFO: Run Behavior\BuildLiteBehavior [ RunTime:0.000009s ]
INFO: [ app_init ] --END-- [ RunTime:0.000053s ]
INFO: [ app_begin ] --START--
INFO: Run Behavior\ReadHtmlCacheBehavior [ RunTime:0.000019s ]
INFO: [ app_begin ] --END-- [ RunTime:0.000036s ]
NOTIC: [2] file_put_contents(/application/nginx-1.12.2/html/lovgarden_site/lovgarden/alipay_wap_pay/wappay/service/./../../log.txt): failed to open stream: Permission denied /application/nginx-1.12.2/html/lovgarden_site/lovgarden/alipay_wap_pay/wappay/service/AlipayTradeService.php 第 229 行.
NOTIC: [2] file_put_contents(/application/nginx-1.12.2/html/lovgarden_site/lovgarden/alipay_wap_pay/wappay/service/./../../log.txt): failed to open stream: Permission denied /application/nginx-1.12.2/html/lovgarden_site/lovgarden/alipay_wap_pay/wappay/service/AlipayTradeService.php 第 229 行.
INFO: [ app_end ] --START--
INFO: Run Behavior\ShowPageTraceBehavior [ RunTime:0.000030s ]
INFO: [ app_end ] --END-- [ RunTime:0.000060s ]

[ 2018-07-11T23:53:58+08:00 ] 47.98.216.142 /api/pay/notify_url
INFO: [ app_init ] --START--
INFO: Run Behavior\BuildLiteBehavior [ RunTime:0.000009s ]
INFO: [ app_init ] --END-- [ RunTime:0.000050s ]
INFO: [ app_begin ] --START--
INFO: Run Behavior\ReadHtmlCacheBehavior [ RunTime:0.000018s ]
INFO: [ app_begin ] --END-- [ RunTime:0.000035s ]
INFO: [ app_end ] --START--
INFO: Run Behavior\ShowPageTraceBehavior [ RunTime:0.000028s ]
INFO: [ app_end ] --END-- [ RunTime:0.000047s ]

[ 2018-07-11T23:54:04+08:00 ] 123.152.232.186 /api/pay/return_url
INFO: [ app_init ] --START--
INFO: Run Behavior\BuildLiteBehavior [ RunTime:0.000009s ]
INFO: [ app_init ] --END-- [ RunTime:0.000050s ]
INFO: [ app_begin ] --START--
INFO: Run Behavior\ReadHtmlCacheBehavior [ RunTime:0.000020s ]
INFO: [ app_begin ] --END-- [ RunTime:0.000036s ]

[ 2018-07-11T23:56:01+08:00 ] 47.98.216.142 /api/pay/notify_url
INFO: [ app_init ] --START--
INFO: Run Behavior\BuildLiteBehavior [ RunTime:0.000009s ]
INFO: [ app_init ] --END-- [ RunTime:0.000050s ]
INFO: [ app_begin ] --START--
INFO: Run Behavior\ReadHtmlCacheBehavior [ RunTime:0.000019s ]
INFO: [ app_begin ] --END-- [ RunTime:0.000037s ]
INFO: [ app_end ] --START--
INFO: Run Behavior\ShowPageTraceBehavior [ RunTime:0.000030s ]
INFO: [ app_end ] --END-- [ RunTime:0.000051s ]

[ 2018-07-11T23:57:12+08:00 ] 47.98.216.142 /api/pay/notify_url
INFO: [ app_init ] --START--
INFO: Run Behavior\BuildLiteBehavior [ RunTime:0.000009s ]
INFO: [ app_init ] --END-- [ RunTime:0.000053s ]
INFO: [ app_begin ] --START--
INFO: Run Behavior\ReadHtmlCacheBehavior [ RunTime:0.000021s ]
INFO: [ app_begin ] --END-- [ RunTime:0.000039s ]
INFO: [ app_end ] --START--
INFO: Run Behavior\ShowPageTraceBehavior [ RunTime:0.000077s ]
INFO: [ app_end ] --END-- [ RunTime:0.000099s ]

[ 2018-07-11T23:57:12+08:00 ] 47.98.216.142 /api/pay/notify_url
INFO: [ app_init ] --START--
INFO: Run Behavior\BuildLiteBehavior [ RunTime:0.000009s ]
INFO: [ app_init ] --END-- [ RunTime:0.000055s ]
INFO: [ app_begin ] --START--
INFO: Run Behavior\ReadHtmlCacheBehavior [ RunTime:0.000021s ]
INFO: [ app_begin ] --END-- [ RunTime:0.000040s ]
INFO: [ app_end ] --START--
INFO: Run Behavior\ShowPageTraceBehavior [ RunTime:0.000021s ]
INFO: [ app_end ] --END-- [ RunTime:0.000041s ]

[ 2018-07-11T23:59:03+08:00 ] 47.98.216.142 /api/pay/notify_url
INFO: [ app_init ] --START--
INFO: Run Behavior\BuildLiteBehavior [ RunTime:0.000008s ]
INFO: [ app_init ] --END-- [ RunTime:0.000047s ]
INFO: [ app_begin ] --START--
INFO: Run Behavior\ReadHtmlCacheBehavior [ RunTime:0.000020s ]
INFO: [ app_begin ] --END-- [ RunTime:0.000052s ]
INFO: [ app_end ] --START--
INFO: Run Behavior\ShowPageTraceBehavior [ RunTime:0.000041s ]
INFO: [ app_end ] --END-- [ RunTime:0.000060s ]

