[ 2018-05-08T04:35:54+08:00 ] 107.170.236.123 /
INFO: [ app_init ] --START--
INFO: Run Behavior\BuildLiteBehavior [ RunTime:0.000008s ]
INFO: [ app_init ] --END-- [ RunTime:0.000066s ]
INFO: [ app_begin ] --START--
INFO: Run Behavior\ReadHtmlCacheBehavior [ RunTime:0.000024s ]
INFO: [ app_begin ] --END-- [ RunTime:0.000040s ]
SQL: SHOW COLUMNS FROM `lovgarden_block` [ RunTime:0.0005s ]
SQL: SELECT image_pc,image_mobile,block_title,block_body,block_link_title,block_link,page_link FROM lovgarden_block WHERE page_link = 'front' ORDER BY block_order ASC; [ RunTime:0.0001s ]
INFO: [ view_parse ] --START--
INFO: [ template_filter ] --START--
INFO: Run Behavior\ContentReplaceBehavior [ RunTime:0.000118s ]
INFO: [ template_filter ] --END-- [ RunTime:0.000141s ]
INFO: Run Behavior\ParseTemplateBehavior [ RunTime:0.003621s ]
INFO: [ view_parse ] --END-- [ RunTime:0.003647s ]
INFO: [ view_filter ] --START--
INFO: Run Behavior\WriteHtmlCacheBehavior [ RunTime:0.000031s ]
INFO: [ view_filter ] --END-- [ RunTime:0.000042s ]
INFO: [ app_end ] --START--
INFO: Run Behavior\ShowPageTraceBehavior [ RunTime:0.000030s ]
INFO: [ app_end ] --END-- [ RunTime:0.000047s ]

[ 2018-05-08T06:22:44+08:00 ] 140.205.205.23 /
INFO: [ app_init ] --START--
INFO: Run Behavior\BuildLiteBehavior [ RunTime:0.000009s ]
INFO: [ app_init ] --END-- [ RunTime:0.000057s ]
INFO: [ app_begin ] --START--
INFO: Run Behavior\ReadHtmlCacheBehavior [ RunTime:0.000024s ]
INFO: [ app_begin ] --END-- [ RunTime:0.000040s ]
SQL: SHOW COLUMNS FROM `lovgarden_block` [ RunTime:0.0005s ]
SQL: SELECT image_pc,image_mobile,block_title,block_body,block_link_title,block_link,page_link FROM lovgarden_block WHERE page_link = 'front' ORDER BY block_order ASC; [ RunTime:0.0001s ]
INFO: [ view_parse ] --START--
INFO: [ template_filter ] --START--
INFO: Run Behavior\ContentReplaceBehavior [ RunTime:0.000140s ]
INFO: [ template_filter ] --END-- [ RunTime:0.000167s ]
INFO: Run Behavior\ParseTemplateBehavior [ RunTime:0.003569s ]
INFO: [ view_parse ] --END-- [ RunTime:0.003593s ]
INFO: [ view_filter ] --START--
INFO: Run Behavior\WriteHtmlCacheBehavior [ RunTime:0.000031s ]
INFO: [ view_filter ] --END-- [ RunTime:0.000042s ]
INFO: [ app_end ] --START--
INFO: Run Behavior\ShowPageTraceBehavior [ RunTime:0.000031s ]
INFO: [ app_end ] --END-- [ RunTime:0.000050s ]

[ 2018-05-08T06:22:45+08:00 ] 140.205.205.23 /
INFO: [ app_init ] --START--
INFO: Run Behavior\BuildLiteBehavior [ RunTime:0.000007s ]
INFO: [ app_init ] --END-- [ RunTime:0.000064s ]
INFO: [ app_begin ] --START--
INFO: Run Behavior\ReadHtmlCacheBehavior [ RunTime:0.000016s ]
INFO: [ app_begin ] --END-- [ RunTime:0.000031s ]
SQL: SHOW COLUMNS FROM `lovgarden_block` [ RunTime:0.0005s ]
SQL: SELECT image_pc,image_mobile,block_title,block_body,block_link_title,block_link,page_link FROM lovgarden_block WHERE page_link = 'front' ORDER BY block_order ASC; [ RunTime:0.0001s ]
INFO: [ view_parse ] --START--
INFO: [ template_filter ] --START--
INFO: Run Behavior\ContentReplaceBehavior [ RunTime:0.000130s ]
INFO: [ template_filter ] --END-- [ RunTime:0.000154s ]
INFO: Run Behavior\ParseTemplateBehavior [ RunTime:0.003576s ]
INFO: [ view_parse ] --END-- [ RunTime:0.003599s ]
INFO: [ view_filter ] --START--
INFO: Run Behavior\WriteHtmlCacheBehavior [ RunTime:0.000022s ]
INFO: [ view_filter ] --END-- [ RunTime:0.000032s ]
INFO: [ app_end ] --START--
INFO: Run Behavior\ShowPageTraceBehavior [ RunTime:0.000023s ]
INFO: [ app_end ] --END-- [ RunTime:0.000040s ]

[ 2018-05-08T06:22:45+08:00 ] 140.205.205.23 /product/select_list
INFO: [ app_init ] --START--
INFO: Run Behavior\BuildLiteBehavior [ RunTime:0.000008s ]
INFO: [ app_init ] --END-- [ RunTime:0.000048s ]
INFO: [ app_begin ] --START--
INFO: Run Behavior\ReadHtmlCacheBehavior [ RunTime:0.000017s ]
INFO: [ app_begin ] --END-- [ RunTime:0.000032s ]
NOTIC: [2] Declaration of Home\Controller\ProductController::show($sku_id) should be compatible with Think\Controller::show($content, $charset = '', $contentType = '', $prefix = '') /application/nginx-1.12.2/html/lovgarden_site/lovgarden/Application/Home/Controller/ProductController.class.php 第 0 行.
SQL: SELECT image_pc,block_title,block_body,block_link_title FROM lovgarden_block WHERE page_link = "/product/select_list" [ RunTime:0.0001s ]
NOTIC: [2] Declaration of Admin\Model\ProductVarientModel::_before_insert($data, $option) should be compatible with Think\Model::_before_insert(&$data, $options) /application/nginx-1.12.2/html/lovgarden_site/lovgarden/Application/Admin/Model/ProductVarientModel.class.php 第 0 行.
SQL: SHOW COLUMNS FROM `lovgarden_product_varient` [ RunTime:0.0005s ]
SQL: SELECT product.id,product.sku_id,product.varient_name,product.varient_summary,product.varient_price,images.`image_url`,hurrylevelid.hurry_level_id,hurrylevel.hurry_level,flowertypeid.flower_type_id,flowertype.flower_name,floweroccasionid.flower_occasion_id,floweroccasion.flower_occasion,flowercolorid.flower_color_id,flowercolor.flower_color FROM lovgarden_product_varient product LEFT JOIN lovgarden_product_varient_images AS images ON product.id = images.product_varient_id LEFT JOIN lovgarden_product_varient_hurry_level AS hurrylevelid ON product.id = hurrylevelid.product_varient_id LEFT JOIN lovgarden_hurry_level AS hurrylevel ON hurrylevelid.hurry_level_id = hurrylevel.id LEFT JOIN lovgarden_product_varient_flower_type AS flowertypeid ON product.id = flowertypeid.product_varient_id LEFT JOIN lovgarden_flower_type AS flowertype ON flowertypeid.flower_type_id = flowertype.id LEFT JOIN lovgarden_product_varient_flower_occasion AS floweroccasionid ON product.id = floweroccasionid.product_varient_id LEFT JOIN lovgarden_flower_occasion AS floweroccasion ON floweroccasionid.flower_occasion_id = floweroccasion.id LEFT JOIN lovgarden_product_varient_flower_color AS flowercolorid ON product.id = flowercolorid.product_varient_id LEFT JOIN lovgarden_flower_color AS flowercolor ON flowercolorid.flower_color_id = flowercolor.id  WHERE product.varient_status = '1' ORDER BY product.sku_id asc  [ RunTime:0.0076s ]
NOTIC: [8] Undefined index: image_url /application/nginx-1.12.2/html/lovgarden_site/lovgarden/Application/Common/Common/function.php 第 109 行.
NOTIC: [2] in_array() expects parameter 2 to be array, null given /application/nginx-1.12.2/html/lovgarden_site/lovgarden/Application/Common/Common/function.php 第 109 行.
NOTIC: [8] Undefined index: hurry_level_id /application/nginx-1.12.2/html/lovgarden_site/lovgarden/Application/Common/Common/function.php 第 109 行.
NOTIC: [2] in_array() expects parameter 2 to be array, null given /application/nginx-1.12.2/html/lovgarden_site/lovgarden/Application/Common/Common/function.php 第 109 行.
NOTIC: [8] Undefined index: hurry_level /application/nginx-1.12.2/html/lovgarden_site/lovgarden/Application/Common/Common/function.php 第 109 行.
NOTIC: [2] in_array() expects parameter 2 to be array, null given /application/nginx-1.12.2/html/lovgarden_site/lovgarden/Application/Common/Common/function.php 第 109 行.
NOTIC: [8] Undefined index: flower_type_id /application/nginx-1.12.2/html/lovgarden_site/lovgarden/Application/Common/Common/function.php 第 109 行.
NOTIC: [2] in_array() expects parameter 2 to be array, null given /application/nginx-1.12.2/html/lovgarden_site/lovgarden/Application/Common/Common/function.php 第 109 行.
NOTIC: [8] Undefined index: flower_name /application/nginx-1.12.2/html/lovgarden_site/lovgarden/Application/Common/Common/function.php 第 109 行.
NOTIC: [2] in_array() expects parameter 2 to be array, null given /application/nginx-1.12.2/html/lovgarden_site/lovgarden/Application/Common/Common/function.php 第 109 行.
NOTIC: [8] Undefined index: flower_occasion_id /application/nginx-1.12.2/html/lovgarden_site/lovgarden/Application/Common/Common/function.php 第 109 行.
NOTIC: [2] in_array() expects parameter 2 to be array, null given /application/nginx-1.12.2/html/lovgarden_site/lovgarden/Application/Common/Common/function.php 第 109 行.
NOTIC: [8] Undefined index: flower_occasion /application/nginx-1.12.2/html/lovgarden_site/lovgarden/Application/Common/Common/function.php 第 109 行.
NOTIC: [2] in_array() expects parameter 2 to be array, null given /application/nginx-1.12.2/html/lovgarden_site/lovgarden/Application/Common/Common/function.php 第 109 行.
NOTIC: [8] Undefined index: flower_color_id /application/nginx-1.12.2/html/lovgarden_site/lovgarden/Application/Common/Common/function.php 第 109 行.
NOTIC: [2] in_array() expects parameter 2 to be array, null given /application/nginx-1.12.2/html/lovgarden_site/lovgarden/Application/Common/Common/function.php 第 109 行.
NOTIC: [8] Undefined index: flower_color /application/nginx-1.12.2/html/lovgarden_site/lovgarden/Application/Common/Common/function.php 第 109 行.
NOTIC: [2] in_array() expects parameter 2 to be array, null given /application/nginx-1.12.2/html/lovgarden_site/lovgarden/Application/Common/Common/function.php 第 109 行.
NOTIC: [8] Undefined index: image_url /application/nginx-1.12.2/html/lovgarden_site/lovgarden/Application/Common/Common/function.php 第 109 行.
NOTIC: [2] in_array() expects parameter 2 to be array, null given /application/nginx-1.12.2/html/lovgarden_site/lovgarden/Application/Common/Common/function.php 第 109 行.
NOTIC: [8] Undefined index: hurry_level_id /application/nginx-1.12.2/html/lovgarden_site/lovgarden/Application/Common/Common/function.php 第 109 行.
NOTIC: [2] in_array() expects parameter 2 to be array, null given /application/nginx-1.12.2/html/lovgarden_site/lovgarden/Application/Common/Common/function.php 第 109 行.
NOTIC: [8] Undefined index: hurry_level /application/nginx-1.12.2/html/lovgarden_site/lovgarden/Application/Common/Common/function.php 第 109 行.
NOTIC: [2] in_array() expects parameter 2 to be array, null given /application/nginx-1.12.2/html/lovgarden_site/lovgarden/Application/Common/Common/function.php 第 109 行.
NOTIC: [8] Undefined index: flower_type_id /application/nginx-1.12.2/html/lovgarden_site/lovgarden/Application/Common/Common/function.php 第 109 行.
NOTIC: [2] in_array() expects parameter 2 to be array, null given /application/nginx-1.12.2/html/lovgarden_site/lovgarden/Application/Common/Common/function.php 第 109 行.
NOTIC: [8] Undefined index: flower_name /application/nginx-1.12.2/html/lovgarden_site/lovgarden/Application/Common/Common/function.php 第 109 行.
NOTIC: [2] in_array() expects parameter 2 to be array, null given /application/nginx-1.12.2/html/lovgarden_site/lovgarden/Application/Common/Common/function.php 第 109 行.
NOTIC: [8] Undefined index: flower_occasion_id /application/nginx-1.12.2/html/lovgarden_site/lovgarden/Application/Common/Common/function.php 第 109 行.
NOTIC: [2] in_array() expects parameter 2 to be array, null given /application/nginx-1.12.2/html/lovgarden_site/lovgarden/Application/Common/Common/function.php 第 109 行.
NOTIC: [8] Undefined index: flower_occasion /application/nginx-1.12.2/html/lovgarden_site/lovgarden/Application/Common/Common/function.php 第 109 行.
NOTIC: [2] in_array() expects parameter 2 to be array, null given /application/nginx-1.12.2/html/lovgarden_site/lovgarden/Application/Common/Common/function.php 第 109 行.
NOTIC: [8] Undefined index: flower_color_id /application/nginx-1.12.2/html/lovgarden_site/lovgarden/Application/Common/Common/function.php 第 109 行.
NOTIC: [2] in_array() expects parameter 2 to be array, null given /application/nginx-1.12.2/html/lovgarden_site/lovgarden/Application/Common/Common/function.php 第 109 行.
NOTIC: [8] Undefined index: flower_color /application/nginx-1.12.2/html/lovgarden_site/lovgarden/Application/Common/Common/function.php 第 109 行.
NOTIC: [2] in_array() expects parameter 2 to be array, null given /application/nginx-1.12.2/html/lovgarden_site/lovgarden/Application/Common/Common/function.php 第 109 行.
NOTIC: [8] Undefined index: image_url /application/nginx-1.12.2/html/lovgarden_site/lovgarden/Application/Common/Common/function.php 第 109 行.
NOTIC: [2] in_array() expects parameter 2 to be array, null given /application/nginx-1.12.2/html/lovgarden_site/lovgarden/Application/Common/Common/function.php 第 109 行.
NOTIC: [8] Undefined index: hurry_level_id /application/nginx-1.12.2/html/lovgarden_site/lovgarden/Application/Common/Common/function.php 第 109 行.
NOTIC: [2] in_array() expects parameter 2 to be array, null given /application/nginx-1.12.2/html/lovgarden_site/lovgarden/Application/Common/Common/function.php 第 109 行.
NOTIC: [8] Undefined index: hurry_level /application/nginx-1.12.2/html/lovgarden_site/lovgarden/Application/Common/Common/function.php 第 109 行.
NOTIC: [2] in_array() expects parameter 2 to be array, null given /application/nginx-1.12.2/html/lovgarden_site/lovgarden/Application/Common/Common/function.php 第 109 行.
NOTIC: [8] Undefined index: flower_type_id /application/nginx-1.12.2/html/lovgarden_site/lovgarden/Application/Common/Common/function.php 第 109 行.
NOTIC: [2] in_array() expects parameter 2 to be array, null given /application/nginx-1.12.2/html/lovgarden_site/lovgarden/Application/Common/Common/function.php 第 109 行.
NOTIC: [8] Undefined index: flower_name /application/nginx-1.12.2/html/lovgarden_site/lovgarden/Application/Common/Common/function.php 第 109 行.
NOTIC: [2] in_array() expects parameter 2 to be array, null given /application/nginx-1.12.2/html/lovgarden_site/lovgarden/Application/Common/Common/function.php 第 109 行.
NOTIC: [8] Undefined index: flower_occasion_id /application/nginx-1.12.2/html/lovgarden_site/lovgarden/Application/Common/Common/function.php 第 109 行.
NOTIC: [2] in_array() expects parameter 2 to be array, null given /application/nginx-1.12.2/html/lovgarden_site/lovgarden/Application/Common/Common/function.php 第 109 行.
NOTIC: [8] Undefined index: flower_occasion /application/nginx-1.12.2/html/lovgarden_site/lovgarden/Application/Common/Common/function.php 第 109 行.
NOTIC: [2] in_array() expects parameter 2 to be array, null given /application/nginx-1.12.2/html/lovgarden_site/lovgarden/Application/Common/Common/function.php 第 109 行.
NOTIC: [8] Undefined index: flower_color_id /application/nginx-1.12.2/html/lovgarden_site/lovgarden/Application/Common/Common/function.php 第 109 行.
NOTIC: [2] in_array() expects parameter 2 to be array, null given /application/nginx-1.12.2/html/lovgarden_site/lovgarden/Application/Common/Common/function.php 第 109 行.
NOTIC: [8] Undefined index: flower_color /application/nginx-1.12.2/html/lovgarden_site/lovgarden/Application/Common/Common/function.php 第 109 行.
NOTIC: [2] in_array() expects parameter 2 to be array, null given /application/nginx-1.12.2/html/lovgarden_site/lovgarden/Application/Common/Common/function.php 第 109 行.
NOTIC: [8] Undefined index: image_url /application/nginx-1.12.2/html/lovgarden_site/lovgarden/Application/Common/Common/function.php 第 109 行.
NOTIC: [2] in_array() expects parameter 2 to be array, null given /application/nginx-1.12.2/html/lovgarden_site/lovgarden/Application/Common/Common/function.php 第 109 行.
NOTIC: [8] Undefined index: hurry_level_id /application/nginx-1.12.2/html/lovgarden_site/lovgarden/Application/Common/Common/function.php 第 109 行.
NOTIC: [2] in_array() expects parameter 2 to be array, null given /application/nginx-1.12.2/html/lovgarden_site/lovgarden/Application/Common/Common/function.php 第 109 行.
NOTIC: [8] Undefined index: hurry_level /application/nginx-1.12.2/html/lovgarden_site/lovgarden/Application/Common/Common/function.php 第 109 行.
NOTIC: [2] in_array() expects parameter 2 to be array, null given /application/nginx-1.12.2/html/lovgarden_site/lovgarden/Application/Common/Common/function.php 第 109 行.
NOTIC: [8] Undefined index: flower_type_id /application/nginx-1.12.2/html/lovgarden_site/lovgarden/Application/Common/Common/function.php 第 109 行.
NOTIC: [2] in_array() expects parameter 2 to be array, null given /application/nginx-1.12.2/html/lovgarden_site/lovgarden/Application/Common/Common/function.php 第 109 行.
NOTIC: [8] Undefined index: flower_name /application/nginx-1.12.2/html/lovgarden_site/lovgarden/Application/Common/Common/function.php 第 109 行.
NOTIC: [2] in_array() expects parameter 2 to be array, null given /application/nginx-1.12.2/html/lovgarden_site/lovgarden/Application/Common/Common/function.php 第 109 行.
NOTIC: [8] Undefined index: flower_occasion_id /application/nginx-1.12.2/html/lovgarden_site/lovgarden/Application/Common/Common/function.php 第 109 行.
NOTIC: [2] in_array() expects parameter 2 to be array, null given /application/nginx-1.12.2/html/lovgarden_site/lovgarden/Application/Common/Common/function.php 第 109 行.
NOTIC: [8] Undefined index: flower_occasion /application/nginx-1.12.2/html/lovgarden_site/lovgarden/Application/Common/Common/function.php 第 109 行.
NOTIC: [2] in_array() expects parameter 2 to be array, null given /application/nginx-1.12.2/html/lovgarden_site/lovgarden/Application/Common/Common/function.php 第 109 行.
NOTIC: [8] Undefined index: flower_color_id /application/nginx-1.12.2/html/lovgarden_site/lovgarden/Application/Common/Common/function.php 第 109 行.
NOTIC: [2] in_array() expects parameter 2 to be array, null given /application/nginx-1.12.2/html/lovgarden_site/lovgarden/Application/Common/Common/function.php 第 109 行.
NOTIC: [8] Undefined index: flower_color /application/nginx-1.12.2/html/lovgarden_site/lovgarden/Application/Common/Common/function.php 第 109 行.
NOTIC: [2] in_array() expects parameter 2 to be array, null given /application/nginx-1.12.2/html/lovgarden_site/lovgarden/Application/Common/Common/function.php 第 109 行.
NOTIC: [8] Undefined index: image_url /application/nginx-1.12.2/html/lovgarden_site/lovgarden/Application/Common/Common/function.php 第 109 行.
NOTIC: [2] in_array() expects parameter 2 to be array, null given /application/nginx-1.12.2/html/lovgarden_site/lovgarden/Application/Common/Common/function.php 第 109 行.
NOTIC: [8] Undefined index: hurry_level_id /application/nginx-1.12.2/html/lovgarden_site/lovgarden/Application/Common/Common/function.php 第 109 行.
NOTIC: [2] in_array() expects parameter 2 to be array, null given /application/nginx-1.12.2/html/lovgarden_site/lovgarden/Application/Common/Common/function.php 第 109 行.
NOTIC: [8] Undefined index: hurry_level /application/nginx-1.12.2/html/lovgarden_site/lovgarden/Application/Common/Common/function.php 第 109 行.
NOTIC: [2] in_array() expects parameter 2 to be array, null given /application/nginx-1.12.2/html/lovgarden_site/lovgarden/Application/Common/Common/function.php 第 109 行.
NOTIC: [8] Undefined index: flower_type_id /application/nginx-1.12.2/html/lovgarden_site/lovgarden/Application/Common/Common/function.php 第 109 行.
NOTIC: [2] in_array() expects parameter 2 to be array, null given /application/nginx-1.12.2/html/lovgarden_site/lovgarden/Application/Common/Common/function.php 第 109 行.
NOTIC: [8] Undefined index: flower_name /application/nginx-1.12.2/html/lovgarden_site/lovgarden/Application/Common/Common/function.php 第 109 行.
NOTIC: [2] in_array() expects parameter 2 to be array, null given /application/nginx-1.12.2/html/lovgarden_site/lovgarden/Application/Common/Common/function.php 第 109 行.
NOTIC: [8] Undefined index: flower_occasion_id /application/nginx-1.12.2/html/lovgarden_site/lovgarden/Application/Common/Common/function.php 第 109 行.
NOTIC: [2] in_array() expects parameter 2 to be array, null given /application/nginx-1.12.2/html/lovgarden_site/lovgarden/Application/Common/Common/function.php 第 109 行.
NOTIC: [8] Undefined index: flower_occasion /application/nginx-1.12.2/html/lovgarden_site/lovgarden/Application/Common/Common/function.php 第 109 行.
NOTIC: [2] in_array() expects parameter 2 to be array, null given /application/nginx-1.12.2/html/lovgarden_site/lovgarden/Application/Common/Common/function.php 第 109 行.
NOTIC: [8] Undefined index: flower_color_id /application/nginx-1.12.2/html/lovgarden_site/lovgarden/Application/Common/Common/function.php 第 109 行.
NOTIC: [2] in_array() expects parameter 2 to be array, null given /application/nginx-1.12.2/html/lovgarden_site/lovgarden/Application/Common/Common/function.php 第 109 行.
NOTIC: [8] Undefined index: flower_color /application/nginx-1.12.2/html/lovgarden_site/lovgarden/Application/Common/Common/function.php 第 109 行.
NOTIC: [2] in_array() expects parameter 2 to be array, null given /application/nginx-1.12.2/html/lovgarden_site/lovgarden/Application/Common/Common/function.php 第 109 行.
NOTIC: [8] Undefined index: image_url /application/nginx-1.12.2/html/lovgarden_site/lovgarden/Application/Common/Common/function.php 第 109 行.
NOTIC: [2] in_array() expects parameter 2 to be array, null given /application/nginx-1.12.2/html/lovgarden_site/lovgarden/Application/Common/Common/function.php 第 109 行.
NOTIC: [8] Undefined index: hurry_level_id /application/nginx-1.12.2/html/lovgarden_site/lovgarden/Application/Common/Common/function.php 第 109 行.
NOTIC: [2] in_array() expects parameter 2 to be array, null given /application/nginx-1.12.2/html/lovgarden_site/lovgarden/Application/Common/Common/function.php 第 109 行.
NOTIC: [8] Undefined index: hurry_level /application/nginx-1.12.2/html/lovgarden_site/lovgarden/Application/Common/Common/function.php 第 109 行.
NOTIC: [2] in_array() expects parameter 2 to be array, null given /application/nginx-1.12.2/html/lovgarden_site/lovgarden/Application/Common/Common/function.php 第 109 行.
NOTIC: [8] Undefined index: flower_type_id /application/nginx-1.12.2/html/lovgarden_site/lovgarden/Application/Common/Common/function.php 第 109 行.
NOTIC: [2] in_array() expects parameter 2 to be array, null given /application/nginx-1.12.2/html/lovgarden_site/lovgarden/Application/Common/Common/function.php 第 109 行.
NOTIC: [8] Undefined index: flower_name /application/nginx-1.12.2/html/lovgarden_site/lovgarden/Application/Common/Common/function.php 第 109 行.
NOTIC: [2] in_array() expects parameter 2 to be array, null given /application/nginx-1.12.2/html/lovgarden_site/lovgarden/Application/Common/Common/function.php 第 109 行.
NOTIC: [8] Undefined index: flower_occasion_id /application/nginx-1.12.2/html/lovgarden_site/lovgarden/Application/Common/Common/function.php 第 109 行.
NOTIC: [2] in_array() expects parameter 2 to be array, null given /application/nginx-1.12.2/html/lovgarden_site/lovgarden/Application/Common/Common/function.php 第 109 行.
NOTIC: [8] Undefined index: flower_occasion /application/nginx-1.12.2/html/lovgarden_site/lovgarden/Application/Common/Common/function.php 第 109 行.
NOTIC: [2] in_array() expects parameter 2 to be array, null given /application/nginx-1.12.2/html/lovgarden_site/lovgarden/Application/Common/Common/function.php 第 109 行.
NOTIC: [8] Undefined index: flower_color_id /application/nginx-1.12.2/html/lovgarden_site/lovgarden/Application/Common/Common/function.php 第 109 行.
NOTIC: [2] in_array() expects parameter 2 to be array, null given /application/nginx-1.12.2/html/lovgarden_site/lovgarden/Application/Common/Common/function.php 第 109 行.
NOTIC: [8] Undefined index: flower_color /application/nginx-1.12.2/html/lovgarden_site/lovgarden/Application/Common/Common/function.php 第 109 行.
NOTIC: [2] in_array() expects parameter 2 to be array, null given /application/nginx-1.12.2/html/lovgarden_site/lovgarden/Application/Common/Common/function.php 第 109 行.
NOTIC: [8] Undefined index: image_url /application/nginx-1.12.2/html/lovgarden_site/lovgarden/Application/Common/Common/function.php 第 109 行.
NOTIC: [2] in_array() expects parameter 2 to be array, null given /application/nginx-1.12.2/html/lovgarden_site/lovgarden/Application/Common/Common/function.php 第 109 行.
NOTIC: [8] Undefined index: hurry_level_id /application/nginx-1.12.2/html/lovgarden_site/lovgarden/Application/Common/Common/function.php 第 109 行.
NOTIC: [2] in_array() expects parameter 2 to be array, null given /application/nginx-1.12.2/html/lovgarden_site/lovgarden/Application/Common/Common/function.php 第 109 行.
NOTIC: [8] Undefined index: hurry_level /application/nginx-1.12.2/html/lovgarden_site/lovgarden/Application/Common/Common/function.php 第 109 行.
NOTIC: [2] in_array() expects parameter 2 to be array, null given /application/nginx-1.12.2/html/lovgarden_site/lovgarden/Application/Common/Common/function.php 第 109 行.
NOTIC: [8] Undefined index: flower_type_id /application/nginx-1.12.2/html/lovgarden_site/lovgarden/Application/Common/Common/function.php 第 109 行.
NOTIC: [2] in_array() expects parameter 2 to be array, null given /application/nginx-1.12.2/html/lovgarden_site/lovgarden/Application/Common/Common/function.php 第 109 行.
NOTIC: [8] Undefined index: flower_name /application/nginx-1.12.2/html/lovgarden_site/lovgarden/Application/Common/Common/function.php 第 109 行.
NOTIC: [2] in_array() expects parameter 2 to be array, null given /application/nginx-1.12.2/html/lovgarden_site/lovgarden/Application/Common/Common/function.php 第 109 行.
NOTIC: [8] Undefined index: flower_occasion_id /application/nginx-1.12.2/html/lovgarden_site/lovgarden/Application/Common/Common/function.php 第 109 行.
NOTIC: [2] in_array() expects parameter 2 to be array, null given /application/nginx-1.12.2/html/lovgarden_site/lovgarden/Application/Common/Common/function.php 第 109 行.
NOTIC: [8] Undefined index: flower_occasion /application/nginx-1.12.2/html/lovgarden_site/lovgarden/Application/Common/Common/function.php 第 109 行.
NOTIC: [2] in_array() expects parameter 2 to be array, null given /application/nginx-1.12.2/html/lovgarden_site/lovgarden/Application/Common/Common/function.php 第 109 行.
NOTIC: [8] Undefined index: flower_color_id /application/nginx-1.12.2/html/lovgarden_site/lovgarden/Application/Common/Common/function.php 第 109 行.
NOTIC: [2] in_array() expects parameter 2 to be array, null given /application/nginx-1.12.2/html/lovgarden_site/lovgarden/Application/Common/Common/function.php 第 109 行.
NOTIC: [8] Undefined index: flower_color /application/nginx-1.12.2/html/lovgarden_site/lovgarden/Application/Common/Common/function.php 第 109 行.
NOTIC: [2] in_array() expects parameter 2 to be array, null given /application/nginx-1.12.2/html/lovgarden_site/lovgarden/Application/Common/Common/function.php 第 109 行.
NOTIC: [8] Undefined index: image_url /application/nginx-1.12.2/html/lovgarden_site/lovgarden/Application/Common/Common/function.php 第 109 行.
NOTIC: [2] in_array() expects parameter 2 to be array, null given /application/nginx-1.12.2/html/lovgarden_site/lovgarden/Application/Common/Common/function.php 第 109 行.
NOTIC: [8] Undefined index: hurry_level_id /application/nginx-1.12.2/html/lovgarden_site/lovgarden/Application/Common/Common/function.php 第 109 行.
NOTIC: [2] in_array() expects parameter 2 to be array, null given /application/nginx-1.12.2/html/lovgarden_site/lovgarden/Application/Common/Common/function.php 第 109 行.
NOTIC: [8] Undefined index: hurry_level /application/nginx-1.12.2/html/lovgarden_site/lovgarden/Application/Common/Common/function.php 第 109 行.
NOTIC: [2] in_array() expects parameter 2 to be array, null given /application/nginx-1.12.2/html/lovgarden_site/lovgarden/Application/Common/Common/function.php 第 109 行.
NOTIC: [8] Undefined index: flower_type_id /application/nginx-1.12.2/html/lovgarden_site/lovgarden/Application/Common/Common/function.php 第 109 行.
NOTIC: [2] in_array() expects parameter 2 to be array, null given /application/nginx-1.12.2/html/lovgarden_site/lovgarden/Application/Common/Common/function.php 第 109 行.
NOTIC: [8] Undefined index: flower_name /application/nginx-1.12.2/html/lovgarden_site/lovgarden/Application/Common/Common/function.php 第 109 行.
NOTIC: [2] in_array() expects parameter 2 to be array, null given /application/nginx-1.12.2/html/lovgarden_site/lovgarden/Application/Common/Common/function.php 第 109 行.
NOTIC: [8] Undefined index: flower_occasion_id /application/nginx-1.12.2/html/lovgarden_site/lovgarden/Application/Common/Common/function.php 第 109 行.
NOTIC: [2] in_array() expects parameter 2 to be array, null given /application/nginx-1.12.2/html/lovgarden_site/lovgarden/Application/Common/Common/function.php 第 109 行.
NOTIC: [8] Undefined index: flower_occasion /application/nginx-1.12.2/html/lovgarden_site/lovgarden/Application/Common/Common/function.php 第 109 行.
NOTIC: [2] in_array() expects parameter 2 to be array, null given /application/nginx-1.12.2/html/lovgarden_site/lovgarden/Application/Common/Common/function.php 第 109 行.
NOTIC: [8] Undefined index: flower_color_id /application/nginx-1.12.2/html/lovgarden_site/lovgarden/Application/Common/Common/function.php 第 109 行.
NOTIC: [2] in_array() expects parameter 2 to be array, null given /application/nginx-1.12.2/html/lovgarden_site/lovgarden/Application/Common/Common/function.php 第 109 行.
NOTIC: [8] Undefined index: flower_color /application/nginx-1.12.2/html/lovgarden_site/lovgarden/Application/Common/Common/function.php 第 109 行.
NOTIC: [2] in_array() expects parameter 2 to be array, null given /application/nginx-1.12.2/html/lovgarden_site/lovgarden/Application/Common/Common/function.php 第 109 行.
NOTIC: [8] Undefined index: image_url /application/nginx-1.12.2/html/lovgarden_site/lovgarden/Application/Common/Common/function.php 第 109 行.
NOTIC: [2] in_array() expects parameter 2 to be array, null given /application/nginx-1.12.2/html/lovgarden_site/lovgarden/Application/Common/Common/function.php 第 109 行.
NOTIC: [8] Undefined index: hurry_level_id /application/nginx-1.12.2/html/lovgarden_site/lovgarden/Application/Common/Common/function.php 第 109 行.
NOTIC: [2] in_array() expects parameter 2 to be array, null given /application/nginx-1.12.2/html/lovgarden_site/lovgarden/Application/Common/Common/function.php 第 109 行.
NOTIC: [8] Undefined index: hurry_level /application/nginx-1.12.2/html/lovgarden_site/lovgarden/Application/Common/Common/function.php 第 109 行.
NOTIC: [2] in_array() expects parameter 2 to be array, null given /application/nginx-1.12.2/html/lovgarden_site/lovgarden/Application/Common/Common/function.php 第 109 行.
NOTIC: [8] Undefined index: flower_type_id /application/nginx-1.12.2/html/lovgarden_site/lovgarden/Application/Common/Common/function.php 第 109 行.
NOTIC: [2] in_array() expects parameter 2 to be array, null given /application/nginx-1.12.2/html/lovgarden_site/lovgarden/Application/Common/Common/function.php 第 109 行.
NOTIC: [8] Undefined index: flower_name /application/nginx-1.12.2/html/lovgarden_site/lovgarden/Application/Common/Common/function.php 第 109 行.
NOTIC: [2] in_array() expects parameter 2 to be array, null given /application/nginx-1.12.2/html/lovgarden_site/lovgarden/Application/Common/Common/function.php 第 109 行.
NOTIC: [8] Undefined index: flower_occasion_id /application/nginx-1.12.2/html/lovgarden_site/lovgarden/Application/Common/Common/function.php 第 109 行.
NOTIC: [2] in_array() expects parameter 2 to be array, null given /application/nginx-1.12.2/html/lovgarden_site/lovgarden/Application/Common/Common/function.php 第 109 行.
NOTIC: [8] Undefined index: flower_occasion /application/nginx-1.12.2/html/lovgarden_site/lovgarden/Application/Common/Common/function.php 第 109 行.
NOTIC: [2] in_array() expects parameter 2 to be array, null given /application/nginx-1.12.2/html/lovgarden_site/lovgarden/Application/Common/Common/function.php 第 109 行.
NOTIC: [8] Undefined index: flower_color_id /application/nginx-1.12.2/html/lovgarden_site/lovgarden/Application/Common/Common/function.php 第 109 行.
NOTIC: [2] in_array() expects parameter 2 to be array, null given /application/nginx-1.12.2/html/lovgarden_site/lovgarden/Application/Common/Common/function.php 第 109 行.
NOTIC: [8] Undefined index: flower_color /application/nginx-1.12.2/html/lovgarden_site/lovgarden/Application/Common/Common/function.php 第 109 行.
NOTIC: [2] in_array() expects parameter 2 to be array, null given /application/nginx-1.12.2/html/lovgarden_site/lovgarden/Application/Common/Common/function.php 第 109 行.
NOTIC: [8] Undefined index: image_url /application/nginx-1.12.2/html/lovgarden_site/lovgarden/Application/Common/Common/function.php 第 109 行.
NOTIC: [2] in_array() expects parameter 2 to be array, null given /application/nginx-1.12.2/html/lovgarden_site/lovgarden/Application/Common/Common/function.php 第 109 行.
NOTIC: [8] Undefined index: hurry_level_id /application/nginx-1.12.2/html/lovgarden_site/lovgarden/Application/Common/Common/function.php 第 109 行.
NOTIC: [2] in_array() expects parameter 2 to be array, null given /application/nginx-1.12.2/html/lovgarden_site/lovgarden/Application/Common/Common/function.php 第 109 行.
NOTIC: [8] Undefined index: hurry_level /application/nginx-1.12.2/html/lovgarden_site/lovgarden/Application/Common/Common/function.php 第 109 行.
NOTIC: [2] in_array() expects parameter 2 to be array, null given /application/nginx-1.12.2/html/lovgarden_site/lovgarden/Application/Common/Common/function.php 第 109 行.
NOTIC: [8] Undefined index: flower_type_id /application/nginx-1.12.2/html/lovgarden_site/lovgarden/Application/Common/Common/function.php 第 109 行.
NOTIC: [2] in_array() expects parameter 2 to be array, null given /application/nginx-1.12.2/html/lovgarden_site/lovgarden/Application/Common/Common/function.php 第 109 行.
NOTIC: [8] Undefined index: flower_name /application/nginx-1.12.2/html/lovgarden_site/lovgarden/Application/Common/Common/function.php 第 109 行.
NOTIC: [2] in_array() expects parameter 2 to be array, null given /application/nginx-1.12.2/html/lovgarden_site/lovgarden/Application/Common/Common/function.php 第 109 行.
NOTIC: [8] Undefined index: flower_occasion_id /application/nginx-1.12.2/html/lovgarden_site/lovgarden/Application/Common/Common/function.php 第 109 行.
NOTIC: [2] in_array() expects parameter 2 to be array, null given /application/nginx-1.12.2/html/lovgarden_site/lovgarden/Application/Common/Common/function.php 第 109 行.
NOTIC: [8] Undefined index: flower_occasion /application/nginx-1.12.2/html/lovgarden_site/lovgarden/Application/Common/Common/function.php 第 109 行.
NOTIC: [2] in_array() expects parameter 2 to be array, null given /application/nginx-1.12.2/html/lovgarden_site/lovgarden/Application/Common/Common/function.php 第 109 行.
NOTIC: [8] Undefined index: flower_color_id /application/nginx-1.12.2/html/lovgarden_site/lovgarden/Application/Common/Common/function.php 第 109 行.
NOTIC: [2] in_array() expects parameter 2 to be array, null given /application/nginx-1.12.2/html/lovgarden_site/lovgarden/Application/Common/Common/function.php 第 109 行.
NOTIC: [8] Undefined index: flower_color /application/nginx-1.12.2/html/lovgarden_site/lovgarden/Application/Common/Common/function.php 第 109 行.
NOTIC: [2] in_array() expects parameter 2 to be array, null given /application/nginx-1.12.2/html/lovgarden_site/lovgarden/Application/Common/Common/function.php 第 109 行.
NOTIC: [8] Undefined index: image_url /application/nginx-1.12.2/html/lovgarden_site/lovgarden/Application/Common/Common/function.php 第 109 行.
NOTIC: [2] in_array() expects parameter 2 to be array, null given /application/nginx-1.12.2/html/lovgarden_site/lovgarden/Application/Common/Common/function.php 第 109 行.
NOTIC: [8] Undefined index: hurry_level_id /application/nginx-1.12.2/html/lovgarden_site/lovgarden/Application/Common/Common/function.php 第 109 行.
NOTIC: [2] in_array() expects parameter 2 to be array, null given /application/nginx-1.12.2/html/lovgarden_site/lovgarden/Application/Common/Common/function.php 第 109 行.
NOTIC: [8] Undefined index: hurry_level /application/nginx-1.12.2/html/lovgarden_site/lovgarden/Application/Common/Common/function.php 第 109 行.
NOTIC: [2] in_array() expects parameter 2 to be array, null given /application/nginx-1.12.2/html/lovgarden_site/lovgarden/Application/Common/Common/function.php 第 109 行.
NOTIC: [8] Undefined index: flower_type_id /application/nginx-1.12.2/html/lovgarden_site/lovgarden/Application/Common/Common/function.php 第 109 行.
NOTIC: [2] in_array() expects parameter 2 to be array, null given /application/nginx-1.12.2/html/lovgarden_site/lovgarden/Application/Common/Common/function.php 第 109 行.
NOTIC: [8] Undefined index: flower_name /application/nginx-1.12.2/html/lovgarden_site/lovgarden/Application/Common/Common/function.php 第 109 行.
NOTIC: [2] in_array() expects parameter 2 to be array, null given /application/nginx-1.12.2/html/lovgarden_site/lovgarden/Application/Common/Common/function.php 第 109 行.
NOTIC: [8] Undefined index: flower_occasion_id /application/nginx-1.12.2/html/lovgarden_site/lovgarden/Application/Common/Common/function.php 第 109 行.
NOTIC: [2] in_array() expects parameter 2 to be array, null given /application/nginx-1.12.2/html/lovgarden_site/lovgarden/Application/Common/Common/function.php 第 109 行.
NOTIC: [8] Undefined index: flower_occasion /application/nginx-1.12.2/html/lovgarden_site/lovgarden/Application/Common/Common/function.php 第 109 行.
NOTIC: [2] in_array() expects parameter 2 to be array, null given /application/nginx-1.12.2/html/lovgarden_site/lovgarden/Application/Common/Common/function.php 第 109 行.
NOTIC: [8] Undefined index: flower_color_id /application/nginx-1.12.2/html/lovgarden_site/lovgarden/Application/Common/Common/function.php 第 109 行.
NOTIC: [2] in_array() expects parameter 2 to be array, null given /application/nginx-1.12.2/html/lovgarden_site/lovgarden/Application/Common/Common/function.php 第 109 行.
NOTIC: [8] Undefined index: flower_color /application/nginx-1.12.2/html/lovgarden_site/lovgarden/Application/Common/Common/function.php 第 109 行.
NOTIC: [2] in_array() expects parameter 2 to be array, null given /application/nginx-1.12.2/html/lovgarden_site/lovgarden/Application/Common/Common/function.php 第 109 行.
NOTIC: [8] Undefined index: image_url /application/nginx-1.12.2/html/lovgarden_site/lovgarden/Application/Common/Common/function.php 第 109 行.
NOTIC: [2] in_array() expects parameter 2 to be array, null given /application/nginx-1.12.2/html/lovgarden_site/lovgarden/Application/Common/Common/function.php 第 109 行.
NOTIC: [8] Undefined index: hurry_level_id /application/nginx-1.12.2/html/lovgarden_site/lovgarden/Application/Common/Common/function.php 第 109 行.
NOTIC: [2] in_array() expects parameter 2 to be array, null given /application/nginx-1.12.2/html/lovgarden_site/lovgarden/Application/Common/Common/function.php 第 109 行.
NOTIC: [8] Undefined index: hurry_level /application/nginx-1.12.2/html/lovgarden_site/lovgarden/Application/Common/Common/function.php 第 109 行.
NOTIC: [2] in_array() expects parameter 2 to be array, null given /application/nginx-1.12.2/html/lovgarden_site/lovgarden/Application/Common/Common/function.php 第 109 行.
NOTIC: [8] Undefined index: flower_type_id /application/nginx-1.12.2/html/lovgarden_site/lovgarden/Application/Common/Common/function.php 第 109 行.
NOTIC: [2] in_array() expects parameter 2 to be array, null given /application/nginx-1.12.2/html/lovgarden_site/lovgarden/Application/Common/Common/function.php 第 109 行.
NOTIC: [8] Undefined index: flower_name /application/nginx-1.12.2/html/lovgarden_site/lovgarden/Application/Common/Common/function.php 第 109 行.
NOTIC: [2] in_array() expects parameter 2 to be array, null given /application/nginx-1.12.2/html/lovgarden_site/lovgarden/Application/Common/Common/function.php 第 109 行.
NOTIC: [8] Undefined index: flower_occasion_id /application/nginx-1.12.2/html/lovgarden_site/lovgarden/Application/Common/Common/function.php 第 109 行.
NOTIC: [2] in_array() expects parameter 2 to be array, null given /application/nginx-1.12.2/html/lovgarden_site/lovgarden/Application/Common/Common/function.php 第 109 行.
NOTIC: [8] Undefined index: flower_occasion /application/nginx-1.12.2/html/lovgarden_site/lovgarden/Application/Common/Common/function.php 第 109 行.
NOTIC: [2] in_array() expects parameter 2 to be array, null given /application/nginx-1.12.2/html/lovgarden_site/lovgarden/Application/Common/Common/function.php 第 109 行.
NOTIC: [8] Undefined index: flower_color_id /application/nginx-1.12.2/html/lovgarden_site/lovgarden/Application/Common/Common/function.php 第 109 行.
NOTIC: [2] in_array() expects parameter 2 to be array, null given /application/nginx-1.12.2/html/lovgarden_site/lovgarden/Application/Common/Common/function.php 第 109 行.
NOTIC: [8] Undefined index: flower_color /application/nginx-1.12.2/html/lovgarden_site/lovgarden/Application/Common/Common/function.php 第 109 行.
NOTIC: [2] in_array() expects parameter 2 to be array, null given /application/nginx-1.12.2/html/lovgarden_site/lovgarden/Application/Common/Common/function.php 第 109 行.
SQL: select id, hurry_level from lovgarden_hurry_level [ RunTime:0.0001s ]
SQL: select id, flower_name from lovgarden_flower_type [ RunTime:0.0001s ]
SQL: select id, flower_occasion from lovgarden_flower_occasion [ RunTime:0.0001s ]
SQL: select id, flower_color from lovgarden_flower_color [ RunTime:0.0000s ]
INFO: [ view_parse ] --START--
INFO: [ template_filter ] --START--
INFO: Run Behavior\ContentReplaceBehavior [ RunTime:0.000213s ]
INFO: [ template_filter ] --END-- [ RunTime:0.000240s ]
NOTIC: [8] Undefined index: hurryLevel /application/nginx-1.12.2/html/lovgarden_site/lovgarden/Application/Runtime/Cache/Home/afae4ad50d97c51a10b9a6b53125e1ae.php 第 245 行.
NOTIC: [2] in_array() expects parameter 2 to be array, null given /application/nginx-1.12.2/html/lovgarden_site/lovgarden/Application/Runtime/Cache/Home/afae4ad50d97c51a10b9a6b53125e1ae.php 第 245 行.
NOTIC: [8] Undefined index: hurryLevel /application/nginx-1.12.2/html/lovgarden_site/lovgarden/Application/Runtime/Cache/Home/afae4ad50d97c51a10b9a6b53125e1ae.php 第 245 行.
NOTIC: [2] in_array() expects parameter 2 to be array, null given /application/nginx-1.12.2/html/lovgarden_site/lovgarden/Application/Runtime/Cache/Home/afae4ad50d97c51a10b9a6b53125e1ae.php 第 245 行.
NOTIC: [8] Undefined index: flowerType /application/nginx-1.12.2/html/lovgarden_site/lovgarden/Application/Runtime/Cache/Home/afae4ad50d97c51a10b9a6b53125e1ae.php 第 259 行.
NOTIC: [2] in_array() expects parameter 2 to be array, null given /application/nginx-1.12.2/html/lovgarden_site/lovgarden/Application/Runtime/Cache/Home/afae4ad50d97c51a10b9a6b53125e1ae.php 第 259 行.
NOTIC: [8] Undefined index: flowerType /application/nginx-1.12.2/html/lovgarden_site/lovgarden/Application/Runtime/Cache/Home/afae4ad50d97c51a10b9a6b53125e1ae.php 第 259 行.
NOTIC: [2] in_array() expects parameter 2 to be array, null given /application/nginx-1.12.2/html/lovgarden_site/lovgarden/Application/Runtime/Cache/Home/afae4ad50d97c51a10b9a6b53125e1ae.php 第 259 行.
NOTIC: [8] Undefined index: flowerType /application/nginx-1.12.2/html/lovgarden_site/lovgarden/Application/Runtime/Cache/Home/afae4ad50d97c51a10b9a6b53125e1ae.php 第 259 行.
NOTIC: [2] in_array() expects parameter 2 to be array, null given /application/nginx-1.12.2/html/lovgarden_site/lovgarden/Application/Runtime/Cache/Home/afae4ad50d97c51a10b9a6b53125e1ae.php 第 259 行.
NOTIC: [8] Undefined index: flowerType /application/nginx-1.12.2/html/lovgarden_site/lovgarden/Application/Runtime/Cache/Home/afae4ad50d97c51a10b9a6b53125e1ae.php 第 259 行.
NOTIC: [2] in_array() expects parameter 2 to be array, null given /application/nginx-1.12.2/html/lovgarden_site/lovgarden/Application/Runtime/Cache/Home/afae4ad50d97c51a10b9a6b53125e1ae.php 第 259 行.
NOTIC: [8] Undefined index: flowerType /application/nginx-1.12.2/html/lovgarden_site/lovgarden/Application/Runtime/Cache/Home/afae4ad50d97c51a10b9a6b53125e1ae.php 第 259 行.
NOTIC: [2] in_array() expects parameter 2 to be array, null given /application/nginx-1.12.2/html/lovgarden_site/lovgarden/Application/Runtime/Cache/Home/afae4ad50d97c51a10b9a6b53125e1ae.php 第 259 行.
NOTIC: [8] Undefined index: flowerType /application/nginx-1.12.2/html/lovgarden_site/lovgarden/Application/Runtime/Cache/Home/afae4ad50d97c51a10b9a6b53125e1ae.php 第 259 行.
NOTIC: [2] in_array() expects parameter 2 to be array, null given /application/nginx-1.12.2/html/lovgarden_site/lovgarden/Application/Runtime/Cache/Home/afae4ad50d97c51a10b9a6b53125e1ae.php 第 259 行.
NOTIC: [8] Undefined index: flowerType /application/nginx-1.12.2/html/lovgarden_site/lovgarden/Application/Runtime/Cache/Home/afae4ad50d97c51a10b9a6b53125e1ae.php 第 259 行.
NOTIC: [2] in_array() expects parameter 2 to be array, null given /application/nginx-1.12.2/html/lovgarden_site/lovgarden/Application/Runtime/Cache/Home/afae4ad50d97c51a10b9a6b53125e1ae.php 第 259 行.
NOTIC: [8] Undefined index: flowerType /application/nginx-1.12.2/html/lovgarden_site/lovgarden/Application/Runtime/Cache/Home/afae4ad50d97c51a10b9a6b53125e1ae.php 第 259 行.
NOTIC: [2] in_array() expects parameter 2 to be array, null given /application/nginx-1.12.2/html/lovgarden_site/lovgarden/Application/Runtime/Cache/Home/afae4ad50d97c51a10b9a6b53125e1ae.php 第 259 行.
NOTIC: [8] Undefined index: flowerType /application/nginx-1.12.2/html/lovgarden_site/lovgarden/Application/Runtime/Cache/Home/afae4ad50d97c51a10b9a6b53125e1ae.php 第 270 行.
NOTIC: [2] in_array() expects parameter 2 to be array, null given /application/nginx-1.12.2/html/lovgarden_site/lovgarden/Application/Runtime/Cache/Home/afae4ad50d97c51a10b9a6b53125e1ae.php 第 270 行.
NOTIC: [8] Undefined index: flowerType /application/nginx-1.12.2/html/lovgarden_site/lovgarden/Application/Runtime/Cache/Home/afae4ad50d97c51a10b9a6b53125e1ae.php 第 270 行.
NOTIC: [2] in_array() expects parameter 2 to be array, null given /application/nginx-1.12.2/html/lovgarden_site/lovgarden/Application/Runtime/Cache/Home/afae4ad50d97c51a10b9a6b53125e1ae.php 第 270 行.
NOTIC: [8] Undefined index: flowerType /application/nginx-1.12.2/html/lovgarden_site/lovgarden/Application/Runtime/Cache/Home/afae4ad50d97c51a10b9a6b53125e1ae.php 第 270 行.
NOTIC: [2] in_array() expects parameter 2 to be array, null given /application/nginx-1.12.2/html/lovgarden_site/lovgarden/Application/Runtime/Cache/Home/afae4ad50d97c51a10b9a6b53125e1ae.php 第 270 行.
NOTIC: [8] Undefined index: flowerType /application/nginx-1.12.2/html/lovgarden_site/lovgarden/Application/Runtime/Cache/Home/afae4ad50d97c51a10b9a6b53125e1ae.php 第 270 行.
NOTIC: [2] in_array() expects parameter 2 to be array, null given /application/nginx-1.12.2/html/lovgarden_site/lovgarden/Application/Runtime/Cache/Home/afae4ad50d97c51a10b9a6b53125e1ae.php 第 270 行.
NOTIC: [8] Undefined index: flowerType /application/nginx-1.12.2/html/lovgarden_site/lovgarden/Application/Runtime/Cache/Home/afae4ad50d97c51a10b9a6b53125e1ae.php 第 270 行.
NOTIC: [2] in_array() expects parameter 2 to be array, null given /application/nginx-1.12.2/html/lovgarden_site/lovgarden/Application/Runtime/Cache/Home/afae4ad50d97c51a10b9a6b53125e1ae.php 第 270 行.
NOTIC: [8] Undefined index: flowerType /application/nginx-1.12.2/html/lovgarden_site/lovgarden/Application/Runtime/Cache/Home/afae4ad50d97c51a10b9a6b53125e1ae.php 第 270 行.
NOTIC: [2] in_array() expects parameter 2 to be array, null given /application/nginx-1.12.2/html/lovgarden_site/lovgarden/Application/Runtime/Cache/Home/afae4ad50d97c51a10b9a6b53125e1ae.php 第 270 行.
NOTIC: [8] Undefined index: flowerType /application/nginx-1.12.2/html/lovgarden_site/lovgarden/Application/Runtime/Cache/Home/afae4ad50d97c51a10b9a6b53125e1ae.php 第 270 行.
NOTIC: [2] in_array() expects parameter 2 to be array, null given /application/nginx-1.12.2/html/lovgarden_site/lovgarden/Application/Runtime/Cache/Home/afae4ad50d97c51a10b9a6b53125e1ae.php 第 270 行.
NOTIC: [8] Undefined index: flowerOccasion /application/nginx-1.12.2/html/lovgarden_site/lovgarden/Application/Runtime/Cache/Home/afae4ad50d97c51a10b9a6b53125e1ae.php 第 286 行.
NOTIC: [2] in_array() expects parameter 2 to be array, null given /application/nginx-1.12.2/html/lovgarden_site/lovgarden/Application/Runtime/Cache/Home/afae4ad50d97c51a10b9a6b53125e1ae.php 第 286 行.
NOTIC: [8] Undefined index: flowerOccasion /application/nginx-1.12.2/html/lovgarden_site/lovgarden/Application/Runtime/Cache/Home/afae4ad50d97c51a10b9a6b53125e1ae.php 第 286 行.
NOTIC: [2] in_array() expects parameter 2 to be array, null given /application/nginx-1.12.2/html/lovgarden_site/lovgarden/Application/Runtime/Cache/Home/afae4ad50d97c51a10b9a6b53125e1ae.php 第 286 行.
NOTIC: [8] Undefined index: flowerOccasion /application/nginx-1.12.2/html/lovgarden_site/lovgarden/Application/Runtime/Cache/Home/afae4ad50d97c51a10b9a6b53125e1ae.php 第 286 行.
NOTIC: [2] in_array() expects parameter 2 to be array, null given /application/nginx-1.12.2/html/lovgarden_site/lovgarden/Application/Runtime/Cache/Home/afae4ad50d97c51a10b9a6b53125e1ae.php 第 286 行.
NOTIC: [8] Undefined index: flowerOccasion /application/nginx-1.12.2/html/lovgarden_site/lovgarden/Application/Runtime/Cache/Home/afae4ad50d97c51a10b9a6b53125e1ae.php 第 286 行.
NOTIC: [2] in_array() expects parameter 2 to be array, null given /application/nginx-1.12.2/html/lovgarden_site/lovgarden/Application/Runtime/Cache/Home/afae4ad50d97c51a10b9a6b53125e1ae.php 第 286 行.
NOTIC: [8] Undefined index: flowerOccasion /application/nginx-1.12.2/html/lovgarden_site/lovgarden/Application/Runtime/Cache/Home/afae4ad50d97c51a10b9a6b53125e1ae.php 第 286 行.
NOTIC: [2] in_array() expects parameter 2 to be array, null given /application/nginx-1.12.2/html/lovgarden_site/lovgarden/Application/Runtime/Cache/Home/afae4ad50d97c51a10b9a6b53125e1ae.php 第 286 行.
NOTIC: [8] Undefined index: flowerOccasion /application/nginx-1.12.2/html/lovgarden_site/lovgarden/Application/Runtime/Cache/Home/afae4ad50d97c51a10b9a6b53125e1ae.php 第 297 行.
NOTIC: [2] in_array() expects parameter 2 to be array, null given /application/nginx-1.12.2/html/lovgarden_site/lovgarden/Application/Runtime/Cache/Home/afae4ad50d97c51a10b9a6b53125e1ae.php 第 297 行.
NOTIC: [8] Undefined index: flowerOccasion /application/nginx-1.12.2/html/lovgarden_site/lovgarden/Application/Runtime/Cache/Home/afae4ad50d97c51a10b9a6b53125e1ae.php 第 297 行.
NOTIC: [2] in_array() expects parameter 2 to be array, null given /application/nginx-1.12.2/html/lovgarden_site/lovgarden/Application/Runtime/Cache/Home/afae4ad50d97c51a10b9a6b53125e1ae.php 第 297 行.
NOTIC: [8] Undefined index: flowerOccasion /application/nginx-1.12.2/html/lovgarden_site/lovgarden/Application/Runtime/Cache/Home/afae4ad50d97c51a10b9a6b53125e1ae.php 第 297 行.
NOTIC: [2] in_array() expects parameter 2 to be array, null given /application/nginx-1.12.2/html/lovgarden_site/lovgarden/Application/Runtime/Cache/Home/afae4ad50d97c51a10b9a6b53125e1ae.php 第 297 行.
NOTIC: [8] Undefined index: flowerOccasion /application/nginx-1.12.2/html/lovgarden_site/lovgarden/Application/Runtime/Cache/Home/afae4ad50d97c51a10b9a6b53125e1ae.php 第 297 行.
NOTIC: [2] in_array() expects parameter 2 to be array, null given /application/nginx-1.12.2/html/lovgarden_site/lovgarden/Application/Runtime/Cache/Home/afae4ad50d97c51a10b9a6b53125e1ae.php 第 297 行.
NOTIC: [8] Undefined index: flowerOccasion /application/nginx-1.12.2/html/lovgarden_site/lovgarden/Application/Runtime/Cache/Home/afae4ad50d97c51a10b9a6b53125e1ae.php 第 297 行.
NOTIC: [2] in_array() expects parameter 2 to be array, null given /application/nginx-1.12.2/html/lovgarden_site/lovgarden/Application/Runtime/Cache/Home/afae4ad50d97c51a10b9a6b53125e1ae.php 第 297 行.
NOTIC: [8] Undefined index: flowerColor /application/nginx-1.12.2/html/lovgarden_site/lovgarden/Application/Runtime/Cache/Home/afae4ad50d97c51a10b9a6b53125e1ae.php 第 313 行.
NOTIC: [2] in_array() expects parameter 2 to be array, null given /application/nginx-1.12.2/html/lovgarden_site/lovgarden/Application/Runtime/Cache/Home/afae4ad50d97c51a10b9a6b53125e1ae.php 第 313 行.
NOTIC: [8] Undefined index: flowerColor /application/nginx-1.12.2/html/lovgarden_site/lovgarden/Application/Runtime/Cache/Home/afae4ad50d97c51a10b9a6b53125e1ae.php 第 313 行.
NOTIC: [2] in_array() expects parameter 2 to be array, null given /application/nginx-1.12.2/html/lovgarden_site/lovgarden/Application/Runtime/Cache/Home/afae4ad50d97c51a10b9a6b53125e1ae.php 第 313 行.
NOTIC: [8] Undefined index: flowerColor /application/nginx-1.12.2/html/lovgarden_site/lovgarden/Application/Runtime/Cache/Home/afae4ad50d97c51a10b9a6b53125e1ae.php 第 313 行.
NOTIC: [2] in_array() expects parameter 2 to be array, null given /application/nginx-1.12.2/html/lovgarden_site/lovgarden/Application/Runtime/Cache/Home/afae4ad50d97c51a10b9a6b53125e1ae.php 第 313 行.
NOTIC: [8] Undefined index: flowerColor /application/nginx-1.12.2/html/lovgarden_site/lovgarden/Application/Runtime/Cache/Home/afae4ad50d97c51a10b9a6b53125e1ae.php 第 324 行.
NOTIC: [2] in_array() expects parameter 2 to be array, null given /application/nginx-1.12.2/html/lovgarden_site/lovgarden/Application/Runtime/Cache/Home/afae4ad50d97c51a10b9a6b53125e1ae.php 第 324 行.
NOTIC: [8] Undefined index: flowerColor /application/nginx-1.12.2/html/lovgarden_site/lovgarden/Application/Runtime/Cache/Home/afae4ad50d97c51a10b9a6b53125e1ae.php 第 324 行.
NOTIC: [2] in_array() expects parameter 2 to be array, null given /application/nginx-1.12.2/html/lovgarden_site/lovgarden/Application/Runtime/Cache/Home/afae4ad50d97c51a10b9a6b53125e1ae.php 第 324 行.
NOTIC: [8] Undefined index: flowerColor /application/nginx-1.12.2/html/lovgarden_site/lovgarden/Application/Runtime/Cache/Home/afae4ad50d97c51a10b9a6b53125e1ae.php 第 324 行.
NOTIC: [2] in_array() expects parameter 2 to be array, null given /application/nginx-1.12.2/html/lovgarden_site/lovgarden/Application/Runtime/Cache/Home/afae4ad50d97c51a10b9a6b53125e1ae.php 第 324 行.
NOTIC: [8] Undefined index: hurryLevel /application/nginx-1.12.2/html/lovgarden_site/lovgarden/Application/Runtime/Cache/Home/afae4ad50d97c51a10b9a6b53125e1ae.php 第 427 行.
NOTIC: [2] in_array() expects parameter 2 to be array, null given /application/nginx-1.12.2/html/lovgarden_site/lovgarden/Application/Runtime/Cache/Home/afae4ad50d97c51a10b9a6b53125e1ae.php 第 427 行.
NOTIC: [8] Undefined index: hurryLevel /application/nginx-1.12.2/html/lovgarden_site/lovgarden/Application/Runtime/Cache/Home/afae4ad50d97c51a10b9a6b53125e1ae.php 第 427 行.
NOTIC: [2] in_array() expects parameter 2 to be array, null given /application/nginx-1.12.2/html/lovgarden_site/lovgarden/Application/Runtime/Cache/Home/afae4ad50d97c51a10b9a6b53125e1ae.php 第 427 行.
NOTIC: [8] Undefined index: flowerType /application/nginx-1.12.2/html/lovgarden_site/lovgarden/Application/Runtime/Cache/Home/afae4ad50d97c51a10b9a6b53125e1ae.php 第 435 行.
NOTIC: [2] in_array() expects parameter 2 to be array, null given /application/nginx-1.12.2/html/lovgarden_site/lovgarden/Application/Runtime/Cache/Home/afae4ad50d97c51a10b9a6b53125e1ae.php 第 435 行.
NOTIC: [8] Undefined index: flowerType /application/nginx-1.12.2/html/lovgarden_site/lovgarden/Application/Runtime/Cache/Home/afae4ad50d97c51a10b9a6b53125e1ae.php 第 435 行.
NOTIC: [2] in_array() expects parameter 2 to be array, null given /application/nginx-1.12.2/html/lovgarden_site/lovgarden/Application/Runtime/Cache/Home/afae4ad50d97c51a10b9a6b53125e1ae.php 第 435 行.
NOTIC: [8] Undefined index: flowerType /application/nginx-1.12.2/html/lovgarden_site/lovgarden/Application/Runtime/Cache/Home/afae4ad50d97c51a10b9a6b53125e1ae.php 第 435 行.
NOTIC: [2] in_array() expects parameter 2 to be array, null given /application/nginx-1.12.2/html/lovgarden_site/lovgarden/Application/Runtime/Cache/Home/afae4ad50d97c51a10b9a6b53125e1ae.php 第 435 行.
NOTIC: [8] Undefined index: flowerType /application/nginx-1.12.2/html/lovgarden_site/lovgarden/Application/Runtime/Cache/Home/afae4ad50d97c51a10b9a6b53125e1ae.php 第 435 行.
NOTIC: [2] in_array() expects parameter 2 to be array, null given /application/nginx-1.12.2/html/lovgarden_site/lovgarden/Application/Runtime/Cache/Home/afae4ad50d97c51a10b9a6b53125e1ae.php 第 435 行.
NOTIC: [8] Undefined index: flowerType /application/nginx-1.12.2/html/lovgarden_site/lovgarden/Application/Runtime/Cache/Home/afae4ad50d97c51a10b9a6b53125e1ae.php 第 435 行.
NOTIC: [2] in_array() expects parameter 2 to be array, null given /application/nginx-1.12.2/html/lovgarden_site/lovgarden/Application/Runtime/Cache/Home/afae4ad50d97c51a10b9a6b53125e1ae.php 第 435 行.
NOTIC: [8] Undefined index: flowerType /application/nginx-1.12.2/html/lovgarden_site/lovgarden/Application/Runtime/Cache/Home/afae4ad50d97c51a10b9a6b53125e1ae.php 第 435 行.
NOTIC: [2] in_array() expects parameter 2 to be array, null given /application/nginx-1.12.2/html/lovgarden_site/lovgarden/Application/Runtime/Cache/Home/afae4ad50d97c51a10b9a6b53125e1ae.php 第 435 行.
NOTIC: [8] Undefined index: flowerType /application/nginx-1.12.2/html/lovgarden_site/lovgarden/Application/Runtime/Cache/Home/afae4ad50d97c51a10b9a6b53125e1ae.php 第 435 行.
NOTIC: [2] in_array() expects parameter 2 to be array, null given /application/nginx-1.12.2/html/lovgarden_site/lovgarden/Application/Runtime/Cache/Home/afae4ad50d97c51a10b9a6b53125e1ae.php 第 435 行.
NOTIC: [8] Undefined index: flowerType /application/nginx-1.12.2/html/lovgarden_site/lovgarden/Application/Runtime/Cache/Home/afae4ad50d97c51a10b9a6b53125e1ae.php 第 435 行.
NOTIC: [2] in_array() expects parameter 2 to be array, null given /application/nginx-1.12.2/html/lovgarden_site/lovgarden/Application/Runtime/Cache/Home/afae4ad50d97c51a10b9a6b53125e1ae.php 第 435 行.
NOTIC: [8] Undefined index: flowerType /application/nginx-1.12.2/html/lovgarden_site/lovgarden/Application/Runtime/Cache/Home/afae4ad50d97c51a10b9a6b53125e1ae.php 第 435 行.
NOTIC: [2] in_array() expects parameter 2 to be array, null given /application/nginx-1.12.2/html/lovgarden_site/lovgarden/Application/Runtime/Cache/Home/afae4ad50d97c51a10b9a6b53125e1ae.php 第 435 行.
NOTIC: [8] Undefined index: flowerType /application/nginx-1.12.2/html/lovgarden_site/lovgarden/Application/Runtime/Cache/Home/afae4ad50d97c51a10b9a6b53125e1ae.php 第 435 行.
NOTIC: [2] in_array() expects parameter 2 to be array, null given /application/nginx-1.12.2/html/lovgarden_site/lovgarden/Application/Runtime/Cache/Home/afae4ad50d97c51a10b9a6b53125e1ae.php 第 435 行.
NOTIC: [8] Undefined index: flowerType /application/nginx-1.12.2/html/lovgarden_site/lovgarden/Application/Runtime/Cache/Home/afae4ad50d97c51a10b9a6b53125e1ae.php 第 435 行.
NOTIC: [2] in_array() expects parameter 2 to be array, null given /application/nginx-1.12.2/html/lovgarden_site/lovgarden/Application/Runtime/Cache/Home/afae4ad50d97c51a10b9a6b53125e1ae.php 第 435 行.
NOTIC: [8] Undefined index: flowerType /application/nginx-1.12.2/html/lovgarden_site/lovgarden/Application/Runtime/Cache/Home/afae4ad50d97c51a10b9a6b53125e1ae.php 第 435 行.
NOTIC: [2] in_array() expects parameter 2 to be array, null given /application/nginx-1.12.2/html/lovgarden_site/lovgarden/Application/Runtime/Cache/Home/afae4ad50d97c51a10b9a6b53125e1ae.php 第 435 行.
NOTIC: [8] Undefined index: flowerType /application/nginx-1.12.2/html/lovgarden_site/lovgarden/Application/Runtime/Cache/Home/afae4ad50d97c51a10b9a6b53125e1ae.php 第 435 行.
NOTIC: [2] in_array() expects parameter 2 to be array, null given /application/nginx-1.12.2/html/lovgarden_site/lovgarden/Application/Runtime/Cache/Home/afae4ad50d97c51a10b9a6b53125e1ae.php 第 435 行.
NOTIC: [8] Undefined index: flowerType /application/nginx-1.12.2/html/lovgarden_site/lovgarden/Application/Runtime/Cache/Home/afae4ad50d97c51a10b9a6b53125e1ae.php 第 435 行.
NOTIC: [2] in_array() expects parameter 2 to be array, null given /application/nginx-1.12.2/html/lovgarden_site/lovgarden/Application/Runtime/Cache/Home/afae4ad50d97c51a10b9a6b53125e1ae.php 第 435 行.
NOTIC: [8] Undefined index: flowerType /application/nginx-1.12.2/html/lovgarden_site/lovgarden/Application/Runtime/Cache/Home/afae4ad50d97c51a10b9a6b53125e1ae.php 第 435 行.
NOTIC: [2] in_array() expects parameter 2 to be array, null given /application/nginx-1.12.2/html/lovgarden_site/lovgarden/Application/Runtime/Cache/Home/afae4ad50d97c51a10b9a6b53125e1ae.php 第 435 行.
NOTIC: [8] Undefined index: flowerOccasion /application/nginx-1.12.2/html/lovgarden_site/lovgarden/Application/Runtime/Cache/Home/afae4ad50d97c51a10b9a6b53125e1ae.php 第 443 行.
NOTIC: [2] in_array() expects parameter 2 to be array, null given /application/nginx-1.12.2/html/lovgarden_site/lovgarden/Application/Runtime/Cache/Home/afae4ad50d97c51a10b9a6b53125e1ae.php 第 443 行.
NOTIC: [8] Undefined index: flowerOccasion /application/nginx-1.12.2/html/lovgarden_site/lovgarden/Application/Runtime/Cache/Home/afae4ad50d97c51a10b9a6b53125e1ae.php 第 443 行.
NOTIC: [2] in_array() expects parameter 2 to be array, null given /application/nginx-1.12.2/html/lovgarden_site/lovgarden/Application/Runtime/Cache/Home/afae4ad50d97c51a10b9a6b53125e1ae.php 第 443 行.
NOTIC: [8] Undefined index: flowerOccasion /application/nginx-1.12.2/html/lovgarden_site/lovgarden/Application/Runtime/Cache/Home/afae4ad50d97c51a10b9a6b53125e1ae.php 第 443 行.
NOTIC: [2] in_array() expects parameter 2 to be array, null given /application/nginx-1.12.2/html/lovgarden_site/lovgarden/Application/Runtime/Cache/Home/afae4ad50d97c51a10b9a6b53125e1ae.php 第 443 行.
NOTIC: [8] Undefined index: flowerOccasion /application/nginx-1.12.2/html/lovgarden_site/lovgarden/Application/Runtime/Cache/Home/afae4ad50d97c51a10b9a6b53125e1ae.php 第 443 行.
NOTIC: [2] in_array() expects parameter 2 to be array, null given /application/nginx-1.12.2/html/lovgarden_site/lovgarden/Application/Runtime/Cache/Home/afae4ad50d97c51a10b9a6b53125e1ae.php 第 443 行.
NOTIC: [8] Undefined index: flowerOccasion /application/nginx-1.12.2/html/lovgarden_site/lovgarden/Application/Runtime/Cache/Home/afae4ad50d97c51a10b9a6b53125e1ae.php 第 443 行.
NOTIC: [2] in_array() expects parameter 2 to be array, null given /application/nginx-1.12.2/html/lovgarden_site/lovgarden/Application/Runtime/Cache/Home/afae4ad50d97c51a10b9a6b53125e1ae.php 第 443 行.
NOTIC: [8] Undefined index: flowerOccasion /application/nginx-1.12.2/html/lovgarden_site/lovgarden/Application/Runtime/Cache/Home/afae4ad50d97c51a10b9a6b53125e1ae.php 第 443 行.
NOTIC: [2] in_array() expects parameter 2 to be array, null given /application/nginx-1.12.2/html/lovgarden_site/lovgarden/Application/Runtime/Cache/Home/afae4ad50d97c51a10b9a6b53125e1ae.php 第 443 行.
NOTIC: [8] Undefined index: flowerOccasion /application/nginx-1.12.2/html/lovgarden_site/lovgarden/Application/Runtime/Cache/Home/afae4ad50d97c51a10b9a6b53125e1ae.php 第 443 行.
NOTIC: [2] in_array() expects parameter 2 to be array, null given /application/nginx-1.12.2/html/lovgarden_site/lovgarden/Application/Runtime/Cache/Home/afae4ad50d97c51a10b9a6b53125e1ae.php 第 443 行.
NOTIC: [8] Undefined index: flowerOccasion /application/nginx-1.12.2/html/lovgarden_site/lovgarden/Application/Runtime/Cache/Home/afae4ad50d97c51a10b9a6b53125e1ae.php 第 443 行.
NOTIC: [2] in_array() expects parameter 2 to be array, null given /application/nginx-1.12.2/html/lovgarden_site/lovgarden/Application/Runtime/Cache/Home/afae4ad50d97c51a10b9a6b53125e1ae.php 第 443 行.
NOTIC: [8] Undefined index: flowerOccasion /application/nginx-1.12.2/html/lovgarden_site/lovgarden/Application/Runtime/Cache/Home/afae4ad50d97c51a10b9a6b53125e1ae.php 第 443 行.
NOTIC: [2] in_array() expects parameter 2 to be array, null given /application/nginx-1.12.2/html/lovgarden_site/lovgarden/Application/Runtime/Cache/Home/afae4ad50d97c51a10b9a6b53125e1ae.php 第 443 行.
NOTIC: [8] Undefined index: flowerOccasion /application/nginx-1.12.2/html/lovgarden_site/lovgarden/Application/Runtime/Cache/Home/afae4ad50d97c51a10b9a6b53125e1ae.php 第 443 行.
NOTIC: [2] in_array() expects parameter 2 to be array, null given /application/nginx-1.12.2/html/lovgarden_site/lovgarden/Application/Runtime/Cache/Home/afae4ad50d97c51a10b9a6b53125e1ae.php 第 443 行.
NOTIC: [8] Undefined index: flowerColor /application/nginx-1.12.2/html/lovgarden_site/lovgarden/Application/Runtime/Cache/Home/afae4ad50d97c51a10b9a6b53125e1ae.php 第 451 行.
NOTIC: [2] in_array() expects parameter 2 to be array, null given /application/nginx-1.12.2/html/lovgarden_site/lovgarden/Application/Runtime/Cache/Home/afae4ad50d97c51a10b9a6b53125e1ae.php 第 451 行.
NOTIC: [8] Undefined index: flowerColor /application/nginx-1.12.2/html/lovgarden_site/lovgarden/Application/Runtime/Cache/Home/afae4ad50d97c51a10b9a6b53125e1ae.php 第 451 行.
NOTIC: [2] in_array() expects parameter 2 to be array, null given /application/nginx-1.12.2/html/lovgarden_site/lovgarden/Application/Runtime/Cache/Home/afae4ad50d97c51a10b9a6b53125e1ae.php 第 451 行.
NOTIC: [8] Undefined index: flowerColor /application/nginx-1.12.2/html/lovgarden_site/lovgarden/Application/Runtime/Cache/Home/afae4ad50d97c51a10b9a6b53125e1ae.php 第 451 行.
NOTIC: [2] in_array() expects parameter 2 to be array, null given /application/nginx-1.12.2/html/lovgarden_site/lovgarden/Application/Runtime/Cache/Home/afae4ad50d97c51a10b9a6b53125e1ae.php 第 451 行.
NOTIC: [8] Undefined index: flowerColor /application/nginx-1.12.2/html/lovgarden_site/lovgarden/Application/Runtime/Cache/Home/afae4ad50d97c51a10b9a6b53125e1ae.php 第 451 行.
NOTIC: [2] in_array() expects parameter 2 to be array, null given /application/nginx-1.12.2/html/lovgarden_site/lovgarden/Application/Runtime/Cache/Home/afae4ad50d97c51a10b9a6b53125e1ae.php 第 451 行.
NOTIC: [8] Undefined index: flowerColor /application/nginx-1.12.2/html/lovgarden_site/lovgarden/Application/Runtime/Cache/Home/afae4ad50d97c51a10b9a6b53125e1ae.php 第 451 行.
NOTIC: [2] in_array() expects parameter 2 to be array, null given /application/nginx-1.12.2/html/lovgarden_site/lovgarden/Application/Runtime/Cache/Home/afae4ad50d97c51a10b9a6b53125e1ae.php 第 451 行.
NOTIC: [8] Undefined index: flowerColor /application/nginx-1.12.2/html/lovgarden_site/lovgarden/Application/Runtime/Cache/Home/afae4ad50d97c51a10b9a6b53125e1ae.php 第 451 行.
NOTIC: [2] in_array() expects parameter 2 to be array, null given /application/nginx-1.12.2/html/lovgarden_site/lovgarden/Application/Runtime/Cache/Home/afae4ad50d97c51a10b9a6b53125e1ae.php 第 451 行.
INFO: Run Behavior\ParseTemplateBehavior [ RunTime:0.006491s ]
INFO: [ view_parse ] --END-- [ RunTime:0.006513s ]
INFO: [ view_filter ] --START--
INFO: Run Behavior\WriteHtmlCacheBehavior [ RunTime:0.000033s ]
INFO: [ view_filter ] --END-- [ RunTime:0.000052s ]
INFO: [ app_end ] --START--
INFO: Run Behavior\ShowPageTraceBehavior [ RunTime:0.000027s ]
INFO: [ app_end ] --END-- [ RunTime:0.000055s ]

[ 2018-05-08T06:22:45+08:00 ] 140.205.205.23 /link/more
INFO: [ app_init ] --START--
INFO: Run Behavior\BuildLiteBehavior [ RunTime:0.000008s ]
INFO: [ app_init ] --END-- [ RunTime:0.000040s ]
INFO: [ app_begin ] --START--
INFO: Run Behavior\ReadHtmlCacheBehavior [ RunTime:0.000017s ]
INFO: [ app_begin ] --END-- [ RunTime:0.000033s ]
ERR: 无法加载控制器:Link

[ 2018-05-08T06:22:45+08:00 ] 140.205.205.23 /flowers/all
INFO: [ app_init ] --START--
INFO: Run Behavior\BuildLiteBehavior [ RunTime:0.000005s ]
INFO: [ app_init ] --END-- [ RunTime:0.000046s ]
INFO: [ app_begin ] --START--
INFO: Run Behavior\ReadHtmlCacheBehavior [ RunTime:0.000015s ]
INFO: [ app_begin ] --END-- [ RunTime:0.000030s ]
ERR: 无法加载控制器:Flowers

[ 2018-05-08T06:22:45+08:00 ] 140.205.205.25 /www.baidu.com
INFO: [ app_init ] --START--
INFO: Run Behavior\BuildLiteBehavior [ RunTime:0.000009s ]
INFO: [ app_init ] --END-- [ RunTime:0.000091s ]
INFO: [ app_begin ] --START--
INFO: Run Behavior\ReadHtmlCacheBehavior [ RunTime:0.000018s ]
INFO: [ app_begin ] --END-- [ RunTime:0.000034s ]
ERR: 无法加载控制器:Www.baidu.com

[ 2018-05-08T06:22:45+08:00 ] 140.205.205.23 /user/register
INFO: [ app_init ] --START--
INFO: Run Behavior\BuildLiteBehavior [ RunTime:0.000025s ]
INFO: [ app_init ] --END-- [ RunTime:0.000067s ]
INFO: [ app_begin ] --START--
INFO: Run Behavior\ReadHtmlCacheBehavior [ RunTime:0.000018s ]
INFO: [ app_begin ] --END-- [ RunTime:0.000034s ]
INFO: [ view_parse ] --START--
INFO: [ template_filter ] --START--
INFO: Run Behavior\ContentReplaceBehavior [ RunTime:0.000118s ]
INFO: [ template_filter ] --END-- [ RunTime:0.000139s ]
NOTIC: [8] Undefined variable: error_message /application/nginx-1.12.2/html/lovgarden_site/lovgarden/Application/Runtime/Cache/Home/3359adbadf95118621a5c500fb3ff893.php 第 227 行.
INFO: Run Behavior\ParseTemplateBehavior [ RunTime:0.002724s ]
INFO: [ view_parse ] --END-- [ RunTime:0.002741s ]
INFO: [ view_filter ] --START--
INFO: Run Behavior\WriteHtmlCacheBehavior [ RunTime:0.000021s ]
INFO: [ view_filter ] --END-- [ RunTime:0.000031s ]
INFO: [ app_end ] --START--
INFO: Run Behavior\ShowPageTraceBehavior [ RunTime:0.000021s ]
INFO: [ app_end ] --END-- [ RunTime:0.000038s ]

[ 2018-05-08T06:22:47+08:00 ] 140.205.205.25 /user/login
INFO: [ app_init ] --START--
INFO: Run Behavior\BuildLiteBehavior [ RunTime:0.000009s ]
INFO: [ app_init ] --END-- [ RunTime:0.000063s ]
INFO: [ app_begin ] --START--
INFO: Run Behavior\ReadHtmlCacheBehavior [ RunTime:0.000018s ]
INFO: [ app_begin ] --END-- [ RunTime:0.000033s ]
INFO: [ view_parse ] --START--
INFO: [ template_filter ] --START--
INFO: Run Behavior\ContentReplaceBehavior [ RunTime:0.000116s ]
INFO: [ template_filter ] --END-- [ RunTime:0.000146s ]
NOTIC: [8] Undefined variable: user_telephone /application/nginx-1.12.2/html/lovgarden_site/lovgarden/Application/Runtime/Cache/Home/5c9ee6d19cd41add49f97afe3aef0b25.php 第 233 行.
INFO: Run Behavior\ParseTemplateBehavior [ RunTime:0.002737s ]
INFO: [ view_parse ] --END-- [ RunTime:0.002754s ]
INFO: [ view_filter ] --START--
INFO: Run Behavior\WriteHtmlCacheBehavior [ RunTime:0.000021s ]
INFO: [ view_filter ] --END-- [ RunTime:0.000031s ]
INFO: [ app_end ] --START--
INFO: Run Behavior\ShowPageTraceBehavior [ RunTime:0.000022s ]
INFO: [ app_end ] --END-- [ RunTime:0.000039s ]

[ 2018-05-08T09:32:49+08:00 ] 139.162.116.133 /
INFO: [ app_init ] --START--
INFO: Run Behavior\BuildLiteBehavior [ RunTime:0.000009s ]
INFO: [ app_init ] --END-- [ RunTime:0.000057s ]
INFO: [ app_begin ] --START--
INFO: Run Behavior\ReadHtmlCacheBehavior [ RunTime:0.000023s ]
INFO: [ app_begin ] --END-- [ RunTime:0.000038s ]
SQL: SHOW COLUMNS FROM `lovgarden_block` [ RunTime:0.0005s ]
SQL: SELECT image_pc,image_mobile,block_title,block_body,block_link_title,block_link,page_link FROM lovgarden_block WHERE page_link = 'front' ORDER BY block_order ASC; [ RunTime:0.0001s ]
INFO: [ view_parse ] --START--
INFO: [ template_filter ] --START--
INFO: Run Behavior\ContentReplaceBehavior [ RunTime:0.000120s ]
INFO: [ template_filter ] --END-- [ RunTime:0.000144s ]
INFO: Run Behavior\ParseTemplateBehavior [ RunTime:0.003621s ]
INFO: [ view_parse ] --END-- [ RunTime:0.003643s ]
INFO: [ view_filter ] --START--
INFO: Run Behavior\WriteHtmlCacheBehavior [ RunTime:0.000030s ]
INFO: [ view_filter ] --END-- [ RunTime:0.000041s ]
INFO: [ app_end ] --START--
INFO: Run Behavior\ShowPageTraceBehavior [ RunTime:0.000031s ]
INFO: [ app_end ] --END-- [ RunTime:0.000049s ]

[ 2018-05-08T09:51:58+08:00 ] 210.83.66.4 /
INFO: [ app_init ] --START--
INFO: Run Behavior\BuildLiteBehavior [ RunTime:0.000016s ]
INFO: [ app_init ] --END-- [ RunTime:0.000067s ]
INFO: [ app_begin ] --START--
INFO: Run Behavior\ReadHtmlCacheBehavior [ RunTime:0.000023s ]
INFO: [ app_begin ] --END-- [ RunTime:0.000038s ]
SQL: SHOW COLUMNS FROM `lovgarden_block` [ RunTime:0.0005s ]
SQL: SELECT image_pc,image_mobile,block_title,block_body,block_link_title,block_link,page_link FROM lovgarden_block WHERE page_link = 'front' ORDER BY block_order ASC; [ RunTime:0.0001s ]
INFO: [ view_parse ] --START--
INFO: [ template_filter ] --START--
INFO: Run Behavior\ContentReplaceBehavior [ RunTime:0.000119s ]
INFO: [ template_filter ] --END-- [ RunTime:0.000144s ]
INFO: Run Behavior\ParseTemplateBehavior [ RunTime:0.003705s ]
INFO: [ view_parse ] --END-- [ RunTime:0.003729s ]
INFO: [ view_filter ] --START--
INFO: Run Behavior\WriteHtmlCacheBehavior [ RunTime:0.000029s ]
INFO: [ view_filter ] --END-- [ RunTime:0.000040s ]
INFO: [ app_end ] --START--
INFO: Run Behavior\ShowPageTraceBehavior [ RunTime:0.000030s ]
INFO: [ app_end ] --END-- [ RunTime:0.000047s ]

[ 2018-05-08T09:51:59+08:00 ] 210.83.66.4 /user/get_user_status
INFO: [ app_init ] --START--
INFO: Run Behavior\BuildLiteBehavior [ RunTime:0.000009s ]
INFO: [ app_init ] --END-- [ RunTime:0.000055s ]
INFO: [ app_begin ] --START--
INFO: Run Behavior\ReadHtmlCacheBehavior [ RunTime:0.000016s ]
INFO: [ app_begin ] --END-- [ RunTime:0.000032s ]
INFO: [ app_end ] --START--
INFO: Run Behavior\ShowPageTraceBehavior [ RunTime:0.000015s ]
INFO: [ app_end ] --END-- [ RunTime:0.000029s ]

[ 2018-05-08T09:51:59+08:00 ] 210.83.66.4 /user/get_cart_info
INFO: [ app_init ] --START--
INFO: Run Behavior\BuildLiteBehavior [ RunTime:0.000153s ]
INFO: [ app_init ] --END-- [ RunTime:0.000185s ]
INFO: [ app_begin ] --START--
INFO: Run Behavior\ReadHtmlCacheBehavior [ RunTime:0.000017s ]
INFO: [ app_begin ] --END-- [ RunTime:0.000031s ]
INFO: [ app_end ] --START--
INFO: Run Behavior\ShowPageTraceBehavior [ RunTime:0.000012s ]
INFO: [ app_end ] --END-- [ RunTime:0.000024s ]

[ 2018-05-08T09:51:59+08:00 ] 210.83.66.4 /cart/ajax_get_cart_items
INFO: [ app_init ] --START--
INFO: Run Behavior\BuildLiteBehavior [ RunTime:0.000009s ]
INFO: [ app_init ] --END-- [ RunTime:0.000070s ]
INFO: [ app_begin ] --START--
INFO: Run Behavior\ReadHtmlCacheBehavior [ RunTime:0.000018s ]
INFO: [ app_begin ] --END-- [ RunTime:0.000035s ]
INFO: [ app_end ] --START--
INFO: Run Behavior\ShowPageTraceBehavior [ RunTime:0.000015s ]
INFO: [ app_end ] --END-- [ RunTime:0.000029s ]

[ 2018-05-08T13:22:56+08:00 ] 211.23.154.138 /
INFO: [ app_init ] --START--
INFO: Run Behavior\BuildLiteBehavior [ RunTime:0.000008s ]
INFO: [ app_init ] --END-- [ RunTime:0.000058s ]
INFO: [ app_begin ] --START--
INFO: Run Behavior\ReadHtmlCacheBehavior [ RunTime:0.000025s ]
INFO: [ app_begin ] --END-- [ RunTime:0.000040s ]
SQL: SHOW COLUMNS FROM `lovgarden_block` [ RunTime:0.0006s ]
SQL: SELECT image_pc,image_mobile,block_title,block_body,block_link_title,block_link,page_link FROM lovgarden_block WHERE page_link = 'front' ORDER BY block_order ASC; [ RunTime:0.0002s ]
INFO: [ view_parse ] --START--
INFO: [ template_filter ] --START--
INFO: Run Behavior\ContentReplaceBehavior [ RunTime:0.000155s ]
INFO: [ template_filter ] --END-- [ RunTime:0.000183s ]
INFO: Run Behavior\ParseTemplateBehavior [ RunTime:0.003680s ]
INFO: [ view_parse ] --END-- [ RunTime:0.003705s ]
INFO: [ view_filter ] --START--
INFO: Run Behavior\WriteHtmlCacheBehavior [ RunTime:0.000031s ]
INFO: [ view_filter ] --END-- [ RunTime:0.000042s ]
INFO: [ app_end ] --START--
INFO: Run Behavior\ShowPageTraceBehavior [ RunTime:0.000029s ]
INFO: [ app_end ] --END-- [ RunTime:0.000047s ]

[ 2018-05-08T14:47:28+08:00 ] 106.11.242.177 /
INFO: [ app_init ] --START--
INFO: Run Behavior\BuildLiteBehavior [ RunTime:0.000012s ]
INFO: [ app_init ] --END-- [ RunTime:0.000096s ]
INFO: [ app_begin ] --START--
INFO: Run Behavior\ReadHtmlCacheBehavior [ RunTime:0.000039s ]
INFO: [ app_begin ] --END-- [ RunTime:0.000065s ]
SQL: SHOW COLUMNS FROM `lovgarden_block` [ RunTime:0.0008s ]
SQL: SELECT image_pc,image_mobile,block_title,block_body,block_link_title,block_link,page_link FROM lovgarden_block WHERE page_link = 'front' ORDER BY block_order ASC; [ RunTime:0.0002s ]
INFO: [ view_parse ] --START--
INFO: [ template_filter ] --START--
INFO: Run Behavior\ContentReplaceBehavior [ RunTime:0.000148s ]
INFO: [ template_filter ] --END-- [ RunTime:0.000184s ]
INFO: Run Behavior\ParseTemplateBehavior [ RunTime:0.004461s ]
INFO: [ view_parse ] --END-- [ RunTime:0.004494s ]
INFO: [ view_filter ] --START--
INFO: Run Behavior\WriteHtmlCacheBehavior [ RunTime:0.000043s ]
INFO: [ view_filter ] --END-- [ RunTime:0.000063s ]
INFO: [ app_end ] --START--
INFO: Run Behavior\ShowPageTraceBehavior [ RunTime:0.000042s ]
INFO: [ app_end ] --END-- [ RunTime:0.000071s ]

[ 2018-05-08T15:33:37+08:00 ] 140.205.205.23 /
INFO: [ app_init ] --START--
INFO: Run Behavior\BuildLiteBehavior [ RunTime:0.000009s ]
INFO: [ app_init ] --END-- [ RunTime:0.000072s ]
INFO: [ app_begin ] --START--
INFO: Run Behavior\ReadHtmlCacheBehavior [ RunTime:0.000023s ]
INFO: [ app_begin ] --END-- [ RunTime:0.000039s ]
SQL: SHOW COLUMNS FROM `lovgarden_block` [ RunTime:0.0005s ]
SQL: SELECT image_pc,image_mobile,block_title,block_body,block_link_title,block_link,page_link FROM lovgarden_block WHERE page_link = 'front' ORDER BY block_order ASC; [ RunTime:0.0001s ]
INFO: [ view_parse ] --START--
INFO: [ template_filter ] --START--
INFO: Run Behavior\ContentReplaceBehavior [ RunTime:0.000119s ]
INFO: [ template_filter ] --END-- [ RunTime:0.000141s ]
INFO: Run Behavior\ParseTemplateBehavior [ RunTime:0.003629s ]
INFO: [ view_parse ] --END-- [ RunTime:0.003654s ]
INFO: [ view_filter ] --START--
INFO: Run Behavior\WriteHtmlCacheBehavior [ RunTime:0.000031s ]
INFO: [ view_filter ] --END-- [ RunTime:0.000042s ]
INFO: [ app_end ] --START--
INFO: Run Behavior\ShowPageTraceBehavior [ RunTime:0.000023s ]
INFO: [ app_end ] --END-- [ RunTime:0.000033s ]

[ 2018-05-08T17:34:58+08:00 ] 80.82.77.33 /
INFO: [ app_init ] --START--
INFO: Run Behavior\BuildLiteBehavior [ RunTime:0.000008s ]
INFO: [ app_init ] --END-- [ RunTime:0.000056s ]
INFO: [ app_begin ] --START--
INFO: Run Behavior\ReadHtmlCacheBehavior [ RunTime:0.000023s ]
INFO: [ app_begin ] --END-- [ RunTime:0.000038s ]
SQL: SHOW COLUMNS FROM `lovgarden_block` [ RunTime:0.0013s ]
SQL: SELECT image_pc,image_mobile,block_title,block_body,block_link_title,block_link,page_link FROM lovgarden_block WHERE page_link = 'front' ORDER BY block_order ASC; [ RunTime:0.0001s ]
INFO: [ view_parse ] --START--
INFO: [ template_filter ] --START--
INFO: Run Behavior\ContentReplaceBehavior [ RunTime:0.000136s ]
INFO: [ template_filter ] --END-- [ RunTime:0.000160s ]
INFO: Run Behavior\ParseTemplateBehavior [ RunTime:0.003667s ]
INFO: [ view_parse ] --END-- [ RunTime:0.003690s ]
INFO: [ view_filter ] --START--
INFO: Run Behavior\WriteHtmlCacheBehavior [ RunTime:0.000040s ]
INFO: [ view_filter ] --END-- [ RunTime:0.000052s ]
INFO: [ app_end ] --START--
INFO: Run Behavior\ShowPageTraceBehavior [ RunTime:0.000031s ]
INFO: [ app_end ] --END-- [ RunTime:0.000048s ]

[ 2018-05-08T17:35:21+08:00 ] 80.82.77.33 /robots.txt
INFO: [ app_init ] --START--
INFO: Run Behavior\BuildLiteBehavior [ RunTime:0.000009s ]
INFO: [ app_init ] --END-- [ RunTime:0.000060s ]
INFO: [ app_begin ] --START--
INFO: Run Behavior\ReadHtmlCacheBehavior [ RunTime:0.000018s ]
INFO: [ app_begin ] --END-- [ RunTime:0.000035s ]
ERR: 无法加载控制器:Robots.txt

[ 2018-05-08T17:35:22+08:00 ] 80.82.77.33 /sitemap.xml
INFO: [ app_init ] --START--
INFO: Run Behavior\BuildLiteBehavior [ RunTime:0.000008s ]
INFO: [ app_init ] --END-- [ RunTime:0.000049s ]
INFO: [ app_begin ] --START--
INFO: Run Behavior\ReadHtmlCacheBehavior [ RunTime:0.000018s ]
INFO: [ app_begin ] --END-- [ RunTime:0.000033s ]
ERR: 无法加载控制器:Sitemap.xml

[ 2018-05-08T17:35:23+08:00 ] 80.82.77.33 /.well-known/security.txt
INFO: [ app_init ] --START--
INFO: Run Behavior\BuildLiteBehavior [ RunTime:0.000008s ]
INFO: [ app_init ] --END-- [ RunTime:0.000050s ]
INFO: [ app_begin ] --START--
INFO: Run Behavior\ReadHtmlCacheBehavior [ RunTime:0.000017s ]
INFO: [ app_begin ] --END-- [ RunTime:0.000043s ]
ERR: 无法加载控制器:.well-known

[ 2018-05-08T19:10:07+08:00 ] 124.160.216.7 /
INFO: [ app_init ] --START--
INFO: Run Behavior\BuildLiteBehavior [ RunTime:0.000008s ]
INFO: [ app_init ] --END-- [ RunTime:0.000059s ]
INFO: [ app_begin ] --START--
INFO: Run Behavior\ReadHtmlCacheBehavior [ RunTime:0.000024s ]
INFO: [ app_begin ] --END-- [ RunTime:0.000038s ]
SQL: SHOW COLUMNS FROM `lovgarden_block` [ RunTime:0.0011s ]
SQL: SELECT image_pc,image_mobile,block_title,block_body,block_link_title,block_link,page_link FROM lovgarden_block WHERE page_link = 'front' ORDER BY block_order ASC; [ RunTime:0.0001s ]
INFO: [ view_parse ] --START--
INFO: [ template_filter ] --START--
INFO: Run Behavior\ContentReplaceBehavior [ RunTime:0.000119s ]
INFO: [ template_filter ] --END-- [ RunTime:0.000143s ]
INFO: Run Behavior\ParseTemplateBehavior [ RunTime:0.003718s ]
INFO: [ view_parse ] --END-- [ RunTime:0.003741s ]
INFO: [ view_filter ] --START--
INFO: Run Behavior\WriteHtmlCacheBehavior [ RunTime:0.000032s ]
INFO: [ view_filter ] --END-- [ RunTime:0.000043s ]
INFO: [ app_end ] --START--
INFO: Run Behavior\ShowPageTraceBehavior [ RunTime:0.000029s ]
INFO: [ app_end ] --END-- [ RunTime:0.000048s ]

[ 2018-05-08T19:10:07+08:00 ] 124.160.216.7 /user/get_user_status
INFO: [ app_init ] --START--
INFO: Run Behavior\BuildLiteBehavior [ RunTime:0.000011s ]
INFO: [ app_init ] --END-- [ RunTime:0.000064s ]
INFO: [ app_begin ] --START--
INFO: Run Behavior\ReadHtmlCacheBehavior [ RunTime:0.000022s ]
INFO: [ app_begin ] --END-- [ RunTime:0.000041s ]
INFO: [ app_end ] --START--
INFO: Run Behavior\ShowPageTraceBehavior [ RunTime:0.000023s ]
INFO: [ app_end ] --END-- [ RunTime:0.000044s ]

[ 2018-05-08T19:10:07+08:00 ] 124.160.216.7 /user/get_cart_info
INFO: [ app_init ] --START--
INFO: Run Behavior\BuildLiteBehavior [ RunTime:0.000009s ]
INFO: [ app_init ] --END-- [ RunTime:0.000050s ]
INFO: [ app_begin ] --START--
INFO: Run Behavior\ReadHtmlCacheBehavior [ RunTime:0.000018s ]
INFO: [ app_begin ] --END-- [ RunTime:0.000046s ]
INFO: [ app_end ] --START--
INFO: Run Behavior\ShowPageTraceBehavior [ RunTime:0.000014s ]
INFO: [ app_end ] --END-- [ RunTime:0.000028s ]

[ 2018-05-08T19:10:07+08:00 ] 124.160.216.7 /cart/ajax_get_cart_items
INFO: [ app_init ] --START--
INFO: Run Behavior\BuildLiteBehavior [ RunTime:0.000011s ]
INFO: [ app_init ] --END-- [ RunTime:0.000069s ]
INFO: [ app_begin ] --START--
INFO: Run Behavior\ReadHtmlCacheBehavior [ RunTime:0.000027s ]
INFO: [ app_begin ] --END-- [ RunTime:0.000052s ]
INFO: [ app_end ] --START--
INFO: Run Behavior\ShowPageTraceBehavior [ RunTime:0.000024s ]
INFO: [ app_end ] --END-- [ RunTime:0.000047s ]

[ 2018-05-08T21:03:33+08:00 ] 104.236.2.127 /
INFO: [ app_init ] --START--
INFO: Run Behavior\BuildLiteBehavior [ RunTime:0.000009s ]
INFO: [ app_init ] --END-- [ RunTime:0.000058s ]
INFO: [ app_begin ] --START--
INFO: Run Behavior\ReadHtmlCacheBehavior [ RunTime:0.000023s ]
INFO: [ app_begin ] --END-- [ RunTime:0.000039s ]
SQL: SHOW COLUMNS FROM `lovgarden_block` [ RunTime:0.0005s ]
SQL: SELECT image_pc,image_mobile,block_title,block_body,block_link_title,block_link,page_link FROM lovgarden_block WHERE page_link = 'front' ORDER BY block_order ASC; [ RunTime:0.0001s ]
INFO: [ view_parse ] --START--
INFO: [ template_filter ] --START--
INFO: Run Behavior\ContentReplaceBehavior [ RunTime:0.000119s ]
INFO: [ template_filter ] --END-- [ RunTime:0.000140s ]
INFO: Run Behavior\ParseTemplateBehavior [ RunTime:0.003571s ]
INFO: [ view_parse ] --END-- [ RunTime:0.003594s ]
INFO: [ view_filter ] --START--
INFO: Run Behavior\WriteHtmlCacheBehavior [ RunTime:0.000029s ]
INFO: [ view_filter ] --END-- [ RunTime:0.000040s ]
INFO: [ app_end ] --START--
INFO: Run Behavior\ShowPageTraceBehavior [ RunTime:0.000030s ]
INFO: [ app_end ] --END-- [ RunTime:0.000047s ]

[ 2018-05-08T21:35:23+08:00 ] 141.212.122.96 /
INFO: [ app_init ] --START--
INFO: Run Behavior\BuildLiteBehavior [ RunTime:0.000009s ]
INFO: [ app_init ] --END-- [ RunTime:0.000056s ]
INFO: [ app_begin ] --START--
INFO: Run Behavior\ReadHtmlCacheBehavior [ RunTime:0.000023s ]
INFO: [ app_begin ] --END-- [ RunTime:0.000037s ]
SQL: SHOW COLUMNS FROM `lovgarden_block` [ RunTime:0.0006s ]
SQL: SELECT image_pc,image_mobile,block_title,block_body,block_link_title,block_link,page_link FROM lovgarden_block WHERE page_link = 'front' ORDER BY block_order ASC; [ RunTime:0.0001s ]
INFO: [ view_parse ] --START--
INFO: [ template_filter ] --START--
INFO: Run Behavior\ContentReplaceBehavior [ RunTime:0.000119s ]
INFO: [ template_filter ] --END-- [ RunTime:0.000152s ]
INFO: Run Behavior\ParseTemplateBehavior [ RunTime:0.004422s ]
INFO: [ view_parse ] --END-- [ RunTime:0.004445s ]
INFO: [ view_filter ] --START--
INFO: Run Behavior\WriteHtmlCacheBehavior [ RunTime:0.000055s ]
INFO: [ view_filter ] --END-- [ RunTime:0.000073s ]
INFO: [ app_end ] --START--
INFO: Run Behavior\ShowPageTraceBehavior [ RunTime:0.000040s ]
INFO: [ app_end ] --END-- [ RunTime:0.000064s ]

[ 2018-05-08T23:15:50+08:00 ] 47.98.97.81 /
INFO: [ app_init ] --START--
INFO: Run Behavior\BuildLiteBehavior [ RunTime:0.000009s ]
INFO: [ app_init ] --END-- [ RunTime:0.000058s ]
INFO: [ app_begin ] --START--
INFO: Run Behavior\ReadHtmlCacheBehavior [ RunTime:0.000023s ]
INFO: [ app_begin ] --END-- [ RunTime:0.000039s ]
SQL: SHOW COLUMNS FROM `lovgarden_block` [ RunTime:0.0005s ]
SQL: SELECT image_pc,image_mobile,block_title,block_body,block_link_title,block_link,page_link FROM lovgarden_block WHERE page_link = 'front' ORDER BY block_order ASC; [ RunTime:0.0001s ]
INFO: [ view_parse ] --START--
INFO: [ template_filter ] --START--
INFO: Run Behavior\ContentReplaceBehavior [ RunTime:0.000118s ]
INFO: [ template_filter ] --END-- [ RunTime:0.000141s ]
INFO: Run Behavior\ParseTemplateBehavior [ RunTime:0.003595s ]
INFO: [ view_parse ] --END-- [ RunTime:0.003618s ]
INFO: [ view_filter ] --START--
INFO: Run Behavior\WriteHtmlCacheBehavior [ RunTime:0.000031s ]
INFO: [ view_filter ] --END-- [ RunTime:0.000055s ]
INFO: [ app_end ] --START--
INFO: Run Behavior\ShowPageTraceBehavior [ RunTime:0.000032s ]
INFO: [ app_end ] --END-- [ RunTime:0.000050s ]

