[ 2018-05-04T03:53:34+08:00 ] 222.186.46.137 /
INFO: [ app_init ] --START--
INFO: Run Behavior\BuildLiteBehavior [ RunTime:0.000008s ]
INFO: [ app_init ] --END-- [ RunTime:0.000058s ]
INFO: [ app_begin ] --START--
INFO: Run Behavior\ReadHtmlCacheBehavior [ RunTime:0.000024s ]
INFO: [ app_begin ] --END-- [ RunTime:0.000041s ]
SQL: SHOW COLUMNS FROM `lovgarden_block` [ RunTime:0.0005s ]
SQL: SELECT image_pc,image_mobile,block_title,block_body,block_link_title,block_link,page_link FROM lovgarden_block WHERE page_link = 'front' ORDER BY block_order ASC; [ RunTime:0.0001s ]
INFO: [ view_parse ] --START--
INFO: [ template_filter ] --START--
INFO: Run Behavior\ContentReplaceBehavior [ RunTime:0.000118s ]
INFO: [ template_filter ] --END-- [ RunTime:0.000141s ]
INFO: Run Behavior\ParseTemplateBehavior [ RunTime:0.004128s ]
INFO: [ view_parse ] --END-- [ RunTime:0.004152s ]
INFO: [ view_filter ] --START--
INFO: Run Behavior\WriteHtmlCacheBehavior [ RunTime:0.000032s ]
INFO: [ view_filter ] --END-- [ RunTime:0.000043s ]
INFO: [ app_end ] --START--
INFO: Run Behavior\ShowPageTraceBehavior [ RunTime:0.000032s ]
INFO: [ app_end ] --END-- [ RunTime:0.000061s ]

[ 2018-05-04T04:28:48+08:00 ] 107.170.193.232 /
INFO: [ app_init ] --START--
INFO: Run Behavior\BuildLiteBehavior [ RunTime:0.000009s ]
INFO: [ app_init ] --END-- [ RunTime:0.000058s ]
INFO: [ app_begin ] --START--
INFO: Run Behavior\ReadHtmlCacheBehavior [ RunTime:0.000023s ]
INFO: [ app_begin ] --END-- [ RunTime:0.000039s ]
SQL: SHOW COLUMNS FROM `lovgarden_block` [ RunTime:0.0005s ]
SQL: SELECT image_pc,image_mobile,block_title,block_body,block_link_title,block_link,page_link FROM lovgarden_block WHERE page_link = 'front' ORDER BY block_order ASC; [ RunTime:0.0001s ]
INFO: [ view_parse ] --START--
INFO: [ template_filter ] --START--
INFO: Run Behavior\ContentReplaceBehavior [ RunTime:0.000129s ]
INFO: [ template_filter ] --END-- [ RunTime:0.000154s ]
INFO: Run Behavior\ParseTemplateBehavior [ RunTime:0.003685s ]
INFO: [ view_parse ] --END-- [ RunTime:0.003708s ]
INFO: [ view_filter ] --START--
INFO: Run Behavior\WriteHtmlCacheBehavior [ RunTime:0.000031s ]
INFO: [ view_filter ] --END-- [ RunTime:0.000042s ]
INFO: [ app_end ] --START--
INFO: Run Behavior\ShowPageTraceBehavior [ RunTime:0.000030s ]
INFO: [ app_end ] --END-- [ RunTime:0.000048s ]

[ 2018-05-04T04:33:46+08:00 ] 118.31.244.58 /
INFO: [ app_init ] --START--
INFO: Run Behavior\BuildLiteBehavior [ RunTime:0.000009s ]
INFO: [ app_init ] --END-- [ RunTime:0.000057s ]
INFO: [ app_begin ] --START--
INFO: Run Behavior\ReadHtmlCacheBehavior [ RunTime:0.000024s ]
INFO: [ app_begin ] --END-- [ RunTime:0.000039s ]
SQL: SHOW COLUMNS FROM `lovgarden_block` [ RunTime:0.0006s ]
SQL: SELECT image_pc,image_mobile,block_title,block_body,block_link_title,block_link,page_link FROM lovgarden_block WHERE page_link = 'front' ORDER BY block_order ASC; [ RunTime:0.0001s ]
INFO: [ view_parse ] --START--
INFO: [ template_filter ] --START--
INFO: Run Behavior\ContentReplaceBehavior [ RunTime:0.000120s ]
INFO: [ template_filter ] --END-- [ RunTime:0.000144s ]
INFO: Run Behavior\ParseTemplateBehavior [ RunTime:0.003618s ]
INFO: [ view_parse ] --END-- [ RunTime:0.003643s ]
INFO: [ view_filter ] --START--
INFO: Run Behavior\WriteHtmlCacheBehavior [ RunTime:0.000031s ]
INFO: [ view_filter ] --END-- [ RunTime:0.000042s ]
INFO: [ app_end ] --START--
INFO: Run Behavior\ShowPageTraceBehavior [ RunTime:0.000030s ]
INFO: [ app_end ] --END-- [ RunTime:0.000048s ]

[ 2018-05-04T04:48:00+08:00 ] 139.162.113.204 /
INFO: [ app_init ] --START--
INFO: Run Behavior\BuildLiteBehavior [ RunTime:0.000009s ]
INFO: [ app_init ] --END-- [ RunTime:0.000066s ]
INFO: [ app_begin ] --START--
INFO: Run Behavior\ReadHtmlCacheBehavior [ RunTime:0.000024s ]
INFO: [ app_begin ] --END-- [ RunTime:0.000039s ]
SQL: SHOW COLUMNS FROM `lovgarden_block` [ RunTime:0.0005s ]
SQL: SELECT image_pc,image_mobile,block_title,block_body,block_link_title,block_link,page_link FROM lovgarden_block WHERE page_link = 'front' ORDER BY block_order ASC; [ RunTime:0.0001s ]
INFO: [ view_parse ] --START--
INFO: [ template_filter ] --START--
INFO: Run Behavior\ContentReplaceBehavior [ RunTime:0.000118s ]
INFO: [ template_filter ] --END-- [ RunTime:0.000140s ]
INFO: Run Behavior\ParseTemplateBehavior [ RunTime:0.003605s ]
INFO: [ view_parse ] --END-- [ RunTime:0.003627s ]
INFO: [ view_filter ] --START--
INFO: Run Behavior\WriteHtmlCacheBehavior [ RunTime:0.000030s ]
INFO: [ view_filter ] --END-- [ RunTime:0.000041s ]
INFO: [ app_end ] --START--
INFO: Run Behavior\ShowPageTraceBehavior [ RunTime:0.000029s ]
INFO: [ app_end ] --END-- [ RunTime:0.000047s ]

[ 2018-05-04T04:56:49+08:00 ] 140.205.205.25 /
INFO: [ app_init ] --START--
INFO: Run Behavior\BuildLiteBehavior [ RunTime:0.000009s ]
INFO: [ app_init ] --END-- [ RunTime:0.000062s ]
INFO: [ app_begin ] --START--
INFO: Run Behavior\ReadHtmlCacheBehavior [ RunTime:0.000022s ]
INFO: [ app_begin ] --END-- [ RunTime:0.000038s ]
SQL: SHOW COLUMNS FROM `lovgarden_block` [ RunTime:0.0005s ]
SQL: SELECT image_pc,image_mobile,block_title,block_body,block_link_title,block_link,page_link FROM lovgarden_block WHERE page_link = 'front' ORDER BY block_order ASC; [ RunTime:0.0001s ]
INFO: [ view_parse ] --START--
INFO: [ template_filter ] --START--
INFO: Run Behavior\ContentReplaceBehavior [ RunTime:0.000117s ]
INFO: [ template_filter ] --END-- [ RunTime:0.000138s ]
INFO: Run Behavior\ParseTemplateBehavior [ RunTime:0.003659s ]
INFO: [ view_parse ] --END-- [ RunTime:0.003684s ]
INFO: [ view_filter ] --START--
INFO: Run Behavior\WriteHtmlCacheBehavior [ RunTime:0.000031s ]
INFO: [ view_filter ] --END-- [ RunTime:0.000042s ]
INFO: [ app_end ] --START--
INFO: Run Behavior\ShowPageTraceBehavior [ RunTime:0.000023s ]
INFO: [ app_end ] --END-- [ RunTime:0.000033s ]

[ 2018-05-04T05:59:58+08:00 ] 77.72.85.108 /
INFO: [ app_init ] --START--
INFO: Run Behavior\BuildLiteBehavior [ RunTime:0.000010s ]
INFO: [ app_init ] --END-- [ RunTime:0.000070s ]
INFO: [ app_begin ] --START--
INFO: Run Behavior\ReadHtmlCacheBehavior [ RunTime:0.000023s ]
INFO: [ app_begin ] --END-- [ RunTime:0.000038s ]
SQL: SHOW COLUMNS FROM `lovgarden_block` [ RunTime:0.0005s ]
SQL: SELECT image_pc,image_mobile,block_title,block_body,block_link_title,block_link,page_link FROM lovgarden_block WHERE page_link = 'front' ORDER BY block_order ASC; [ RunTime:0.0001s ]
INFO: [ view_parse ] --START--
INFO: [ template_filter ] --START--
INFO: Run Behavior\ContentReplaceBehavior [ RunTime:0.000119s ]
INFO: [ template_filter ] --END-- [ RunTime:0.000143s ]
INFO: Run Behavior\ParseTemplateBehavior [ RunTime:0.003605s ]
INFO: [ view_parse ] --END-- [ RunTime:0.003629s ]
INFO: [ view_filter ] --START--
INFO: Run Behavior\WriteHtmlCacheBehavior [ RunTime:0.000046s ]
INFO: [ view_filter ] --END-- [ RunTime:0.000058s ]
INFO: [ app_end ] --START--
INFO: Run Behavior\ShowPageTraceBehavior [ RunTime:0.000030s ]
INFO: [ app_end ] --END-- [ RunTime:0.000047s ]

[ 2018-05-04T06:42:03+08:00 ] 140.205.205.25 /
INFO: [ app_init ] --START--
INFO: Run Behavior\BuildLiteBehavior [ RunTime:0.000008s ]
INFO: [ app_init ] --END-- [ RunTime:0.000066s ]
INFO: [ app_begin ] --START--
INFO: Run Behavior\ReadHtmlCacheBehavior [ RunTime:0.000024s ]
INFO: [ app_begin ] --END-- [ RunTime:0.000039s ]
SQL: SHOW COLUMNS FROM `lovgarden_block` [ RunTime:0.0005s ]
SQL: SELECT image_pc,image_mobile,block_title,block_body,block_link_title,block_link,page_link FROM lovgarden_block WHERE page_link = 'front' ORDER BY block_order ASC; [ RunTime:0.0001s ]
INFO: [ view_parse ] --START--
INFO: [ template_filter ] --START--
INFO: Run Behavior\ContentReplaceBehavior [ RunTime:0.000140s ]
INFO: [ template_filter ] --END-- [ RunTime:0.000165s ]
INFO: Run Behavior\ParseTemplateBehavior [ RunTime:0.003548s ]
INFO: [ view_parse ] --END-- [ RunTime:0.003571s ]
INFO: [ view_filter ] --START--
INFO: Run Behavior\WriteHtmlCacheBehavior [ RunTime:0.000029s ]
INFO: [ view_filter ] --END-- [ RunTime:0.000040s ]
INFO: [ app_end ] --START--
INFO: Run Behavior\ShowPageTraceBehavior [ RunTime:0.000029s ]
INFO: [ app_end ] --END-- [ RunTime:0.000046s ]

[ 2018-05-04T06:42:03+08:00 ] 140.205.205.25 /user/register
INFO: [ app_init ] --START--
INFO: Run Behavior\BuildLiteBehavior [ RunTime:0.000008s ]
INFO: [ app_init ] --END-- [ RunTime:0.000041s ]
INFO: [ app_begin ] --START--
INFO: Run Behavior\ReadHtmlCacheBehavior [ RunTime:0.000020s ]
INFO: [ app_begin ] --END-- [ RunTime:0.000038s ]
INFO: [ view_parse ] --START--
INFO: [ template_filter ] --START--
INFO: Run Behavior\ContentReplaceBehavior [ RunTime:0.000119s ]
INFO: [ template_filter ] --END-- [ RunTime:0.000145s ]
NOTIC: [8] Undefined variable: error_message /application/nginx-1.12.2/html/lovgarden_site/lovgarden/Application/Runtime/Cache/Home/3359adbadf95118621a5c500fb3ff893.php 第 227 行.
INFO: Run Behavior\ParseTemplateBehavior [ RunTime:0.003413s ]
INFO: [ view_parse ] --END-- [ RunTime:0.003432s ]
INFO: [ view_filter ] --START--
INFO: Run Behavior\WriteHtmlCacheBehavior [ RunTime:0.000024s ]
INFO: [ view_filter ] --END-- [ RunTime:0.000036s ]
INFO: [ app_end ] --START--
INFO: Run Behavior\ShowPageTraceBehavior [ RunTime:0.000027s ]
INFO: [ app_end ] --END-- [ RunTime:0.000052s ]

[ 2018-05-04T06:42:03+08:00 ] 140.205.205.25 /link/more
INFO: [ app_init ] --START--
INFO: Run Behavior\BuildLiteBehavior [ RunTime:0.000007s ]
INFO: [ app_init ] --END-- [ RunTime:0.000038s ]
INFO: [ app_begin ] --START--
INFO: Run Behavior\ReadHtmlCacheBehavior [ RunTime:0.000019s ]
INFO: [ app_begin ] --END-- [ RunTime:0.000037s ]
ERR: 无法加载控制器:Link

[ 2018-05-04T06:42:03+08:00 ] 140.205.205.25 /www.baidu.com
INFO: [ app_init ] --START--
INFO: Run Behavior\BuildLiteBehavior [ RunTime:0.000007s ]
INFO: [ app_init ] --END-- [ RunTime:0.000041s ]
INFO: [ app_begin ] --START--
INFO: Run Behavior\ReadHtmlCacheBehavior [ RunTime:0.000021s ]
INFO: [ app_begin ] --END-- [ RunTime:0.000039s ]
ERR: 无法加载控制器:Www.baidu.com

[ 2018-05-04T06:42:03+08:00 ] 140.205.205.23 /flowers/all
INFO: [ app_init ] --START--
INFO: Run Behavior\BuildLiteBehavior [ RunTime:0.000006s ]
INFO: [ app_init ] --END-- [ RunTime:0.000035s ]
INFO: [ app_begin ] --START--
INFO: Run Behavior\ReadHtmlCacheBehavior [ RunTime:0.000019s ]
INFO: [ app_begin ] --END-- [ RunTime:0.000036s ]
ERR: 无法加载控制器:Flowers

[ 2018-05-04T06:42:03+08:00 ] 140.205.205.25 /
INFO: [ app_init ] --START--
INFO: Run Behavior\BuildLiteBehavior [ RunTime:0.000005s ]
INFO: [ app_init ] --END-- [ RunTime:0.000033s ]
INFO: [ app_begin ] --START--
INFO: Run Behavior\ReadHtmlCacheBehavior [ RunTime:0.000016s ]
INFO: [ app_begin ] --END-- [ RunTime:0.000031s ]
SQL: SHOW COLUMNS FROM `lovgarden_block` [ RunTime:0.0006s ]
SQL: SELECT image_pc,image_mobile,block_title,block_body,block_link_title,block_link,page_link FROM lovgarden_block WHERE page_link = 'front' ORDER BY block_order ASC; [ RunTime:0.0001s ]
INFO: [ view_parse ] --START--
INFO: [ template_filter ] --START--
INFO: Run Behavior\ContentReplaceBehavior [ RunTime:0.000119s ]
INFO: [ template_filter ] --END-- [ RunTime:0.000143s ]
INFO: Run Behavior\ParseTemplateBehavior [ RunTime:0.003565s ]
INFO: [ view_parse ] --END-- [ RunTime:0.003590s ]
INFO: [ view_filter ] --START--
INFO: Run Behavior\WriteHtmlCacheBehavior [ RunTime:0.000025s ]
INFO: [ view_filter ] --END-- [ RunTime:0.000036s ]
INFO: [ app_end ] --START--
INFO: Run Behavior\ShowPageTraceBehavior [ RunTime:0.000027s ]
INFO: [ app_end ] --END-- [ RunTime:0.000049s ]

[ 2018-05-04T06:42:03+08:00 ] 140.205.205.25 /user/login
INFO: [ app_init ] --START--
INFO: Run Behavior\BuildLiteBehavior [ RunTime:0.000007s ]
INFO: [ app_init ] --END-- [ RunTime:0.000038s ]
INFO: [ app_begin ] --START--
INFO: Run Behavior\ReadHtmlCacheBehavior [ RunTime:0.000019s ]
INFO: [ app_begin ] --END-- [ RunTime:0.000036s ]
INFO: [ view_parse ] --START--
INFO: [ template_filter ] --START--
INFO: Run Behavior\ContentReplaceBehavior [ RunTime:0.000111s ]
INFO: [ template_filter ] --END-- [ RunTime:0.000133s ]
NOTIC: [8] Undefined variable: user_telephone /application/nginx-1.12.2/html/lovgarden_site/lovgarden/Application/Runtime/Cache/Home/5c9ee6d19cd41add49f97afe3aef0b25.php 第 233 行.
INFO: Run Behavior\ParseTemplateBehavior [ RunTime:0.004584s ]
INFO: [ view_parse ] --END-- [ RunTime:0.004601s ]
INFO: [ view_filter ] --START--
INFO: Run Behavior\WriteHtmlCacheBehavior [ RunTime:0.000026s ]
INFO: [ view_filter ] --END-- [ RunTime:0.000037s ]
INFO: [ app_end ] --START--
INFO: Run Behavior\ShowPageTraceBehavior [ RunTime:0.000024s ]
INFO: [ app_end ] --END-- [ RunTime:0.000043s ]

[ 2018-05-04T06:42:03+08:00 ] 140.205.205.25 /product/select_list
INFO: [ app_init ] --START--
INFO: Run Behavior\BuildLiteBehavior [ RunTime:0.000009s ]
INFO: [ app_init ] --END-- [ RunTime:0.000055s ]
INFO: [ app_begin ] --START--
INFO: Run Behavior\ReadHtmlCacheBehavior [ RunTime:0.000020s ]
INFO: [ app_begin ] --END-- [ RunTime:0.000038s ]
NOTIC: [2] Declaration of Home\Controller\ProductController::show($sku_id) should be compatible with Think\Controller::show($content, $charset = '', $contentType = '', $prefix = '') /application/nginx-1.12.2/html/lovgarden_site/lovgarden/Application/Home/Controller/ProductController.class.php 第 0 行.
SQL: SELECT image_pc,block_title,block_body,block_link_title FROM lovgarden_block WHERE page_link = "/product/select_list" [ RunTime:0.0001s ]
NOTIC: [2] Declaration of Admin\Model\ProductVarientModel::_before_insert($data, $option) should be compatible with Think\Model::_before_insert(&$data, $options) /application/nginx-1.12.2/html/lovgarden_site/lovgarden/Application/Admin/Model/ProductVarientModel.class.php 第 0 行.
SQL: SHOW COLUMNS FROM `lovgarden_product_varient` [ RunTime:0.0006s ]
SQL: SELECT product.id,product.sku_id,product.varient_name,product.varient_summary,product.varient_price,images.`image_url`,hurrylevelid.hurry_level_id,hurrylevel.hurry_level,flowertypeid.flower_type_id,flowertype.flower_name,floweroccasionid.flower_occasion_id,floweroccasion.flower_occasion,flowercolorid.flower_color_id,flowercolor.flower_color FROM lovgarden_product_varient product LEFT JOIN lovgarden_product_varient_images AS images ON product.id = images.product_varient_id LEFT JOIN lovgarden_product_varient_hurry_level AS hurrylevelid ON product.id = hurrylevelid.product_varient_id LEFT JOIN lovgarden_hurry_level AS hurrylevel ON hurrylevelid.hurry_level_id = hurrylevel.id LEFT JOIN lovgarden_product_varient_flower_type AS flowertypeid ON product.id = flowertypeid.product_varient_id LEFT JOIN lovgarden_flower_type AS flowertype ON flowertypeid.flower_type_id = flowertype.id LEFT JOIN lovgarden_product_varient_flower_occasion AS floweroccasionid ON product.id = floweroccasionid.product_varient_id LEFT JOIN lovgarden_flower_occasion AS floweroccasion ON floweroccasionid.flower_occasion_id = floweroccasion.id LEFT JOIN lovgarden_product_varient_flower_color AS flowercolorid ON product.id = flowercolorid.product_varient_id LEFT JOIN lovgarden_flower_color AS flowercolor ON flowercolorid.flower_color_id = flowercolor.id  WHERE product.varient_status = '1' ORDER BY product.sku_id asc  [ RunTime:0.0217s ]
NOTIC: [8] Undefined index: image_url /application/nginx-1.12.2/html/lovgarden_site/lovgarden/Application/Common/Common/function.php 第 109 行.
NOTIC: [2] in_array() expects parameter 2 to be array, null given /application/nginx-1.12.2/html/lovgarden_site/lovgarden/Application/Common/Common/function.php 第 109 行.
NOTIC: [8] Undefined index: hurry_level_id /application/nginx-1.12.2/html/lovgarden_site/lovgarden/Application/Common/Common/function.php 第 109 行.
NOTIC: [2] in_array() expects parameter 2 to be array, null given /application/nginx-1.12.2/html/lovgarden_site/lovgarden/Application/Common/Common/function.php 第 109 行.
NOTIC: [8] Undefined index: hurry_level /application/nginx-1.12.2/html/lovgarden_site/lovgarden/Application/Common/Common/function.php 第 109 行.
NOTIC: [2] in_array() expects parameter 2 to be array, null given /application/nginx-1.12.2/html/lovgarden_site/lovgarden/Application/Common/Common/function.php 第 109 行.
NOTIC: [8] Undefined index: flower_type_id /application/nginx-1.12.2/html/lovgarden_site/lovgarden/Application/Common/Common/function.php 第 109 行.
NOTIC: [2] in_array() expects parameter 2 to be array, null given /application/nginx-1.12.2/html/lovgarden_site/lovgarden/Application/Common/Common/function.php 第 109 行.
NOTIC: [8] Undefined index: flower_name /application/nginx-1.12.2/html/lovgarden_site/lovgarden/Application/Common/Common/function.php 第 109 行.
NOTIC: [2] in_array() expects parameter 2 to be array, null given /application/nginx-1.12.2/html/lovgarden_site/lovgarden/Application/Common/Common/function.php 第 109 行.
NOTIC: [8] Undefined index: flower_occasion_id /application/nginx-1.12.2/html/lovgarden_site/lovgarden/Application/Common/Common/function.php 第 109 行.
NOTIC: [2] in_array() expects parameter 2 to be array, null given /application/nginx-1.12.2/html/lovgarden_site/lovgarden/Application/Common/Common/function.php 第 109 行.
NOTIC: [8] Undefined index: flower_occasion /application/nginx-1.12.2/html/lovgarden_site/lovgarden/Application/Common/Common/function.php 第 109 行.
NOTIC: [2] in_array() expects parameter 2 to be array, null given /application/nginx-1.12.2/html/lovgarden_site/lovgarden/Application/Common/Common/function.php 第 109 行.
NOTIC: [8] Undefined index: flower_color_id /application/nginx-1.12.2/html/lovgarden_site/lovgarden/Application/Common/Common/function.php 第 109 行.
NOTIC: [2] in_array() expects parameter 2 to be array, null given /application/nginx-1.12.2/html/lovgarden_site/lovgarden/Application/Common/Common/function.php 第 109 行.
NOTIC: [8] Undefined index: flower_color /application/nginx-1.12.2/html/lovgarden_site/lovgarden/Application/Common/Common/function.php 第 109 行.
NOTIC: [2] in_array() expects parameter 2 to be array, null given /application/nginx-1.12.2/html/lovgarden_site/lovgarden/Application/Common/Common/function.php 第 109 行.
NOTIC: [8] Undefined index: image_url /application/nginx-1.12.2/html/lovgarden_site/lovgarden/Application/Common/Common/function.php 第 109 行.
NOTIC: [2] in_array() expects parameter 2 to be array, null given /application/nginx-1.12.2/html/lovgarden_site/lovgarden/Application/Common/Common/function.php 第 109 行.
NOTIC: [8] Undefined index: hurry_level_id /application/nginx-1.12.2/html/lovgarden_site/lovgarden/Application/Common/Common/function.php 第 109 行.
NOTIC: [2] in_array() expects parameter 2 to be array, null given /application/nginx-1.12.2/html/lovgarden_site/lovgarden/Application/Common/Common/function.php 第 109 行.
NOTIC: [8] Undefined index: hurry_level /application/nginx-1.12.2/html/lovgarden_site/lovgarden/Application/Common/Common/function.php 第 109 行.
NOTIC: [2] in_array() expects parameter 2 to be array, null given /application/nginx-1.12.2/html/lovgarden_site/lovgarden/Application/Common/Common/function.php 第 109 行.
NOTIC: [8] Undefined index: flower_type_id /application/nginx-1.12.2/html/lovgarden_site/lovgarden/Application/Common/Common/function.php 第 109 行.
NOTIC: [2] in_array() expects parameter 2 to be array, null given /application/nginx-1.12.2/html/lovgarden_site/lovgarden/Application/Common/Common/function.php 第 109 行.
NOTIC: [8] Undefined index: flower_name /application/nginx-1.12.2/html/lovgarden_site/lovgarden/Application/Common/Common/function.php 第 109 行.
NOTIC: [2] in_array() expects parameter 2 to be array, null given /application/nginx-1.12.2/html/lovgarden_site/lovgarden/Application/Common/Common/function.php 第 109 行.
NOTIC: [8] Undefined index: flower_occasion_id /application/nginx-1.12.2/html/lovgarden_site/lovgarden/Application/Common/Common/function.php 第 109 行.
NOTIC: [2] in_array() expects parameter 2 to be array, null given /application/nginx-1.12.2/html/lovgarden_site/lovgarden/Application/Common/Common/function.php 第 109 行.
NOTIC: [8] Undefined index: flower_occasion /application/nginx-1.12.2/html/lovgarden_site/lovgarden/Application/Common/Common/function.php 第 109 行.
NOTIC: [2] in_array() expects parameter 2 to be array, null given /application/nginx-1.12.2/html/lovgarden_site/lovgarden/Application/Common/Common/function.php 第 109 行.
NOTIC: [8] Undefined index: flower_color_id /application/nginx-1.12.2/html/lovgarden_site/lovgarden/Application/Common/Common/function.php 第 109 行.
NOTIC: [2] in_array() expects parameter 2 to be array, null given /application/nginx-1.12.2/html/lovgarden_site/lovgarden/Application/Common/Common/function.php 第 109 行.
NOTIC: [8] Undefined index: flower_color /application/nginx-1.12.2/html/lovgarden_site/lovgarden/Application/Common/Common/function.php 第 109 行.
NOTIC: [2] in_array() expects parameter 2 to be array, null given /application/nginx-1.12.2/html/lovgarden_site/lovgarden/Application/Common/Common/function.php 第 109 行.
NOTIC: [8] Undefined index: image_url /application/nginx-1.12.2/html/lovgarden_site/lovgarden/Application/Common/Common/function.php 第 109 行.
NOTIC: [2] in_array() expects parameter 2 to be array, null given /application/nginx-1.12.2/html/lovgarden_site/lovgarden/Application/Common/Common/function.php 第 109 行.
NOTIC: [8] Undefined index: hurry_level_id /application/nginx-1.12.2/html/lovgarden_site/lovgarden/Application/Common/Common/function.php 第 109 行.
NOTIC: [2] in_array() expects parameter 2 to be array, null given /application/nginx-1.12.2/html/lovgarden_site/lovgarden/Application/Common/Common/function.php 第 109 行.
NOTIC: [8] Undefined index: hurry_level /application/nginx-1.12.2/html/lovgarden_site/lovgarden/Application/Common/Common/function.php 第 109 行.
NOTIC: [2] in_array() expects parameter 2 to be array, null given /application/nginx-1.12.2/html/lovgarden_site/lovgarden/Application/Common/Common/function.php 第 109 行.
NOTIC: [8] Undefined index: flower_type_id /application/nginx-1.12.2/html/lovgarden_site/lovgarden/Application/Common/Common/function.php 第 109 行.
NOTIC: [2] in_array() expects parameter 2 to be array, null given /application/nginx-1.12.2/html/lovgarden_site/lovgarden/Application/Common/Common/function.php 第 109 行.
NOTIC: [8] Undefined index: flower_name /application/nginx-1.12.2/html/lovgarden_site/lovgarden/Application/Common/Common/function.php 第 109 行.
NOTIC: [2] in_array() expects parameter 2 to be array, null given /application/nginx-1.12.2/html/lovgarden_site/lovgarden/Application/Common/Common/function.php 第 109 行.
NOTIC: [8] Undefined index: flower_occasion_id /application/nginx-1.12.2/html/lovgarden_site/lovgarden/Application/Common/Common/function.php 第 109 行.
NOTIC: [2] in_array() expects parameter 2 to be array, null given /application/nginx-1.12.2/html/lovgarden_site/lovgarden/Application/Common/Common/function.php 第 109 行.
NOTIC: [8] Undefined index: flower_occasion /application/nginx-1.12.2/html/lovgarden_site/lovgarden/Application/Common/Common/function.php 第 109 行.
NOTIC: [2] in_array() expects parameter 2 to be array, null given /application/nginx-1.12.2/html/lovgarden_site/lovgarden/Application/Common/Common/function.php 第 109 行.
NOTIC: [8] Undefined index: flower_color_id /application/nginx-1.12.2/html/lovgarden_site/lovgarden/Application/Common/Common/function.php 第 109 行.
NOTIC: [2] in_array() expects parameter 2 to be array, null given /application/nginx-1.12.2/html/lovgarden_site/lovgarden/Application/Common/Common/function.php 第 109 行.
NOTIC: [8] Undefined index: flower_color /application/nginx-1.12.2/html/lovgarden_site/lovgarden/Application/Common/Common/function.php 第 109 行.
NOTIC: [2] in_array() expects parameter 2 to be array, null given /application/nginx-1.12.2/html/lovgarden_site/lovgarden/Application/Common/Common/function.php 第 109 行.
NOTIC: [8] Undefined index: image_url /application/nginx-1.12.2/html/lovgarden_site/lovgarden/Application/Common/Common/function.php 第 109 行.
NOTIC: [2] in_array() expects parameter 2 to be array, null given /application/nginx-1.12.2/html/lovgarden_site/lovgarden/Application/Common/Common/function.php 第 109 行.
NOTIC: [8] Undefined index: hurry_level_id /application/nginx-1.12.2/html/lovgarden_site/lovgarden/Application/Common/Common/function.php 第 109 行.
NOTIC: [2] in_array() expects parameter 2 to be array, null given /application/nginx-1.12.2/html/lovgarden_site/lovgarden/Application/Common/Common/function.php 第 109 行.
NOTIC: [8] Undefined index: hurry_level /application/nginx-1.12.2/html/lovgarden_site/lovgarden/Application/Common/Common/function.php 第 109 行.
NOTIC: [2] in_array() expects parameter 2 to be array, null given /application/nginx-1.12.2/html/lovgarden_site/lovgarden/Application/Common/Common/function.php 第 109 行.
NOTIC: [8] Undefined index: flower_type_id /application/nginx-1.12.2/html/lovgarden_site/lovgarden/Application/Common/Common/function.php 第 109 行.
NOTIC: [2] in_array() expects parameter 2 to be array, null given /application/nginx-1.12.2/html/lovgarden_site/lovgarden/Application/Common/Common/function.php 第 109 行.
NOTIC: [8] Undefined index: flower_name /application/nginx-1.12.2/html/lovgarden_site/lovgarden/Application/Common/Common/function.php 第 109 行.
NOTIC: [2] in_array() expects parameter 2 to be array, null given /application/nginx-1.12.2/html/lovgarden_site/lovgarden/Application/Common/Common/function.php 第 109 行.
NOTIC: [8] Undefined index: flower_occasion_id /application/nginx-1.12.2/html/lovgarden_site/lovgarden/Application/Common/Common/function.php 第 109 行.
NOTIC: [2] in_array() expects parameter 2 to be array, null given /application/nginx-1.12.2/html/lovgarden_site/lovgarden/Application/Common/Common/function.php 第 109 行.
NOTIC: [8] Undefined index: flower_occasion /application/nginx-1.12.2/html/lovgarden_site/lovgarden/Application/Common/Common/function.php 第 109 行.
NOTIC: [2] in_array() expects parameter 2 to be array, null given /application/nginx-1.12.2/html/lovgarden_site/lovgarden/Application/Common/Common/function.php 第 109 行.
NOTIC: [8] Undefined index: flower_color_id /application/nginx-1.12.2/html/lovgarden_site/lovgarden/Application/Common/Common/function.php 第 109 行.
NOTIC: [2] in_array() expects parameter 2 to be array, null given /application/nginx-1.12.2/html/lovgarden_site/lovgarden/Application/Common/Common/function.php 第 109 行.
NOTIC: [8] Undefined index: flower_color /application/nginx-1.12.2/html/lovgarden_site/lovgarden/Application/Common/Common/function.php 第 109 行.
NOTIC: [2] in_array() expects parameter 2 to be array, null given /application/nginx-1.12.2/html/lovgarden_site/lovgarden/Application/Common/Common/function.php 第 109 行.
NOTIC: [8] Undefined index: image_url /application/nginx-1.12.2/html/lovgarden_site/lovgarden/Application/Common/Common/function.php 第 109 行.
NOTIC: [2] in_array() expects parameter 2 to be array, null given /application/nginx-1.12.2/html/lovgarden_site/lovgarden/Application/Common/Common/function.php 第 109 行.
NOTIC: [8] Undefined index: hurry_level_id /application/nginx-1.12.2/html/lovgarden_site/lovgarden/Application/Common/Common/function.php 第 109 行.
NOTIC: [2] in_array() expects parameter 2 to be array, null given /application/nginx-1.12.2/html/lovgarden_site/lovgarden/Application/Common/Common/function.php 第 109 行.
NOTIC: [8] Undefined index: hurry_level /application/nginx-1.12.2/html/lovgarden_site/lovgarden/Application/Common/Common/function.php 第 109 行.
NOTIC: [2] in_array() expects parameter 2 to be array, null given /application/nginx-1.12.2/html/lovgarden_site/lovgarden/Application/Common/Common/function.php 第 109 行.
NOTIC: [8] Undefined index: flower_type_id /application/nginx-1.12.2/html/lovgarden_site/lovgarden/Application/Common/Common/function.php 第 109 行.
NOTIC: [2] in_array() expects parameter 2 to be array, null given /application/nginx-1.12.2/html/lovgarden_site/lovgarden/Application/Common/Common/function.php 第 109 行.
NOTIC: [8] Undefined index: flower_name /application/nginx-1.12.2/html/lovgarden_site/lovgarden/Application/Common/Common/function.php 第 109 行.
NOTIC: [2] in_array() expects parameter 2 to be array, null given /application/nginx-1.12.2/html/lovgarden_site/lovgarden/Application/Common/Common/function.php 第 109 行.
NOTIC: [8] Undefined index: flower_occasion_id /application/nginx-1.12.2/html/lovgarden_site/lovgarden/Application/Common/Common/function.php 第 109 行.
NOTIC: [2] in_array() expects parameter 2 to be array, null given /application/nginx-1.12.2/html/lovgarden_site/lovgarden/Application/Common/Common/function.php 第 109 行.
NOTIC: [8] Undefined index: flower_occasion /application/nginx-1.12.2/html/lovgarden_site/lovgarden/Application/Common/Common/function.php 第 109 行.
NOTIC: [2] in_array() expects parameter 2 to be array, null given /application/nginx-1.12.2/html/lovgarden_site/lovgarden/Application/Common/Common/function.php 第 109 行.
NOTIC: [8] Undefined index: flower_color_id /application/nginx-1.12.2/html/lovgarden_site/lovgarden/Application/Common/Common/function.php 第 109 行.
NOTIC: [2] in_array() expects parameter 2 to be array, null given /application/nginx-1.12.2/html/lovgarden_site/lovgarden/Application/Common/Common/function.php 第 109 行.
NOTIC: [8] Undefined index: flower_color /application/nginx-1.12.2/html/lovgarden_site/lovgarden/Application/Common/Common/function.php 第 109 行.
NOTIC: [2] in_array() expects parameter 2 to be array, null given /application/nginx-1.12.2/html/lovgarden_site/lovgarden/Application/Common/Common/function.php 第 109 行.
NOTIC: [8] Undefined index: image_url /application/nginx-1.12.2/html/lovgarden_site/lovgarden/Application/Common/Common/function.php 第 109 行.
NOTIC: [2] in_array() expects parameter 2 to be array, null given /application/nginx-1.12.2/html/lovgarden_site/lovgarden/Application/Common/Common/function.php 第 109 行.
NOTIC: [8] Undefined index: hurry_level_id /application/nginx-1.12.2/html/lovgarden_site/lovgarden/Application/Common/Common/function.php 第 109 行.
NOTIC: [2] in_array() expects parameter 2 to be array, null given /application/nginx-1.12.2/html/lovgarden_site/lovgarden/Application/Common/Common/function.php 第 109 行.
NOTIC: [8] Undefined index: hurry_level /application/nginx-1.12.2/html/lovgarden_site/lovgarden/Application/Common/Common/function.php 第 109 行.
NOTIC: [2] in_array() expects parameter 2 to be array, null given /application/nginx-1.12.2/html/lovgarden_site/lovgarden/Application/Common/Common/function.php 第 109 行.
NOTIC: [8] Undefined index: flower_type_id /application/nginx-1.12.2/html/lovgarden_site/lovgarden/Application/Common/Common/function.php 第 109 行.
NOTIC: [2] in_array() expects parameter 2 to be array, null given /application/nginx-1.12.2/html/lovgarden_site/lovgarden/Application/Common/Common/function.php 第 109 行.
NOTIC: [8] Undefined index: flower_name /application/nginx-1.12.2/html/lovgarden_site/lovgarden/Application/Common/Common/function.php 第 109 行.
NOTIC: [2] in_array() expects parameter 2 to be array, null given /application/nginx-1.12.2/html/lovgarden_site/lovgarden/Application/Common/Common/function.php 第 109 行.
NOTIC: [8] Undefined index: flower_occasion_id /application/nginx-1.12.2/html/lovgarden_site/lovgarden/Application/Common/Common/function.php 第 109 行.
NOTIC: [2] in_array() expects parameter 2 to be array, null given /application/nginx-1.12.2/html/lovgarden_site/lovgarden/Application/Common/Common/function.php 第 109 行.
NOTIC: [8] Undefined index: flower_occasion /application/nginx-1.12.2/html/lovgarden_site/lovgarden/Application/Common/Common/function.php 第 109 行.
NOTIC: [2] in_array() expects parameter 2 to be array, null given /application/nginx-1.12.2/html/lovgarden_site/lovgarden/Application/Common/Common/function.php 第 109 行.
NOTIC: [8] Undefined index: flower_color_id /application/nginx-1.12.2/html/lovgarden_site/lovgarden/Application/Common/Common/function.php 第 109 行.
NOTIC: [2] in_array() expects parameter 2 to be array, null given /application/nginx-1.12.2/html/lovgarden_site/lovgarden/Application/Common/Common/function.php 第 109 行.
NOTIC: [8] Undefined index: flower_color /application/nginx-1.12.2/html/lovgarden_site/lovgarden/Application/Common/Common/function.php 第 109 行.
NOTIC: [2] in_array() expects parameter 2 to be array, null given /application/nginx-1.12.2/html/lovgarden_site/lovgarden/Application/Common/Common/function.php 第 109 行.
NOTIC: [8] Undefined index: image_url /application/nginx-1.12.2/html/lovgarden_site/lovgarden/Application/Common/Common/function.php 第 109 行.
NOTIC: [2] in_array() expects parameter 2 to be array, null given /application/nginx-1.12.2/html/lovgarden_site/lovgarden/Application/Common/Common/function.php 第 109 行.
NOTIC: [8] Undefined index: hurry_level_id /application/nginx-1.12.2/html/lovgarden_site/lovgarden/Application/Common/Common/function.php 第 109 行.
NOTIC: [2] in_array() expects parameter 2 to be array, null given /application/nginx-1.12.2/html/lovgarden_site/lovgarden/Application/Common/Common/function.php 第 109 行.
NOTIC: [8] Undefined index: hurry_level /application/nginx-1.12.2/html/lovgarden_site/lovgarden/Application/Common/Common/function.php 第 109 行.
NOTIC: [2] in_array() expects parameter 2 to be array, null given /application/nginx-1.12.2/html/lovgarden_site/lovgarden/Application/Common/Common/function.php 第 109 行.
NOTIC: [8] Undefined index: flower_type_id /application/nginx-1.12.2/html/lovgarden_site/lovgarden/Application/Common/Common/function.php 第 109 行.
NOTIC: [2] in_array() expects parameter 2 to be array, null given /application/nginx-1.12.2/html/lovgarden_site/lovgarden/Application/Common/Common/function.php 第 109 行.
NOTIC: [8] Undefined index: flower_name /application/nginx-1.12.2/html/lovgarden_site/lovgarden/Application/Common/Common/function.php 第 109 行.
NOTIC: [2] in_array() expects parameter 2 to be array, null given /application/nginx-1.12.2/html/lovgarden_site/lovgarden/Application/Common/Common/function.php 第 109 行.
NOTIC: [8] Undefined index: flower_occasion_id /application/nginx-1.12.2/html/lovgarden_site/lovgarden/Application/Common/Common/function.php 第 109 行.
NOTIC: [2] in_array() expects parameter 2 to be array, null given /application/nginx-1.12.2/html/lovgarden_site/lovgarden/Application/Common/Common/function.php 第 109 行.
NOTIC: [8] Undefined index: flower_occasion /application/nginx-1.12.2/html/lovgarden_site/lovgarden/Application/Common/Common/function.php 第 109 行.
NOTIC: [2] in_array() expects parameter 2 to be array, null given /application/nginx-1.12.2/html/lovgarden_site/lovgarden/Application/Common/Common/function.php 第 109 行.
NOTIC: [8] Undefined index: flower_color_id /application/nginx-1.12.2/html/lovgarden_site/lovgarden/Application/Common/Common/function.php 第 109 行.
NOTIC: [2] in_array() expects parameter 2 to be array, null given /application/nginx-1.12.2/html/lovgarden_site/lovgarden/Application/Common/Common/function.php 第 109 行.
NOTIC: [8] Undefined index: flower_color /application/nginx-1.12.2/html/lovgarden_site/lovgarden/Application/Common/Common/function.php 第 109 行.
NOTIC: [2] in_array() expects parameter 2 to be array, null given /application/nginx-1.12.2/html/lovgarden_site/lovgarden/Application/Common/Common/function.php 第 109 行.
NOTIC: [8] Undefined index: image_url /application/nginx-1.12.2/html/lovgarden_site/lovgarden/Application/Common/Common/function.php 第 109 行.
NOTIC: [2] in_array() expects parameter 2 to be array, null given /application/nginx-1.12.2/html/lovgarden_site/lovgarden/Application/Common/Common/function.php 第 109 行.
NOTIC: [8] Undefined index: hurry_level_id /application/nginx-1.12.2/html/lovgarden_site/lovgarden/Application/Common/Common/function.php 第 109 行.
NOTIC: [2] in_array() expects parameter 2 to be array, null given /application/nginx-1.12.2/html/lovgarden_site/lovgarden/Application/Common/Common/function.php 第 109 行.
NOTIC: [8] Undefined index: hurry_level /application/nginx-1.12.2/html/lovgarden_site/lovgarden/Application/Common/Common/function.php 第 109 行.
NOTIC: [2] in_array() expects parameter 2 to be array, null given /application/nginx-1.12.2/html/lovgarden_site/lovgarden/Application/Common/Common/function.php 第 109 行.
NOTIC: [8] Undefined index: flower_type_id /application/nginx-1.12.2/html/lovgarden_site/lovgarden/Application/Common/Common/function.php 第 109 行.
NOTIC: [2] in_array() expects parameter 2 to be array, null given /application/nginx-1.12.2/html/lovgarden_site/lovgarden/Application/Common/Common/function.php 第 109 行.
NOTIC: [8] Undefined index: flower_name /application/nginx-1.12.2/html/lovgarden_site/lovgarden/Application/Common/Common/function.php 第 109 行.
NOTIC: [2] in_array() expects parameter 2 to be array, null given /application/nginx-1.12.2/html/lovgarden_site/lovgarden/Application/Common/Common/function.php 第 109 行.
NOTIC: [8] Undefined index: flower_occasion_id /application/nginx-1.12.2/html/lovgarden_site/lovgarden/Application/Common/Common/function.php 第 109 行.
NOTIC: [2] in_array() expects parameter 2 to be array, null given /application/nginx-1.12.2/html/lovgarden_site/lovgarden/Application/Common/Common/function.php 第 109 行.
NOTIC: [8] Undefined index: flower_occasion /application/nginx-1.12.2/html/lovgarden_site/lovgarden/Application/Common/Common/function.php 第 109 行.
NOTIC: [2] in_array() expects parameter 2 to be array, null given /application/nginx-1.12.2/html/lovgarden_site/lovgarden/Application/Common/Common/function.php 第 109 行.
NOTIC: [8] Undefined index: flower_color_id /application/nginx-1.12.2/html/lovgarden_site/lovgarden/Application/Common/Common/function.php 第 109 行.
NOTIC: [2] in_array() expects parameter 2 to be array, null given /application/nginx-1.12.2/html/lovgarden_site/lovgarden/Application/Common/Common/function.php 第 109 行.
NOTIC: [8] Undefined index: flower_color /application/nginx-1.12.2/html/lovgarden_site/lovgarden/Application/Common/Common/function.php 第 109 行.
NOTIC: [2] in_array() expects parameter 2 to be array, null given /application/nginx-1.12.2/html/lovgarden_site/lovgarden/Application/Common/Common/function.php 第 109 行.
NOTIC: [8] Undefined index: image_url /application/nginx-1.12.2/html/lovgarden_site/lovgarden/Application/Common/Common/function.php 第 109 行.
NOTIC: [2] in_array() expects parameter 2 to be array, null given /application/nginx-1.12.2/html/lovgarden_site/lovgarden/Application/Common/Common/function.php 第 109 行.
NOTIC: [8] Undefined index: hurry_level_id /application/nginx-1.12.2/html/lovgarden_site/lovgarden/Application/Common/Common/function.php 第 109 行.
NOTIC: [2] in_array() expects parameter 2 to be array, null given /application/nginx-1.12.2/html/lovgarden_site/lovgarden/Application/Common/Common/function.php 第 109 行.
NOTIC: [8] Undefined index: hurry_level /application/nginx-1.12.2/html/lovgarden_site/lovgarden/Application/Common/Common/function.php 第 109 行.
NOTIC: [2] in_array() expects parameter 2 to be array, null given /application/nginx-1.12.2/html/lovgarden_site/lovgarden/Application/Common/Common/function.php 第 109 行.
NOTIC: [8] Undefined index: flower_type_id /application/nginx-1.12.2/html/lovgarden_site/lovgarden/Application/Common/Common/function.php 第 109 行.
NOTIC: [2] in_array() expects parameter 2 to be array, null given /application/nginx-1.12.2/html/lovgarden_site/lovgarden/Application/Common/Common/function.php 第 109 行.
NOTIC: [8] Undefined index: flower_name /application/nginx-1.12.2/html/lovgarden_site/lovgarden/Application/Common/Common/function.php 第 109 行.
NOTIC: [2] in_array() expects parameter 2 to be array, null given /application/nginx-1.12.2/html/lovgarden_site/lovgarden/Application/Common/Common/function.php 第 109 行.
NOTIC: [8] Undefined index: flower_occasion_id /application/nginx-1.12.2/html/lovgarden_site/lovgarden/Application/Common/Common/function.php 第 109 行.
NOTIC: [2] in_array() expects parameter 2 to be array, null given /application/nginx-1.12.2/html/lovgarden_site/lovgarden/Application/Common/Common/function.php 第 109 行.
NOTIC: [8] Undefined index: flower_occasion /application/nginx-1.12.2/html/lovgarden_site/lovgarden/Application/Common/Common/function.php 第 109 行.
NOTIC: [2] in_array() expects parameter 2 to be array, null given /application/nginx-1.12.2/html/lovgarden_site/lovgarden/Application/Common/Common/function.php 第 109 行.
NOTIC: [8] Undefined index: flower_color_id /application/nginx-1.12.2/html/lovgarden_site/lovgarden/Application/Common/Common/function.php 第 109 行.
NOTIC: [2] in_array() expects parameter 2 to be array, null given /application/nginx-1.12.2/html/lovgarden_site/lovgarden/Application/Common/Common/function.php 第 109 行.
NOTIC: [8] Undefined index: flower_color /application/nginx-1.12.2/html/lovgarden_site/lovgarden/Application/Common/Common/function.php 第 109 行.
NOTIC: [2] in_array() expects parameter 2 to be array, null given /application/nginx-1.12.2/html/lovgarden_site/lovgarden/Application/Common/Common/function.php 第 109 行.
NOTIC: [8] Undefined index: image_url /application/nginx-1.12.2/html/lovgarden_site/lovgarden/Application/Common/Common/function.php 第 109 行.
NOTIC: [2] in_array() expects parameter 2 to be array, null given /application/nginx-1.12.2/html/lovgarden_site/lovgarden/Application/Common/Common/function.php 第 109 行.
NOTIC: [8] Undefined index: hurry_level_id /application/nginx-1.12.2/html/lovgarden_site/lovgarden/Application/Common/Common/function.php 第 109 行.
NOTIC: [2] in_array() expects parameter 2 to be array, null given /application/nginx-1.12.2/html/lovgarden_site/lovgarden/Application/Common/Common/function.php 第 109 行.
NOTIC: [8] Undefined index: hurry_level /application/nginx-1.12.2/html/lovgarden_site/lovgarden/Application/Common/Common/function.php 第 109 行.
NOTIC: [2] in_array() expects parameter 2 to be array, null given /application/nginx-1.12.2/html/lovgarden_site/lovgarden/Application/Common/Common/function.php 第 109 行.
NOTIC: [8] Undefined index: flower_type_id /application/nginx-1.12.2/html/lovgarden_site/lovgarden/Application/Common/Common/function.php 第 109 行.
NOTIC: [2] in_array() expects parameter 2 to be array, null given /application/nginx-1.12.2/html/lovgarden_site/lovgarden/Application/Common/Common/function.php 第 109 行.
NOTIC: [8] Undefined index: flower_name /application/nginx-1.12.2/html/lovgarden_site/lovgarden/Application/Common/Common/function.php 第 109 行.
NOTIC: [2] in_array() expects parameter 2 to be array, null given /application/nginx-1.12.2/html/lovgarden_site/lovgarden/Application/Common/Common/function.php 第 109 行.
NOTIC: [8] Undefined index: flower_occasion_id /application/nginx-1.12.2/html/lovgarden_site/lovgarden/Application/Common/Common/function.php 第 109 行.
NOTIC: [2] in_array() expects parameter 2 to be array, null given /application/nginx-1.12.2/html/lovgarden_site/lovgarden/Application/Common/Common/function.php 第 109 行.
NOTIC: [8] Undefined index: flower_occasion /application/nginx-1.12.2/html/lovgarden_site/lovgarden/Application/Common/Common/function.php 第 109 行.
NOTIC: [2] in_array() expects parameter 2 to be array, null given /application/nginx-1.12.2/html/lovgarden_site/lovgarden/Application/Common/Common/function.php 第 109 行.
NOTIC: [8] Undefined index: flower_color_id /application/nginx-1.12.2/html/lovgarden_site/lovgarden/Application/Common/Common/function.php 第 109 行.
NOTIC: [2] in_array() expects parameter 2 to be array, null given /application/nginx-1.12.2/html/lovgarden_site/lovgarden/Application/Common/Common/function.php 第 109 行.
NOTIC: [8] Undefined index: flower_color /application/nginx-1.12.2/html/lovgarden_site/lovgarden/Application/Common/Common/function.php 第 109 行.
NOTIC: [2] in_array() expects parameter 2 to be array, null given /application/nginx-1.12.2/html/lovgarden_site/lovgarden/Application/Common/Common/function.php 第 109 行.
NOTIC: [8] Undefined index: image_url /application/nginx-1.12.2/html/lovgarden_site/lovgarden/Application/Common/Common/function.php 第 109 行.
NOTIC: [2] in_array() expects parameter 2 to be array, null given /application/nginx-1.12.2/html/lovgarden_site/lovgarden/Application/Common/Common/function.php 第 109 行.
NOTIC: [8] Undefined index: hurry_level_id /application/nginx-1.12.2/html/lovgarden_site/lovgarden/Application/Common/Common/function.php 第 109 行.
NOTIC: [2] in_array() expects parameter 2 to be array, null given /application/nginx-1.12.2/html/lovgarden_site/lovgarden/Application/Common/Common/function.php 第 109 行.
NOTIC: [8] Undefined index: hurry_level /application/nginx-1.12.2/html/lovgarden_site/lovgarden/Application/Common/Common/function.php 第 109 行.
NOTIC: [2] in_array() expects parameter 2 to be array, null given /application/nginx-1.12.2/html/lovgarden_site/lovgarden/Application/Common/Common/function.php 第 109 行.
NOTIC: [8] Undefined index: flower_type_id /application/nginx-1.12.2/html/lovgarden_site/lovgarden/Application/Common/Common/function.php 第 109 行.
NOTIC: [2] in_array() expects parameter 2 to be array, null given /application/nginx-1.12.2/html/lovgarden_site/lovgarden/Application/Common/Common/function.php 第 109 行.
NOTIC: [8] Undefined index: flower_name /application/nginx-1.12.2/html/lovgarden_site/lovgarden/Application/Common/Common/function.php 第 109 行.
NOTIC: [2] in_array() expects parameter 2 to be array, null given /application/nginx-1.12.2/html/lovgarden_site/lovgarden/Application/Common/Common/function.php 第 109 行.
NOTIC: [8] Undefined index: flower_occasion_id /application/nginx-1.12.2/html/lovgarden_site/lovgarden/Application/Common/Common/function.php 第 109 行.
NOTIC: [2] in_array() expects parameter 2 to be array, null given /application/nginx-1.12.2/html/lovgarden_site/lovgarden/Application/Common/Common/function.php 第 109 行.
NOTIC: [8] Undefined index: flower_occasion /application/nginx-1.12.2/html/lovgarden_site/lovgarden/Application/Common/Common/function.php 第 109 行.
NOTIC: [2] in_array() expects parameter 2 to be array, null given /application/nginx-1.12.2/html/lovgarden_site/lovgarden/Application/Common/Common/function.php 第 109 行.
NOTIC: [8] Undefined index: flower_color_id /application/nginx-1.12.2/html/lovgarden_site/lovgarden/Application/Common/Common/function.php 第 109 行.
NOTIC: [2] in_array() expects parameter 2 to be array, null given /application/nginx-1.12.2/html/lovgarden_site/lovgarden/Application/Common/Common/function.php 第 109 行.
NOTIC: [8] Undefined index: flower_color /application/nginx-1.12.2/html/lovgarden_site/lovgarden/Application/Common/Common/function.php 第 109 行.
NOTIC: [2] in_array() expects parameter 2 to be array, null given /application/nginx-1.12.2/html/lovgarden_site/lovgarden/Application/Common/Common/function.php 第 109 行.
NOTIC: [8] Undefined index: image_url /application/nginx-1.12.2/html/lovgarden_site/lovgarden/Application/Common/Common/function.php 第 109 行.
NOTIC: [2] in_array() expects parameter 2 to be array, null given /application/nginx-1.12.2/html/lovgarden_site/lovgarden/Application/Common/Common/function.php 第 109 行.
NOTIC: [8] Undefined index: hurry_level_id /application/nginx-1.12.2/html/lovgarden_site/lovgarden/Application/Common/Common/function.php 第 109 行.
NOTIC: [2] in_array() expects parameter 2 to be array, null given /application/nginx-1.12.2/html/lovgarden_site/lovgarden/Application/Common/Common/function.php 第 109 行.
NOTIC: [8] Undefined index: hurry_level /application/nginx-1.12.2/html/lovgarden_site/lovgarden/Application/Common/Common/function.php 第 109 行.
NOTIC: [2] in_array() expects parameter 2 to be array, null given /application/nginx-1.12.2/html/lovgarden_site/lovgarden/Application/Common/Common/function.php 第 109 行.
NOTIC: [8] Undefined index: flower_type_id /application/nginx-1.12.2/html/lovgarden_site/lovgarden/Application/Common/Common/function.php 第 109 行.
NOTIC: [2] in_array() expects parameter 2 to be array, null given /application/nginx-1.12.2/html/lovgarden_site/lovgarden/Application/Common/Common/function.php 第 109 行.
NOTIC: [8] Undefined index: flower_name /application/nginx-1.12.2/html/lovgarden_site/lovgarden/Application/Common/Common/function.php 第 109 行.
NOTIC: [2] in_array() expects parameter 2 to be array, null given /application/nginx-1.12.2/html/lovgarden_site/lovgarden/Application/Common/Common/function.php 第 109 行.
NOTIC: [8] Undefined index: flower_occasion_id /application/nginx-1.12.2/html/lovgarden_site/lovgarden/Application/Common/Common/function.php 第 109 行.
NOTIC: [2] in_array() expects parameter 2 to be array, null given /application/nginx-1.12.2/html/lovgarden_site/lovgarden/Application/Common/Common/function.php 第 109 行.
NOTIC: [8] Undefined index: flower_occasion /application/nginx-1.12.2/html/lovgarden_site/lovgarden/Application/Common/Common/function.php 第 109 行.
NOTIC: [2] in_array() expects parameter 2 to be array, null given /application/nginx-1.12.2/html/lovgarden_site/lovgarden/Application/Common/Common/function.php 第 109 行.
NOTIC: [8] Undefined index: flower_color_id /application/nginx-1.12.2/html/lovgarden_site/lovgarden/Application/Common/Common/function.php 第 109 行.
NOTIC: [2] in_array() expects parameter 2 to be array, null given /application/nginx-1.12.2/html/lovgarden_site/lovgarden/Application/Common/Common/function.php 第 109 行.
NOTIC: [8] Undefined index: flower_color /application/nginx-1.12.2/html/lovgarden_site/lovgarden/Application/Common/Common/function.php 第 109 行.
NOTIC: [2] in_array() expects parameter 2 to be array, null given /application/nginx-1.12.2/html/lovgarden_site/lovgarden/Application/Common/Common/function.php 第 109 行.
SQL: select id, hurry_level from lovgarden_hurry_level [ RunTime:0.0001s ]
SQL: select id, flower_name from lovgarden_flower_type [ RunTime:0.0001s ]
SQL: select id, flower_occasion from lovgarden_flower_occasion [ RunTime:0.0001s ]
SQL: select id, flower_color from lovgarden_flower_color [ RunTime:0.0001s ]
INFO: [ view_parse ] --START--
INFO: [ template_filter ] --START--
INFO: Run Behavior\ContentReplaceBehavior [ RunTime:0.000209s ]
INFO: [ template_filter ] --END-- [ RunTime:0.000235s ]
NOTIC: [8] Undefined index: hurryLevel /application/nginx-1.12.2/html/lovgarden_site/lovgarden/Application/Runtime/Cache/Home/afae4ad50d97c51a10b9a6b53125e1ae.php 第 245 行.
NOTIC: [2] in_array() expects parameter 2 to be array, null given /application/nginx-1.12.2/html/lovgarden_site/lovgarden/Application/Runtime/Cache/Home/afae4ad50d97c51a10b9a6b53125e1ae.php 第 245 行.
NOTIC: [8] Undefined index: hurryLevel /application/nginx-1.12.2/html/lovgarden_site/lovgarden/Application/Runtime/Cache/Home/afae4ad50d97c51a10b9a6b53125e1ae.php 第 245 行.
NOTIC: [2] in_array() expects parameter 2 to be array, null given /application/nginx-1.12.2/html/lovgarden_site/lovgarden/Application/Runtime/Cache/Home/afae4ad50d97c51a10b9a6b53125e1ae.php 第 245 行.
NOTIC: [8] Undefined index: flowerType /application/nginx-1.12.2/html/lovgarden_site/lovgarden/Application/Runtime/Cache/Home/afae4ad50d97c51a10b9a6b53125e1ae.php 第 259 行.
NOTIC: [2] in_array() expects parameter 2 to be array, null given /application/nginx-1.12.2/html/lovgarden_site/lovgarden/Application/Runtime/Cache/Home/afae4ad50d97c51a10b9a6b53125e1ae.php 第 259 行.
NOTIC: [8] Undefined index: flowerType /application/nginx-1.12.2/html/lovgarden_site/lovgarden/Application/Runtime/Cache/Home/afae4ad50d97c51a10b9a6b53125e1ae.php 第 259 行.
NOTIC: [2] in_array() expects parameter 2 to be array, null given /application/nginx-1.12.2/html/lovgarden_site/lovgarden/Application/Runtime/Cache/Home/afae4ad50d97c51a10b9a6b53125e1ae.php 第 259 行.
NOTIC: [8] Undefined index: flowerType /application/nginx-1.12.2/html/lovgarden_site/lovgarden/Application/Runtime/Cache/Home/afae4ad50d97c51a10b9a6b53125e1ae.php 第 259 行.
NOTIC: [2] in_array() expects parameter 2 to be array, null given /application/nginx-1.12.2/html/lovgarden_site/lovgarden/Application/Runtime/Cache/Home/afae4ad50d97c51a10b9a6b53125e1ae.php 第 259 行.
NOTIC: [8] Undefined index: flowerType /application/nginx-1.12.2/html/lovgarden_site/lovgarden/Application/Runtime/Cache/Home/afae4ad50d97c51a10b9a6b53125e1ae.php 第 259 行.
NOTIC: [2] in_array() expects parameter 2 to be array, null given /application/nginx-1.12.2/html/lovgarden_site/lovgarden/Application/Runtime/Cache/Home/afae4ad50d97c51a10b9a6b53125e1ae.php 第 259 行.
NOTIC: [8] Undefined index: flowerType /application/nginx-1.12.2/html/lovgarden_site/lovgarden/Application/Runtime/Cache/Home/afae4ad50d97c51a10b9a6b53125e1ae.php 第 259 行.
NOTIC: [2] in_array() expects parameter 2 to be array, null given /application/nginx-1.12.2/html/lovgarden_site/lovgarden/Application/Runtime/Cache/Home/afae4ad50d97c51a10b9a6b53125e1ae.php 第 259 行.
NOTIC: [8] Undefined index: flowerType /application/nginx-1.12.2/html/lovgarden_site/lovgarden/Application/Runtime/Cache/Home/afae4ad50d97c51a10b9a6b53125e1ae.php 第 259 行.
NOTIC: [2] in_array() expects parameter 2 to be array, null given /application/nginx-1.12.2/html/lovgarden_site/lovgarden/Application/Runtime/Cache/Home/afae4ad50d97c51a10b9a6b53125e1ae.php 第 259 行.
NOTIC: [8] Undefined index: flowerType /application/nginx-1.12.2/html/lovgarden_site/lovgarden/Application/Runtime/Cache/Home/afae4ad50d97c51a10b9a6b53125e1ae.php 第 259 行.
NOTIC: [2] in_array() expects parameter 2 to be array, null given /application/nginx-1.12.2/html/lovgarden_site/lovgarden/Application/Runtime/Cache/Home/afae4ad50d97c51a10b9a6b53125e1ae.php 第 259 行.
NOTIC: [8] Undefined index: flowerType /application/nginx-1.12.2/html/lovgarden_site/lovgarden/Application/Runtime/Cache/Home/afae4ad50d97c51a10b9a6b53125e1ae.php 第 259 行.
NOTIC: [2] in_array() expects parameter 2 to be array, null given /application/nginx-1.12.2/html/lovgarden_site/lovgarden/Application/Runtime/Cache/Home/afae4ad50d97c51a10b9a6b53125e1ae.php 第 259 行.
NOTIC: [8] Undefined index: flowerType /application/nginx-1.12.2/html/lovgarden_site/lovgarden/Application/Runtime/Cache/Home/afae4ad50d97c51a10b9a6b53125e1ae.php 第 270 行.
NOTIC: [2] in_array() expects parameter 2 to be array, null given /application/nginx-1.12.2/html/lovgarden_site/lovgarden/Application/Runtime/Cache/Home/afae4ad50d97c51a10b9a6b53125e1ae.php 第 270 行.
NOTIC: [8] Undefined index: flowerType /application/nginx-1.12.2/html/lovgarden_site/lovgarden/Application/Runtime/Cache/Home/afae4ad50d97c51a10b9a6b53125e1ae.php 第 270 行.
NOTIC: [2] in_array() expects parameter 2 to be array, null given /application/nginx-1.12.2/html/lovgarden_site/lovgarden/Application/Runtime/Cache/Home/afae4ad50d97c51a10b9a6b53125e1ae.php 第 270 行.
NOTIC: [8] Undefined index: flowerType /application/nginx-1.12.2/html/lovgarden_site/lovgarden/Application/Runtime/Cache/Home/afae4ad50d97c51a10b9a6b53125e1ae.php 第 270 行.
NOTIC: [2] in_array() expects parameter 2 to be array, null given /application/nginx-1.12.2/html/lovgarden_site/lovgarden/Application/Runtime/Cache/Home/afae4ad50d97c51a10b9a6b53125e1ae.php 第 270 行.
NOTIC: [8] Undefined index: flowerType /application/nginx-1.12.2/html/lovgarden_site/lovgarden/Application/Runtime/Cache/Home/afae4ad50d97c51a10b9a6b53125e1ae.php 第 270 行.
NOTIC: [2] in_array() expects parameter 2 to be array, null given /application/nginx-1.12.2/html/lovgarden_site/lovgarden/Application/Runtime/Cache/Home/afae4ad50d97c51a10b9a6b53125e1ae.php 第 270 行.
NOTIC: [8] Undefined index: flowerType /application/nginx-1.12.2/html/lovgarden_site/lovgarden/Application/Runtime/Cache/Home/afae4ad50d97c51a10b9a6b53125e1ae.php 第 270 行.
NOTIC: [2] in_array() expects parameter 2 to be array, null given /application/nginx-1.12.2/html/lovgarden_site/lovgarden/Application/Runtime/Cache/Home/afae4ad50d97c51a10b9a6b53125e1ae.php 第 270 行.
NOTIC: [8] Undefined index: flowerType /application/nginx-1.12.2/html/lovgarden_site/lovgarden/Application/Runtime/Cache/Home/afae4ad50d97c51a10b9a6b53125e1ae.php 第 270 行.
NOTIC: [2] in_array() expects parameter 2 to be array, null given /application/nginx-1.12.2/html/lovgarden_site/lovgarden/Application/Runtime/Cache/Home/afae4ad50d97c51a10b9a6b53125e1ae.php 第 270 行.
NOTIC: [8] Undefined index: flowerType /application/nginx-1.12.2/html/lovgarden_site/lovgarden/Application/Runtime/Cache/Home/afae4ad50d97c51a10b9a6b53125e1ae.php 第 270 行.
NOTIC: [2] in_array() expects parameter 2 to be array, null given /application/nginx-1.12.2/html/lovgarden_site/lovgarden/Application/Runtime/Cache/Home/afae4ad50d97c51a10b9a6b53125e1ae.php 第 270 行.
NOTIC: [8] Undefined index: flowerOccasion /application/nginx-1.12.2/html/lovgarden_site/lovgarden/Application/Runtime/Cache/Home/afae4ad50d97c51a10b9a6b53125e1ae.php 第 286 行.
NOTIC: [2] in_array() expects parameter 2 to be array, null given /application/nginx-1.12.2/html/lovgarden_site/lovgarden/Application/Runtime/Cache/Home/afae4ad50d97c51a10b9a6b53125e1ae.php 第 286 行.
NOTIC: [8] Undefined index: flowerOccasion /application/nginx-1.12.2/html/lovgarden_site/lovgarden/Application/Runtime/Cache/Home/afae4ad50d97c51a10b9a6b53125e1ae.php 第 286 行.
NOTIC: [2] in_array() expects parameter 2 to be array, null given /application/nginx-1.12.2/html/lovgarden_site/lovgarden/Application/Runtime/Cache/Home/afae4ad50d97c51a10b9a6b53125e1ae.php 第 286 行.
NOTIC: [8] Undefined index: flowerOccasion /application/nginx-1.12.2/html/lovgarden_site/lovgarden/Application/Runtime/Cache/Home/afae4ad50d97c51a10b9a6b53125e1ae.php 第 286 行.
NOTIC: [2] in_array() expects parameter 2 to be array, null given /application/nginx-1.12.2/html/lovgarden_site/lovgarden/Application/Runtime/Cache/Home/afae4ad50d97c51a10b9a6b53125e1ae.php 第 286 行.
NOTIC: [8] Undefined index: flowerOccasion /application/nginx-1.12.2/html/lovgarden_site/lovgarden/Application/Runtime/Cache/Home/afae4ad50d97c51a10b9a6b53125e1ae.php 第 286 行.
NOTIC: [2] in_array() expects parameter 2 to be array, null given /application/nginx-1.12.2/html/lovgarden_site/lovgarden/Application/Runtime/Cache/Home/afae4ad50d97c51a10b9a6b53125e1ae.php 第 286 行.
NOTIC: [8] Undefined index: flowerOccasion /application/nginx-1.12.2/html/lovgarden_site/lovgarden/Application/Runtime/Cache/Home/afae4ad50d97c51a10b9a6b53125e1ae.php 第 286 行.
NOTIC: [2] in_array() expects parameter 2 to be array, null given /application/nginx-1.12.2/html/lovgarden_site/lovgarden/Application/Runtime/Cache/Home/afae4ad50d97c51a10b9a6b53125e1ae.php 第 286 行.
NOTIC: [8] Undefined index: flowerOccasion /application/nginx-1.12.2/html/lovgarden_site/lovgarden/Application/Runtime/Cache/Home/afae4ad50d97c51a10b9a6b53125e1ae.php 第 297 行.
NOTIC: [2] in_array() expects parameter 2 to be array, null given /application/nginx-1.12.2/html/lovgarden_site/lovgarden/Application/Runtime/Cache/Home/afae4ad50d97c51a10b9a6b53125e1ae.php 第 297 行.
NOTIC: [8] Undefined index: flowerOccasion /application/nginx-1.12.2/html/lovgarden_site/lovgarden/Application/Runtime/Cache/Home/afae4ad50d97c51a10b9a6b53125e1ae.php 第 297 行.
NOTIC: [2] in_array() expects parameter 2 to be array, null given /application/nginx-1.12.2/html/lovgarden_site/lovgarden/Application/Runtime/Cache/Home/afae4ad50d97c51a10b9a6b53125e1ae.php 第 297 行.
NOTIC: [8] Undefined index: flowerOccasion /application/nginx-1.12.2/html/lovgarden_site/lovgarden/Application/Runtime/Cache/Home/afae4ad50d97c51a10b9a6b53125e1ae.php 第 297 行.
NOTIC: [2] in_array() expects parameter 2 to be array, null given /application/nginx-1.12.2/html/lovgarden_site/lovgarden/Application/Runtime/Cache/Home/afae4ad50d97c51a10b9a6b53125e1ae.php 第 297 行.
NOTIC: [8] Undefined index: flowerOccasion /application/nginx-1.12.2/html/lovgarden_site/lovgarden/Application/Runtime/Cache/Home/afae4ad50d97c51a10b9a6b53125e1ae.php 第 297 行.
NOTIC: [2] in_array() expects parameter 2 to be array, null given /application/nginx-1.12.2/html/lovgarden_site/lovgarden/Application/Runtime/Cache/Home/afae4ad50d97c51a10b9a6b53125e1ae.php 第 297 行.
NOTIC: [8] Undefined index: flowerOccasion /application/nginx-1.12.2/html/lovgarden_site/lovgarden/Application/Runtime/Cache/Home/afae4ad50d97c51a10b9a6b53125e1ae.php 第 297 行.
NOTIC: [2] in_array() expects parameter 2 to be array, null given /application/nginx-1.12.2/html/lovgarden_site/lovgarden/Application/Runtime/Cache/Home/afae4ad50d97c51a10b9a6b53125e1ae.php 第 297 行.
NOTIC: [8] Undefined index: flowerColor /application/nginx-1.12.2/html/lovgarden_site/lovgarden/Application/Runtime/Cache/Home/afae4ad50d97c51a10b9a6b53125e1ae.php 第 313 行.
NOTIC: [2] in_array() expects parameter 2 to be array, null given /application/nginx-1.12.2/html/lovgarden_site/lovgarden/Application/Runtime/Cache/Home/afae4ad50d97c51a10b9a6b53125e1ae.php 第 313 行.
NOTIC: [8] Undefined index: flowerColor /application/nginx-1.12.2/html/lovgarden_site/lovgarden/Application/Runtime/Cache/Home/afae4ad50d97c51a10b9a6b53125e1ae.php 第 313 行.
NOTIC: [2] in_array() expects parameter 2 to be array, null given /application/nginx-1.12.2/html/lovgarden_site/lovgarden/Application/Runtime/Cache/Home/afae4ad50d97c51a10b9a6b53125e1ae.php 第 313 行.
NOTIC: [8] Undefined index: flowerColor /application/nginx-1.12.2/html/lovgarden_site/lovgarden/Application/Runtime/Cache/Home/afae4ad50d97c51a10b9a6b53125e1ae.php 第 313 行.
NOTIC: [2] in_array() expects parameter 2 to be array, null given /application/nginx-1.12.2/html/lovgarden_site/lovgarden/Application/Runtime/Cache/Home/afae4ad50d97c51a10b9a6b53125e1ae.php 第 313 行.
NOTIC: [8] Undefined index: flowerColor /application/nginx-1.12.2/html/lovgarden_site/lovgarden/Application/Runtime/Cache/Home/afae4ad50d97c51a10b9a6b53125e1ae.php 第 324 行.
NOTIC: [2] in_array() expects parameter 2 to be array, null given /application/nginx-1.12.2/html/lovgarden_site/lovgarden/Application/Runtime/Cache/Home/afae4ad50d97c51a10b9a6b53125e1ae.php 第 324 行.
NOTIC: [8] Undefined index: flowerColor /application/nginx-1.12.2/html/lovgarden_site/lovgarden/Application/Runtime/Cache/Home/afae4ad50d97c51a10b9a6b53125e1ae.php 第 324 行.
NOTIC: [2] in_array() expects parameter 2 to be array, null given /application/nginx-1.12.2/html/lovgarden_site/lovgarden/Application/Runtime/Cache/Home/afae4ad50d97c51a10b9a6b53125e1ae.php 第 324 行.
NOTIC: [8] Undefined index: flowerColor /application/nginx-1.12.2/html/lovgarden_site/lovgarden/Application/Runtime/Cache/Home/afae4ad50d97c51a10b9a6b53125e1ae.php 第 324 行.
NOTIC: [2] in_array() expects parameter 2 to be array, null given /application/nginx-1.12.2/html/lovgarden_site/lovgarden/Application/Runtime/Cache/Home/afae4ad50d97c51a10b9a6b53125e1ae.php 第 324 行.
NOTIC: [8] Undefined index: hurryLevel /application/nginx-1.12.2/html/lovgarden_site/lovgarden/Application/Runtime/Cache/Home/afae4ad50d97c51a10b9a6b53125e1ae.php 第 427 行.
NOTIC: [2] in_array() expects parameter 2 to be array, null given /application/nginx-1.12.2/html/lovgarden_site/lovgarden/Application/Runtime/Cache/Home/afae4ad50d97c51a10b9a6b53125e1ae.php 第 427 行.
NOTIC: [8] Undefined index: hurryLevel /application/nginx-1.12.2/html/lovgarden_site/lovgarden/Application/Runtime/Cache/Home/afae4ad50d97c51a10b9a6b53125e1ae.php 第 427 行.
NOTIC: [2] in_array() expects parameter 2 to be array, null given /application/nginx-1.12.2/html/lovgarden_site/lovgarden/Application/Runtime/Cache/Home/afae4ad50d97c51a10b9a6b53125e1ae.php 第 427 行.
NOTIC: [8] Undefined index: flowerType /application/nginx-1.12.2/html/lovgarden_site/lovgarden/Application/Runtime/Cache/Home/afae4ad50d97c51a10b9a6b53125e1ae.php 第 435 行.
NOTIC: [2] in_array() expects parameter 2 to be array, null given /application/nginx-1.12.2/html/lovgarden_site/lovgarden/Application/Runtime/Cache/Home/afae4ad50d97c51a10b9a6b53125e1ae.php 第 435 行.
NOTIC: [8] Undefined index: flowerType /application/nginx-1.12.2/html/lovgarden_site/lovgarden/Application/Runtime/Cache/Home/afae4ad50d97c51a10b9a6b53125e1ae.php 第 435 行.
NOTIC: [2] in_array() expects parameter 2 to be array, null given /application/nginx-1.12.2/html/lovgarden_site/lovgarden/Application/Runtime/Cache/Home/afae4ad50d97c51a10b9a6b53125e1ae.php 第 435 行.
NOTIC: [8] Undefined index: flowerType /application/nginx-1.12.2/html/lovgarden_site/lovgarden/Application/Runtime/Cache/Home/afae4ad50d97c51a10b9a6b53125e1ae.php 第 435 行.
NOTIC: [2] in_array() expects parameter 2 to be array, null given /application/nginx-1.12.2/html/lovgarden_site/lovgarden/Application/Runtime/Cache/Home/afae4ad50d97c51a10b9a6b53125e1ae.php 第 435 行.
NOTIC: [8] Undefined index: flowerType /application/nginx-1.12.2/html/lovgarden_site/lovgarden/Application/Runtime/Cache/Home/afae4ad50d97c51a10b9a6b53125e1ae.php 第 435 行.
NOTIC: [2] in_array() expects parameter 2 to be array, null given /application/nginx-1.12.2/html/lovgarden_site/lovgarden/Application/Runtime/Cache/Home/afae4ad50d97c51a10b9a6b53125e1ae.php 第 435 行.
NOTIC: [8] Undefined index: flowerType /application/nginx-1.12.2/html/lovgarden_site/lovgarden/Application/Runtime/Cache/Home/afae4ad50d97c51a10b9a6b53125e1ae.php 第 435 行.
NOTIC: [2] in_array() expects parameter 2 to be array, null given /application/nginx-1.12.2/html/lovgarden_site/lovgarden/Application/Runtime/Cache/Home/afae4ad50d97c51a10b9a6b53125e1ae.php 第 435 行.
NOTIC: [8] Undefined index: flowerType /application/nginx-1.12.2/html/lovgarden_site/lovgarden/Application/Runtime/Cache/Home/afae4ad50d97c51a10b9a6b53125e1ae.php 第 435 行.
NOTIC: [2] in_array() expects parameter 2 to be array, null given /application/nginx-1.12.2/html/lovgarden_site/lovgarden/Application/Runtime/Cache/Home/afae4ad50d97c51a10b9a6b53125e1ae.php 第 435 行.
NOTIC: [8] Undefined index: flowerType /application/nginx-1.12.2/html/lovgarden_site/lovgarden/Application/Runtime/Cache/Home/afae4ad50d97c51a10b9a6b53125e1ae.php 第 435 行.
NOTIC: [2] in_array() expects parameter 2 to be array, null given /application/nginx-1.12.2/html/lovgarden_site/lovgarden/Application/Runtime/Cache/Home/afae4ad50d97c51a10b9a6b53125e1ae.php 第 435 行.
NOTIC: [8] Undefined index: flowerType /application/nginx-1.12.2/html/lovgarden_site/lovgarden/Application/Runtime/Cache/Home/afae4ad50d97c51a10b9a6b53125e1ae.php 第 435 行.
NOTIC: [2] in_array() expects parameter 2 to be array, null given /application/nginx-1.12.2/html/lovgarden_site/lovgarden/Application/Runtime/Cache/Home/afae4ad50d97c51a10b9a6b53125e1ae.php 第 435 行.
NOTIC: [8] Undefined index: flowerType /application/nginx-1.12.2/html/lovgarden_site/lovgarden/Application/Runtime/Cache/Home/afae4ad50d97c51a10b9a6b53125e1ae.php 第 435 行.
NOTIC: [2] in_array() expects parameter 2 to be array, null given /application/nginx-1.12.2/html/lovgarden_site/lovgarden/Application/Runtime/Cache/Home/afae4ad50d97c51a10b9a6b53125e1ae.php 第 435 行.
NOTIC: [8] Undefined index: flowerType /application/nginx-1.12.2/html/lovgarden_site/lovgarden/Application/Runtime/Cache/Home/afae4ad50d97c51a10b9a6b53125e1ae.php 第 435 行.
NOTIC: [2] in_array() expects parameter 2 to be array, null given /application/nginx-1.12.2/html/lovgarden_site/lovgarden/Application/Runtime/Cache/Home/afae4ad50d97c51a10b9a6b53125e1ae.php 第 435 行.
NOTIC: [8] Undefined index: flowerType /application/nginx-1.12.2/html/lovgarden_site/lovgarden/Application/Runtime/Cache/Home/afae4ad50d97c51a10b9a6b53125e1ae.php 第 435 行.
NOTIC: [2] in_array() expects parameter 2 to be array, null given /application/nginx-1.12.2/html/lovgarden_site/lovgarden/Application/Runtime/Cache/Home/afae4ad50d97c51a10b9a6b53125e1ae.php 第 435 行.
NOTIC: [8] Undefined index: flowerType /application/nginx-1.12.2/html/lovgarden_site/lovgarden/Application/Runtime/Cache/Home/afae4ad50d97c51a10b9a6b53125e1ae.php 第 435 行.
NOTIC: [2] in_array() expects parameter 2 to be array, null given /application/nginx-1.12.2/html/lovgarden_site/lovgarden/Application/Runtime/Cache/Home/afae4ad50d97c51a10b9a6b53125e1ae.php 第 435 行.
NOTIC: [8] Undefined index: flowerType /application/nginx-1.12.2/html/lovgarden_site/lovgarden/Application/Runtime/Cache/Home/afae4ad50d97c51a10b9a6b53125e1ae.php 第 435 行.
NOTIC: [2] in_array() expects parameter 2 to be array, null given /application/nginx-1.12.2/html/lovgarden_site/lovgarden/Application/Runtime/Cache/Home/afae4ad50d97c51a10b9a6b53125e1ae.php 第 435 行.
NOTIC: [8] Undefined index: flowerType /application/nginx-1.12.2/html/lovgarden_site/lovgarden/Application/Runtime/Cache/Home/afae4ad50d97c51a10b9a6b53125e1ae.php 第 435 行.
NOTIC: [2] in_array() expects parameter 2 to be array, null given /application/nginx-1.12.2/html/lovgarden_site/lovgarden/Application/Runtime/Cache/Home/afae4ad50d97c51a10b9a6b53125e1ae.php 第 435 行.
NOTIC: [8] Undefined index: flowerType /application/nginx-1.12.2/html/lovgarden_site/lovgarden/Application/Runtime/Cache/Home/afae4ad50d97c51a10b9a6b53125e1ae.php 第 435 行.
NOTIC: [2] in_array() expects parameter 2 to be array, null given /application/nginx-1.12.2/html/lovgarden_site/lovgarden/Application/Runtime/Cache/Home/afae4ad50d97c51a10b9a6b53125e1ae.php 第 435 行.
NOTIC: [8] Undefined index: flowerOccasion /application/nginx-1.12.2/html/lovgarden_site/lovgarden/Application/Runtime/Cache/Home/afae4ad50d97c51a10b9a6b53125e1ae.php 第 443 行.
NOTIC: [2] in_array() expects parameter 2 to be array, null given /application/nginx-1.12.2/html/lovgarden_site/lovgarden/Application/Runtime/Cache/Home/afae4ad50d97c51a10b9a6b53125e1ae.php 第 443 行.
NOTIC: [8] Undefined index: flowerOccasion /application/nginx-1.12.2/html/lovgarden_site/lovgarden/Application/Runtime/Cache/Home/afae4ad50d97c51a10b9a6b53125e1ae.php 第 443 行.
NOTIC: [2] in_array() expects parameter 2 to be array, null given /application/nginx-1.12.2/html/lovgarden_site/lovgarden/Application/Runtime/Cache/Home/afae4ad50d97c51a10b9a6b53125e1ae.php 第 443 行.
NOTIC: [8] Undefined index: flowerOccasion /application/nginx-1.12.2/html/lovgarden_site/lovgarden/Application/Runtime/Cache/Home/afae4ad50d97c51a10b9a6b53125e1ae.php 第 443 行.
NOTIC: [2] in_array() expects parameter 2 to be array, null given /application/nginx-1.12.2/html/lovgarden_site/lovgarden/Application/Runtime/Cache/Home/afae4ad50d97c51a10b9a6b53125e1ae.php 第 443 行.
NOTIC: [8] Undefined index: flowerOccasion /application/nginx-1.12.2/html/lovgarden_site/lovgarden/Application/Runtime/Cache/Home/afae4ad50d97c51a10b9a6b53125e1ae.php 第 443 行.
NOTIC: [2] in_array() expects parameter 2 to be array, null given /application/nginx-1.12.2/html/lovgarden_site/lovgarden/Application/Runtime/Cache/Home/afae4ad50d97c51a10b9a6b53125e1ae.php 第 443 行.
NOTIC: [8] Undefined index: flowerOccasion /application/nginx-1.12.2/html/lovgarden_site/lovgarden/Application/Runtime/Cache/Home/afae4ad50d97c51a10b9a6b53125e1ae.php 第 443 行.
NOTIC: [2] in_array() expects parameter 2 to be array, null given /application/nginx-1.12.2/html/lovgarden_site/lovgarden/Application/Runtime/Cache/Home/afae4ad50d97c51a10b9a6b53125e1ae.php 第 443 行.
NOTIC: [8] Undefined index: flowerOccasion /application/nginx-1.12.2/html/lovgarden_site/lovgarden/Application/Runtime/Cache/Home/afae4ad50d97c51a10b9a6b53125e1ae.php 第 443 行.
NOTIC: [2] in_array() expects parameter 2 to be array, null given /application/nginx-1.12.2/html/lovgarden_site/lovgarden/Application/Runtime/Cache/Home/afae4ad50d97c51a10b9a6b53125e1ae.php 第 443 行.
NOTIC: [8] Undefined index: flowerOccasion /application/nginx-1.12.2/html/lovgarden_site/lovgarden/Application/Runtime/Cache/Home/afae4ad50d97c51a10b9a6b53125e1ae.php 第 443 行.
NOTIC: [2] in_array() expects parameter 2 to be array, null given /application/nginx-1.12.2/html/lovgarden_site/lovgarden/Application/Runtime/Cache/Home/afae4ad50d97c51a10b9a6b53125e1ae.php 第 443 行.
NOTIC: [8] Undefined index: flowerOccasion /application/nginx-1.12.2/html/lovgarden_site/lovgarden/Application/Runtime/Cache/Home/afae4ad50d97c51a10b9a6b53125e1ae.php 第 443 行.
NOTIC: [2] in_array() expects parameter 2 to be array, null given /application/nginx-1.12.2/html/lovgarden_site/lovgarden/Application/Runtime/Cache/Home/afae4ad50d97c51a10b9a6b53125e1ae.php 第 443 行.
NOTIC: [8] Undefined index: flowerOccasion /application/nginx-1.12.2/html/lovgarden_site/lovgarden/Application/Runtime/Cache/Home/afae4ad50d97c51a10b9a6b53125e1ae.php 第 443 行.
NOTIC: [2] in_array() expects parameter 2 to be array, null given /application/nginx-1.12.2/html/lovgarden_site/lovgarden/Application/Runtime/Cache/Home/afae4ad50d97c51a10b9a6b53125e1ae.php 第 443 行.
NOTIC: [8] Undefined index: flowerOccasion /application/nginx-1.12.2/html/lovgarden_site/lovgarden/Application/Runtime/Cache/Home/afae4ad50d97c51a10b9a6b53125e1ae.php 第 443 行.
NOTIC: [2] in_array() expects parameter 2 to be array, null given /application/nginx-1.12.2/html/lovgarden_site/lovgarden/Application/Runtime/Cache/Home/afae4ad50d97c51a10b9a6b53125e1ae.php 第 443 行.
NOTIC: [8] Undefined index: flowerColor /application/nginx-1.12.2/html/lovgarden_site/lovgarden/Application/Runtime/Cache/Home/afae4ad50d97c51a10b9a6b53125e1ae.php 第 451 行.
NOTIC: [2] in_array() expects parameter 2 to be array, null given /application/nginx-1.12.2/html/lovgarden_site/lovgarden/Application/Runtime/Cache/Home/afae4ad50d97c51a10b9a6b53125e1ae.php 第 451 行.
NOTIC: [8] Undefined index: flowerColor /application/nginx-1.12.2/html/lovgarden_site/lovgarden/Application/Runtime/Cache/Home/afae4ad50d97c51a10b9a6b53125e1ae.php 第 451 行.
NOTIC: [2] in_array() expects parameter 2 to be array, null given /application/nginx-1.12.2/html/lovgarden_site/lovgarden/Application/Runtime/Cache/Home/afae4ad50d97c51a10b9a6b53125e1ae.php 第 451 行.
NOTIC: [8] Undefined index: flowerColor /application/nginx-1.12.2/html/lovgarden_site/lovgarden/Application/Runtime/Cache/Home/afae4ad50d97c51a10b9a6b53125e1ae.php 第 451 行.
NOTIC: [2] in_array() expects parameter 2 to be array, null given /application/nginx-1.12.2/html/lovgarden_site/lovgarden/Application/Runtime/Cache/Home/afae4ad50d97c51a10b9a6b53125e1ae.php 第 451 行.
NOTIC: [8] Undefined index: flowerColor /application/nginx-1.12.2/html/lovgarden_site/lovgarden/Application/Runtime/Cache/Home/afae4ad50d97c51a10b9a6b53125e1ae.php 第 451 行.
NOTIC: [2] in_array() expects parameter 2 to be array, null given /application/nginx-1.12.2/html/lovgarden_site/lovgarden/Application/Runtime/Cache/Home/afae4ad50d97c51a10b9a6b53125e1ae.php 第 451 行.
NOTIC: [8] Undefined index: flowerColor /application/nginx-1.12.2/html/lovgarden_site/lovgarden/Application/Runtime/Cache/Home/afae4ad50d97c51a10b9a6b53125e1ae.php 第 451 行.
NOTIC: [2] in_array() expects parameter 2 to be array, null given /application/nginx-1.12.2/html/lovgarden_site/lovgarden/Application/Runtime/Cache/Home/afae4ad50d97c51a10b9a6b53125e1ae.php 第 451 行.
NOTIC: [8] Undefined index: flowerColor /application/nginx-1.12.2/html/lovgarden_site/lovgarden/Application/Runtime/Cache/Home/afae4ad50d97c51a10b9a6b53125e1ae.php 第 451 行.
NOTIC: [2] in_array() expects parameter 2 to be array, null given /application/nginx-1.12.2/html/lovgarden_site/lovgarden/Application/Runtime/Cache/Home/afae4ad50d97c51a10b9a6b53125e1ae.php 第 451 行.
INFO: Run Behavior\ParseTemplateBehavior [ RunTime:0.010475s ]
INFO: [ view_parse ] --END-- [ RunTime:0.010496s ]
INFO: [ view_filter ] --START--
INFO: Run Behavior\WriteHtmlCacheBehavior [ RunTime:0.000025s ]
INFO: [ view_filter ] --END-- [ RunTime:0.000038s ]
INFO: [ app_end ] --START--
INFO: Run Behavior\ShowPageTraceBehavior [ RunTime:0.000026s ]
INFO: [ app_end ] --END-- [ RunTime:0.000048s ]

[ 2018-05-04T07:11:58+08:00 ] 106.15.52.246 /
INFO: [ app_init ] --START--
INFO: Run Behavior\BuildLiteBehavior [ RunTime:0.000009s ]
INFO: [ app_init ] --END-- [ RunTime:0.000056s ]
INFO: [ app_begin ] --START--
INFO: Run Behavior\ReadHtmlCacheBehavior [ RunTime:0.000024s ]
INFO: [ app_begin ] --END-- [ RunTime:0.000041s ]
SQL: SHOW COLUMNS FROM `lovgarden_block` [ RunTime:0.0005s ]
SQL: SELECT image_pc,image_mobile,block_title,block_body,block_link_title,block_link,page_link FROM lovgarden_block WHERE page_link = 'front' ORDER BY block_order ASC; [ RunTime:0.0001s ]
INFO: [ view_parse ] --START--
INFO: [ template_filter ] --START--
INFO: Run Behavior\ContentReplaceBehavior [ RunTime:0.000125s ]
INFO: [ template_filter ] --END-- [ RunTime:0.000149s ]
INFO: Run Behavior\ParseTemplateBehavior [ RunTime:0.003591s ]
INFO: [ view_parse ] --END-- [ RunTime:0.003616s ]
INFO: [ view_filter ] --START--
INFO: Run Behavior\WriteHtmlCacheBehavior [ RunTime:0.000030s ]
INFO: [ view_filter ] --END-- [ RunTime:0.000041s ]
INFO: [ app_end ] --START--
INFO: Run Behavior\ShowPageTraceBehavior [ RunTime:0.000031s ]
INFO: [ app_end ] --END-- [ RunTime:0.000048s ]

[ 2018-05-04T07:55:59+08:00 ] 124.160.215.155 /
INFO: [ app_init ] --START--
INFO: Run Behavior\BuildLiteBehavior [ RunTime:0.000009s ]
INFO: [ app_init ] --END-- [ RunTime:0.000060s ]
INFO: [ app_begin ] --START--
INFO: Run Behavior\ReadHtmlCacheBehavior [ RunTime:0.000023s ]
INFO: [ app_begin ] --END-- [ RunTime:0.000039s ]
SQL: SHOW COLUMNS FROM `lovgarden_block` [ RunTime:0.0005s ]
SQL: SELECT image_pc,image_mobile,block_title,block_body,block_link_title,block_link,page_link FROM lovgarden_block WHERE page_link = 'front' ORDER BY block_order ASC; [ RunTime:0.0001s ]
INFO: [ view_parse ] --START--
INFO: [ template_filter ] --START--
INFO: Run Behavior\ContentReplaceBehavior [ RunTime:0.000169s ]
INFO: [ template_filter ] --END-- [ RunTime:0.000196s ]
INFO: Run Behavior\ParseTemplateBehavior [ RunTime:0.003634s ]
INFO: [ view_parse ] --END-- [ RunTime:0.003658s ]
INFO: [ view_filter ] --START--
INFO: Run Behavior\WriteHtmlCacheBehavior [ RunTime:0.000030s ]
INFO: [ view_filter ] --END-- [ RunTime:0.000041s ]
INFO: [ app_end ] --START--
INFO: Run Behavior\ShowPageTraceBehavior [ RunTime:0.000031s ]
INFO: [ app_end ] --END-- [ RunTime:0.000050s ]

[ 2018-05-04T07:55:59+08:00 ] 124.160.215.155 /user/get_user_status
INFO: [ app_init ] --START--
INFO: Run Behavior\BuildLiteBehavior [ RunTime:0.000010s ]
INFO: [ app_init ] --END-- [ RunTime:0.000050s ]
INFO: [ app_begin ] --START--
INFO: Run Behavior\ReadHtmlCacheBehavior [ RunTime:0.000018s ]
INFO: [ app_begin ] --END-- [ RunTime:0.000035s ]
INFO: [ app_end ] --START--
INFO: Run Behavior\ShowPageTraceBehavior [ RunTime:0.000015s ]
INFO: [ app_end ] --END-- [ RunTime:0.000029s ]

[ 2018-05-04T07:55:59+08:00 ] 124.160.215.155 /user/get_cart_info
INFO: [ app_init ] --START--
INFO: Run Behavior\BuildLiteBehavior [ RunTime:0.000007s ]
INFO: [ app_init ] --END-- [ RunTime:0.000038s ]
INFO: [ app_begin ] --START--
INFO: Run Behavior\ReadHtmlCacheBehavior [ RunTime:0.000016s ]
INFO: [ app_begin ] --END-- [ RunTime:0.000032s ]
INFO: [ app_end ] --START--
INFO: Run Behavior\ShowPageTraceBehavior [ RunTime:0.000036s ]
INFO: [ app_end ] --END-- [ RunTime:0.000051s ]

[ 2018-05-04T07:55:59+08:00 ] 124.160.215.155 /cart/ajax_get_cart_items
INFO: [ app_init ] --START--
INFO: Run Behavior\BuildLiteBehavior [ RunTime:0.000009s ]
INFO: [ app_init ] --END-- [ RunTime:0.000060s ]
INFO: [ app_begin ] --START--
INFO: Run Behavior\ReadHtmlCacheBehavior [ RunTime:0.000017s ]
INFO: [ app_begin ] --END-- [ RunTime:0.000034s ]
INFO: [ app_end ] --START--
INFO: Run Behavior\ShowPageTraceBehavior [ RunTime:0.000017s ]
INFO: [ app_end ] --END-- [ RunTime:0.000036s ]

[ 2018-05-04T10:33:47+08:00 ] 210.83.66.4 /
INFO: [ app_init ] --START--
INFO: Run Behavior\BuildLiteBehavior [ RunTime:0.000008s ]
INFO: [ app_init ] --END-- [ RunTime:0.000062s ]
INFO: [ app_begin ] --START--
INFO: Run Behavior\ReadHtmlCacheBehavior [ RunTime:0.000023s ]
INFO: [ app_begin ] --END-- [ RunTime:0.000039s ]
SQL: SHOW COLUMNS FROM `lovgarden_block` [ RunTime:0.0006s ]
SQL: SELECT image_pc,image_mobile,block_title,block_body,block_link_title,block_link,page_link FROM lovgarden_block WHERE page_link = 'front' ORDER BY block_order ASC; [ RunTime:0.0001s ]
INFO: [ view_parse ] --START--
INFO: [ template_filter ] --START--
INFO: Run Behavior\ContentReplaceBehavior [ RunTime:0.000127s ]
INFO: [ template_filter ] --END-- [ RunTime:0.000153s ]
INFO: Run Behavior\ParseTemplateBehavior [ RunTime:0.003759s ]
INFO: [ view_parse ] --END-- [ RunTime:0.003783s ]
INFO: [ view_filter ] --START--
INFO: Run Behavior\WriteHtmlCacheBehavior [ RunTime:0.000041s ]
INFO: [ view_filter ] --END-- [ RunTime:0.000058s ]
INFO: [ app_end ] --START--
INFO: Run Behavior\ShowPageTraceBehavior [ RunTime:0.000031s ]
INFO: [ app_end ] --END-- [ RunTime:0.000049s ]

[ 2018-05-04T10:33:47+08:00 ] 210.83.66.4 /user/get_cart_info
INFO: [ app_init ] --START--
INFO: Run Behavior\BuildLiteBehavior [ RunTime:0.000008s ]
INFO: [ app_init ] --END-- [ RunTime:0.000050s ]
INFO: [ app_begin ] --START--
INFO: Run Behavior\ReadHtmlCacheBehavior [ RunTime:0.000025s ]
INFO: [ app_begin ] --END-- [ RunTime:0.000048s ]
INFO: [ app_end ] --START--
INFO: Run Behavior\ShowPageTraceBehavior [ RunTime:0.000014s ]
INFO: [ app_end ] --END-- [ RunTime:0.000028s ]

[ 2018-05-04T10:33:47+08:00 ] 210.83.66.4 /user/get_user_status
INFO: [ app_init ] --START--
INFO: Run Behavior\BuildLiteBehavior [ RunTime:0.000007s ]
INFO: [ app_init ] --END-- [ RunTime:0.000042s ]
INFO: [ app_begin ] --START--
INFO: Run Behavior\ReadHtmlCacheBehavior [ RunTime:0.000024s ]
INFO: [ app_begin ] --END-- [ RunTime:0.000045s ]
INFO: [ app_end ] --START--
INFO: Run Behavior\ShowPageTraceBehavior [ RunTime:0.000015s ]
INFO: [ app_end ] --END-- [ RunTime:0.000030s ]

[ 2018-05-04T10:33:47+08:00 ] 210.83.66.4 /cart/ajax_get_cart_items
INFO: [ app_init ] --START--
INFO: Run Behavior\BuildLiteBehavior [ RunTime:0.000006s ]
INFO: [ app_init ] --END-- [ RunTime:0.000047s ]
INFO: [ app_begin ] --START--
INFO: Run Behavior\ReadHtmlCacheBehavior [ RunTime:0.000016s ]
INFO: [ app_begin ] --END-- [ RunTime:0.000031s ]
INFO: [ app_end ] --START--
INFO: Run Behavior\ShowPageTraceBehavior [ RunTime:0.000013s ]
INFO: [ app_end ] --END-- [ RunTime:0.000042s ]

[ 2018-05-04T13:11:42+08:00 ] 106.11.242.174 /
INFO: [ app_init ] --START--
INFO: Run Behavior\BuildLiteBehavior [ RunTime:0.000009s ]
INFO: [ app_init ] --END-- [ RunTime:0.000057s ]
INFO: [ app_begin ] --START--
INFO: Run Behavior\ReadHtmlCacheBehavior [ RunTime:0.000034s ]
INFO: [ app_begin ] --END-- [ RunTime:0.000050s ]
SQL: SHOW COLUMNS FROM `lovgarden_block` [ RunTime:0.0005s ]
SQL: SELECT image_pc,image_mobile,block_title,block_body,block_link_title,block_link,page_link FROM lovgarden_block WHERE page_link = 'front' ORDER BY block_order ASC; [ RunTime:0.0001s ]
INFO: [ view_parse ] --START--
INFO: [ template_filter ] --START--
INFO: Run Behavior\ContentReplaceBehavior [ RunTime:0.000119s ]
INFO: [ template_filter ] --END-- [ RunTime:0.000143s ]
INFO: Run Behavior\ParseTemplateBehavior [ RunTime:0.003619s ]
INFO: [ view_parse ] --END-- [ RunTime:0.003644s ]
INFO: [ view_filter ] --START--
INFO: Run Behavior\WriteHtmlCacheBehavior [ RunTime:0.000031s ]
INFO: [ view_filter ] --END-- [ RunTime:0.000043s ]
INFO: [ app_end ] --START--
INFO: Run Behavior\ShowPageTraceBehavior [ RunTime:0.000029s ]
INFO: [ app_end ] --END-- [ RunTime:0.000049s ]

[ 2018-05-04T13:51:37+08:00 ] 67.21.36.2 /robots.txt
INFO: [ app_init ] --START--
INFO: Run Behavior\BuildLiteBehavior [ RunTime:0.000009s ]
INFO: [ app_init ] --END-- [ RunTime:0.000070s ]
INFO: [ app_begin ] --START--
INFO: Run Behavior\ReadHtmlCacheBehavior [ RunTime:0.000025s ]
INFO: [ app_begin ] --END-- [ RunTime:0.000042s ]
ERR: 无法加载控制器:Robots.txt

[ 2018-05-04T15:31:20+08:00 ] 210.83.66.4 /
INFO: [ app_init ] --START--
INFO: Run Behavior\BuildLiteBehavior [ RunTime:0.000009s ]
INFO: [ app_init ] --END-- [ RunTime:0.000058s ]
INFO: [ app_begin ] --START--
INFO: Run Behavior\ReadHtmlCacheBehavior [ RunTime:0.000026s ]
INFO: [ app_begin ] --END-- [ RunTime:0.000052s ]
SQL: SHOW COLUMNS FROM `lovgarden_block` [ RunTime:0.0006s ]
SQL: SELECT image_pc,image_mobile,block_title,block_body,block_link_title,block_link,page_link FROM lovgarden_block WHERE page_link = 'front' ORDER BY block_order ASC; [ RunTime:0.0001s ]
INFO: [ view_parse ] --START--
INFO: [ template_filter ] --START--
INFO: Run Behavior\ContentReplaceBehavior [ RunTime:0.000120s ]
INFO: [ template_filter ] --END-- [ RunTime:0.000144s ]
INFO: Run Behavior\ParseTemplateBehavior [ RunTime:0.003697s ]
INFO: [ view_parse ] --END-- [ RunTime:0.003721s ]
INFO: [ view_filter ] --START--
INFO: Run Behavior\WriteHtmlCacheBehavior [ RunTime:0.000031s ]
INFO: [ view_filter ] --END-- [ RunTime:0.000042s ]
INFO: [ app_end ] --START--
INFO: Run Behavior\ShowPageTraceBehavior [ RunTime:0.000047s ]
INFO: [ app_end ] --END-- [ RunTime:0.000067s ]

[ 2018-05-04T17:05:04+08:00 ] 210.83.66.4 /
INFO: [ app_init ] --START--
INFO: Run Behavior\BuildLiteBehavior [ RunTime:0.000009s ]
INFO: [ app_init ] --END-- [ RunTime:0.000060s ]
INFO: [ app_begin ] --START--
INFO: Run Behavior\ReadHtmlCacheBehavior [ RunTime:0.000028s ]
INFO: [ app_begin ] --END-- [ RunTime:0.000043s ]
SQL: SHOW COLUMNS FROM `lovgarden_block` [ RunTime:0.0005s ]
SQL: SELECT image_pc,image_mobile,block_title,block_body,block_link_title,block_link,page_link FROM lovgarden_block WHERE page_link = 'front' ORDER BY block_order ASC; [ RunTime:0.0001s ]
INFO: [ view_parse ] --START--
INFO: [ template_filter ] --START--
INFO: Run Behavior\ContentReplaceBehavior [ RunTime:0.000119s ]
INFO: [ template_filter ] --END-- [ RunTime:0.000141s ]
INFO: Run Behavior\ParseTemplateBehavior [ RunTime:0.003626s ]
INFO: [ view_parse ] --END-- [ RunTime:0.003650s ]
INFO: [ view_filter ] --START--
INFO: Run Behavior\WriteHtmlCacheBehavior [ RunTime:0.000035s ]
INFO: [ view_filter ] --END-- [ RunTime:0.000046s ]
INFO: [ app_end ] --START--
INFO: Run Behavior\ShowPageTraceBehavior [ RunTime:0.000034s ]
INFO: [ app_end ] --END-- [ RunTime:0.000052s ]

[ 2018-05-04T17:05:04+08:00 ] 210.83.66.4 /user/get_user_status
INFO: [ app_init ] --START--
INFO: Run Behavior\BuildLiteBehavior [ RunTime:0.000009s ]
INFO: [ app_init ] --END-- [ RunTime:0.000050s ]
INFO: [ app_begin ] --START--
INFO: Run Behavior\ReadHtmlCacheBehavior [ RunTime:0.000016s ]
INFO: [ app_begin ] --END-- [ RunTime:0.000032s ]
INFO: [ app_end ] --START--
INFO: Run Behavior\ShowPageTraceBehavior [ RunTime:0.000014s ]
INFO: [ app_end ] --END-- [ RunTime:0.000026s ]

[ 2018-05-04T17:05:04+08:00 ] 210.83.66.4 /cart/ajax_get_cart_items
INFO: [ app_init ] --START--
INFO: Run Behavior\BuildLiteBehavior [ RunTime:0.000009s ]
INFO: [ app_init ] --END-- [ RunTime:0.000050s ]
INFO: [ app_begin ] --START--
INFO: Run Behavior\ReadHtmlCacheBehavior [ RunTime:0.000018s ]
INFO: [ app_begin ] --END-- [ RunTime:0.000034s ]
INFO: [ app_end ] --START--
INFO: Run Behavior\ShowPageTraceBehavior [ RunTime:0.000016s ]
INFO: [ app_end ] --END-- [ RunTime:0.000031s ]

[ 2018-05-04T17:05:04+08:00 ] 210.83.66.4 /user/get_cart_info
INFO: [ app_init ] --START--
INFO: Run Behavior\BuildLiteBehavior [ RunTime:0.000005s ]
INFO: [ app_init ] --END-- [ RunTime:0.000045s ]
INFO: [ app_begin ] --START--
INFO: Run Behavior\ReadHtmlCacheBehavior [ RunTime:0.000015s ]
INFO: [ app_begin ] --END-- [ RunTime:0.000029s ]
INFO: [ app_end ] --START--
INFO: Run Behavior\ShowPageTraceBehavior [ RunTime:0.000014s ]
INFO: [ app_end ] --END-- [ RunTime:0.000031s ]

[ 2018-05-04T17:05:08+08:00 ] 210.83.66.4 /
INFO: [ app_init ] --START--
INFO: Run Behavior\BuildLiteBehavior [ RunTime:0.000009s ]
INFO: [ app_init ] --END-- [ RunTime:0.000050s ]
INFO: [ app_begin ] --START--
INFO: Run Behavior\ReadHtmlCacheBehavior [ RunTime:0.000017s ]
INFO: [ app_begin ] --END-- [ RunTime:0.000032s ]
SQL: SHOW COLUMNS FROM `lovgarden_block` [ RunTime:0.0005s ]
SQL: SELECT image_pc,image_mobile,block_title,block_body,block_link_title,block_link,page_link FROM lovgarden_block WHERE page_link = 'front' ORDER BY block_order ASC; [ RunTime:0.0001s ]
INFO: [ view_parse ] --START--
INFO: [ template_filter ] --START--
INFO: Run Behavior\ContentReplaceBehavior [ RunTime:0.000125s ]
INFO: [ template_filter ] --END-- [ RunTime:0.000148s ]
INFO: Run Behavior\ParseTemplateBehavior [ RunTime:0.003544s ]
INFO: [ view_parse ] --END-- [ RunTime:0.003567s ]
INFO: [ view_filter ] --START--
INFO: Run Behavior\WriteHtmlCacheBehavior [ RunTime:0.000022s ]
INFO: [ view_filter ] --END-- [ RunTime:0.000032s ]
INFO: [ app_end ] --START--
INFO: Run Behavior\ShowPageTraceBehavior [ RunTime:0.000022s ]
INFO: [ app_end ] --END-- [ RunTime:0.000039s ]

[ 2018-05-04T17:05:08+08:00 ] 210.83.66.4 /user/get_user_status
INFO: [ app_init ] --START--
INFO: Run Behavior\BuildLiteBehavior [ RunTime:0.000008s ]
INFO: [ app_init ] --END-- [ RunTime:0.000051s ]
INFO: [ app_begin ] --START--
INFO: Run Behavior\ReadHtmlCacheBehavior [ RunTime:0.000018s ]
INFO: [ app_begin ] --END-- [ RunTime:0.000034s ]
INFO: [ app_end ] --START--
INFO: Run Behavior\ShowPageTraceBehavior [ RunTime:0.000015s ]
INFO: [ app_end ] --END-- [ RunTime:0.000028s ]

[ 2018-05-04T17:05:08+08:00 ] 210.83.66.4 /user/get_cart_info
INFO: [ app_init ] --START--
INFO: Run Behavior\BuildLiteBehavior [ RunTime:0.000005s ]
INFO: [ app_init ] --END-- [ RunTime:0.000033s ]
INFO: [ app_begin ] --START--
INFO: Run Behavior\ReadHtmlCacheBehavior [ RunTime:0.000015s ]
INFO: [ app_begin ] --END-- [ RunTime:0.000030s ]
INFO: [ app_end ] --START--
INFO: Run Behavior\ShowPageTraceBehavior [ RunTime:0.000012s ]
INFO: [ app_end ] --END-- [ RunTime:0.000026s ]

[ 2018-05-04T17:05:08+08:00 ] 210.83.66.4 /cart/ajax_get_cart_items
INFO: [ app_init ] --START--
INFO: Run Behavior\BuildLiteBehavior [ RunTime:0.000009s ]
INFO: [ app_init ] --END-- [ RunTime:0.000051s ]
INFO: [ app_begin ] --START--
INFO: Run Behavior\ReadHtmlCacheBehavior [ RunTime:0.000018s ]
INFO: [ app_begin ] --END-- [ RunTime:0.000033s ]
INFO: [ app_end ] --START--
INFO: Run Behavior\ShowPageTraceBehavior [ RunTime:0.000031s ]
INFO: [ app_end ] --END-- [ RunTime:0.000050s ]

[ 2018-05-04T17:05:20+08:00 ] 210.83.66.4 /user/login
INFO: [ app_init ] --START--
INFO: Run Behavior\BuildLiteBehavior [ RunTime:0.000011s ]
INFO: [ app_init ] --END-- [ RunTime:0.000069s ]
INFO: [ app_begin ] --START--
INFO: Run Behavior\ReadHtmlCacheBehavior [ RunTime:0.000028s ]
INFO: [ app_begin ] --END-- [ RunTime:0.000063s ]
INFO: [ view_parse ] --START--
INFO: [ template_filter ] --START--
INFO: Run Behavior\ContentReplaceBehavior [ RunTime:0.000116s ]
INFO: [ template_filter ] --END-- [ RunTime:0.000143s ]
NOTIC: [8] Undefined variable: user_telephone /application/nginx-1.12.2/html/lovgarden_site/lovgarden/Application/Runtime/Cache/Home/5c9ee6d19cd41add49f97afe3aef0b25.php 第 233 行.
INFO: Run Behavior\ParseTemplateBehavior [ RunTime:0.002918s ]
INFO: [ view_parse ] --END-- [ RunTime:0.002935s ]
INFO: [ view_filter ] --START--
INFO: Run Behavior\WriteHtmlCacheBehavior [ RunTime:0.000023s ]
INFO: [ view_filter ] --END-- [ RunTime:0.000033s ]
INFO: [ app_end ] --START--
INFO: Run Behavior\ShowPageTraceBehavior [ RunTime:0.000022s ]
INFO: [ app_end ] --END-- [ RunTime:0.000039s ]

[ 2018-05-04T17:05:20+08:00 ] 210.83.66.4 /user/get_user_status
INFO: [ app_init ] --START--
INFO: Run Behavior\BuildLiteBehavior [ RunTime:0.000009s ]
INFO: [ app_init ] --END-- [ RunTime:0.000050s ]
INFO: [ app_begin ] --START--
INFO: Run Behavior\ReadHtmlCacheBehavior [ RunTime:0.000028s ]
INFO: [ app_begin ] --END-- [ RunTime:0.000047s ]
INFO: [ app_end ] --START--
INFO: Run Behavior\ShowPageTraceBehavior [ RunTime:0.000015s ]
INFO: [ app_end ] --END-- [ RunTime:0.000028s ]

[ 2018-05-04T17:05:20+08:00 ] 210.83.66.4 /user/get_cart_info
INFO: [ app_init ] --START--
INFO: Run Behavior\BuildLiteBehavior [ RunTime:0.000005s ]
INFO: [ app_init ] --END-- [ RunTime:0.000048s ]
INFO: [ app_begin ] --START--
INFO: Run Behavior\ReadHtmlCacheBehavior [ RunTime:0.000016s ]
INFO: [ app_begin ] --END-- [ RunTime:0.000030s ]
INFO: [ app_end ] --START--
INFO: Run Behavior\ShowPageTraceBehavior [ RunTime:0.000012s ]
INFO: [ app_end ] --END-- [ RunTime:0.000024s ]

[ 2018-05-04T18:15:40+08:00 ] 106.14.167.211 /index.action
INFO: [ app_init ] --START--
INFO: Run Behavior\BuildLiteBehavior [ RunTime:0.000008s ]
INFO: [ app_init ] --END-- [ RunTime:0.000058s ]
INFO: [ app_begin ] --START--
INFO: Run Behavior\ReadHtmlCacheBehavior [ RunTime:0.000025s ]
INFO: [ app_begin ] --END-- [ RunTime:0.000043s ]
ERR: 无法加载控制器:Index.action

[ 2018-05-04T22:38:16+08:00 ] 184.105.139.69 /
INFO: [ app_init ] --START--
INFO: Run Behavior\BuildLiteBehavior [ RunTime:0.000009s ]
INFO: [ app_init ] --END-- [ RunTime:0.000059s ]
INFO: [ app_begin ] --START--
INFO: Run Behavior\ReadHtmlCacheBehavior [ RunTime:0.000023s ]
INFO: [ app_begin ] --END-- [ RunTime:0.000038s ]
SQL: SHOW COLUMNS FROM `lovgarden_block` [ RunTime:0.0005s ]
SQL: SELECT image_pc,image_mobile,block_title,block_body,block_link_title,block_link,page_link FROM lovgarden_block WHERE page_link = 'front' ORDER BY block_order ASC; [ RunTime:0.0001s ]
INFO: [ view_parse ] --START--
INFO: [ template_filter ] --START--
INFO: Run Behavior\ContentReplaceBehavior [ RunTime:0.000119s ]
INFO: [ template_filter ] --END-- [ RunTime:0.000142s ]
INFO: Run Behavior\ParseTemplateBehavior [ RunTime:0.003613s ]
INFO: [ view_parse ] --END-- [ RunTime:0.003637s ]
INFO: [ view_filter ] --START--
INFO: Run Behavior\WriteHtmlCacheBehavior [ RunTime:0.000030s ]
INFO: [ view_filter ] --END-- [ RunTime:0.000041s ]
INFO: [ app_end ] --START--
INFO: Run Behavior\ShowPageTraceBehavior [ RunTime:0.000030s ]
INFO: [ app_end ] --END-- [ RunTime:0.000047s ]

