[ 2018-06-09T02:05:47+08:00 ] 54.215.254.26 /
INFO: [ app_init ] --START--
INFO: Run Behavior\BuildLiteBehavior [ RunTime:0.000009s ]
INFO: [ app_init ] --END-- [ RunTime:0.000060s ]
INFO: [ app_begin ] --START--
INFO: Run Behavior\ReadHtmlCacheBehavior [ RunTime:0.000026s ]
INFO: [ app_begin ] --END-- [ RunTime:0.000042s ]
SQL: SHOW COLUMNS FROM `lovgarden_block` [ RunTime:0.0006s ]
SQL: SELECT image_pc,image_mobile,block_title,block_body,block_link_title,block_link,page_link FROM lovgarden_block WHERE page_link = 'front' ORDER BY block_order ASC; [ RunTime:0.0001s ]
INFO: [ view_parse ] --START--
INFO: [ template_filter ] --START--
INFO: Run Behavior\ContentReplaceBehavior [ RunTime:0.000120s ]
INFO: [ template_filter ] --END-- [ RunTime:0.000157s ]
INFO: Run Behavior\ParseTemplateBehavior [ RunTime:0.003712s ]
INFO: [ view_parse ] --END-- [ RunTime:0.003736s ]
INFO: [ view_filter ] --START--
INFO: Run Behavior\WriteHtmlCacheBehavior [ RunTime:0.000042s ]
INFO: [ view_filter ] --END-- [ RunTime:0.000070s ]
INFO: [ app_end ] --START--
INFO: Run Behavior\ShowPageTraceBehavior [ RunTime:0.000033s ]
INFO: [ app_end ] --END-- [ RunTime:0.000052s ]

[ 2018-06-09T02:33:56+08:00 ] 140.205.205.23 /
INFO: [ app_init ] --START--
INFO: Run Behavior\BuildLiteBehavior [ RunTime:0.000009s ]
INFO: [ app_init ] --END-- [ RunTime:0.000058s ]
INFO: [ app_begin ] --START--
INFO: Run Behavior\ReadHtmlCacheBehavior [ RunTime:0.000022s ]
INFO: [ app_begin ] --END-- [ RunTime:0.000038s ]
SQL: SHOW COLUMNS FROM `lovgarden_block` [ RunTime:0.0005s ]
SQL: SELECT image_pc,image_mobile,block_title,block_body,block_link_title,block_link,page_link FROM lovgarden_block WHERE page_link = 'front' ORDER BY block_order ASC; [ RunTime:0.0001s ]
INFO: [ view_parse ] --START--
INFO: [ template_filter ] --START--
INFO: Run Behavior\ContentReplaceBehavior [ RunTime:0.000119s ]
INFO: [ template_filter ] --END-- [ RunTime:0.000140s ]
INFO: Run Behavior\ParseTemplateBehavior [ RunTime:0.003579s ]
INFO: [ view_parse ] --END-- [ RunTime:0.003616s ]
INFO: [ view_filter ] --START--
INFO: Run Behavior\WriteHtmlCacheBehavior [ RunTime:0.000030s ]
INFO: [ view_filter ] --END-- [ RunTime:0.000041s ]
INFO: [ app_end ] --START--
INFO: Run Behavior\ShowPageTraceBehavior [ RunTime:0.000026s ]
INFO: [ app_end ] --END-- [ RunTime:0.000037s ]

[ 2018-06-09T04:40:44+08:00 ] 106.11.225.73 /
INFO: [ app_init ] --START--
INFO: Run Behavior\BuildLiteBehavior [ RunTime:0.000009s ]
INFO: [ app_init ] --END-- [ RunTime:0.000066s ]
INFO: [ app_begin ] --START--
INFO: Run Behavior\ReadHtmlCacheBehavior [ RunTime:0.000025s ]
INFO: [ app_begin ] --END-- [ RunTime:0.000040s ]
SQL: SHOW COLUMNS FROM `lovgarden_block` [ RunTime:0.0006s ]
SQL: SELECT image_pc,image_mobile,block_title,block_body,block_link_title,block_link,page_link FROM lovgarden_block WHERE page_link = 'front' ORDER BY block_order ASC; [ RunTime:0.0001s ]
INFO: [ view_parse ] --START--
INFO: [ template_filter ] --START--
INFO: Run Behavior\ContentReplaceBehavior [ RunTime:0.000119s ]
INFO: [ template_filter ] --END-- [ RunTime:0.000144s ]
INFO: Run Behavior\ParseTemplateBehavior [ RunTime:0.003614s ]
INFO: [ view_parse ] --END-- [ RunTime:0.003637s ]
INFO: [ view_filter ] --START--
INFO: Run Behavior\WriteHtmlCacheBehavior [ RunTime:0.000031s ]
INFO: [ view_filter ] --END-- [ RunTime:0.000044s ]
INFO: [ app_end ] --START--
INFO: Run Behavior\ShowPageTraceBehavior [ RunTime:0.000030s ]
INFO: [ app_end ] --END-- [ RunTime:0.000048s ]

[ 2018-06-09T06:01:44+08:00 ] 47.96.254.10 /
INFO: [ app_init ] --START--
INFO: Run Behavior\BuildLiteBehavior [ RunTime:0.000009s ]
INFO: [ app_init ] --END-- [ RunTime:0.000057s ]
INFO: [ app_begin ] --START--
INFO: Run Behavior\ReadHtmlCacheBehavior [ RunTime:0.000025s ]
INFO: [ app_begin ] --END-- [ RunTime:0.000041s ]
SQL: SHOW COLUMNS FROM `lovgarden_block` [ RunTime:0.0006s ]
SQL: SELECT image_pc,image_mobile,block_title,block_body,block_link_title,block_link,page_link FROM lovgarden_block WHERE page_link = 'front' ORDER BY block_order ASC; [ RunTime:0.0001s ]
INFO: [ view_parse ] --START--
INFO: [ template_filter ] --START--
INFO: Run Behavior\ContentReplaceBehavior [ RunTime:0.000120s ]
INFO: [ template_filter ] --END-- [ RunTime:0.000144s ]
INFO: Run Behavior\ParseTemplateBehavior [ RunTime:0.003641s ]
INFO: [ view_parse ] --END-- [ RunTime:0.003665s ]
INFO: [ view_filter ] --START--
INFO: Run Behavior\WriteHtmlCacheBehavior [ RunTime:0.000048s ]
INFO: [ view_filter ] --END-- [ RunTime:0.000062s ]
INFO: [ app_end ] --START--
INFO: Run Behavior\ShowPageTraceBehavior [ RunTime:0.000030s ]
INFO: [ app_end ] --END-- [ RunTime:0.000049s ]

[ 2018-06-09T09:29:51+08:00 ] 140.205.205.25 /
INFO: [ app_init ] --START--
INFO: Run Behavior\BuildLiteBehavior [ RunTime:0.000008s ]
INFO: [ app_init ] --END-- [ RunTime:0.000057s ]
INFO: [ app_begin ] --START--
INFO: Run Behavior\ReadHtmlCacheBehavior [ RunTime:0.000023s ]
INFO: [ app_begin ] --END-- [ RunTime:0.000039s ]
SQL: SHOW COLUMNS FROM `lovgarden_block` [ RunTime:0.0006s ]
SQL: SELECT image_pc,image_mobile,block_title,block_body,block_link_title,block_link,page_link FROM lovgarden_block WHERE page_link = 'front' ORDER BY block_order ASC; [ RunTime:0.0001s ]
INFO: [ view_parse ] --START--
INFO: [ template_filter ] --START--
INFO: Run Behavior\ContentReplaceBehavior [ RunTime:0.000119s ]
INFO: [ template_filter ] --END-- [ RunTime:0.000143s ]
INFO: Run Behavior\ParseTemplateBehavior [ RunTime:0.003618s ]
INFO: [ view_parse ] --END-- [ RunTime:0.003642s ]
INFO: [ view_filter ] --START--
INFO: Run Behavior\WriteHtmlCacheBehavior [ RunTime:0.000039s ]
INFO: [ view_filter ] --END-- [ RunTime:0.000051s ]
INFO: [ app_end ] --START--
INFO: Run Behavior\ShowPageTraceBehavior [ RunTime:0.000030s ]
INFO: [ app_end ] --END-- [ RunTime:0.000047s ]

[ 2018-06-09T09:29:52+08:00 ] 140.205.205.25 /
INFO: [ app_init ] --START--
INFO: Run Behavior\BuildLiteBehavior [ RunTime:0.000012s ]
INFO: [ app_init ] --END-- [ RunTime:0.000081s ]
INFO: [ app_begin ] --START--
INFO: Run Behavior\ReadHtmlCacheBehavior [ RunTime:0.000018s ]
INFO: [ app_begin ] --END-- [ RunTime:0.000032s ]
SQL: SHOW COLUMNS FROM `lovgarden_block` [ RunTime:0.0006s ]
SQL: SELECT image_pc,image_mobile,block_title,block_body,block_link_title,block_link,page_link FROM lovgarden_block WHERE page_link = 'front' ORDER BY block_order ASC; [ RunTime:0.0001s ]
INFO: [ view_parse ] --START--
INFO: [ template_filter ] --START--
INFO: Run Behavior\ContentReplaceBehavior [ RunTime:0.000119s ]
INFO: [ template_filter ] --END-- [ RunTime:0.000144s ]
INFO: Run Behavior\ParseTemplateBehavior [ RunTime:0.003610s ]
INFO: [ view_parse ] --END-- [ RunTime:0.003633s ]
INFO: [ view_filter ] --START--
INFO: Run Behavior\WriteHtmlCacheBehavior [ RunTime:0.000022s ]
INFO: [ view_filter ] --END-- [ RunTime:0.000032s ]
INFO: [ app_end ] --START--
INFO: Run Behavior\ShowPageTraceBehavior [ RunTime:0.000023s ]
INFO: [ app_end ] --END-- [ RunTime:0.000040s ]

[ 2018-06-09T09:29:52+08:00 ] 140.205.205.25 /link/more
INFO: [ app_init ] --START--
INFO: Run Behavior\BuildLiteBehavior [ RunTime:0.000008s ]
INFO: [ app_init ] --END-- [ RunTime:0.000048s ]
INFO: [ app_begin ] --START--
INFO: Run Behavior\ReadHtmlCacheBehavior [ RunTime:0.000018s ]
INFO: [ app_begin ] --END-- [ RunTime:0.000034s ]
ERR: 无法加载控制器:Link

[ 2018-06-09T09:29:52+08:00 ] 140.205.205.25 /user/login
INFO: [ app_init ] --START--
INFO: Run Behavior\BuildLiteBehavior [ RunTime:0.000006s ]
INFO: [ app_init ] --END-- [ RunTime:0.000033s ]
INFO: [ app_begin ] --START--
INFO: Run Behavior\ReadHtmlCacheBehavior [ RunTime:0.000015s ]
INFO: [ app_begin ] --END-- [ RunTime:0.000031s ]
INFO: [ view_parse ] --START--
INFO: [ template_filter ] --START--
INFO: Run Behavior\ContentReplaceBehavior [ RunTime:0.000134s ]
INFO: [ template_filter ] --END-- [ RunTime:0.000162s ]
NOTIC: [8] Undefined variable: user_telephone /application/nginx-1.12.2/html/lovgarden_site/lovgarden/Application/Runtime/Cache/Home/5c9ee6d19cd41add49f97afe3aef0b25.php 第 233 行.
INFO: Run Behavior\ParseTemplateBehavior [ RunTime:0.004684s ]
INFO: [ view_parse ] --END-- [ RunTime:0.004705s ]
INFO: [ view_filter ] --START--
INFO: Run Behavior\WriteHtmlCacheBehavior [ RunTime:0.000031s ]
INFO: [ view_filter ] --END-- [ RunTime:0.000046s ]
INFO: [ app_end ] --START--
INFO: Run Behavior\ShowPageTraceBehavior [ RunTime:0.000019s ]
INFO: [ app_end ] --END-- [ RunTime:0.000034s ]

[ 2018-06-09T09:29:52+08:00 ] 140.205.205.25 /user/register
INFO: [ app_init ] --START--
INFO: Run Behavior\BuildLiteBehavior [ RunTime:0.000007s ]
INFO: [ app_init ] --END-- [ RunTime:0.000036s ]
INFO: [ app_begin ] --START--
INFO: Run Behavior\ReadHtmlCacheBehavior [ RunTime:0.000016s ]
INFO: [ app_begin ] --END-- [ RunTime:0.000031s ]
INFO: [ view_parse ] --START--
INFO: [ template_filter ] --START--
INFO: Run Behavior\ContentReplaceBehavior [ RunTime:0.000126s ]
INFO: [ template_filter ] --END-- [ RunTime:0.000148s ]
NOTIC: [8] Undefined variable: error_message /application/nginx-1.12.2/html/lovgarden_site/lovgarden/Application/Runtime/Cache/Home/3359adbadf95118621a5c500fb3ff893.php 第 227 行.
INFO: Run Behavior\ParseTemplateBehavior [ RunTime:0.008502s ]
INFO: [ view_parse ] --END-- [ RunTime:0.008519s ]
INFO: [ view_filter ] --START--
INFO: Run Behavior\WriteHtmlCacheBehavior [ RunTime:0.000020s ]
INFO: [ view_filter ] --END-- [ RunTime:0.000030s ]
INFO: [ app_end ] --START--
INFO: Run Behavior\ShowPageTraceBehavior [ RunTime:0.000016s ]
INFO: [ app_end ] --END-- [ RunTime:0.000029s ]

[ 2018-06-09T09:29:52+08:00 ] 140.205.205.23 /flowers/all
INFO: [ app_init ] --START--
INFO: Run Behavior\BuildLiteBehavior [ RunTime:0.000005s ]
INFO: [ app_init ] --END-- [ RunTime:0.000030s ]
INFO: [ app_begin ] --START--
INFO: Run Behavior\ReadHtmlCacheBehavior [ RunTime:0.000016s ]
INFO: [ app_begin ] --END-- [ RunTime:0.000032s ]
ERR: 无法加载控制器:Flowers

[ 2018-06-09T09:29:52+08:00 ] 140.205.205.23 /www.baidu.com
INFO: [ app_init ] --START--
INFO: Run Behavior\BuildLiteBehavior [ RunTime:0.000017s ]
INFO: [ app_init ] --END-- [ RunTime:0.000044s ]
INFO: [ app_begin ] --START--
INFO: Run Behavior\ReadHtmlCacheBehavior [ RunTime:0.000016s ]
INFO: [ app_begin ] --END-- [ RunTime:0.000030s ]
ERR: 无法加载控制器:Www.baidu.com

[ 2018-06-09T09:29:52+08:00 ] 140.205.205.23 /article/faq/id/32
INFO: [ app_init ] --START--
INFO: Run Behavior\BuildLiteBehavior [ RunTime:0.000005s ]
INFO: [ app_init ] --END-- [ RunTime:0.000032s ]
INFO: [ app_begin ] --START--
INFO: Run Behavior\ReadHtmlCacheBehavior [ RunTime:0.000015s ]
INFO: [ app_begin ] --END-- [ RunTime:0.000030s ]
SQL: SHOW COLUMNS FROM `lovgarden_article` [ RunTime:0.0005s ]
SQL: SELECT `id`,`article_title`,`article_summary`,`article_body`,`article_category`,`banner_image` FROM `lovgarden_article` WHERE `article_publish` = 1 AND `article_category` = 7  [ RunTime:0.0002s ]
INFO: [ view_parse ] --START--
INFO: [ template_filter ] --START--
INFO: Run Behavior\ContentReplaceBehavior [ RunTime:0.000081s ]
INFO: [ template_filter ] --END-- [ RunTime:0.000103s ]
INFO: Run Behavior\ParseTemplateBehavior [ RunTime:0.003513s ]
INFO: [ view_parse ] --END-- [ RunTime:0.003551s ]
INFO: [ view_filter ] --START--
INFO: Run Behavior\WriteHtmlCacheBehavior [ RunTime:0.000021s ]
INFO: [ view_filter ] --END-- [ RunTime:0.000032s ]

[ 2018-06-09T09:29:52+08:00 ] 140.205.205.25 /product/select_list
INFO: [ app_init ] --START--
INFO: Run Behavior\BuildLiteBehavior [ RunTime:0.000005s ]
INFO: [ app_init ] --END-- [ RunTime:0.000036s ]
INFO: [ app_begin ] --START--
INFO: Run Behavior\ReadHtmlCacheBehavior [ RunTime:0.000016s ]
INFO: [ app_begin ] --END-- [ RunTime:0.000030s ]
NOTIC: [2] Declaration of Home\Controller\ProductController::show($sku_id) should be compatible with Think\Controller::show($content, $charset = '', $contentType = '', $prefix = '') /application/nginx-1.12.2/html/lovgarden_site/lovgarden/Application/Home/Controller/ProductController.class.php 第 0 行.
SQL: SELECT image_pc,block_title,block_body,block_link_title FROM lovgarden_block WHERE page_link = "/product/select_list" [ RunTime:0.0001s ]
NOTIC: [2] Declaration of Admin\Model\ProductVarientModel::_before_insert($data, $option) should be compatible with Think\Model::_before_insert(&$data, $options) /application/nginx-1.12.2/html/lovgarden_site/lovgarden/Application/Admin/Model/ProductVarientModel.class.php 第 0 行.
SQL: SHOW COLUMNS FROM `lovgarden_product_varient` [ RunTime:0.0005s ]
SQL: SELECT product.id,product.sku_id,product.varient_name,product.varient_summary,product.varient_price,images.`image_url`,hurrylevelid.hurry_level_id,hurrylevel.hurry_level,flowertypeid.flower_type_id,flowertype.flower_name,floweroccasionid.flower_occasion_id,floweroccasion.flower_occasion,flowercolorid.flower_color_id,flowercolor.flower_color FROM lovgarden_product_varient product LEFT JOIN lovgarden_product_varient_images AS images ON product.id = images.product_varient_id LEFT JOIN lovgarden_product_varient_hurry_level AS hurrylevelid ON product.id = hurrylevelid.product_varient_id LEFT JOIN lovgarden_hurry_level AS hurrylevel ON hurrylevelid.hurry_level_id = hurrylevel.id LEFT JOIN lovgarden_product_varient_flower_type AS flowertypeid ON product.id = flowertypeid.product_varient_id LEFT JOIN lovgarden_flower_type AS flowertype ON flowertypeid.flower_type_id = flowertype.id LEFT JOIN lovgarden_product_varient_flower_occasion AS floweroccasionid ON product.id = floweroccasionid.product_varient_id LEFT JOIN lovgarden_flower_occasion AS floweroccasion ON floweroccasionid.flower_occasion_id = floweroccasion.id LEFT JOIN lovgarden_product_varient_flower_color AS flowercolorid ON product.id = flowercolorid.product_varient_id LEFT JOIN lovgarden_flower_color AS flowercolor ON flowercolorid.flower_color_id = flowercolor.id  WHERE product.varient_status = '1' ORDER BY product.sku_id asc  [ RunTime:0.0083s ]
NOTIC: [8] Undefined index: image_url /application/nginx-1.12.2/html/lovgarden_site/lovgarden/Application/Common/Common/function.php 第 130 行.
NOTIC: [2] in_array() expects parameter 2 to be array, null given /application/nginx-1.12.2/html/lovgarden_site/lovgarden/Application/Common/Common/function.php 第 130 行.
NOTIC: [8] Undefined index: hurry_level_id /application/nginx-1.12.2/html/lovgarden_site/lovgarden/Application/Common/Common/function.php 第 130 行.
NOTIC: [2] in_array() expects parameter 2 to be array, null given /application/nginx-1.12.2/html/lovgarden_site/lovgarden/Application/Common/Common/function.php 第 130 行.
NOTIC: [8] Undefined index: hurry_level /application/nginx-1.12.2/html/lovgarden_site/lovgarden/Application/Common/Common/function.php 第 130 行.
NOTIC: [2] in_array() expects parameter 2 to be array, null given /application/nginx-1.12.2/html/lovgarden_site/lovgarden/Application/Common/Common/function.php 第 130 行.
NOTIC: [8] Undefined index: flower_type_id /application/nginx-1.12.2/html/lovgarden_site/lovgarden/Application/Common/Common/function.php 第 130 行.
NOTIC: [2] in_array() expects parameter 2 to be array, null given /application/nginx-1.12.2/html/lovgarden_site/lovgarden/Application/Common/Common/function.php 第 130 行.
NOTIC: [8] Undefined index: flower_name /application/nginx-1.12.2/html/lovgarden_site/lovgarden/Application/Common/Common/function.php 第 130 行.
NOTIC: [2] in_array() expects parameter 2 to be array, null given /application/nginx-1.12.2/html/lovgarden_site/lovgarden/Application/Common/Common/function.php 第 130 行.
NOTIC: [8] Undefined index: flower_occasion_id /application/nginx-1.12.2/html/lovgarden_site/lovgarden/Application/Common/Common/function.php 第 130 行.
NOTIC: [2] in_array() expects parameter 2 to be array, null given /application/nginx-1.12.2/html/lovgarden_site/lovgarden/Application/Common/Common/function.php 第 130 行.
NOTIC: [8] Undefined index: flower_occasion /application/nginx-1.12.2/html/lovgarden_site/lovgarden/Application/Common/Common/function.php 第 130 行.
NOTIC: [2] in_array() expects parameter 2 to be array, null given /application/nginx-1.12.2/html/lovgarden_site/lovgarden/Application/Common/Common/function.php 第 130 行.
NOTIC: [8] Undefined index: flower_color_id /application/nginx-1.12.2/html/lovgarden_site/lovgarden/Application/Common/Common/function.php 第 130 行.
NOTIC: [2] in_array() expects parameter 2 to be array, null given /application/nginx-1.12.2/html/lovgarden_site/lovgarden/Application/Common/Common/function.php 第 130 行.
NOTIC: [8] Undefined index: flower_color /application/nginx-1.12.2/html/lovgarden_site/lovgarden/Application/Common/Common/function.php 第 130 行.
NOTIC: [2] in_array() expects parameter 2 to be array, null given /application/nginx-1.12.2/html/lovgarden_site/lovgarden/Application/Common/Common/function.php 第 130 行.
NOTIC: [8] Undefined index: image_url /application/nginx-1.12.2/html/lovgarden_site/lovgarden/Application/Common/Common/function.php 第 130 行.
NOTIC: [2] in_array() expects parameter 2 to be array, null given /application/nginx-1.12.2/html/lovgarden_site/lovgarden/Application/Common/Common/function.php 第 130 行.
NOTIC: [8] Undefined index: hurry_level_id /application/nginx-1.12.2/html/lovgarden_site/lovgarden/Application/Common/Common/function.php 第 130 行.
NOTIC: [2] in_array() expects parameter 2 to be array, null given /application/nginx-1.12.2/html/lovgarden_site/lovgarden/Application/Common/Common/function.php 第 130 行.
NOTIC: [8] Undefined index: hurry_level /application/nginx-1.12.2/html/lovgarden_site/lovgarden/Application/Common/Common/function.php 第 130 行.
NOTIC: [2] in_array() expects parameter 2 to be array, null given /application/nginx-1.12.2/html/lovgarden_site/lovgarden/Application/Common/Common/function.php 第 130 行.
NOTIC: [8] Undefined index: flower_type_id /application/nginx-1.12.2/html/lovgarden_site/lovgarden/Application/Common/Common/function.php 第 130 行.
NOTIC: [2] in_array() expects parameter 2 to be array, null given /application/nginx-1.12.2/html/lovgarden_site/lovgarden/Application/Common/Common/function.php 第 130 行.
NOTIC: [8] Undefined index: flower_name /application/nginx-1.12.2/html/lovgarden_site/lovgarden/Application/Common/Common/function.php 第 130 行.
NOTIC: [2] in_array() expects parameter 2 to be array, null given /application/nginx-1.12.2/html/lovgarden_site/lovgarden/Application/Common/Common/function.php 第 130 行.
NOTIC: [8] Undefined index: flower_occasion_id /application/nginx-1.12.2/html/lovgarden_site/lovgarden/Application/Common/Common/function.php 第 130 行.
NOTIC: [2] in_array() expects parameter 2 to be array, null given /application/nginx-1.12.2/html/lovgarden_site/lovgarden/Application/Common/Common/function.php 第 130 行.
NOTIC: [8] Undefined index: flower_occasion /application/nginx-1.12.2/html/lovgarden_site/lovgarden/Application/Common/Common/function.php 第 130 行.
NOTIC: [2] in_array() expects parameter 2 to be array, null given /application/nginx-1.12.2/html/lovgarden_site/lovgarden/Application/Common/Common/function.php 第 130 行.
NOTIC: [8] Undefined index: flower_color_id /application/nginx-1.12.2/html/lovgarden_site/lovgarden/Application/Common/Common/function.php 第 130 行.
NOTIC: [2] in_array() expects parameter 2 to be array, null given /application/nginx-1.12.2/html/lovgarden_site/lovgarden/Application/Common/Common/function.php 第 130 行.
NOTIC: [8] Undefined index: flower_color /application/nginx-1.12.2/html/lovgarden_site/lovgarden/Application/Common/Common/function.php 第 130 行.
NOTIC: [2] in_array() expects parameter 2 to be array, null given /application/nginx-1.12.2/html/lovgarden_site/lovgarden/Application/Common/Common/function.php 第 130 行.
NOTIC: [8] Undefined index: image_url /application/nginx-1.12.2/html/lovgarden_site/lovgarden/Application/Common/Common/function.php 第 130 行.
NOTIC: [2] in_array() expects parameter 2 to be array, null given /application/nginx-1.12.2/html/lovgarden_site/lovgarden/Application/Common/Common/function.php 第 130 行.
NOTIC: [8] Undefined index: hurry_level_id /application/nginx-1.12.2/html/lovgarden_site/lovgarden/Application/Common/Common/function.php 第 130 行.
NOTIC: [2] in_array() expects parameter 2 to be array, null given /application/nginx-1.12.2/html/lovgarden_site/lovgarden/Application/Common/Common/function.php 第 130 行.
NOTIC: [8] Undefined index: hurry_level /application/nginx-1.12.2/html/lovgarden_site/lovgarden/Application/Common/Common/function.php 第 130 行.
NOTIC: [2] in_array() expects parameter 2 to be array, null given /application/nginx-1.12.2/html/lovgarden_site/lovgarden/Application/Common/Common/function.php 第 130 行.
NOTIC: [8] Undefined index: flower_type_id /application/nginx-1.12.2/html/lovgarden_site/lovgarden/Application/Common/Common/function.php 第 130 行.
NOTIC: [2] in_array() expects parameter 2 to be array, null given /application/nginx-1.12.2/html/lovgarden_site/lovgarden/Application/Common/Common/function.php 第 130 行.
NOTIC: [8] Undefined index: flower_name /application/nginx-1.12.2/html/lovgarden_site/lovgarden/Application/Common/Common/function.php 第 130 行.
NOTIC: [2] in_array() expects parameter 2 to be array, null given /application/nginx-1.12.2/html/lovgarden_site/lovgarden/Application/Common/Common/function.php 第 130 行.
NOTIC: [8] Undefined index: flower_occasion_id /application/nginx-1.12.2/html/lovgarden_site/lovgarden/Application/Common/Common/function.php 第 130 行.
NOTIC: [2] in_array() expects parameter 2 to be array, null given /application/nginx-1.12.2/html/lovgarden_site/lovgarden/Application/Common/Common/function.php 第 130 行.
NOTIC: [8] Undefined index: flower_occasion /application/nginx-1.12.2/html/lovgarden_site/lovgarden/Application/Common/Common/function.php 第 130 行.
NOTIC: [2] in_array() expects parameter 2 to be array, null given /application/nginx-1.12.2/html/lovgarden_site/lovgarden/Application/Common/Common/function.php 第 130 行.
NOTIC: [8] Undefined index: flower_color_id /application/nginx-1.12.2/html/lovgarden_site/lovgarden/Application/Common/Common/function.php 第 130 行.
NOTIC: [2] in_array() expects parameter 2 to be array, null given /application/nginx-1.12.2/html/lovgarden_site/lovgarden/Application/Common/Common/function.php 第 130 行.
NOTIC: [8] Undefined index: flower_color /application/nginx-1.12.2/html/lovgarden_site/lovgarden/Application/Common/Common/function.php 第 130 行.
NOTIC: [2] in_array() expects parameter 2 to be array, null given /application/nginx-1.12.2/html/lovgarden_site/lovgarden/Application/Common/Common/function.php 第 130 行.
NOTIC: [8] Undefined index: image_url /application/nginx-1.12.2/html/lovgarden_site/lovgarden/Application/Common/Common/function.php 第 130 行.
NOTIC: [2] in_array() expects parameter 2 to be array, null given /application/nginx-1.12.2/html/lovgarden_site/lovgarden/Application/Common/Common/function.php 第 130 行.
NOTIC: [8] Undefined index: hurry_level_id /application/nginx-1.12.2/html/lovgarden_site/lovgarden/Application/Common/Common/function.php 第 130 行.
NOTIC: [2] in_array() expects parameter 2 to be array, null given /application/nginx-1.12.2/html/lovgarden_site/lovgarden/Application/Common/Common/function.php 第 130 行.
NOTIC: [8] Undefined index: hurry_level /application/nginx-1.12.2/html/lovgarden_site/lovgarden/Application/Common/Common/function.php 第 130 行.
NOTIC: [2] in_array() expects parameter 2 to be array, null given /application/nginx-1.12.2/html/lovgarden_site/lovgarden/Application/Common/Common/function.php 第 130 行.
NOTIC: [8] Undefined index: flower_type_id /application/nginx-1.12.2/html/lovgarden_site/lovgarden/Application/Common/Common/function.php 第 130 行.
NOTIC: [2] in_array() expects parameter 2 to be array, null given /application/nginx-1.12.2/html/lovgarden_site/lovgarden/Application/Common/Common/function.php 第 130 行.
NOTIC: [8] Undefined index: flower_name /application/nginx-1.12.2/html/lovgarden_site/lovgarden/Application/Common/Common/function.php 第 130 行.
NOTIC: [2] in_array() expects parameter 2 to be array, null given /application/nginx-1.12.2/html/lovgarden_site/lovgarden/Application/Common/Common/function.php 第 130 行.
NOTIC: [8] Undefined index: flower_occasion_id /application/nginx-1.12.2/html/lovgarden_site/lovgarden/Application/Common/Common/function.php 第 130 行.
NOTIC: [2] in_array() expects parameter 2 to be array, null given /application/nginx-1.12.2/html/lovgarden_site/lovgarden/Application/Common/Common/function.php 第 130 行.
NOTIC: [8] Undefined index: flower_occasion /application/nginx-1.12.2/html/lovgarden_site/lovgarden/Application/Common/Common/function.php 第 130 行.
NOTIC: [2] in_array() expects parameter 2 to be array, null given /application/nginx-1.12.2/html/lovgarden_site/lovgarden/Application/Common/Common/function.php 第 130 行.
NOTIC: [8] Undefined index: flower_color_id /application/nginx-1.12.2/html/lovgarden_site/lovgarden/Application/Common/Common/function.php 第 130 行.
NOTIC: [2] in_array() expects parameter 2 to be array, null given /application/nginx-1.12.2/html/lovgarden_site/lovgarden/Application/Common/Common/function.php 第 130 行.
NOTIC: [8] Undefined index: flower_color /application/nginx-1.12.2/html/lovgarden_site/lovgarden/Application/Common/Common/function.php 第 130 行.
NOTIC: [2] in_array() expects parameter 2 to be array, null given /application/nginx-1.12.2/html/lovgarden_site/lovgarden/Application/Common/Common/function.php 第 130 行.
NOTIC: [8] Undefined index: image_url /application/nginx-1.12.2/html/lovgarden_site/lovgarden/Application/Common/Common/function.php 第 130 行.
NOTIC: [2] in_array() expects parameter 2 to be array, null given /application/nginx-1.12.2/html/lovgarden_site/lovgarden/Application/Common/Common/function.php 第 130 行.
NOTIC: [8] Undefined index: hurry_level_id /application/nginx-1.12.2/html/lovgarden_site/lovgarden/Application/Common/Common/function.php 第 130 行.
NOTIC: [2] in_array() expects parameter 2 to be array, null given /application/nginx-1.12.2/html/lovgarden_site/lovgarden/Application/Common/Common/function.php 第 130 行.
NOTIC: [8] Undefined index: hurry_level /application/nginx-1.12.2/html/lovgarden_site/lovgarden/Application/Common/Common/function.php 第 130 行.
NOTIC: [2] in_array() expects parameter 2 to be array, null given /application/nginx-1.12.2/html/lovgarden_site/lovgarden/Application/Common/Common/function.php 第 130 行.
NOTIC: [8] Undefined index: flower_type_id /application/nginx-1.12.2/html/lovgarden_site/lovgarden/Application/Common/Common/function.php 第 130 行.
NOTIC: [2] in_array() expects parameter 2 to be array, null given /application/nginx-1.12.2/html/lovgarden_site/lovgarden/Application/Common/Common/function.php 第 130 行.
NOTIC: [8] Undefined index: flower_name /application/nginx-1.12.2/html/lovgarden_site/lovgarden/Application/Common/Common/function.php 第 130 行.
NOTIC: [2] in_array() expects parameter 2 to be array, null given /application/nginx-1.12.2/html/lovgarden_site/lovgarden/Application/Common/Common/function.php 第 130 行.
NOTIC: [8] Undefined index: flower_occasion_id /application/nginx-1.12.2/html/lovgarden_site/lovgarden/Application/Common/Common/function.php 第 130 行.
NOTIC: [2] in_array() expects parameter 2 to be array, null given /application/nginx-1.12.2/html/lovgarden_site/lovgarden/Application/Common/Common/function.php 第 130 行.
NOTIC: [8] Undefined index: flower_occasion /application/nginx-1.12.2/html/lovgarden_site/lovgarden/Application/Common/Common/function.php 第 130 行.
NOTIC: [2] in_array() expects parameter 2 to be array, null given /application/nginx-1.12.2/html/lovgarden_site/lovgarden/Application/Common/Common/function.php 第 130 行.
NOTIC: [8] Undefined index: flower_color_id /application/nginx-1.12.2/html/lovgarden_site/lovgarden/Application/Common/Common/function.php 第 130 行.
NOTIC: [2] in_array() expects parameter 2 to be array, null given /application/nginx-1.12.2/html/lovgarden_site/lovgarden/Application/Common/Common/function.php 第 130 行.
NOTIC: [8] Undefined index: flower_color /application/nginx-1.12.2/html/lovgarden_site/lovgarden/Application/Common/Common/function.php 第 130 行.
NOTIC: [2] in_array() expects parameter 2 to be array, null given /application/nginx-1.12.2/html/lovgarden_site/lovgarden/Application/Common/Common/function.php 第 130 行.
NOTIC: [8] Undefined index: image_url /application/nginx-1.12.2/html/lovgarden_site/lovgarden/Application/Common/Common/function.php 第 130 行.
NOTIC: [2] in_array() expects parameter 2 to be array, null given /application/nginx-1.12.2/html/lovgarden_site/lovgarden/Application/Common/Common/function.php 第 130 行.
NOTIC: [8] Undefined index: hurry_level_id /application/nginx-1.12.2/html/lovgarden_site/lovgarden/Application/Common/Common/function.php 第 130 行.
NOTIC: [2] in_array() expects parameter 2 to be array, null given /application/nginx-1.12.2/html/lovgarden_site/lovgarden/Application/Common/Common/function.php 第 130 行.
NOTIC: [8] Undefined index: hurry_level /application/nginx-1.12.2/html/lovgarden_site/lovgarden/Application/Common/Common/function.php 第 130 行.
NOTIC: [2] in_array() expects parameter 2 to be array, null given /application/nginx-1.12.2/html/lovgarden_site/lovgarden/Application/Common/Common/function.php 第 130 行.
NOTIC: [8] Undefined index: flower_type_id /application/nginx-1.12.2/html/lovgarden_site/lovgarden/Application/Common/Common/function.php 第 130 行.
NOTIC: [2] in_array() expects parameter 2 to be array, null given /application/nginx-1.12.2/html/lovgarden_site/lovgarden/Application/Common/Common/function.php 第 130 行.
NOTIC: [8] Undefined index: flower_name /application/nginx-1.12.2/html/lovgarden_site/lovgarden/Application/Common/Common/function.php 第 130 行.
NOTIC: [2] in_array() expects parameter 2 to be array, null given /application/nginx-1.12.2/html/lovgarden_site/lovgarden/Application/Common/Common/function.php 第 130 行.
NOTIC: [8] Undefined index: flower_occasion_id /application/nginx-1.12.2/html/lovgarden_site/lovgarden/Application/Common/Common/function.php 第 130 行.
NOTIC: [2] in_array() expects parameter 2 to be array, null given /application/nginx-1.12.2/html/lovgarden_site/lovgarden/Application/Common/Common/function.php 第 130 行.
NOTIC: [8] Undefined index: flower_occasion /application/nginx-1.12.2/html/lovgarden_site/lovgarden/Application/Common/Common/function.php 第 130 行.
NOTIC: [2] in_array() expects parameter 2 to be array, null given /application/nginx-1.12.2/html/lovgarden_site/lovgarden/Application/Common/Common/function.php 第 130 行.
NOTIC: [8] Undefined index: flower_color_id /application/nginx-1.12.2/html/lovgarden_site/lovgarden/Application/Common/Common/function.php 第 130 行.
NOTIC: [2] in_array() expects parameter 2 to be array, null given /application/nginx-1.12.2/html/lovgarden_site/lovgarden/Application/Common/Common/function.php 第 130 行.
NOTIC: [8] Undefined index: flower_color /application/nginx-1.12.2/html/lovgarden_site/lovgarden/Application/Common/Common/function.php 第 130 行.
NOTIC: [2] in_array() expects parameter 2 to be array, null given /application/nginx-1.12.2/html/lovgarden_site/lovgarden/Application/Common/Common/function.php 第 130 行.
NOTIC: [8] Undefined index: image_url /application/nginx-1.12.2/html/lovgarden_site/lovgarden/Application/Common/Common/function.php 第 130 行.
NOTIC: [2] in_array() expects parameter 2 to be array, null given /application/nginx-1.12.2/html/lovgarden_site/lovgarden/Application/Common/Common/function.php 第 130 行.
NOTIC: [8] Undefined index: hurry_level_id /application/nginx-1.12.2/html/lovgarden_site/lovgarden/Application/Common/Common/function.php 第 130 行.
NOTIC: [2] in_array() expects parameter 2 to be array, null given /application/nginx-1.12.2/html/lovgarden_site/lovgarden/Application/Common/Common/function.php 第 130 行.
NOTIC: [8] Undefined index: hurry_level /application/nginx-1.12.2/html/lovgarden_site/lovgarden/Application/Common/Common/function.php 第 130 行.
NOTIC: [2] in_array() expects parameter 2 to be array, null given /application/nginx-1.12.2/html/lovgarden_site/lovgarden/Application/Common/Common/function.php 第 130 行.
NOTIC: [8] Undefined index: flower_type_id /application/nginx-1.12.2/html/lovgarden_site/lovgarden/Application/Common/Common/function.php 第 130 行.
NOTIC: [2] in_array() expects parameter 2 to be array, null given /application/nginx-1.12.2/html/lovgarden_site/lovgarden/Application/Common/Common/function.php 第 130 行.
NOTIC: [8] Undefined index: flower_name /application/nginx-1.12.2/html/lovgarden_site/lovgarden/Application/Common/Common/function.php 第 130 行.
NOTIC: [2] in_array() expects parameter 2 to be array, null given /application/nginx-1.12.2/html/lovgarden_site/lovgarden/Application/Common/Common/function.php 第 130 行.
NOTIC: [8] Undefined index: flower_occasion_id /application/nginx-1.12.2/html/lovgarden_site/lovgarden/Application/Common/Common/function.php 第 130 行.
NOTIC: [2] in_array() expects parameter 2 to be array, null given /application/nginx-1.12.2/html/lovgarden_site/lovgarden/Application/Common/Common/function.php 第 130 行.
NOTIC: [8] Undefined index: flower_occasion /application/nginx-1.12.2/html/lovgarden_site/lovgarden/Application/Common/Common/function.php 第 130 行.
NOTIC: [2] in_array() expects parameter 2 to be array, null given /application/nginx-1.12.2/html/lovgarden_site/lovgarden/Application/Common/Common/function.php 第 130 行.
NOTIC: [8] Undefined index: flower_color_id /application/nginx-1.12.2/html/lovgarden_site/lovgarden/Application/Common/Common/function.php 第 130 行.
NOTIC: [2] in_array() expects parameter 2 to be array, null given /application/nginx-1.12.2/html/lovgarden_site/lovgarden/Application/Common/Common/function.php 第 130 行.
NOTIC: [8] Undefined index: flower_color /application/nginx-1.12.2/html/lovgarden_site/lovgarden/Application/Common/Common/function.php 第 130 行.
NOTIC: [2] in_array() expects parameter 2 to be array, null given /application/nginx-1.12.2/html/lovgarden_site/lovgarden/Application/Common/Common/function.php 第 130 行.
NOTIC: [8] Undefined index: image_url /application/nginx-1.12.2/html/lovgarden_site/lovgarden/Application/Common/Common/function.php 第 130 行.
NOTIC: [2] in_array() expects parameter 2 to be array, null given /application/nginx-1.12.2/html/lovgarden_site/lovgarden/Application/Common/Common/function.php 第 130 行.
NOTIC: [8] Undefined index: hurry_level_id /application/nginx-1.12.2/html/lovgarden_site/lovgarden/Application/Common/Common/function.php 第 130 行.
NOTIC: [2] in_array() expects parameter 2 to be array, null given /application/nginx-1.12.2/html/lovgarden_site/lovgarden/Application/Common/Common/function.php 第 130 行.
NOTIC: [8] Undefined index: hurry_level /application/nginx-1.12.2/html/lovgarden_site/lovgarden/Application/Common/Common/function.php 第 130 行.
NOTIC: [2] in_array() expects parameter 2 to be array, null given /application/nginx-1.12.2/html/lovgarden_site/lovgarden/Application/Common/Common/function.php 第 130 行.
NOTIC: [8] Undefined index: flower_type_id /application/nginx-1.12.2/html/lovgarden_site/lovgarden/Application/Common/Common/function.php 第 130 行.
NOTIC: [2] in_array() expects parameter 2 to be array, null given /application/nginx-1.12.2/html/lovgarden_site/lovgarden/Application/Common/Common/function.php 第 130 行.
NOTIC: [8] Undefined index: flower_name /application/nginx-1.12.2/html/lovgarden_site/lovgarden/Application/Common/Common/function.php 第 130 行.
NOTIC: [2] in_array() expects parameter 2 to be array, null given /application/nginx-1.12.2/html/lovgarden_site/lovgarden/Application/Common/Common/function.php 第 130 行.
NOTIC: [8] Undefined index: flower_occasion_id /application/nginx-1.12.2/html/lovgarden_site/lovgarden/Application/Common/Common/function.php 第 130 行.
NOTIC: [2] in_array() expects parameter 2 to be array, null given /application/nginx-1.12.2/html/lovgarden_site/lovgarden/Application/Common/Common/function.php 第 130 行.
NOTIC: [8] Undefined index: flower_occasion /application/nginx-1.12.2/html/lovgarden_site/lovgarden/Application/Common/Common/function.php 第 130 行.
NOTIC: [2] in_array() expects parameter 2 to be array, null given /application/nginx-1.12.2/html/lovgarden_site/lovgarden/Application/Common/Common/function.php 第 130 行.
NOTIC: [8] Undefined index: flower_color_id /application/nginx-1.12.2/html/lovgarden_site/lovgarden/Application/Common/Common/function.php 第 130 行.
NOTIC: [2] in_array() expects parameter 2 to be array, null given /application/nginx-1.12.2/html/lovgarden_site/lovgarden/Application/Common/Common/function.php 第 130 行.
NOTIC: [8] Undefined index: flower_color /application/nginx-1.12.2/html/lovgarden_site/lovgarden/Application/Common/Common/function.php 第 130 行.
NOTIC: [2] in_array() expects parameter 2 to be array, null given /application/nginx-1.12.2/html/lovgarden_site/lovgarden/Application/Common/Common/function.php 第 130 行.
NOTIC: [8] Undefined index: image_url /application/nginx-1.12.2/html/lovgarden_site/lovgarden/Application/Common/Common/function.php 第 130 行.
NOTIC: [2] in_array() expects parameter 2 to be array, null given /application/nginx-1.12.2/html/lovgarden_site/lovgarden/Application/Common/Common/function.php 第 130 行.
NOTIC: [8] Undefined index: hurry_level_id /application/nginx-1.12.2/html/lovgarden_site/lovgarden/Application/Common/Common/function.php 第 130 行.
NOTIC: [2] in_array() expects parameter 2 to be array, null given /application/nginx-1.12.2/html/lovgarden_site/lovgarden/Application/Common/Common/function.php 第 130 行.
NOTIC: [8] Undefined index: hurry_level /application/nginx-1.12.2/html/lovgarden_site/lovgarden/Application/Common/Common/function.php 第 130 行.
NOTIC: [2] in_array() expects parameter 2 to be array, null given /application/nginx-1.12.2/html/lovgarden_site/lovgarden/Application/Common/Common/function.php 第 130 行.
NOTIC: [8] Undefined index: flower_type_id /application/nginx-1.12.2/html/lovgarden_site/lovgarden/Application/Common/Common/function.php 第 130 行.
NOTIC: [2] in_array() expects parameter 2 to be array, null given /application/nginx-1.12.2/html/lovgarden_site/lovgarden/Application/Common/Common/function.php 第 130 行.
NOTIC: [8] Undefined index: flower_name /application/nginx-1.12.2/html/lovgarden_site/lovgarden/Application/Common/Common/function.php 第 130 行.
NOTIC: [2] in_array() expects parameter 2 to be array, null given /application/nginx-1.12.2/html/lovgarden_site/lovgarden/Application/Common/Common/function.php 第 130 行.
NOTIC: [8] Undefined index: flower_occasion_id /application/nginx-1.12.2/html/lovgarden_site/lovgarden/Application/Common/Common/function.php 第 130 行.
NOTIC: [2] in_array() expects parameter 2 to be array, null given /application/nginx-1.12.2/html/lovgarden_site/lovgarden/Application/Common/Common/function.php 第 130 行.
NOTIC: [8] Undefined index: flower_occasion /application/nginx-1.12.2/html/lovgarden_site/lovgarden/Application/Common/Common/function.php 第 130 行.
NOTIC: [2] in_array() expects parameter 2 to be array, null given /application/nginx-1.12.2/html/lovgarden_site/lovgarden/Application/Common/Common/function.php 第 130 行.
NOTIC: [8] Undefined index: flower_color_id /application/nginx-1.12.2/html/lovgarden_site/lovgarden/Application/Common/Common/function.php 第 130 行.
NOTIC: [2] in_array() expects parameter 2 to be array, null given /application/nginx-1.12.2/html/lovgarden_site/lovgarden/Application/Common/Common/function.php 第 130 行.
NOTIC: [8] Undefined index: flower_color /application/nginx-1.12.2/html/lovgarden_site/lovgarden/Application/Common/Common/function.php 第 130 行.
NOTIC: [2] in_array() expects parameter 2 to be array, null given /application/nginx-1.12.2/html/lovgarden_site/lovgarden/Application/Common/Common/function.php 第 130 行.
NOTIC: [8] Undefined index: image_url /application/nginx-1.12.2/html/lovgarden_site/lovgarden/Application/Common/Common/function.php 第 130 行.
NOTIC: [2] in_array() expects parameter 2 to be array, null given /application/nginx-1.12.2/html/lovgarden_site/lovgarden/Application/Common/Common/function.php 第 130 行.
NOTIC: [8] Undefined index: hurry_level_id /application/nginx-1.12.2/html/lovgarden_site/lovgarden/Application/Common/Common/function.php 第 130 行.
NOTIC: [2] in_array() expects parameter 2 to be array, null given /application/nginx-1.12.2/html/lovgarden_site/lovgarden/Application/Common/Common/function.php 第 130 行.
NOTIC: [8] Undefined index: hurry_level /application/nginx-1.12.2/html/lovgarden_site/lovgarden/Application/Common/Common/function.php 第 130 行.
NOTIC: [2] in_array() expects parameter 2 to be array, null given /application/nginx-1.12.2/html/lovgarden_site/lovgarden/Application/Common/Common/function.php 第 130 行.
NOTIC: [8] Undefined index: flower_type_id /application/nginx-1.12.2/html/lovgarden_site/lovgarden/Application/Common/Common/function.php 第 130 行.
NOTIC: [2] in_array() expects parameter 2 to be array, null given /application/nginx-1.12.2/html/lovgarden_site/lovgarden/Application/Common/Common/function.php 第 130 行.
NOTIC: [8] Undefined index: flower_name /application/nginx-1.12.2/html/lovgarden_site/lovgarden/Application/Common/Common/function.php 第 130 行.
NOTIC: [2] in_array() expects parameter 2 to be array, null given /application/nginx-1.12.2/html/lovgarden_site/lovgarden/Application/Common/Common/function.php 第 130 行.
NOTIC: [8] Undefined index: flower_occasion_id /application/nginx-1.12.2/html/lovgarden_site/lovgarden/Application/Common/Common/function.php 第 130 行.
NOTIC: [2] in_array() expects parameter 2 to be array, null given /application/nginx-1.12.2/html/lovgarden_site/lovgarden/Application/Common/Common/function.php 第 130 行.
NOTIC: [8] Undefined index: flower_occasion /application/nginx-1.12.2/html/lovgarden_site/lovgarden/Application/Common/Common/function.php 第 130 行.
NOTIC: [2] in_array() expects parameter 2 to be array, null given /application/nginx-1.12.2/html/lovgarden_site/lovgarden/Application/Common/Common/function.php 第 130 行.
NOTIC: [8] Undefined index: flower_color_id /application/nginx-1.12.2/html/lovgarden_site/lovgarden/Application/Common/Common/function.php 第 130 行.
NOTIC: [2] in_array() expects parameter 2 to be array, null given /application/nginx-1.12.2/html/lovgarden_site/lovgarden/Application/Common/Common/function.php 第 130 行.
NOTIC: [8] Undefined index: flower_color /application/nginx-1.12.2/html/lovgarden_site/lovgarden/Application/Common/Common/function.php 第 130 行.
NOTIC: [2] in_array() expects parameter 2 to be array, null given /application/nginx-1.12.2/html/lovgarden_site/lovgarden/Application/Common/Common/function.php 第 130 行.
NOTIC: [8] Undefined index: image_url /application/nginx-1.12.2/html/lovgarden_site/lovgarden/Application/Common/Common/function.php 第 130 行.
NOTIC: [2] in_array() expects parameter 2 to be array, null given /application/nginx-1.12.2/html/lovgarden_site/lovgarden/Application/Common/Common/function.php 第 130 行.
NOTIC: [8] Undefined index: hurry_level_id /application/nginx-1.12.2/html/lovgarden_site/lovgarden/Application/Common/Common/function.php 第 130 行.
NOTIC: [2] in_array() expects parameter 2 to be array, null given /application/nginx-1.12.2/html/lovgarden_site/lovgarden/Application/Common/Common/function.php 第 130 行.
NOTIC: [8] Undefined index: hurry_level /application/nginx-1.12.2/html/lovgarden_site/lovgarden/Application/Common/Common/function.php 第 130 行.
NOTIC: [2] in_array() expects parameter 2 to be array, null given /application/nginx-1.12.2/html/lovgarden_site/lovgarden/Application/Common/Common/function.php 第 130 行.
NOTIC: [8] Undefined index: flower_type_id /application/nginx-1.12.2/html/lovgarden_site/lovgarden/Application/Common/Common/function.php 第 130 行.
NOTIC: [2] in_array() expects parameter 2 to be array, null given /application/nginx-1.12.2/html/lovgarden_site/lovgarden/Application/Common/Common/function.php 第 130 行.
NOTIC: [8] Undefined index: flower_name /application/nginx-1.12.2/html/lovgarden_site/lovgarden/Application/Common/Common/function.php 第 130 行.
NOTIC: [2] in_array() expects parameter 2 to be array, null given /application/nginx-1.12.2/html/lovgarden_site/lovgarden/Application/Common/Common/function.php 第 130 行.
NOTIC: [8] Undefined index: flower_occasion_id /application/nginx-1.12.2/html/lovgarden_site/lovgarden/Application/Common/Common/function.php 第 130 行.
NOTIC: [2] in_array() expects parameter 2 to be array, null given /application/nginx-1.12.2/html/lovgarden_site/lovgarden/Application/Common/Common/function.php 第 130 行.
NOTIC: [8] Undefined index: flower_occasion /application/nginx-1.12.2/html/lovgarden_site/lovgarden/Application/Common/Common/function.php 第 130 行.
NOTIC: [2] in_array() expects parameter 2 to be array, null given /application/nginx-1.12.2/html/lovgarden_site/lovgarden/Application/Common/Common/function.php 第 130 行.
NOTIC: [8] Undefined index: flower_color_id /application/nginx-1.12.2/html/lovgarden_site/lovgarden/Application/Common/Common/function.php 第 130 行.
NOTIC: [2] in_array() expects parameter 2 to be array, null given /application/nginx-1.12.2/html/lovgarden_site/lovgarden/Application/Common/Common/function.php 第 130 行.
NOTIC: [8] Undefined index: flower_color /application/nginx-1.12.2/html/lovgarden_site/lovgarden/Application/Common/Common/function.php 第 130 行.
NOTIC: [2] in_array() expects parameter 2 to be array, null given /application/nginx-1.12.2/html/lovgarden_site/lovgarden/Application/Common/Common/function.php 第 130 行.
NOTIC: [8] Undefined index: image_url /application/nginx-1.12.2/html/lovgarden_site/lovgarden/Application/Common/Common/function.php 第 130 行.
NOTIC: [2] in_array() expects parameter 2 to be array, null given /application/nginx-1.12.2/html/lovgarden_site/lovgarden/Application/Common/Common/function.php 第 130 行.
NOTIC: [8] Undefined index: hurry_level_id /application/nginx-1.12.2/html/lovgarden_site/lovgarden/Application/Common/Common/function.php 第 130 行.
NOTIC: [2] in_array() expects parameter 2 to be array, null given /application/nginx-1.12.2/html/lovgarden_site/lovgarden/Application/Common/Common/function.php 第 130 行.
NOTIC: [8] Undefined index: hurry_level /application/nginx-1.12.2/html/lovgarden_site/lovgarden/Application/Common/Common/function.php 第 130 行.
NOTIC: [2] in_array() expects parameter 2 to be array, null given /application/nginx-1.12.2/html/lovgarden_site/lovgarden/Application/Common/Common/function.php 第 130 行.
NOTIC: [8] Undefined index: flower_type_id /application/nginx-1.12.2/html/lovgarden_site/lovgarden/Application/Common/Common/function.php 第 130 行.
NOTIC: [2] in_array() expects parameter 2 to be array, null given /application/nginx-1.12.2/html/lovgarden_site/lovgarden/Application/Common/Common/function.php 第 130 行.
NOTIC: [8] Undefined index: flower_name /application/nginx-1.12.2/html/lovgarden_site/lovgarden/Application/Common/Common/function.php 第 130 行.
NOTIC: [2] in_array() expects parameter 2 to be array, null given /application/nginx-1.12.2/html/lovgarden_site/lovgarden/Application/Common/Common/function.php 第 130 行.
NOTIC: [8] Undefined index: flower_occasion_id /application/nginx-1.12.2/html/lovgarden_site/lovgarden/Application/Common/Common/function.php 第 130 行.
NOTIC: [2] in_array() expects parameter 2 to be array, null given /application/nginx-1.12.2/html/lovgarden_site/lovgarden/Application/Common/Common/function.php 第 130 行.
NOTIC: [8] Undefined index: flower_occasion /application/nginx-1.12.2/html/lovgarden_site/lovgarden/Application/Common/Common/function.php 第 130 行.
NOTIC: [2] in_array() expects parameter 2 to be array, null given /application/nginx-1.12.2/html/lovgarden_site/lovgarden/Application/Common/Common/function.php 第 130 行.
NOTIC: [8] Undefined index: flower_color_id /application/nginx-1.12.2/html/lovgarden_site/lovgarden/Application/Common/Common/function.php 第 130 行.
NOTIC: [2] in_array() expects parameter 2 to be array, null given /application/nginx-1.12.2/html/lovgarden_site/lovgarden/Application/Common/Common/function.php 第 130 行.
NOTIC: [8] Undefined index: flower_color /application/nginx-1.12.2/html/lovgarden_site/lovgarden/Application/Common/Common/function.php 第 130 行.
NOTIC: [2] in_array() expects parameter 2 to be array, null given /application/nginx-1.12.2/html/lovgarden_site/lovgarden/Application/Common/Common/function.php 第 130 行.
SQL: select id, hurry_level from lovgarden_hurry_level [ RunTime:0.0001s ]
SQL: select id, flower_name from lovgarden_flower_type [ RunTime:0.0001s ]
SQL: select id, flower_occasion from lovgarden_flower_occasion [ RunTime:0.0001s ]
SQL: select id, flower_color from lovgarden_flower_color [ RunTime:0.0000s ]
INFO: [ view_parse ] --START--
INFO: [ template_filter ] --START--
INFO: Run Behavior\ContentReplaceBehavior [ RunTime:0.000236s ]
INFO: [ template_filter ] --END-- [ RunTime:0.000264s ]
NOTIC: [8] Undefined index: hurryLevel /application/nginx-1.12.2/html/lovgarden_site/lovgarden/Application/Runtime/Cache/Home/afae4ad50d97c51a10b9a6b53125e1ae.php 第 245 行.
NOTIC: [2] in_array() expects parameter 2 to be array, null given /application/nginx-1.12.2/html/lovgarden_site/lovgarden/Application/Runtime/Cache/Home/afae4ad50d97c51a10b9a6b53125e1ae.php 第 245 行.
NOTIC: [8] Undefined index: hurryLevel /application/nginx-1.12.2/html/lovgarden_site/lovgarden/Application/Runtime/Cache/Home/afae4ad50d97c51a10b9a6b53125e1ae.php 第 245 行.
NOTIC: [2] in_array() expects parameter 2 to be array, null given /application/nginx-1.12.2/html/lovgarden_site/lovgarden/Application/Runtime/Cache/Home/afae4ad50d97c51a10b9a6b53125e1ae.php 第 245 行.
NOTIC: [8] Undefined index: flowerType /application/nginx-1.12.2/html/lovgarden_site/lovgarden/Application/Runtime/Cache/Home/afae4ad50d97c51a10b9a6b53125e1ae.php 第 259 行.
NOTIC: [2] in_array() expects parameter 2 to be array, null given /application/nginx-1.12.2/html/lovgarden_site/lovgarden/Application/Runtime/Cache/Home/afae4ad50d97c51a10b9a6b53125e1ae.php 第 259 行.
NOTIC: [8] Undefined index: flowerType /application/nginx-1.12.2/html/lovgarden_site/lovgarden/Application/Runtime/Cache/Home/afae4ad50d97c51a10b9a6b53125e1ae.php 第 259 行.
NOTIC: [2] in_array() expects parameter 2 to be array, null given /application/nginx-1.12.2/html/lovgarden_site/lovgarden/Application/Runtime/Cache/Home/afae4ad50d97c51a10b9a6b53125e1ae.php 第 259 行.
NOTIC: [8] Undefined index: flowerType /application/nginx-1.12.2/html/lovgarden_site/lovgarden/Application/Runtime/Cache/Home/afae4ad50d97c51a10b9a6b53125e1ae.php 第 259 行.
NOTIC: [2] in_array() expects parameter 2 to be array, null given /application/nginx-1.12.2/html/lovgarden_site/lovgarden/Application/Runtime/Cache/Home/afae4ad50d97c51a10b9a6b53125e1ae.php 第 259 行.
NOTIC: [8] Undefined index: flowerType /application/nginx-1.12.2/html/lovgarden_site/lovgarden/Application/Runtime/Cache/Home/afae4ad50d97c51a10b9a6b53125e1ae.php 第 259 行.
NOTIC: [2] in_array() expects parameter 2 to be array, null given /application/nginx-1.12.2/html/lovgarden_site/lovgarden/Application/Runtime/Cache/Home/afae4ad50d97c51a10b9a6b53125e1ae.php 第 259 行.
NOTIC: [8] Undefined index: flowerType /application/nginx-1.12.2/html/lovgarden_site/lovgarden/Application/Runtime/Cache/Home/afae4ad50d97c51a10b9a6b53125e1ae.php 第 259 行.
NOTIC: [2] in_array() expects parameter 2 to be array, null given /application/nginx-1.12.2/html/lovgarden_site/lovgarden/Application/Runtime/Cache/Home/afae4ad50d97c51a10b9a6b53125e1ae.php 第 259 行.
NOTIC: [8] Undefined index: flowerType /application/nginx-1.12.2/html/lovgarden_site/lovgarden/Application/Runtime/Cache/Home/afae4ad50d97c51a10b9a6b53125e1ae.php 第 259 行.
NOTIC: [2] in_array() expects parameter 2 to be array, null given /application/nginx-1.12.2/html/lovgarden_site/lovgarden/Application/Runtime/Cache/Home/afae4ad50d97c51a10b9a6b53125e1ae.php 第 259 行.
NOTIC: [8] Undefined index: flowerType /application/nginx-1.12.2/html/lovgarden_site/lovgarden/Application/Runtime/Cache/Home/afae4ad50d97c51a10b9a6b53125e1ae.php 第 259 行.
NOTIC: [2] in_array() expects parameter 2 to be array, null given /application/nginx-1.12.2/html/lovgarden_site/lovgarden/Application/Runtime/Cache/Home/afae4ad50d97c51a10b9a6b53125e1ae.php 第 259 行.
NOTIC: [8] Undefined index: flowerType /application/nginx-1.12.2/html/lovgarden_site/lovgarden/Application/Runtime/Cache/Home/afae4ad50d97c51a10b9a6b53125e1ae.php 第 259 行.
NOTIC: [2] in_array() expects parameter 2 to be array, null given /application/nginx-1.12.2/html/lovgarden_site/lovgarden/Application/Runtime/Cache/Home/afae4ad50d97c51a10b9a6b53125e1ae.php 第 259 行.
NOTIC: [8] Undefined index: flowerType /application/nginx-1.12.2/html/lovgarden_site/lovgarden/Application/Runtime/Cache/Home/afae4ad50d97c51a10b9a6b53125e1ae.php 第 270 行.
NOTIC: [2] in_array() expects parameter 2 to be array, null given /application/nginx-1.12.2/html/lovgarden_site/lovgarden/Application/Runtime/Cache/Home/afae4ad50d97c51a10b9a6b53125e1ae.php 第 270 行.
NOTIC: [8] Undefined index: flowerType /application/nginx-1.12.2/html/lovgarden_site/lovgarden/Application/Runtime/Cache/Home/afae4ad50d97c51a10b9a6b53125e1ae.php 第 270 行.
NOTIC: [2] in_array() expects parameter 2 to be array, null given /application/nginx-1.12.2/html/lovgarden_site/lovgarden/Application/Runtime/Cache/Home/afae4ad50d97c51a10b9a6b53125e1ae.php 第 270 行.
NOTIC: [8] Undefined index: flowerType /application/nginx-1.12.2/html/lovgarden_site/lovgarden/Application/Runtime/Cache/Home/afae4ad50d97c51a10b9a6b53125e1ae.php 第 270 行.
NOTIC: [2] in_array() expects parameter 2 to be array, null given /application/nginx-1.12.2/html/lovgarden_site/lovgarden/Application/Runtime/Cache/Home/afae4ad50d97c51a10b9a6b53125e1ae.php 第 270 行.
NOTIC: [8] Undefined index: flowerType /application/nginx-1.12.2/html/lovgarden_site/lovgarden/Application/Runtime/Cache/Home/afae4ad50d97c51a10b9a6b53125e1ae.php 第 270 行.
NOTIC: [2] in_array() expects parameter 2 to be array, null given /application/nginx-1.12.2/html/lovgarden_site/lovgarden/Application/Runtime/Cache/Home/afae4ad50d97c51a10b9a6b53125e1ae.php 第 270 行.
NOTIC: [8] Undefined index: flowerType /application/nginx-1.12.2/html/lovgarden_site/lovgarden/Application/Runtime/Cache/Home/afae4ad50d97c51a10b9a6b53125e1ae.php 第 270 行.
NOTIC: [2] in_array() expects parameter 2 to be array, null given /application/nginx-1.12.2/html/lovgarden_site/lovgarden/Application/Runtime/Cache/Home/afae4ad50d97c51a10b9a6b53125e1ae.php 第 270 行.
NOTIC: [8] Undefined index: flowerType /application/nginx-1.12.2/html/lovgarden_site/lovgarden/Application/Runtime/Cache/Home/afae4ad50d97c51a10b9a6b53125e1ae.php 第 270 行.
NOTIC: [2] in_array() expects parameter 2 to be array, null given /application/nginx-1.12.2/html/lovgarden_site/lovgarden/Application/Runtime/Cache/Home/afae4ad50d97c51a10b9a6b53125e1ae.php 第 270 行.
NOTIC: [8] Undefined index: flowerType /application/nginx-1.12.2/html/lovgarden_site/lovgarden/Application/Runtime/Cache/Home/afae4ad50d97c51a10b9a6b53125e1ae.php 第 270 行.
NOTIC: [2] in_array() expects parameter 2 to be array, null given /application/nginx-1.12.2/html/lovgarden_site/lovgarden/Application/Runtime/Cache/Home/afae4ad50d97c51a10b9a6b53125e1ae.php 第 270 行.
NOTIC: [8] Undefined index: flowerOccasion /application/nginx-1.12.2/html/lovgarden_site/lovgarden/Application/Runtime/Cache/Home/afae4ad50d97c51a10b9a6b53125e1ae.php 第 286 行.
NOTIC: [2] in_array() expects parameter 2 to be array, null given /application/nginx-1.12.2/html/lovgarden_site/lovgarden/Application/Runtime/Cache/Home/afae4ad50d97c51a10b9a6b53125e1ae.php 第 286 行.
NOTIC: [8] Undefined index: flowerOccasion /application/nginx-1.12.2/html/lovgarden_site/lovgarden/Application/Runtime/Cache/Home/afae4ad50d97c51a10b9a6b53125e1ae.php 第 286 行.
NOTIC: [2] in_array() expects parameter 2 to be array, null given /application/nginx-1.12.2/html/lovgarden_site/lovgarden/Application/Runtime/Cache/Home/afae4ad50d97c51a10b9a6b53125e1ae.php 第 286 行.
NOTIC: [8] Undefined index: flowerOccasion /application/nginx-1.12.2/html/lovgarden_site/lovgarden/Application/Runtime/Cache/Home/afae4ad50d97c51a10b9a6b53125e1ae.php 第 286 行.
NOTIC: [2] in_array() expects parameter 2 to be array, null given /application/nginx-1.12.2/html/lovgarden_site/lovgarden/Application/Runtime/Cache/Home/afae4ad50d97c51a10b9a6b53125e1ae.php 第 286 行.
NOTIC: [8] Undefined index: flowerOccasion /application/nginx-1.12.2/html/lovgarden_site/lovgarden/Application/Runtime/Cache/Home/afae4ad50d97c51a10b9a6b53125e1ae.php 第 286 行.
NOTIC: [2] in_array() expects parameter 2 to be array, null given /application/nginx-1.12.2/html/lovgarden_site/lovgarden/Application/Runtime/Cache/Home/afae4ad50d97c51a10b9a6b53125e1ae.php 第 286 行.
NOTIC: [8] Undefined index: flowerOccasion /application/nginx-1.12.2/html/lovgarden_site/lovgarden/Application/Runtime/Cache/Home/afae4ad50d97c51a10b9a6b53125e1ae.php 第 286 行.
NOTIC: [2] in_array() expects parameter 2 to be array, null given /application/nginx-1.12.2/html/lovgarden_site/lovgarden/Application/Runtime/Cache/Home/afae4ad50d97c51a10b9a6b53125e1ae.php 第 286 行.
NOTIC: [8] Undefined index: flowerOccasion /application/nginx-1.12.2/html/lovgarden_site/lovgarden/Application/Runtime/Cache/Home/afae4ad50d97c51a10b9a6b53125e1ae.php 第 297 行.
NOTIC: [2] in_array() expects parameter 2 to be array, null given /application/nginx-1.12.2/html/lovgarden_site/lovgarden/Application/Runtime/Cache/Home/afae4ad50d97c51a10b9a6b53125e1ae.php 第 297 行.
NOTIC: [8] Undefined index: flowerOccasion /application/nginx-1.12.2/html/lovgarden_site/lovgarden/Application/Runtime/Cache/Home/afae4ad50d97c51a10b9a6b53125e1ae.php 第 297 行.
NOTIC: [2] in_array() expects parameter 2 to be array, null given /application/nginx-1.12.2/html/lovgarden_site/lovgarden/Application/Runtime/Cache/Home/afae4ad50d97c51a10b9a6b53125e1ae.php 第 297 行.
NOTIC: [8] Undefined index: flowerOccasion /application/nginx-1.12.2/html/lovgarden_site/lovgarden/Application/Runtime/Cache/Home/afae4ad50d97c51a10b9a6b53125e1ae.php 第 297 行.
NOTIC: [2] in_array() expects parameter 2 to be array, null given /application/nginx-1.12.2/html/lovgarden_site/lovgarden/Application/Runtime/Cache/Home/afae4ad50d97c51a10b9a6b53125e1ae.php 第 297 行.
NOTIC: [8] Undefined index: flowerOccasion /application/nginx-1.12.2/html/lovgarden_site/lovgarden/Application/Runtime/Cache/Home/afae4ad50d97c51a10b9a6b53125e1ae.php 第 297 行.
NOTIC: [2] in_array() expects parameter 2 to be array, null given /application/nginx-1.12.2/html/lovgarden_site/lovgarden/Application/Runtime/Cache/Home/afae4ad50d97c51a10b9a6b53125e1ae.php 第 297 行.
NOTIC: [8] Undefined index: flowerOccasion /application/nginx-1.12.2/html/lovgarden_site/lovgarden/Application/Runtime/Cache/Home/afae4ad50d97c51a10b9a6b53125e1ae.php 第 297 行.
NOTIC: [2] in_array() expects parameter 2 to be array, null given /application/nginx-1.12.2/html/lovgarden_site/lovgarden/Application/Runtime/Cache/Home/afae4ad50d97c51a10b9a6b53125e1ae.php 第 297 行.
NOTIC: [8] Undefined index: flowerColor /application/nginx-1.12.2/html/lovgarden_site/lovgarden/Application/Runtime/Cache/Home/afae4ad50d97c51a10b9a6b53125e1ae.php 第 313 行.
NOTIC: [2] in_array() expects parameter 2 to be array, null given /application/nginx-1.12.2/html/lovgarden_site/lovgarden/Application/Runtime/Cache/Home/afae4ad50d97c51a10b9a6b53125e1ae.php 第 313 行.
NOTIC: [8] Undefined index: flowerColor /application/nginx-1.12.2/html/lovgarden_site/lovgarden/Application/Runtime/Cache/Home/afae4ad50d97c51a10b9a6b53125e1ae.php 第 313 行.
NOTIC: [2] in_array() expects parameter 2 to be array, null given /application/nginx-1.12.2/html/lovgarden_site/lovgarden/Application/Runtime/Cache/Home/afae4ad50d97c51a10b9a6b53125e1ae.php 第 313 行.
NOTIC: [8] Undefined index: flowerColor /application/nginx-1.12.2/html/lovgarden_site/lovgarden/Application/Runtime/Cache/Home/afae4ad50d97c51a10b9a6b53125e1ae.php 第 313 行.
NOTIC: [2] in_array() expects parameter 2 to be array, null given /application/nginx-1.12.2/html/lovgarden_site/lovgarden/Application/Runtime/Cache/Home/afae4ad50d97c51a10b9a6b53125e1ae.php 第 313 行.
NOTIC: [8] Undefined index: flowerColor /application/nginx-1.12.2/html/lovgarden_site/lovgarden/Application/Runtime/Cache/Home/afae4ad50d97c51a10b9a6b53125e1ae.php 第 324 行.
NOTIC: [2] in_array() expects parameter 2 to be array, null given /application/nginx-1.12.2/html/lovgarden_site/lovgarden/Application/Runtime/Cache/Home/afae4ad50d97c51a10b9a6b53125e1ae.php 第 324 行.
NOTIC: [8] Undefined index: flowerColor /application/nginx-1.12.2/html/lovgarden_site/lovgarden/Application/Runtime/Cache/Home/afae4ad50d97c51a10b9a6b53125e1ae.php 第 324 行.
NOTIC: [2] in_array() expects parameter 2 to be array, null given /application/nginx-1.12.2/html/lovgarden_site/lovgarden/Application/Runtime/Cache/Home/afae4ad50d97c51a10b9a6b53125e1ae.php 第 324 行.
NOTIC: [8] Undefined index: flowerColor /application/nginx-1.12.2/html/lovgarden_site/lovgarden/Application/Runtime/Cache/Home/afae4ad50d97c51a10b9a6b53125e1ae.php 第 324 行.
NOTIC: [2] in_array() expects parameter 2 to be array, null given /application/nginx-1.12.2/html/lovgarden_site/lovgarden/Application/Runtime/Cache/Home/afae4ad50d97c51a10b9a6b53125e1ae.php 第 324 行.
NOTIC: [8] Undefined index: hurryLevel /application/nginx-1.12.2/html/lovgarden_site/lovgarden/Application/Runtime/Cache/Home/afae4ad50d97c51a10b9a6b53125e1ae.php 第 427 行.
NOTIC: [2] in_array() expects parameter 2 to be array, null given /application/nginx-1.12.2/html/lovgarden_site/lovgarden/Application/Runtime/Cache/Home/afae4ad50d97c51a10b9a6b53125e1ae.php 第 427 行.
NOTIC: [8] Undefined index: hurryLevel /application/nginx-1.12.2/html/lovgarden_site/lovgarden/Application/Runtime/Cache/Home/afae4ad50d97c51a10b9a6b53125e1ae.php 第 427 行.
NOTIC: [2] in_array() expects parameter 2 to be array, null given /application/nginx-1.12.2/html/lovgarden_site/lovgarden/Application/Runtime/Cache/Home/afae4ad50d97c51a10b9a6b53125e1ae.php 第 427 行.
NOTIC: [8] Undefined index: flowerType /application/nginx-1.12.2/html/lovgarden_site/lovgarden/Application/Runtime/Cache/Home/afae4ad50d97c51a10b9a6b53125e1ae.php 第 435 行.
NOTIC: [2] in_array() expects parameter 2 to be array, null given /application/nginx-1.12.2/html/lovgarden_site/lovgarden/Application/Runtime/Cache/Home/afae4ad50d97c51a10b9a6b53125e1ae.php 第 435 行.
NOTIC: [8] Undefined index: flowerType /application/nginx-1.12.2/html/lovgarden_site/lovgarden/Application/Runtime/Cache/Home/afae4ad50d97c51a10b9a6b53125e1ae.php 第 435 行.
NOTIC: [2] in_array() expects parameter 2 to be array, null given /application/nginx-1.12.2/html/lovgarden_site/lovgarden/Application/Runtime/Cache/Home/afae4ad50d97c51a10b9a6b53125e1ae.php 第 435 行.
NOTIC: [8] Undefined index: flowerType /application/nginx-1.12.2/html/lovgarden_site/lovgarden/Application/Runtime/Cache/Home/afae4ad50d97c51a10b9a6b53125e1ae.php 第 435 行.
NOTIC: [2] in_array() expects parameter 2 to be array, null given /application/nginx-1.12.2/html/lovgarden_site/lovgarden/Application/Runtime/Cache/Home/afae4ad50d97c51a10b9a6b53125e1ae.php 第 435 行.
NOTIC: [8] Undefined index: flowerType /application/nginx-1.12.2/html/lovgarden_site/lovgarden/Application/Runtime/Cache/Home/afae4ad50d97c51a10b9a6b53125e1ae.php 第 435 行.
NOTIC: [2] in_array() expects parameter 2 to be array, null given /application/nginx-1.12.2/html/lovgarden_site/lovgarden/Application/Runtime/Cache/Home/afae4ad50d97c51a10b9a6b53125e1ae.php 第 435 行.
NOTIC: [8] Undefined index: flowerType /application/nginx-1.12.2/html/lovgarden_site/lovgarden/Application/Runtime/Cache/Home/afae4ad50d97c51a10b9a6b53125e1ae.php 第 435 行.
NOTIC: [2] in_array() expects parameter 2 to be array, null given /application/nginx-1.12.2/html/lovgarden_site/lovgarden/Application/Runtime/Cache/Home/afae4ad50d97c51a10b9a6b53125e1ae.php 第 435 行.
NOTIC: [8] Undefined index: flowerType /application/nginx-1.12.2/html/lovgarden_site/lovgarden/Application/Runtime/Cache/Home/afae4ad50d97c51a10b9a6b53125e1ae.php 第 435 行.
NOTIC: [2] in_array() expects parameter 2 to be array, null given /application/nginx-1.12.2/html/lovgarden_site/lovgarden/Application/Runtime/Cache/Home/afae4ad50d97c51a10b9a6b53125e1ae.php 第 435 行.
NOTIC: [8] Undefined index: flowerType /application/nginx-1.12.2/html/lovgarden_site/lovgarden/Application/Runtime/Cache/Home/afae4ad50d97c51a10b9a6b53125e1ae.php 第 435 行.
NOTIC: [2] in_array() expects parameter 2 to be array, null given /application/nginx-1.12.2/html/lovgarden_site/lovgarden/Application/Runtime/Cache/Home/afae4ad50d97c51a10b9a6b53125e1ae.php 第 435 行.
NOTIC: [8] Undefined index: flowerType /application/nginx-1.12.2/html/lovgarden_site/lovgarden/Application/Runtime/Cache/Home/afae4ad50d97c51a10b9a6b53125e1ae.php 第 435 行.
NOTIC: [2] in_array() expects parameter 2 to be array, null given /application/nginx-1.12.2/html/lovgarden_site/lovgarden/Application/Runtime/Cache/Home/afae4ad50d97c51a10b9a6b53125e1ae.php 第 435 行.
NOTIC: [8] Undefined index: flowerType /application/nginx-1.12.2/html/lovgarden_site/lovgarden/Application/Runtime/Cache/Home/afae4ad50d97c51a10b9a6b53125e1ae.php 第 435 行.
NOTIC: [2] in_array() expects parameter 2 to be array, null given /application/nginx-1.12.2/html/lovgarden_site/lovgarden/Application/Runtime/Cache/Home/afae4ad50d97c51a10b9a6b53125e1ae.php 第 435 行.
NOTIC: [8] Undefined index: flowerType /application/nginx-1.12.2/html/lovgarden_site/lovgarden/Application/Runtime/Cache/Home/afae4ad50d97c51a10b9a6b53125e1ae.php 第 435 行.
NOTIC: [2] in_array() expects parameter 2 to be array, null given /application/nginx-1.12.2/html/lovgarden_site/lovgarden/Application/Runtime/Cache/Home/afae4ad50d97c51a10b9a6b53125e1ae.php 第 435 行.
NOTIC: [8] Undefined index: flowerType /application/nginx-1.12.2/html/lovgarden_site/lovgarden/Application/Runtime/Cache/Home/afae4ad50d97c51a10b9a6b53125e1ae.php 第 435 行.
NOTIC: [2] in_array() expects parameter 2 to be array, null given /application/nginx-1.12.2/html/lovgarden_site/lovgarden/Application/Runtime/Cache/Home/afae4ad50d97c51a10b9a6b53125e1ae.php 第 435 行.
NOTIC: [8] Undefined index: flowerType /application/nginx-1.12.2/html/lovgarden_site/lovgarden/Application/Runtime/Cache/Home/afae4ad50d97c51a10b9a6b53125e1ae.php 第 435 行.
NOTIC: [2] in_array() expects parameter 2 to be array, null given /application/nginx-1.12.2/html/lovgarden_site/lovgarden/Application/Runtime/Cache/Home/afae4ad50d97c51a10b9a6b53125e1ae.php 第 435 行.
NOTIC: [8] Undefined index: flowerType /application/nginx-1.12.2/html/lovgarden_site/lovgarden/Application/Runtime/Cache/Home/afae4ad50d97c51a10b9a6b53125e1ae.php 第 435 行.
NOTIC: [2] in_array() expects parameter 2 to be array, null given /application/nginx-1.12.2/html/lovgarden_site/lovgarden/Application/Runtime/Cache/Home/afae4ad50d97c51a10b9a6b53125e1ae.php 第 435 行.
NOTIC: [8] Undefined index: flowerType /application/nginx-1.12.2/html/lovgarden_site/lovgarden/Application/Runtime/Cache/Home/afae4ad50d97c51a10b9a6b53125e1ae.php 第 435 行.
NOTIC: [2] in_array() expects parameter 2 to be array, null given /application/nginx-1.12.2/html/lovgarden_site/lovgarden/Application/Runtime/Cache/Home/afae4ad50d97c51a10b9a6b53125e1ae.php 第 435 行.
NOTIC: [8] Undefined index: flowerType /application/nginx-1.12.2/html/lovgarden_site/lovgarden/Application/Runtime/Cache/Home/afae4ad50d97c51a10b9a6b53125e1ae.php 第 435 行.
NOTIC: [2] in_array() expects parameter 2 to be array, null given /application/nginx-1.12.2/html/lovgarden_site/lovgarden/Application/Runtime/Cache/Home/afae4ad50d97c51a10b9a6b53125e1ae.php 第 435 行.
NOTIC: [8] Undefined index: flowerOccasion /application/nginx-1.12.2/html/lovgarden_site/lovgarden/Application/Runtime/Cache/Home/afae4ad50d97c51a10b9a6b53125e1ae.php 第 443 行.
NOTIC: [2] in_array() expects parameter 2 to be array, null given /application/nginx-1.12.2/html/lovgarden_site/lovgarden/Application/Runtime/Cache/Home/afae4ad50d97c51a10b9a6b53125e1ae.php 第 443 行.
NOTIC: [8] Undefined index: flowerOccasion /application/nginx-1.12.2/html/lovgarden_site/lovgarden/Application/Runtime/Cache/Home/afae4ad50d97c51a10b9a6b53125e1ae.php 第 443 行.
NOTIC: [2] in_array() expects parameter 2 to be array, null given /application/nginx-1.12.2/html/lovgarden_site/lovgarden/Application/Runtime/Cache/Home/afae4ad50d97c51a10b9a6b53125e1ae.php 第 443 行.
NOTIC: [8] Undefined index: flowerOccasion /application/nginx-1.12.2/html/lovgarden_site/lovgarden/Application/Runtime/Cache/Home/afae4ad50d97c51a10b9a6b53125e1ae.php 第 443 行.
NOTIC: [2] in_array() expects parameter 2 to be array, null given /application/nginx-1.12.2/html/lovgarden_site/lovgarden/Application/Runtime/Cache/Home/afae4ad50d97c51a10b9a6b53125e1ae.php 第 443 行.
NOTIC: [8] Undefined index: flowerOccasion /application/nginx-1.12.2/html/lovgarden_site/lovgarden/Application/Runtime/Cache/Home/afae4ad50d97c51a10b9a6b53125e1ae.php 第 443 行.
NOTIC: [2] in_array() expects parameter 2 to be array, null given /application/nginx-1.12.2/html/lovgarden_site/lovgarden/Application/Runtime/Cache/Home/afae4ad50d97c51a10b9a6b53125e1ae.php 第 443 行.
NOTIC: [8] Undefined index: flowerOccasion /application/nginx-1.12.2/html/lovgarden_site/lovgarden/Application/Runtime/Cache/Home/afae4ad50d97c51a10b9a6b53125e1ae.php 第 443 行.
NOTIC: [2] in_array() expects parameter 2 to be array, null given /application/nginx-1.12.2/html/lovgarden_site/lovgarden/Application/Runtime/Cache/Home/afae4ad50d97c51a10b9a6b53125e1ae.php 第 443 行.
NOTIC: [8] Undefined index: flowerOccasion /application/nginx-1.12.2/html/lovgarden_site/lovgarden/Application/Runtime/Cache/Home/afae4ad50d97c51a10b9a6b53125e1ae.php 第 443 行.
NOTIC: [2] in_array() expects parameter 2 to be array, null given /application/nginx-1.12.2/html/lovgarden_site/lovgarden/Application/Runtime/Cache/Home/afae4ad50d97c51a10b9a6b53125e1ae.php 第 443 行.
NOTIC: [8] Undefined index: flowerOccasion /application/nginx-1.12.2/html/lovgarden_site/lovgarden/Application/Runtime/Cache/Home/afae4ad50d97c51a10b9a6b53125e1ae.php 第 443 行.
NOTIC: [2] in_array() expects parameter 2 to be array, null given /application/nginx-1.12.2/html/lovgarden_site/lovgarden/Application/Runtime/Cache/Home/afae4ad50d97c51a10b9a6b53125e1ae.php 第 443 行.
NOTIC: [8] Undefined index: flowerOccasion /application/nginx-1.12.2/html/lovgarden_site/lovgarden/Application/Runtime/Cache/Home/afae4ad50d97c51a10b9a6b53125e1ae.php 第 443 行.
NOTIC: [2] in_array() expects parameter 2 to be array, null given /application/nginx-1.12.2/html/lovgarden_site/lovgarden/Application/Runtime/Cache/Home/afae4ad50d97c51a10b9a6b53125e1ae.php 第 443 行.
NOTIC: [8] Undefined index: flowerOccasion /application/nginx-1.12.2/html/lovgarden_site/lovgarden/Application/Runtime/Cache/Home/afae4ad50d97c51a10b9a6b53125e1ae.php 第 443 行.
NOTIC: [2] in_array() expects parameter 2 to be array, null given /application/nginx-1.12.2/html/lovgarden_site/lovgarden/Application/Runtime/Cache/Home/afae4ad50d97c51a10b9a6b53125e1ae.php 第 443 行.
NOTIC: [8] Undefined index: flowerOccasion /application/nginx-1.12.2/html/lovgarden_site/lovgarden/Application/Runtime/Cache/Home/afae4ad50d97c51a10b9a6b53125e1ae.php 第 443 行.
NOTIC: [2] in_array() expects parameter 2 to be array, null given /application/nginx-1.12.2/html/lovgarden_site/lovgarden/Application/Runtime/Cache/Home/afae4ad50d97c51a10b9a6b53125e1ae.php 第 443 行.
NOTIC: [8] Undefined index: flowerColor /application/nginx-1.12.2/html/lovgarden_site/lovgarden/Application/Runtime/Cache/Home/afae4ad50d97c51a10b9a6b53125e1ae.php 第 451 行.
NOTIC: [2] in_array() expects parameter 2 to be array, null given /application/nginx-1.12.2/html/lovgarden_site/lovgarden/Application/Runtime/Cache/Home/afae4ad50d97c51a10b9a6b53125e1ae.php 第 451 行.
NOTIC: [8] Undefined index: flowerColor /application/nginx-1.12.2/html/lovgarden_site/lovgarden/Application/Runtime/Cache/Home/afae4ad50d97c51a10b9a6b53125e1ae.php 第 451 行.
NOTIC: [2] in_array() expects parameter 2 to be array, null given /application/nginx-1.12.2/html/lovgarden_site/lovgarden/Application/Runtime/Cache/Home/afae4ad50d97c51a10b9a6b53125e1ae.php 第 451 行.
NOTIC: [8] Undefined index: flowerColor /application/nginx-1.12.2/html/lovgarden_site/lovgarden/Application/Runtime/Cache/Home/afae4ad50d97c51a10b9a6b53125e1ae.php 第 451 行.
NOTIC: [2] in_array() expects parameter 2 to be array, null given /application/nginx-1.12.2/html/lovgarden_site/lovgarden/Application/Runtime/Cache/Home/afae4ad50d97c51a10b9a6b53125e1ae.php 第 451 行.
NOTIC: [8] Undefined index: flowerColor /application/nginx-1.12.2/html/lovgarden_site/lovgarden/Application/Runtime/Cache/Home/afae4ad50d97c51a10b9a6b53125e1ae.php 第 451 行.
NOTIC: [2] in_array() expects parameter 2 to be array, null given /application/nginx-1.12.2/html/lovgarden_site/lovgarden/Application/Runtime/Cache/Home/afae4ad50d97c51a10b9a6b53125e1ae.php 第 451 行.
NOTIC: [8] Undefined index: flowerColor /application/nginx-1.12.2/html/lovgarden_site/lovgarden/Application/Runtime/Cache/Home/afae4ad50d97c51a10b9a6b53125e1ae.php 第 451 行.
NOTIC: [2] in_array() expects parameter 2 to be array, null given /application/nginx-1.12.2/html/lovgarden_site/lovgarden/Application/Runtime/Cache/Home/afae4ad50d97c51a10b9a6b53125e1ae.php 第 451 行.
NOTIC: [8] Undefined index: flowerColor /application/nginx-1.12.2/html/lovgarden_site/lovgarden/Application/Runtime/Cache/Home/afae4ad50d97c51a10b9a6b53125e1ae.php 第 451 行.
NOTIC: [2] in_array() expects parameter 2 to be array, null given /application/nginx-1.12.2/html/lovgarden_site/lovgarden/Application/Runtime/Cache/Home/afae4ad50d97c51a10b9a6b53125e1ae.php 第 451 行.
INFO: Run Behavior\ParseTemplateBehavior [ RunTime:0.006234s ]
INFO: [ view_parse ] --END-- [ RunTime:0.006255s ]
INFO: [ view_filter ] --START--
INFO: Run Behavior\WriteHtmlCacheBehavior [ RunTime:0.000024s ]
INFO: [ view_filter ] --END-- [ RunTime:0.000036s ]
INFO: [ app_end ] --START--
INFO: Run Behavior\ShowPageTraceBehavior [ RunTime:0.000025s ]
INFO: [ app_end ] --END-- [ RunTime:0.000047s ]

[ 2018-06-09T09:29:52+08:00 ] 140.205.205.23 /article/helpcenter
INFO: [ app_init ] --START--
INFO: Run Behavior\BuildLiteBehavior [ RunTime:0.000008s ]
INFO: [ app_init ] --END-- [ RunTime:0.000049s ]
INFO: [ app_begin ] --START--
INFO: Run Behavior\ReadHtmlCacheBehavior [ RunTime:0.000020s ]
INFO: [ app_begin ] --END-- [ RunTime:0.000036s ]
INFO: [ view_parse ] --START--
INFO: [ template_filter ] --START--
INFO: Run Behavior\ContentReplaceBehavior [ RunTime:0.000104s ]
INFO: [ template_filter ] --END-- [ RunTime:0.000131s ]
INFO: Run Behavior\ParseTemplateBehavior [ RunTime:0.003406s ]
INFO: [ view_parse ] --END-- [ RunTime:0.003429s ]
INFO: [ view_filter ] --START--
INFO: Run Behavior\WriteHtmlCacheBehavior [ RunTime:0.000022s ]
INFO: [ view_filter ] --END-- [ RunTime:0.000032s ]
INFO: [ app_end ] --START--
INFO: Run Behavior\ShowPageTraceBehavior [ RunTime:0.000018s ]
INFO: [ app_end ] --END-- [ RunTime:0.000032s ]

[ 2018-06-09T09:29:52+08:00 ] 140.205.205.23 /article/faq/id/28
INFO: [ app_init ] --START--
INFO: Run Behavior\BuildLiteBehavior [ RunTime:0.000006s ]
INFO: [ app_init ] --END-- [ RunTime:0.000033s ]
INFO: [ app_begin ] --START--
INFO: Run Behavior\ReadHtmlCacheBehavior [ RunTime:0.000016s ]
INFO: [ app_begin ] --END-- [ RunTime:0.000031s ]
SQL: SHOW COLUMNS FROM `lovgarden_article` [ RunTime:0.0005s ]
SQL: SELECT `id`,`article_title`,`article_summary`,`article_body`,`article_category`,`banner_image` FROM `lovgarden_article` WHERE `article_publish` = 1 AND `article_category` = 7  [ RunTime:0.0002s ]
INFO: [ view_parse ] --START--
INFO: [ template_filter ] --START--
INFO: Run Behavior\ContentReplaceBehavior [ RunTime:0.000080s ]
INFO: [ template_filter ] --END-- [ RunTime:0.000102s ]
INFO: Run Behavior\ParseTemplateBehavior [ RunTime:0.002374s ]
INFO: [ view_parse ] --END-- [ RunTime:0.002397s ]
INFO: [ view_filter ] --START--
INFO: Run Behavior\WriteHtmlCacheBehavior [ RunTime:0.000021s ]
INFO: [ view_filter ] --END-- [ RunTime:0.000031s ]

[ 2018-06-09T11:47:19+08:00 ] 60.191.38.78 /
INFO: [ app_init ] --START--
INFO: Run Behavior\BuildLiteBehavior [ RunTime:0.000009s ]
INFO: [ app_init ] --END-- [ RunTime:0.000058s ]
INFO: [ app_begin ] --START--
INFO: Run Behavior\ReadHtmlCacheBehavior [ RunTime:0.000024s ]
INFO: [ app_begin ] --END-- [ RunTime:0.000039s ]
SQL: SHOW COLUMNS FROM `lovgarden_block` [ RunTime:0.0005s ]
SQL: SELECT image_pc,image_mobile,block_title,block_body,block_link_title,block_link,page_link FROM lovgarden_block WHERE page_link = 'front' ORDER BY block_order ASC; [ RunTime:0.0001s ]
INFO: [ view_parse ] --START--
INFO: [ template_filter ] --START--
INFO: Run Behavior\ContentReplaceBehavior [ RunTime:0.000128s ]
INFO: [ template_filter ] --END-- [ RunTime:0.000153s ]
INFO: Run Behavior\ParseTemplateBehavior [ RunTime:0.003668s ]
INFO: [ view_parse ] --END-- [ RunTime:0.003692s ]
INFO: [ view_filter ] --START--
INFO: Run Behavior\WriteHtmlCacheBehavior [ RunTime:0.000031s ]
INFO: [ view_filter ] --END-- [ RunTime:0.000043s ]
INFO: [ app_end ] --START--
INFO: Run Behavior\ShowPageTraceBehavior [ RunTime:0.000032s ]
INFO: [ app_end ] --END-- [ RunTime:0.000050s ]

[ 2018-06-09T21:24:02+08:00 ] 184.105.139.68 /
INFO: [ app_init ] --START--
INFO: Run Behavior\BuildLiteBehavior [ RunTime:0.000014s ]
INFO: [ app_init ] --END-- [ RunTime:0.000079s ]
INFO: [ app_begin ] --START--
INFO: Run Behavior\ReadHtmlCacheBehavior [ RunTime:0.000027s ]
INFO: [ app_begin ] --END-- [ RunTime:0.000045s ]
SQL: SHOW COLUMNS FROM `lovgarden_block` [ RunTime:0.0006s ]
SQL: SELECT image_pc,image_mobile,block_title,block_body,block_link_title,block_link,page_link FROM lovgarden_block WHERE page_link = 'front' ORDER BY block_order ASC; [ RunTime:0.0001s ]
INFO: [ view_parse ] --START--
INFO: [ template_filter ] --START--
INFO: Run Behavior\ContentReplaceBehavior [ RunTime:0.000135s ]
INFO: [ template_filter ] --END-- [ RunTime:0.000162s ]
INFO: Run Behavior\ParseTemplateBehavior [ RunTime:0.003953s ]
INFO: [ view_parse ] --END-- [ RunTime:0.003978s ]
INFO: [ view_filter ] --START--
INFO: Run Behavior\WriteHtmlCacheBehavior [ RunTime:0.000031s ]
INFO: [ view_filter ] --END-- [ RunTime:0.000046s ]
INFO: [ app_end ] --START--
INFO: Run Behavior\ShowPageTraceBehavior [ RunTime:0.000044s ]
INFO: [ app_end ] --END-- [ RunTime:0.000082s ]

[ 2018-06-09T23:31:47+08:00 ] 80.82.77.139 /
INFO: [ app_init ] --START--
INFO: Run Behavior\BuildLiteBehavior [ RunTime:0.000008s ]
INFO: [ app_init ] --END-- [ RunTime:0.000058s ]
INFO: [ app_begin ] --START--
INFO: Run Behavior\ReadHtmlCacheBehavior [ RunTime:0.000025s ]
INFO: [ app_begin ] --END-- [ RunTime:0.000041s ]
SQL: SHOW COLUMNS FROM `lovgarden_block` [ RunTime:0.0006s ]
SQL: SELECT image_pc,image_mobile,block_title,block_body,block_link_title,block_link,page_link FROM lovgarden_block WHERE page_link = 'front' ORDER BY block_order ASC; [ RunTime:0.0001s ]
INFO: [ view_parse ] --START--
INFO: [ template_filter ] --START--
INFO: Run Behavior\ContentReplaceBehavior [ RunTime:0.000121s ]
INFO: [ template_filter ] --END-- [ RunTime:0.000146s ]
INFO: Run Behavior\ParseTemplateBehavior [ RunTime:0.003877s ]
INFO: [ view_parse ] --END-- [ RunTime:0.003902s ]
INFO: [ view_filter ] --START--
INFO: Run Behavior\WriteHtmlCacheBehavior [ RunTime:0.000032s ]
INFO: [ view_filter ] --END-- [ RunTime:0.000045s ]
INFO: [ app_end ] --START--
INFO: Run Behavior\ShowPageTraceBehavior [ RunTime:0.000031s ]
INFO: [ app_end ] --END-- [ RunTime:0.000050s ]

[ 2018-06-09T23:32:05+08:00 ] 80.82.77.139 /robots.txt
INFO: [ app_init ] --START--
INFO: Run Behavior\BuildLiteBehavior [ RunTime:0.000008s ]
INFO: [ app_init ] --END-- [ RunTime:0.000050s ]
INFO: [ app_begin ] --START--
INFO: Run Behavior\ReadHtmlCacheBehavior [ RunTime:0.000017s ]
INFO: [ app_begin ] --END-- [ RunTime:0.000033s ]
ERR: 无法加载控制器:Robots.txt

[ 2018-06-09T23:32:06+08:00 ] 80.82.77.139 /sitemap.xml
INFO: [ app_init ] --START--
INFO: Run Behavior\BuildLiteBehavior [ RunTime:0.000009s ]
INFO: [ app_init ] --END-- [ RunTime:0.000050s ]
INFO: [ app_begin ] --START--
INFO: Run Behavior\ReadHtmlCacheBehavior [ RunTime:0.000019s ]
INFO: [ app_begin ] --END-- [ RunTime:0.000035s ]
ERR: 无法加载控制器:Sitemap.xml

[ 2018-06-09T23:32:07+08:00 ] 80.82.77.139 /.well-known/security.txt
INFO: [ app_init ] --START--
INFO: Run Behavior\BuildLiteBehavior [ RunTime:0.000009s ]
INFO: [ app_init ] --END-- [ RunTime:0.000049s ]
INFO: [ app_begin ] --START--
INFO: Run Behavior\ReadHtmlCacheBehavior [ RunTime:0.000022s ]
INFO: [ app_begin ] --END-- [ RunTime:0.000065s ]
ERR: 无法加载控制器:.well-known

