[ 2018-05-01T00:26:17+08:00 ] 139.162.108.53 /
INFO: [ app_init ] --START--
INFO: Run Behavior\BuildLiteBehavior [ RunTime:0.000009s ]
INFO: [ app_init ] --END-- [ RunTime:0.000055s ]
INFO: [ app_begin ] --START--
INFO: Run Behavior\ReadHtmlCacheBehavior [ RunTime:0.000023s ]
INFO: [ app_begin ] --END-- [ RunTime:0.000037s ]
SQL: SHOW COLUMNS FROM `lovgarden_block` [ RunTime:0.0006s ]
SQL: SELECT image_pc,image_mobile,block_title,block_body,block_link_title,block_link,page_link FROM lovgarden_block WHERE page_link = 'front' ORDER BY block_order ASC; [ RunTime:0.0001s ]
INFO: [ view_parse ] --START--
INFO: [ template_filter ] --START--
INFO: Run Behavior\ContentReplaceBehavior [ RunTime:0.000119s ]
INFO: [ template_filter ] --END-- [ RunTime:0.000141s ]
INFO: Run Behavior\ParseTemplateBehavior [ RunTime:0.003678s ]
INFO: [ view_parse ] --END-- [ RunTime:0.003702s ]
INFO: [ view_filter ] --START--
INFO: Run Behavior\WriteHtmlCacheBehavior [ RunTime:0.000032s ]
INFO: [ view_filter ] --END-- [ RunTime:0.000059s ]
INFO: [ app_end ] --START--
INFO: Run Behavior\ShowPageTraceBehavior [ RunTime:0.000036s ]
INFO: [ app_end ] --END-- [ RunTime:0.000057s ]

[ 2018-05-01T00:38:06+08:00 ] 106.15.52.246 /
INFO: [ app_init ] --START--
INFO: Run Behavior\BuildLiteBehavior [ RunTime:0.000008s ]
INFO: [ app_init ] --END-- [ RunTime:0.000057s ]
INFO: [ app_begin ] --START--
INFO: Run Behavior\ReadHtmlCacheBehavior [ RunTime:0.000023s ]
INFO: [ app_begin ] --END-- [ RunTime:0.000038s ]
SQL: SHOW COLUMNS FROM `lovgarden_block` [ RunTime:0.0006s ]
SQL: SELECT image_pc,image_mobile,block_title,block_body,block_link_title,block_link,page_link FROM lovgarden_block WHERE page_link = 'front' ORDER BY block_order ASC; [ RunTime:0.0001s ]
INFO: [ view_parse ] --START--
INFO: [ template_filter ] --START--
INFO: Run Behavior\ContentReplaceBehavior [ RunTime:0.000118s ]
INFO: [ template_filter ] --END-- [ RunTime:0.000139s ]
INFO: Run Behavior\ParseTemplateBehavior [ RunTime:0.003602s ]
INFO: [ view_parse ] --END-- [ RunTime:0.003625s ]
INFO: [ view_filter ] --START--
INFO: Run Behavior\WriteHtmlCacheBehavior [ RunTime:0.000029s ]
INFO: [ view_filter ] --END-- [ RunTime:0.000041s ]
INFO: [ app_end ] --START--
INFO: Run Behavior\ShowPageTraceBehavior [ RunTime:0.000030s ]
INFO: [ app_end ] --END-- [ RunTime:0.000047s ]

[ 2018-05-01T01:39:54+08:00 ] 120.55.13.109 /
INFO: [ app_init ] --START--
INFO: Run Behavior\BuildLiteBehavior [ RunTime:0.000012s ]
INFO: [ app_init ] --END-- [ RunTime:0.000068s ]
INFO: [ app_begin ] --START--
INFO: Run Behavior\ReadHtmlCacheBehavior [ RunTime:0.000024s ]
INFO: [ app_begin ] --END-- [ RunTime:0.000039s ]
SQL: SHOW COLUMNS FROM `lovgarden_block` [ RunTime:0.0005s ]
SQL: SELECT image_pc,image_mobile,block_title,block_body,block_link_title,block_link,page_link FROM lovgarden_block WHERE page_link = 'front' ORDER BY block_order ASC; [ RunTime:0.0001s ]
INFO: [ view_parse ] --START--
INFO: [ template_filter ] --START--
INFO: Run Behavior\ContentReplaceBehavior [ RunTime:0.000120s ]
INFO: [ template_filter ] --END-- [ RunTime:0.000151s ]
INFO: Run Behavior\ParseTemplateBehavior [ RunTime:0.003575s ]
INFO: [ view_parse ] --END-- [ RunTime:0.003599s ]
INFO: [ view_filter ] --START--
INFO: Run Behavior\WriteHtmlCacheBehavior [ RunTime:0.000030s ]
INFO: [ view_filter ] --END-- [ RunTime:0.000041s ]
INFO: [ app_end ] --START--
INFO: Run Behavior\ShowPageTraceBehavior [ RunTime:0.000028s ]
INFO: [ app_end ] --END-- [ RunTime:0.000060s ]

[ 2018-05-01T02:02:31+08:00 ] 31.184.193.154 /
INFO: [ app_init ] --START--
INFO: Run Behavior\BuildLiteBehavior [ RunTime:0.000008s ]
INFO: [ app_init ] --END-- [ RunTime:0.000073s ]
INFO: [ app_begin ] --START--
INFO: Run Behavior\ReadHtmlCacheBehavior [ RunTime:0.000023s ]
INFO: [ app_begin ] --END-- [ RunTime:0.000038s ]
SQL: SHOW COLUMNS FROM `lovgarden_block` [ RunTime:0.0005s ]
SQL: SELECT image_pc,image_mobile,block_title,block_body,block_link_title,block_link,page_link FROM lovgarden_block WHERE page_link = 'front' ORDER BY block_order ASC; [ RunTime:0.0001s ]
INFO: [ view_parse ] --START--
INFO: [ template_filter ] --START--
INFO: Run Behavior\ContentReplaceBehavior [ RunTime:0.000126s ]
INFO: [ template_filter ] --END-- [ RunTime:0.000148s ]
INFO: Run Behavior\ParseTemplateBehavior [ RunTime:0.003577s ]
INFO: [ view_parse ] --END-- [ RunTime:0.003600s ]
INFO: [ view_filter ] --START--
INFO: Run Behavior\WriteHtmlCacheBehavior [ RunTime:0.000031s ]
INFO: [ view_filter ] --END-- [ RunTime:0.000042s ]
INFO: [ app_end ] --START--
INFO: Run Behavior\ShowPageTraceBehavior [ RunTime:0.000029s ]
INFO: [ app_end ] --END-- [ RunTime:0.000046s ]

[ 2018-05-01T04:02:57+08:00 ] 120.26.211.148 /
INFO: [ app_init ] --START--
INFO: Run Behavior\BuildLiteBehavior [ RunTime:0.000009s ]
INFO: [ app_init ] --END-- [ RunTime:0.000058s ]
INFO: [ app_begin ] --START--
INFO: Run Behavior\ReadHtmlCacheBehavior [ RunTime:0.000023s ]
INFO: [ app_begin ] --END-- [ RunTime:0.000039s ]
SQL: SHOW COLUMNS FROM `lovgarden_block` [ RunTime:0.0005s ]
SQL: SELECT image_pc,image_mobile,block_title,block_body,block_link_title,block_link,page_link FROM lovgarden_block WHERE page_link = 'front' ORDER BY block_order ASC; [ RunTime:0.0001s ]
INFO: [ view_parse ] --START--
INFO: [ template_filter ] --START--
INFO: Run Behavior\ContentReplaceBehavior [ RunTime:0.000118s ]
INFO: [ template_filter ] --END-- [ RunTime:0.000139s ]
INFO: Run Behavior\ParseTemplateBehavior [ RunTime:0.003565s ]
INFO: [ view_parse ] --END-- [ RunTime:0.003588s ]
INFO: [ view_filter ] --START--
INFO: Run Behavior\WriteHtmlCacheBehavior [ RunTime:0.000030s ]
INFO: [ view_filter ] --END-- [ RunTime:0.000040s ]
INFO: [ app_end ] --START--
INFO: Run Behavior\ShowPageTraceBehavior [ RunTime:0.000030s ]
INFO: [ app_end ] --END-- [ RunTime:0.000048s ]

[ 2018-05-01T05:20:35+08:00 ] 123.126.110.182 //phpMyAdmin/scripts/setup.ph
INFO: [ app_init ] --START--
INFO: Run Behavior\BuildLiteBehavior [ RunTime:0.000008s ]
INFO: [ app_init ] --END-- [ RunTime:0.000066s ]
INFO: [ app_begin ] --START--
INFO: Run Behavior\ReadHtmlCacheBehavior [ RunTime:0.000024s ]
INFO: [ app_begin ] --END-- [ RunTime:0.000044s ]
ERR: 无法加载控制器:PhpMyAdmin

[ 2018-05-01T08:25:15+08:00 ] 114.215.45.79 /
INFO: [ app_init ] --START--
INFO: Run Behavior\BuildLiteBehavior [ RunTime:0.000010s ]
INFO: [ app_init ] --END-- [ RunTime:0.000066s ]
INFO: [ app_begin ] --START--
INFO: Run Behavior\ReadHtmlCacheBehavior [ RunTime:0.000024s ]
INFO: [ app_begin ] --END-- [ RunTime:0.000041s ]
SQL: SHOW COLUMNS FROM `lovgarden_block` [ RunTime:0.0005s ]
SQL: SELECT image_pc,image_mobile,block_title,block_body,block_link_title,block_link,page_link FROM lovgarden_block WHERE page_link = 'front' ORDER BY block_order ASC; [ RunTime:0.0001s ]
INFO: [ view_parse ] --START--
INFO: [ template_filter ] --START--
INFO: Run Behavior\ContentReplaceBehavior [ RunTime:0.000119s ]
INFO: [ template_filter ] --END-- [ RunTime:0.000142s ]
INFO: Run Behavior\ParseTemplateBehavior [ RunTime:0.003785s ]
INFO: [ view_parse ] --END-- [ RunTime:0.003809s ]
INFO: [ view_filter ] --START--
INFO: Run Behavior\WriteHtmlCacheBehavior [ RunTime:0.000031s ]
INFO: [ view_filter ] --END-- [ RunTime:0.000042s ]
INFO: [ app_end ] --START--
INFO: Run Behavior\ShowPageTraceBehavior [ RunTime:0.000029s ]
INFO: [ app_end ] --END-- [ RunTime:0.000046s ]

[ 2018-05-01T11:09:52+08:00 ] 107.170.195.96 /
INFO: [ app_init ] --START--
INFO: Run Behavior\BuildLiteBehavior [ RunTime:0.000009s ]
INFO: [ app_init ] --END-- [ RunTime:0.000059s ]
INFO: [ app_begin ] --START--
INFO: Run Behavior\ReadHtmlCacheBehavior [ RunTime:0.000023s ]
INFO: [ app_begin ] --END-- [ RunTime:0.000038s ]
SQL: SHOW COLUMNS FROM `lovgarden_block` [ RunTime:0.0005s ]
SQL: SELECT image_pc,image_mobile,block_title,block_body,block_link_title,block_link,page_link FROM lovgarden_block WHERE page_link = 'front' ORDER BY block_order ASC; [ RunTime:0.0001s ]
INFO: [ view_parse ] --START--
INFO: [ template_filter ] --START--
INFO: Run Behavior\ContentReplaceBehavior [ RunTime:0.000119s ]
INFO: [ template_filter ] --END-- [ RunTime:0.000143s ]
INFO: Run Behavior\ParseTemplateBehavior [ RunTime:0.003640s ]
INFO: [ view_parse ] --END-- [ RunTime:0.003663s ]
INFO: [ view_filter ] --START--
INFO: Run Behavior\WriteHtmlCacheBehavior [ RunTime:0.000029s ]
INFO: [ view_filter ] --END-- [ RunTime:0.000040s ]
INFO: [ app_end ] --START--
INFO: Run Behavior\ShowPageTraceBehavior [ RunTime:0.000029s ]
INFO: [ app_end ] --END-- [ RunTime:0.000046s ]

[ 2018-05-01T12:40:38+08:00 ] 196.52.43.111 /
INFO: [ app_init ] --START--
INFO: Run Behavior\BuildLiteBehavior [ RunTime:0.000009s ]
INFO: [ app_init ] --END-- [ RunTime:0.000057s ]
INFO: [ app_begin ] --START--
INFO: Run Behavior\ReadHtmlCacheBehavior [ RunTime:0.000023s ]
INFO: [ app_begin ] --END-- [ RunTime:0.000037s ]
SQL: SHOW COLUMNS FROM `lovgarden_block` [ RunTime:0.0005s ]
SQL: SELECT image_pc,image_mobile,block_title,block_body,block_link_title,block_link,page_link FROM lovgarden_block WHERE page_link = 'front' ORDER BY block_order ASC; [ RunTime:0.0001s ]
INFO: [ view_parse ] --START--
INFO: [ template_filter ] --START--
INFO: Run Behavior\ContentReplaceBehavior [ RunTime:0.000120s ]
INFO: [ template_filter ] --END-- [ RunTime:0.000142s ]
INFO: Run Behavior\ParseTemplateBehavior [ RunTime:0.003556s ]
INFO: [ view_parse ] --END-- [ RunTime:0.003579s ]
INFO: [ view_filter ] --START--
INFO: Run Behavior\WriteHtmlCacheBehavior [ RunTime:0.000030s ]
INFO: [ view_filter ] --END-- [ RunTime:0.000041s ]
INFO: [ app_end ] --START--
INFO: Run Behavior\ShowPageTraceBehavior [ RunTime:0.000045s ]
INFO: [ app_end ] --END-- [ RunTime:0.000064s ]

[ 2018-05-01T13:19:40+08:00 ] 124.160.219.86 /
INFO: [ app_init ] --START--
INFO: Run Behavior\BuildLiteBehavior [ RunTime:0.000009s ]
INFO: [ app_init ] --END-- [ RunTime:0.000057s ]
INFO: [ app_begin ] --START--
INFO: Run Behavior\ReadHtmlCacheBehavior [ RunTime:0.000024s ]
INFO: [ app_begin ] --END-- [ RunTime:0.000039s ]
SQL: SHOW COLUMNS FROM `lovgarden_block` [ RunTime:0.0005s ]
SQL: SELECT image_pc,image_mobile,block_title,block_body,block_link_title,block_link,page_link FROM lovgarden_block WHERE page_link = 'front' ORDER BY block_order ASC; [ RunTime:0.0001s ]
INFO: [ view_parse ] --START--
INFO: [ template_filter ] --START--
INFO: Run Behavior\ContentReplaceBehavior [ RunTime:0.000118s ]
INFO: [ template_filter ] --END-- [ RunTime:0.000141s ]
INFO: Run Behavior\ParseTemplateBehavior [ RunTime:0.003564s ]
INFO: [ view_parse ] --END-- [ RunTime:0.003589s ]
INFO: [ view_filter ] --START--
INFO: Run Behavior\WriteHtmlCacheBehavior [ RunTime:0.000030s ]
INFO: [ view_filter ] --END-- [ RunTime:0.000041s ]
INFO: [ app_end ] --START--
INFO: Run Behavior\ShowPageTraceBehavior [ RunTime:0.000032s ]
INFO: [ app_end ] --END-- [ RunTime:0.000050s ]

[ 2018-05-01T13:19:41+08:00 ] 124.160.219.86 /user/get_user_status
INFO: [ app_init ] --START--
INFO: Run Behavior\BuildLiteBehavior [ RunTime:0.000009s ]
INFO: [ app_init ] --END-- [ RunTime:0.000051s ]
INFO: [ app_begin ] --START--
INFO: Run Behavior\ReadHtmlCacheBehavior [ RunTime:0.000016s ]
INFO: [ app_begin ] --END-- [ RunTime:0.000031s ]
INFO: [ app_end ] --START--
INFO: Run Behavior\ShowPageTraceBehavior [ RunTime:0.000015s ]
INFO: [ app_end ] --END-- [ RunTime:0.000028s ]

[ 2018-05-01T13:19:41+08:00 ] 124.160.219.86 /user/get_cart_info
INFO: [ app_init ] --START--
INFO: Run Behavior\BuildLiteBehavior [ RunTime:0.000008s ]
INFO: [ app_init ] --END-- [ RunTime:0.000050s ]
INFO: [ app_begin ] --START--
INFO: Run Behavior\ReadHtmlCacheBehavior [ RunTime:0.000018s ]
INFO: [ app_begin ] --END-- [ RunTime:0.000033s ]
INFO: [ app_end ] --START--
INFO: Run Behavior\ShowPageTraceBehavior [ RunTime:0.000015s ]
INFO: [ app_end ] --END-- [ RunTime:0.000028s ]

[ 2018-05-01T13:19:41+08:00 ] 124.160.219.86 /cart/ajax_get_cart_items
INFO: [ app_init ] --START--
INFO: Run Behavior\BuildLiteBehavior [ RunTime:0.000009s ]
INFO: [ app_init ] --END-- [ RunTime:0.000057s ]
INFO: [ app_begin ] --START--
INFO: Run Behavior\ReadHtmlCacheBehavior [ RunTime:0.000018s ]
INFO: [ app_begin ] --END-- [ RunTime:0.000036s ]
INFO: [ app_end ] --START--
INFO: Run Behavior\ShowPageTraceBehavior [ RunTime:0.000016s ]
INFO: [ app_end ] --END-- [ RunTime:0.000045s ]

[ 2018-05-01T13:20:07+08:00 ] 124.160.219.86 /product/select_list
INFO: [ app_init ] --START--
INFO: Run Behavior\BuildLiteBehavior [ RunTime:0.000009s ]
INFO: [ app_init ] --END-- [ RunTime:0.000051s ]
INFO: [ app_begin ] --START--
INFO: Run Behavior\ReadHtmlCacheBehavior [ RunTime:0.000019s ]
INFO: [ app_begin ] --END-- [ RunTime:0.000035s ]
NOTIC: [2] Declaration of Home\Controller\ProductController::show($sku_id) should be compatible with Think\Controller::show($content, $charset = '', $contentType = '', $prefix = '') /application/nginx-1.12.2/html/lovgarden_site/lovgarden/Application/Home/Controller/ProductController.class.php 第 0 行.
SQL: SELECT image_pc,block_title,block_body,block_link_title FROM lovgarden_block WHERE page_link = "/product/select_list" [ RunTime:0.0001s ]
NOTIC: [2] Declaration of Admin\Model\ProductVarientModel::_before_insert($data, $option) should be compatible with Think\Model::_before_insert(&$data, $options) /application/nginx-1.12.2/html/lovgarden_site/lovgarden/Application/Admin/Model/ProductVarientModel.class.php 第 0 行.
SQL: SHOW COLUMNS FROM `lovgarden_product_varient` [ RunTime:0.0007s ]
SQL: SELECT product.id,product.sku_id,product.varient_name,product.varient_summary,product.varient_price,images.`image_url`,hurrylevelid.hurry_level_id,hurrylevel.hurry_level,flowertypeid.flower_type_id,flowertype.flower_name,floweroccasionid.flower_occasion_id,floweroccasion.flower_occasion,flowercolorid.flower_color_id,flowercolor.flower_color FROM lovgarden_product_varient product LEFT JOIN lovgarden_product_varient_images AS images ON product.id = images.product_varient_id LEFT JOIN lovgarden_product_varient_hurry_level AS hurrylevelid ON product.id = hurrylevelid.product_varient_id LEFT JOIN lovgarden_hurry_level AS hurrylevel ON hurrylevelid.hurry_level_id = hurrylevel.id LEFT JOIN lovgarden_product_varient_flower_type AS flowertypeid ON product.id = flowertypeid.product_varient_id LEFT JOIN lovgarden_flower_type AS flowertype ON flowertypeid.flower_type_id = flowertype.id LEFT JOIN lovgarden_product_varient_flower_occasion AS floweroccasionid ON product.id = floweroccasionid.product_varient_id LEFT JOIN lovgarden_flower_occasion AS floweroccasion ON floweroccasionid.flower_occasion_id = floweroccasion.id LEFT JOIN lovgarden_product_varient_flower_color AS flowercolorid ON product.id = flowercolorid.product_varient_id LEFT JOIN lovgarden_flower_color AS flowercolor ON flowercolorid.flower_color_id = flowercolor.id  WHERE product.varient_status = '1' ORDER BY product.sku_id asc  [ RunTime:0.0081s ]
NOTIC: [8] Undefined index: image_url /application/nginx-1.12.2/html/lovgarden_site/lovgarden/Application/Common/Common/function.php 第 109 行.
NOTIC: [2] in_array() expects parameter 2 to be array, null given /application/nginx-1.12.2/html/lovgarden_site/lovgarden/Application/Common/Common/function.php 第 109 行.
NOTIC: [8] Undefined index: hurry_level_id /application/nginx-1.12.2/html/lovgarden_site/lovgarden/Application/Common/Common/function.php 第 109 行.
NOTIC: [2] in_array() expects parameter 2 to be array, null given /application/nginx-1.12.2/html/lovgarden_site/lovgarden/Application/Common/Common/function.php 第 109 行.
NOTIC: [8] Undefined index: hurry_level /application/nginx-1.12.2/html/lovgarden_site/lovgarden/Application/Common/Common/function.php 第 109 行.
NOTIC: [2] in_array() expects parameter 2 to be array, null given /application/nginx-1.12.2/html/lovgarden_site/lovgarden/Application/Common/Common/function.php 第 109 行.
NOTIC: [8] Undefined index: flower_type_id /application/nginx-1.12.2/html/lovgarden_site/lovgarden/Application/Common/Common/function.php 第 109 行.
NOTIC: [2] in_array() expects parameter 2 to be array, null given /application/nginx-1.12.2/html/lovgarden_site/lovgarden/Application/Common/Common/function.php 第 109 行.
NOTIC: [8] Undefined index: flower_name /application/nginx-1.12.2/html/lovgarden_site/lovgarden/Application/Common/Common/function.php 第 109 行.
NOTIC: [2] in_array() expects parameter 2 to be array, null given /application/nginx-1.12.2/html/lovgarden_site/lovgarden/Application/Common/Common/function.php 第 109 行.
NOTIC: [8] Undefined index: flower_occasion_id /application/nginx-1.12.2/html/lovgarden_site/lovgarden/Application/Common/Common/function.php 第 109 行.
NOTIC: [2] in_array() expects parameter 2 to be array, null given /application/nginx-1.12.2/html/lovgarden_site/lovgarden/Application/Common/Common/function.php 第 109 行.
NOTIC: [8] Undefined index: flower_occasion /application/nginx-1.12.2/html/lovgarden_site/lovgarden/Application/Common/Common/function.php 第 109 行.
NOTIC: [2] in_array() expects parameter 2 to be array, null given /application/nginx-1.12.2/html/lovgarden_site/lovgarden/Application/Common/Common/function.php 第 109 行.
NOTIC: [8] Undefined index: flower_color_id /application/nginx-1.12.2/html/lovgarden_site/lovgarden/Application/Common/Common/function.php 第 109 行.
NOTIC: [2] in_array() expects parameter 2 to be array, null given /application/nginx-1.12.2/html/lovgarden_site/lovgarden/Application/Common/Common/function.php 第 109 行.
NOTIC: [8] Undefined index: flower_color /application/nginx-1.12.2/html/lovgarden_site/lovgarden/Application/Common/Common/function.php 第 109 行.
NOTIC: [2] in_array() expects parameter 2 to be array, null given /application/nginx-1.12.2/html/lovgarden_site/lovgarden/Application/Common/Common/function.php 第 109 行.
NOTIC: [8] Undefined index: image_url /application/nginx-1.12.2/html/lovgarden_site/lovgarden/Application/Common/Common/function.php 第 109 行.
NOTIC: [2] in_array() expects parameter 2 to be array, null given /application/nginx-1.12.2/html/lovgarden_site/lovgarden/Application/Common/Common/function.php 第 109 行.
NOTIC: [8] Undefined index: hurry_level_id /application/nginx-1.12.2/html/lovgarden_site/lovgarden/Application/Common/Common/function.php 第 109 行.
NOTIC: [2] in_array() expects parameter 2 to be array, null given /application/nginx-1.12.2/html/lovgarden_site/lovgarden/Application/Common/Common/function.php 第 109 行.
NOTIC: [8] Undefined index: hurry_level /application/nginx-1.12.2/html/lovgarden_site/lovgarden/Application/Common/Common/function.php 第 109 行.
NOTIC: [2] in_array() expects parameter 2 to be array, null given /application/nginx-1.12.2/html/lovgarden_site/lovgarden/Application/Common/Common/function.php 第 109 行.
NOTIC: [8] Undefined index: flower_type_id /application/nginx-1.12.2/html/lovgarden_site/lovgarden/Application/Common/Common/function.php 第 109 行.
NOTIC: [2] in_array() expects parameter 2 to be array, null given /application/nginx-1.12.2/html/lovgarden_site/lovgarden/Application/Common/Common/function.php 第 109 行.
NOTIC: [8] Undefined index: flower_name /application/nginx-1.12.2/html/lovgarden_site/lovgarden/Application/Common/Common/function.php 第 109 行.
NOTIC: [2] in_array() expects parameter 2 to be array, null given /application/nginx-1.12.2/html/lovgarden_site/lovgarden/Application/Common/Common/function.php 第 109 行.
NOTIC: [8] Undefined index: flower_occasion_id /application/nginx-1.12.2/html/lovgarden_site/lovgarden/Application/Common/Common/function.php 第 109 行.
NOTIC: [2] in_array() expects parameter 2 to be array, null given /application/nginx-1.12.2/html/lovgarden_site/lovgarden/Application/Common/Common/function.php 第 109 行.
NOTIC: [8] Undefined index: flower_occasion /application/nginx-1.12.2/html/lovgarden_site/lovgarden/Application/Common/Common/function.php 第 109 行.
NOTIC: [2] in_array() expects parameter 2 to be array, null given /application/nginx-1.12.2/html/lovgarden_site/lovgarden/Application/Common/Common/function.php 第 109 行.
NOTIC: [8] Undefined index: flower_color_id /application/nginx-1.12.2/html/lovgarden_site/lovgarden/Application/Common/Common/function.php 第 109 行.
NOTIC: [2] in_array() expects parameter 2 to be array, null given /application/nginx-1.12.2/html/lovgarden_site/lovgarden/Application/Common/Common/function.php 第 109 行.
NOTIC: [8] Undefined index: flower_color /application/nginx-1.12.2/html/lovgarden_site/lovgarden/Application/Common/Common/function.php 第 109 行.
NOTIC: [2] in_array() expects parameter 2 to be array, null given /application/nginx-1.12.2/html/lovgarden_site/lovgarden/Application/Common/Common/function.php 第 109 行.
NOTIC: [8] Undefined index: image_url /application/nginx-1.12.2/html/lovgarden_site/lovgarden/Application/Common/Common/function.php 第 109 行.
NOTIC: [2] in_array() expects parameter 2 to be array, null given /application/nginx-1.12.2/html/lovgarden_site/lovgarden/Application/Common/Common/function.php 第 109 行.
NOTIC: [8] Undefined index: hurry_level_id /application/nginx-1.12.2/html/lovgarden_site/lovgarden/Application/Common/Common/function.php 第 109 行.
NOTIC: [2] in_array() expects parameter 2 to be array, null given /application/nginx-1.12.2/html/lovgarden_site/lovgarden/Application/Common/Common/function.php 第 109 行.
NOTIC: [8] Undefined index: hurry_level /application/nginx-1.12.2/html/lovgarden_site/lovgarden/Application/Common/Common/function.php 第 109 行.
NOTIC: [2] in_array() expects parameter 2 to be array, null given /application/nginx-1.12.2/html/lovgarden_site/lovgarden/Application/Common/Common/function.php 第 109 行.
NOTIC: [8] Undefined index: flower_type_id /application/nginx-1.12.2/html/lovgarden_site/lovgarden/Application/Common/Common/function.php 第 109 行.
NOTIC: [2] in_array() expects parameter 2 to be array, null given /application/nginx-1.12.2/html/lovgarden_site/lovgarden/Application/Common/Common/function.php 第 109 行.
NOTIC: [8] Undefined index: flower_name /application/nginx-1.12.2/html/lovgarden_site/lovgarden/Application/Common/Common/function.php 第 109 行.
NOTIC: [2] in_array() expects parameter 2 to be array, null given /application/nginx-1.12.2/html/lovgarden_site/lovgarden/Application/Common/Common/function.php 第 109 行.
NOTIC: [8] Undefined index: flower_occasion_id /application/nginx-1.12.2/html/lovgarden_site/lovgarden/Application/Common/Common/function.php 第 109 行.
NOTIC: [2] in_array() expects parameter 2 to be array, null given /application/nginx-1.12.2/html/lovgarden_site/lovgarden/Application/Common/Common/function.php 第 109 行.
NOTIC: [8] Undefined index: flower_occasion /application/nginx-1.12.2/html/lovgarden_site/lovgarden/Application/Common/Common/function.php 第 109 行.
NOTIC: [2] in_array() expects parameter 2 to be array, null given /application/nginx-1.12.2/html/lovgarden_site/lovgarden/Application/Common/Common/function.php 第 109 行.
NOTIC: [8] Undefined index: flower_color_id /application/nginx-1.12.2/html/lovgarden_site/lovgarden/Application/Common/Common/function.php 第 109 行.
NOTIC: [2] in_array() expects parameter 2 to be array, null given /application/nginx-1.12.2/html/lovgarden_site/lovgarden/Application/Common/Common/function.php 第 109 行.
NOTIC: [8] Undefined index: flower_color /application/nginx-1.12.2/html/lovgarden_site/lovgarden/Application/Common/Common/function.php 第 109 行.
NOTIC: [2] in_array() expects parameter 2 to be array, null given /application/nginx-1.12.2/html/lovgarden_site/lovgarden/Application/Common/Common/function.php 第 109 行.
NOTIC: [8] Undefined index: image_url /application/nginx-1.12.2/html/lovgarden_site/lovgarden/Application/Common/Common/function.php 第 109 行.
NOTIC: [2] in_array() expects parameter 2 to be array, null given /application/nginx-1.12.2/html/lovgarden_site/lovgarden/Application/Common/Common/function.php 第 109 行.
NOTIC: [8] Undefined index: hurry_level_id /application/nginx-1.12.2/html/lovgarden_site/lovgarden/Application/Common/Common/function.php 第 109 行.
NOTIC: [2] in_array() expects parameter 2 to be array, null given /application/nginx-1.12.2/html/lovgarden_site/lovgarden/Application/Common/Common/function.php 第 109 行.
NOTIC: [8] Undefined index: hurry_level /application/nginx-1.12.2/html/lovgarden_site/lovgarden/Application/Common/Common/function.php 第 109 行.
NOTIC: [2] in_array() expects parameter 2 to be array, null given /application/nginx-1.12.2/html/lovgarden_site/lovgarden/Application/Common/Common/function.php 第 109 行.
NOTIC: [8] Undefined index: flower_type_id /application/nginx-1.12.2/html/lovgarden_site/lovgarden/Application/Common/Common/function.php 第 109 行.
NOTIC: [2] in_array() expects parameter 2 to be array, null given /application/nginx-1.12.2/html/lovgarden_site/lovgarden/Application/Common/Common/function.php 第 109 行.
NOTIC: [8] Undefined index: flower_name /application/nginx-1.12.2/html/lovgarden_site/lovgarden/Application/Common/Common/function.php 第 109 行.
NOTIC: [2] in_array() expects parameter 2 to be array, null given /application/nginx-1.12.2/html/lovgarden_site/lovgarden/Application/Common/Common/function.php 第 109 行.
NOTIC: [8] Undefined index: flower_occasion_id /application/nginx-1.12.2/html/lovgarden_site/lovgarden/Application/Common/Common/function.php 第 109 行.
NOTIC: [2] in_array() expects parameter 2 to be array, null given /application/nginx-1.12.2/html/lovgarden_site/lovgarden/Application/Common/Common/function.php 第 109 行.
NOTIC: [8] Undefined index: flower_occasion /application/nginx-1.12.2/html/lovgarden_site/lovgarden/Application/Common/Common/function.php 第 109 行.
NOTIC: [2] in_array() expects parameter 2 to be array, null given /application/nginx-1.12.2/html/lovgarden_site/lovgarden/Application/Common/Common/function.php 第 109 行.
NOTIC: [8] Undefined index: flower_color_id /application/nginx-1.12.2/html/lovgarden_site/lovgarden/Application/Common/Common/function.php 第 109 行.
NOTIC: [2] in_array() expects parameter 2 to be array, null given /application/nginx-1.12.2/html/lovgarden_site/lovgarden/Application/Common/Common/function.php 第 109 行.
NOTIC: [8] Undefined index: flower_color /application/nginx-1.12.2/html/lovgarden_site/lovgarden/Application/Common/Common/function.php 第 109 行.
NOTIC: [2] in_array() expects parameter 2 to be array, null given /application/nginx-1.12.2/html/lovgarden_site/lovgarden/Application/Common/Common/function.php 第 109 行.
NOTIC: [8] Undefined index: image_url /application/nginx-1.12.2/html/lovgarden_site/lovgarden/Application/Common/Common/function.php 第 109 行.
NOTIC: [2] in_array() expects parameter 2 to be array, null given /application/nginx-1.12.2/html/lovgarden_site/lovgarden/Application/Common/Common/function.php 第 109 行.
NOTIC: [8] Undefined index: hurry_level_id /application/nginx-1.12.2/html/lovgarden_site/lovgarden/Application/Common/Common/function.php 第 109 行.
NOTIC: [2] in_array() expects parameter 2 to be array, null given /application/nginx-1.12.2/html/lovgarden_site/lovgarden/Application/Common/Common/function.php 第 109 行.
NOTIC: [8] Undefined index: hurry_level /application/nginx-1.12.2/html/lovgarden_site/lovgarden/Application/Common/Common/function.php 第 109 行.
NOTIC: [2] in_array() expects parameter 2 to be array, null given /application/nginx-1.12.2/html/lovgarden_site/lovgarden/Application/Common/Common/function.php 第 109 行.
NOTIC: [8] Undefined index: flower_type_id /application/nginx-1.12.2/html/lovgarden_site/lovgarden/Application/Common/Common/function.php 第 109 行.
NOTIC: [2] in_array() expects parameter 2 to be array, null given /application/nginx-1.12.2/html/lovgarden_site/lovgarden/Application/Common/Common/function.php 第 109 行.
NOTIC: [8] Undefined index: flower_name /application/nginx-1.12.2/html/lovgarden_site/lovgarden/Application/Common/Common/function.php 第 109 行.
NOTIC: [2] in_array() expects parameter 2 to be array, null given /application/nginx-1.12.2/html/lovgarden_site/lovgarden/Application/Common/Common/function.php 第 109 行.
NOTIC: [8] Undefined index: flower_occasion_id /application/nginx-1.12.2/html/lovgarden_site/lovgarden/Application/Common/Common/function.php 第 109 行.
NOTIC: [2] in_array() expects parameter 2 to be array, null given /application/nginx-1.12.2/html/lovgarden_site/lovgarden/Application/Common/Common/function.php 第 109 行.
NOTIC: [8] Undefined index: flower_occasion /application/nginx-1.12.2/html/lovgarden_site/lovgarden/Application/Common/Common/function.php 第 109 行.
NOTIC: [2] in_array() expects parameter 2 to be array, null given /application/nginx-1.12.2/html/lovgarden_site/lovgarden/Application/Common/Common/function.php 第 109 行.
NOTIC: [8] Undefined index: flower_color_id /application/nginx-1.12.2/html/lovgarden_site/lovgarden/Application/Common/Common/function.php 第 109 行.
NOTIC: [2] in_array() expects parameter 2 to be array, null given /application/nginx-1.12.2/html/lovgarden_site/lovgarden/Application/Common/Common/function.php 第 109 行.
NOTIC: [8] Undefined index: flower_color /application/nginx-1.12.2/html/lovgarden_site/lovgarden/Application/Common/Common/function.php 第 109 行.
NOTIC: [2] in_array() expects parameter 2 to be array, null given /application/nginx-1.12.2/html/lovgarden_site/lovgarden/Application/Common/Common/function.php 第 109 行.
NOTIC: [8] Undefined index: image_url /application/nginx-1.12.2/html/lovgarden_site/lovgarden/Application/Common/Common/function.php 第 109 行.
NOTIC: [2] in_array() expects parameter 2 to be array, null given /application/nginx-1.12.2/html/lovgarden_site/lovgarden/Application/Common/Common/function.php 第 109 行.
NOTIC: [8] Undefined index: hurry_level_id /application/nginx-1.12.2/html/lovgarden_site/lovgarden/Application/Common/Common/function.php 第 109 行.
NOTIC: [2] in_array() expects parameter 2 to be array, null given /application/nginx-1.12.2/html/lovgarden_site/lovgarden/Application/Common/Common/function.php 第 109 行.
NOTIC: [8] Undefined index: hurry_level /application/nginx-1.12.2/html/lovgarden_site/lovgarden/Application/Common/Common/function.php 第 109 行.
NOTIC: [2] in_array() expects parameter 2 to be array, null given /application/nginx-1.12.2/html/lovgarden_site/lovgarden/Application/Common/Common/function.php 第 109 行.
NOTIC: [8] Undefined index: flower_type_id /application/nginx-1.12.2/html/lovgarden_site/lovgarden/Application/Common/Common/function.php 第 109 行.
NOTIC: [2] in_array() expects parameter 2 to be array, null given /application/nginx-1.12.2/html/lovgarden_site/lovgarden/Application/Common/Common/function.php 第 109 行.
NOTIC: [8] Undefined index: flower_name /application/nginx-1.12.2/html/lovgarden_site/lovgarden/Application/Common/Common/function.php 第 109 行.
NOTIC: [2] in_array() expects parameter 2 to be array, null given /application/nginx-1.12.2/html/lovgarden_site/lovgarden/Application/Common/Common/function.php 第 109 行.
NOTIC: [8] Undefined index: flower_occasion_id /application/nginx-1.12.2/html/lovgarden_site/lovgarden/Application/Common/Common/function.php 第 109 行.
NOTIC: [2] in_array() expects parameter 2 to be array, null given /application/nginx-1.12.2/html/lovgarden_site/lovgarden/Application/Common/Common/function.php 第 109 行.
NOTIC: [8] Undefined index: flower_occasion /application/nginx-1.12.2/html/lovgarden_site/lovgarden/Application/Common/Common/function.php 第 109 行.
NOTIC: [2] in_array() expects parameter 2 to be array, null given /application/nginx-1.12.2/html/lovgarden_site/lovgarden/Application/Common/Common/function.php 第 109 行.
NOTIC: [8] Undefined index: flower_color_id /application/nginx-1.12.2/html/lovgarden_site/lovgarden/Application/Common/Common/function.php 第 109 行.
NOTIC: [2] in_array() expects parameter 2 to be array, null given /application/nginx-1.12.2/html/lovgarden_site/lovgarden/Application/Common/Common/function.php 第 109 行.
NOTIC: [8] Undefined index: flower_color /application/nginx-1.12.2/html/lovgarden_site/lovgarden/Application/Common/Common/function.php 第 109 行.
NOTIC: [2] in_array() expects parameter 2 to be array, null given /application/nginx-1.12.2/html/lovgarden_site/lovgarden/Application/Common/Common/function.php 第 109 行.
NOTIC: [8] Undefined index: image_url /application/nginx-1.12.2/html/lovgarden_site/lovgarden/Application/Common/Common/function.php 第 109 行.
NOTIC: [2] in_array() expects parameter 2 to be array, null given /application/nginx-1.12.2/html/lovgarden_site/lovgarden/Application/Common/Common/function.php 第 109 行.
NOTIC: [8] Undefined index: hurry_level_id /application/nginx-1.12.2/html/lovgarden_site/lovgarden/Application/Common/Common/function.php 第 109 行.
NOTIC: [2] in_array() expects parameter 2 to be array, null given /application/nginx-1.12.2/html/lovgarden_site/lovgarden/Application/Common/Common/function.php 第 109 行.
NOTIC: [8] Undefined index: hurry_level /application/nginx-1.12.2/html/lovgarden_site/lovgarden/Application/Common/Common/function.php 第 109 行.
NOTIC: [2] in_array() expects parameter 2 to be array, null given /application/nginx-1.12.2/html/lovgarden_site/lovgarden/Application/Common/Common/function.php 第 109 行.
NOTIC: [8] Undefined index: flower_type_id /application/nginx-1.12.2/html/lovgarden_site/lovgarden/Application/Common/Common/function.php 第 109 行.
NOTIC: [2] in_array() expects parameter 2 to be array, null given /application/nginx-1.12.2/html/lovgarden_site/lovgarden/Application/Common/Common/function.php 第 109 行.
NOTIC: [8] Undefined index: flower_name /application/nginx-1.12.2/html/lovgarden_site/lovgarden/Application/Common/Common/function.php 第 109 行.
NOTIC: [2] in_array() expects parameter 2 to be array, null given /application/nginx-1.12.2/html/lovgarden_site/lovgarden/Application/Common/Common/function.php 第 109 行.
NOTIC: [8] Undefined index: flower_occasion_id /application/nginx-1.12.2/html/lovgarden_site/lovgarden/Application/Common/Common/function.php 第 109 行.
NOTIC: [2] in_array() expects parameter 2 to be array, null given /application/nginx-1.12.2/html/lovgarden_site/lovgarden/Application/Common/Common/function.php 第 109 行.
NOTIC: [8] Undefined index: flower_occasion /application/nginx-1.12.2/html/lovgarden_site/lovgarden/Application/Common/Common/function.php 第 109 行.
NOTIC: [2] in_array() expects parameter 2 to be array, null given /application/nginx-1.12.2/html/lovgarden_site/lovgarden/Application/Common/Common/function.php 第 109 行.
NOTIC: [8] Undefined index: flower_color_id /application/nginx-1.12.2/html/lovgarden_site/lovgarden/Application/Common/Common/function.php 第 109 行.
NOTIC: [2] in_array() expects parameter 2 to be array, null given /application/nginx-1.12.2/html/lovgarden_site/lovgarden/Application/Common/Common/function.php 第 109 行.
NOTIC: [8] Undefined index: flower_color /application/nginx-1.12.2/html/lovgarden_site/lovgarden/Application/Common/Common/function.php 第 109 行.
NOTIC: [2] in_array() expects parameter 2 to be array, null given /application/nginx-1.12.2/html/lovgarden_site/lovgarden/Application/Common/Common/function.php 第 109 行.
NOTIC: [8] Undefined index: image_url /application/nginx-1.12.2/html/lovgarden_site/lovgarden/Application/Common/Common/function.php 第 109 行.
NOTIC: [2] in_array() expects parameter 2 to be array, null given /application/nginx-1.12.2/html/lovgarden_site/lovgarden/Application/Common/Common/function.php 第 109 行.
NOTIC: [8] Undefined index: hurry_level_id /application/nginx-1.12.2/html/lovgarden_site/lovgarden/Application/Common/Common/function.php 第 109 行.
NOTIC: [2] in_array() expects parameter 2 to be array, null given /application/nginx-1.12.2/html/lovgarden_site/lovgarden/Application/Common/Common/function.php 第 109 行.
NOTIC: [8] Undefined index: hurry_level /application/nginx-1.12.2/html/lovgarden_site/lovgarden/Application/Common/Common/function.php 第 109 行.
NOTIC: [2] in_array() expects parameter 2 to be array, null given /application/nginx-1.12.2/html/lovgarden_site/lovgarden/Application/Common/Common/function.php 第 109 行.
NOTIC: [8] Undefined index: flower_type_id /application/nginx-1.12.2/html/lovgarden_site/lovgarden/Application/Common/Common/function.php 第 109 行.
NOTIC: [2] in_array() expects parameter 2 to be array, null given /application/nginx-1.12.2/html/lovgarden_site/lovgarden/Application/Common/Common/function.php 第 109 行.
NOTIC: [8] Undefined index: flower_name /application/nginx-1.12.2/html/lovgarden_site/lovgarden/Application/Common/Common/function.php 第 109 行.
NOTIC: [2] in_array() expects parameter 2 to be array, null given /application/nginx-1.12.2/html/lovgarden_site/lovgarden/Application/Common/Common/function.php 第 109 行.
NOTIC: [8] Undefined index: flower_occasion_id /application/nginx-1.12.2/html/lovgarden_site/lovgarden/Application/Common/Common/function.php 第 109 行.
NOTIC: [2] in_array() expects parameter 2 to be array, null given /application/nginx-1.12.2/html/lovgarden_site/lovgarden/Application/Common/Common/function.php 第 109 行.
NOTIC: [8] Undefined index: flower_occasion /application/nginx-1.12.2/html/lovgarden_site/lovgarden/Application/Common/Common/function.php 第 109 行.
NOTIC: [2] in_array() expects parameter 2 to be array, null given /application/nginx-1.12.2/html/lovgarden_site/lovgarden/Application/Common/Common/function.php 第 109 行.
NOTIC: [8] Undefined index: flower_color_id /application/nginx-1.12.2/html/lovgarden_site/lovgarden/Application/Common/Common/function.php 第 109 行.
NOTIC: [2] in_array() expects parameter 2 to be array, null given /application/nginx-1.12.2/html/lovgarden_site/lovgarden/Application/Common/Common/function.php 第 109 行.
NOTIC: [8] Undefined index: flower_color /application/nginx-1.12.2/html/lovgarden_site/lovgarden/Application/Common/Common/function.php 第 109 行.
NOTIC: [2] in_array() expects parameter 2 to be array, null given /application/nginx-1.12.2/html/lovgarden_site/lovgarden/Application/Common/Common/function.php 第 109 行.
NOTIC: [8] Undefined index: image_url /application/nginx-1.12.2/html/lovgarden_site/lovgarden/Application/Common/Common/function.php 第 109 行.
NOTIC: [2] in_array() expects parameter 2 to be array, null given /application/nginx-1.12.2/html/lovgarden_site/lovgarden/Application/Common/Common/function.php 第 109 行.
NOTIC: [8] Undefined index: hurry_level_id /application/nginx-1.12.2/html/lovgarden_site/lovgarden/Application/Common/Common/function.php 第 109 行.
NOTIC: [2] in_array() expects parameter 2 to be array, null given /application/nginx-1.12.2/html/lovgarden_site/lovgarden/Application/Common/Common/function.php 第 109 行.
NOTIC: [8] Undefined index: hurry_level /application/nginx-1.12.2/html/lovgarden_site/lovgarden/Application/Common/Common/function.php 第 109 行.
NOTIC: [2] in_array() expects parameter 2 to be array, null given /application/nginx-1.12.2/html/lovgarden_site/lovgarden/Application/Common/Common/function.php 第 109 行.
NOTIC: [8] Undefined index: flower_type_id /application/nginx-1.12.2/html/lovgarden_site/lovgarden/Application/Common/Common/function.php 第 109 行.
NOTIC: [2] in_array() expects parameter 2 to be array, null given /application/nginx-1.12.2/html/lovgarden_site/lovgarden/Application/Common/Common/function.php 第 109 行.
NOTIC: [8] Undefined index: flower_name /application/nginx-1.12.2/html/lovgarden_site/lovgarden/Application/Common/Common/function.php 第 109 行.
NOTIC: [2] in_array() expects parameter 2 to be array, null given /application/nginx-1.12.2/html/lovgarden_site/lovgarden/Application/Common/Common/function.php 第 109 行.
NOTIC: [8] Undefined index: flower_occasion_id /application/nginx-1.12.2/html/lovgarden_site/lovgarden/Application/Common/Common/function.php 第 109 行.
NOTIC: [2] in_array() expects parameter 2 to be array, null given /application/nginx-1.12.2/html/lovgarden_site/lovgarden/Application/Common/Common/function.php 第 109 行.
NOTIC: [8] Undefined index: flower_occasion /application/nginx-1.12.2/html/lovgarden_site/lovgarden/Application/Common/Common/function.php 第 109 行.
NOTIC: [2] in_array() expects parameter 2 to be array, null given /application/nginx-1.12.2/html/lovgarden_site/lovgarden/Application/Common/Common/function.php 第 109 行.
NOTIC: [8] Undefined index: flower_color_id /application/nginx-1.12.2/html/lovgarden_site/lovgarden/Application/Common/Common/function.php 第 109 行.
NOTIC: [2] in_array() expects parameter 2 to be array, null given /application/nginx-1.12.2/html/lovgarden_site/lovgarden/Application/Common/Common/function.php 第 109 行.
NOTIC: [8] Undefined index: flower_color /application/nginx-1.12.2/html/lovgarden_site/lovgarden/Application/Common/Common/function.php 第 109 行.
NOTIC: [2] in_array() expects parameter 2 to be array, null given /application/nginx-1.12.2/html/lovgarden_site/lovgarden/Application/Common/Common/function.php 第 109 行.
NOTIC: [8] Undefined index: image_url /application/nginx-1.12.2/html/lovgarden_site/lovgarden/Application/Common/Common/function.php 第 109 行.
NOTIC: [2] in_array() expects parameter 2 to be array, null given /application/nginx-1.12.2/html/lovgarden_site/lovgarden/Application/Common/Common/function.php 第 109 行.
NOTIC: [8] Undefined index: hurry_level_id /application/nginx-1.12.2/html/lovgarden_site/lovgarden/Application/Common/Common/function.php 第 109 行.
NOTIC: [2] in_array() expects parameter 2 to be array, null given /application/nginx-1.12.2/html/lovgarden_site/lovgarden/Application/Common/Common/function.php 第 109 行.
NOTIC: [8] Undefined index: hurry_level /application/nginx-1.12.2/html/lovgarden_site/lovgarden/Application/Common/Common/function.php 第 109 行.
NOTIC: [2] in_array() expects parameter 2 to be array, null given /application/nginx-1.12.2/html/lovgarden_site/lovgarden/Application/Common/Common/function.php 第 109 行.
NOTIC: [8] Undefined index: flower_type_id /application/nginx-1.12.2/html/lovgarden_site/lovgarden/Application/Common/Common/function.php 第 109 行.
NOTIC: [2] in_array() expects parameter 2 to be array, null given /application/nginx-1.12.2/html/lovgarden_site/lovgarden/Application/Common/Common/function.php 第 109 行.
NOTIC: [8] Undefined index: flower_name /application/nginx-1.12.2/html/lovgarden_site/lovgarden/Application/Common/Common/function.php 第 109 行.
NOTIC: [2] in_array() expects parameter 2 to be array, null given /application/nginx-1.12.2/html/lovgarden_site/lovgarden/Application/Common/Common/function.php 第 109 行.
NOTIC: [8] Undefined index: flower_occasion_id /application/nginx-1.12.2/html/lovgarden_site/lovgarden/Application/Common/Common/function.php 第 109 行.
NOTIC: [2] in_array() expects parameter 2 to be array, null given /application/nginx-1.12.2/html/lovgarden_site/lovgarden/Application/Common/Common/function.php 第 109 行.
NOTIC: [8] Undefined index: flower_occasion /application/nginx-1.12.2/html/lovgarden_site/lovgarden/Application/Common/Common/function.php 第 109 行.
NOTIC: [2] in_array() expects parameter 2 to be array, null given /application/nginx-1.12.2/html/lovgarden_site/lovgarden/Application/Common/Common/function.php 第 109 行.
NOTIC: [8] Undefined index: flower_color_id /application/nginx-1.12.2/html/lovgarden_site/lovgarden/Application/Common/Common/function.php 第 109 行.
NOTIC: [2] in_array() expects parameter 2 to be array, null given /application/nginx-1.12.2/html/lovgarden_site/lovgarden/Application/Common/Common/function.php 第 109 行.
NOTIC: [8] Undefined index: flower_color /application/nginx-1.12.2/html/lovgarden_site/lovgarden/Application/Common/Common/function.php 第 109 行.
NOTIC: [2] in_array() expects parameter 2 to be array, null given /application/nginx-1.12.2/html/lovgarden_site/lovgarden/Application/Common/Common/function.php 第 109 行.
NOTIC: [8] Undefined index: image_url /application/nginx-1.12.2/html/lovgarden_site/lovgarden/Application/Common/Common/function.php 第 109 行.
NOTIC: [2] in_array() expects parameter 2 to be array, null given /application/nginx-1.12.2/html/lovgarden_site/lovgarden/Application/Common/Common/function.php 第 109 行.
NOTIC: [8] Undefined index: hurry_level_id /application/nginx-1.12.2/html/lovgarden_site/lovgarden/Application/Common/Common/function.php 第 109 行.
NOTIC: [2] in_array() expects parameter 2 to be array, null given /application/nginx-1.12.2/html/lovgarden_site/lovgarden/Application/Common/Common/function.php 第 109 行.
NOTIC: [8] Undefined index: hurry_level /application/nginx-1.12.2/html/lovgarden_site/lovgarden/Application/Common/Common/function.php 第 109 行.
NOTIC: [2] in_array() expects parameter 2 to be array, null given /application/nginx-1.12.2/html/lovgarden_site/lovgarden/Application/Common/Common/function.php 第 109 行.
NOTIC: [8] Undefined index: flower_type_id /application/nginx-1.12.2/html/lovgarden_site/lovgarden/Application/Common/Common/function.php 第 109 行.
NOTIC: [2] in_array() expects parameter 2 to be array, null given /application/nginx-1.12.2/html/lovgarden_site/lovgarden/Application/Common/Common/function.php 第 109 行.
NOTIC: [8] Undefined index: flower_name /application/nginx-1.12.2/html/lovgarden_site/lovgarden/Application/Common/Common/function.php 第 109 行.
NOTIC: [2] in_array() expects parameter 2 to be array, null given /application/nginx-1.12.2/html/lovgarden_site/lovgarden/Application/Common/Common/function.php 第 109 行.
NOTIC: [8] Undefined index: flower_occasion_id /application/nginx-1.12.2/html/lovgarden_site/lovgarden/Application/Common/Common/function.php 第 109 行.
NOTIC: [2] in_array() expects parameter 2 to be array, null given /application/nginx-1.12.2/html/lovgarden_site/lovgarden/Application/Common/Common/function.php 第 109 行.
NOTIC: [8] Undefined index: flower_occasion /application/nginx-1.12.2/html/lovgarden_site/lovgarden/Application/Common/Common/function.php 第 109 行.
NOTIC: [2] in_array() expects parameter 2 to be array, null given /application/nginx-1.12.2/html/lovgarden_site/lovgarden/Application/Common/Common/function.php 第 109 行.
NOTIC: [8] Undefined index: flower_color_id /application/nginx-1.12.2/html/lovgarden_site/lovgarden/Application/Common/Common/function.php 第 109 行.
NOTIC: [2] in_array() expects parameter 2 to be array, null given /application/nginx-1.12.2/html/lovgarden_site/lovgarden/Application/Common/Common/function.php 第 109 行.
NOTIC: [8] Undefined index: flower_color /application/nginx-1.12.2/html/lovgarden_site/lovgarden/Application/Common/Common/function.php 第 109 行.
NOTIC: [2] in_array() expects parameter 2 to be array, null given /application/nginx-1.12.2/html/lovgarden_site/lovgarden/Application/Common/Common/function.php 第 109 行.
NOTIC: [8] Undefined index: image_url /application/nginx-1.12.2/html/lovgarden_site/lovgarden/Application/Common/Common/function.php 第 109 行.
NOTIC: [2] in_array() expects parameter 2 to be array, null given /application/nginx-1.12.2/html/lovgarden_site/lovgarden/Application/Common/Common/function.php 第 109 行.
NOTIC: [8] Undefined index: hurry_level_id /application/nginx-1.12.2/html/lovgarden_site/lovgarden/Application/Common/Common/function.php 第 109 行.
NOTIC: [2] in_array() expects parameter 2 to be array, null given /application/nginx-1.12.2/html/lovgarden_site/lovgarden/Application/Common/Common/function.php 第 109 行.
NOTIC: [8] Undefined index: hurry_level /application/nginx-1.12.2/html/lovgarden_site/lovgarden/Application/Common/Common/function.php 第 109 行.
NOTIC: [2] in_array() expects parameter 2 to be array, null given /application/nginx-1.12.2/html/lovgarden_site/lovgarden/Application/Common/Common/function.php 第 109 行.
NOTIC: [8] Undefined index: flower_type_id /application/nginx-1.12.2/html/lovgarden_site/lovgarden/Application/Common/Common/function.php 第 109 行.
NOTIC: [2] in_array() expects parameter 2 to be array, null given /application/nginx-1.12.2/html/lovgarden_site/lovgarden/Application/Common/Common/function.php 第 109 行.
NOTIC: [8] Undefined index: flower_name /application/nginx-1.12.2/html/lovgarden_site/lovgarden/Application/Common/Common/function.php 第 109 行.
NOTIC: [2] in_array() expects parameter 2 to be array, null given /application/nginx-1.12.2/html/lovgarden_site/lovgarden/Application/Common/Common/function.php 第 109 行.
NOTIC: [8] Undefined index: flower_occasion_id /application/nginx-1.12.2/html/lovgarden_site/lovgarden/Application/Common/Common/function.php 第 109 行.
NOTIC: [2] in_array() expects parameter 2 to be array, null given /application/nginx-1.12.2/html/lovgarden_site/lovgarden/Application/Common/Common/function.php 第 109 行.
NOTIC: [8] Undefined index: flower_occasion /application/nginx-1.12.2/html/lovgarden_site/lovgarden/Application/Common/Common/function.php 第 109 行.
NOTIC: [2] in_array() expects parameter 2 to be array, null given /application/nginx-1.12.2/html/lovgarden_site/lovgarden/Application/Common/Common/function.php 第 109 行.
NOTIC: [8] Undefined index: flower_color_id /application/nginx-1.12.2/html/lovgarden_site/lovgarden/Application/Common/Common/function.php 第 109 行.
NOTIC: [2] in_array() expects parameter 2 to be array, null given /application/nginx-1.12.2/html/lovgarden_site/lovgarden/Application/Common/Common/function.php 第 109 行.
NOTIC: [8] Undefined index: flower_color /application/nginx-1.12.2/html/lovgarden_site/lovgarden/Application/Common/Common/function.php 第 109 行.
NOTIC: [2] in_array() expects parameter 2 to be array, null given /application/nginx-1.12.2/html/lovgarden_site/lovgarden/Application/Common/Common/function.php 第 109 行.
SQL: select id, hurry_level from lovgarden_hurry_level [ RunTime:0.0002s ]
SQL: select id, flower_name from lovgarden_flower_type [ RunTime:0.0001s ]
SQL: select id, flower_occasion from lovgarden_flower_occasion [ RunTime:0.0001s ]
SQL: select id, flower_color from lovgarden_flower_color [ RunTime:0.0000s ]
INFO: [ view_parse ] --START--
INFO: [ template_filter ] --START--
INFO: Run Behavior\ContentReplaceBehavior [ RunTime:0.000220s ]
INFO: [ template_filter ] --END-- [ RunTime:0.000248s ]
NOTIC: [8] Undefined index: hurryLevel /application/nginx-1.12.2/html/lovgarden_site/lovgarden/Application/Runtime/Cache/Home/afae4ad50d97c51a10b9a6b53125e1ae.php 第 245 行.
NOTIC: [2] in_array() expects parameter 2 to be array, null given /application/nginx-1.12.2/html/lovgarden_site/lovgarden/Application/Runtime/Cache/Home/afae4ad50d97c51a10b9a6b53125e1ae.php 第 245 行.
NOTIC: [8] Undefined index: hurryLevel /application/nginx-1.12.2/html/lovgarden_site/lovgarden/Application/Runtime/Cache/Home/afae4ad50d97c51a10b9a6b53125e1ae.php 第 245 行.
NOTIC: [2] in_array() expects parameter 2 to be array, null given /application/nginx-1.12.2/html/lovgarden_site/lovgarden/Application/Runtime/Cache/Home/afae4ad50d97c51a10b9a6b53125e1ae.php 第 245 行.
NOTIC: [8] Undefined index: flowerType /application/nginx-1.12.2/html/lovgarden_site/lovgarden/Application/Runtime/Cache/Home/afae4ad50d97c51a10b9a6b53125e1ae.php 第 259 行.
NOTIC: [2] in_array() expects parameter 2 to be array, null given /application/nginx-1.12.2/html/lovgarden_site/lovgarden/Application/Runtime/Cache/Home/afae4ad50d97c51a10b9a6b53125e1ae.php 第 259 行.
NOTIC: [8] Undefined index: flowerType /application/nginx-1.12.2/html/lovgarden_site/lovgarden/Application/Runtime/Cache/Home/afae4ad50d97c51a10b9a6b53125e1ae.php 第 259 行.
NOTIC: [2] in_array() expects parameter 2 to be array, null given /application/nginx-1.12.2/html/lovgarden_site/lovgarden/Application/Runtime/Cache/Home/afae4ad50d97c51a10b9a6b53125e1ae.php 第 259 行.
NOTIC: [8] Undefined index: flowerType /application/nginx-1.12.2/html/lovgarden_site/lovgarden/Application/Runtime/Cache/Home/afae4ad50d97c51a10b9a6b53125e1ae.php 第 259 行.
NOTIC: [2] in_array() expects parameter 2 to be array, null given /application/nginx-1.12.2/html/lovgarden_site/lovgarden/Application/Runtime/Cache/Home/afae4ad50d97c51a10b9a6b53125e1ae.php 第 259 行.
NOTIC: [8] Undefined index: flowerType /application/nginx-1.12.2/html/lovgarden_site/lovgarden/Application/Runtime/Cache/Home/afae4ad50d97c51a10b9a6b53125e1ae.php 第 259 行.
NOTIC: [2] in_array() expects parameter 2 to be array, null given /application/nginx-1.12.2/html/lovgarden_site/lovgarden/Application/Runtime/Cache/Home/afae4ad50d97c51a10b9a6b53125e1ae.php 第 259 行.
NOTIC: [8] Undefined index: flowerType /application/nginx-1.12.2/html/lovgarden_site/lovgarden/Application/Runtime/Cache/Home/afae4ad50d97c51a10b9a6b53125e1ae.php 第 259 行.
NOTIC: [2] in_array() expects parameter 2 to be array, null given /application/nginx-1.12.2/html/lovgarden_site/lovgarden/Application/Runtime/Cache/Home/afae4ad50d97c51a10b9a6b53125e1ae.php 第 259 行.
NOTIC: [8] Undefined index: flowerType /application/nginx-1.12.2/html/lovgarden_site/lovgarden/Application/Runtime/Cache/Home/afae4ad50d97c51a10b9a6b53125e1ae.php 第 259 行.
NOTIC: [2] in_array() expects parameter 2 to be array, null given /application/nginx-1.12.2/html/lovgarden_site/lovgarden/Application/Runtime/Cache/Home/afae4ad50d97c51a10b9a6b53125e1ae.php 第 259 行.
NOTIC: [8] Undefined index: flowerType /application/nginx-1.12.2/html/lovgarden_site/lovgarden/Application/Runtime/Cache/Home/afae4ad50d97c51a10b9a6b53125e1ae.php 第 259 行.
NOTIC: [2] in_array() expects parameter 2 to be array, null given /application/nginx-1.12.2/html/lovgarden_site/lovgarden/Application/Runtime/Cache/Home/afae4ad50d97c51a10b9a6b53125e1ae.php 第 259 行.
NOTIC: [8] Undefined index: flowerType /application/nginx-1.12.2/html/lovgarden_site/lovgarden/Application/Runtime/Cache/Home/afae4ad50d97c51a10b9a6b53125e1ae.php 第 259 行.
NOTIC: [2] in_array() expects parameter 2 to be array, null given /application/nginx-1.12.2/html/lovgarden_site/lovgarden/Application/Runtime/Cache/Home/afae4ad50d97c51a10b9a6b53125e1ae.php 第 259 行.
NOTIC: [8] Undefined index: flowerType /application/nginx-1.12.2/html/lovgarden_site/lovgarden/Application/Runtime/Cache/Home/afae4ad50d97c51a10b9a6b53125e1ae.php 第 270 行.
NOTIC: [2] in_array() expects parameter 2 to be array, null given /application/nginx-1.12.2/html/lovgarden_site/lovgarden/Application/Runtime/Cache/Home/afae4ad50d97c51a10b9a6b53125e1ae.php 第 270 行.
NOTIC: [8] Undefined index: flowerType /application/nginx-1.12.2/html/lovgarden_site/lovgarden/Application/Runtime/Cache/Home/afae4ad50d97c51a10b9a6b53125e1ae.php 第 270 行.
NOTIC: [2] in_array() expects parameter 2 to be array, null given /application/nginx-1.12.2/html/lovgarden_site/lovgarden/Application/Runtime/Cache/Home/afae4ad50d97c51a10b9a6b53125e1ae.php 第 270 行.
NOTIC: [8] Undefined index: flowerType /application/nginx-1.12.2/html/lovgarden_site/lovgarden/Application/Runtime/Cache/Home/afae4ad50d97c51a10b9a6b53125e1ae.php 第 270 行.
NOTIC: [2] in_array() expects parameter 2 to be array, null given /application/nginx-1.12.2/html/lovgarden_site/lovgarden/Application/Runtime/Cache/Home/afae4ad50d97c51a10b9a6b53125e1ae.php 第 270 行.
NOTIC: [8] Undefined index: flowerType /application/nginx-1.12.2/html/lovgarden_site/lovgarden/Application/Runtime/Cache/Home/afae4ad50d97c51a10b9a6b53125e1ae.php 第 270 行.
NOTIC: [2] in_array() expects parameter 2 to be array, null given /application/nginx-1.12.2/html/lovgarden_site/lovgarden/Application/Runtime/Cache/Home/afae4ad50d97c51a10b9a6b53125e1ae.php 第 270 行.
NOTIC: [8] Undefined index: flowerType /application/nginx-1.12.2/html/lovgarden_site/lovgarden/Application/Runtime/Cache/Home/afae4ad50d97c51a10b9a6b53125e1ae.php 第 270 行.
NOTIC: [2] in_array() expects parameter 2 to be array, null given /application/nginx-1.12.2/html/lovgarden_site/lovgarden/Application/Runtime/Cache/Home/afae4ad50d97c51a10b9a6b53125e1ae.php 第 270 行.
NOTIC: [8] Undefined index: flowerType /application/nginx-1.12.2/html/lovgarden_site/lovgarden/Application/Runtime/Cache/Home/afae4ad50d97c51a10b9a6b53125e1ae.php 第 270 行.
NOTIC: [2] in_array() expects parameter 2 to be array, null given /application/nginx-1.12.2/html/lovgarden_site/lovgarden/Application/Runtime/Cache/Home/afae4ad50d97c51a10b9a6b53125e1ae.php 第 270 行.
NOTIC: [8] Undefined index: flowerType /application/nginx-1.12.2/html/lovgarden_site/lovgarden/Application/Runtime/Cache/Home/afae4ad50d97c51a10b9a6b53125e1ae.php 第 270 行.
NOTIC: [2] in_array() expects parameter 2 to be array, null given /application/nginx-1.12.2/html/lovgarden_site/lovgarden/Application/Runtime/Cache/Home/afae4ad50d97c51a10b9a6b53125e1ae.php 第 270 行.
NOTIC: [8] Undefined index: flowerOccasion /application/nginx-1.12.2/html/lovgarden_site/lovgarden/Application/Runtime/Cache/Home/afae4ad50d97c51a10b9a6b53125e1ae.php 第 286 行.
NOTIC: [2] in_array() expects parameter 2 to be array, null given /application/nginx-1.12.2/html/lovgarden_site/lovgarden/Application/Runtime/Cache/Home/afae4ad50d97c51a10b9a6b53125e1ae.php 第 286 行.
NOTIC: [8] Undefined index: flowerOccasion /application/nginx-1.12.2/html/lovgarden_site/lovgarden/Application/Runtime/Cache/Home/afae4ad50d97c51a10b9a6b53125e1ae.php 第 286 行.
NOTIC: [2] in_array() expects parameter 2 to be array, null given /application/nginx-1.12.2/html/lovgarden_site/lovgarden/Application/Runtime/Cache/Home/afae4ad50d97c51a10b9a6b53125e1ae.php 第 286 行.
NOTIC: [8] Undefined index: flowerOccasion /application/nginx-1.12.2/html/lovgarden_site/lovgarden/Application/Runtime/Cache/Home/afae4ad50d97c51a10b9a6b53125e1ae.php 第 286 行.
NOTIC: [2] in_array() expects parameter 2 to be array, null given /application/nginx-1.12.2/html/lovgarden_site/lovgarden/Application/Runtime/Cache/Home/afae4ad50d97c51a10b9a6b53125e1ae.php 第 286 行.
NOTIC: [8] Undefined index: flowerOccasion /application/nginx-1.12.2/html/lovgarden_site/lovgarden/Application/Runtime/Cache/Home/afae4ad50d97c51a10b9a6b53125e1ae.php 第 286 行.
NOTIC: [2] in_array() expects parameter 2 to be array, null given /application/nginx-1.12.2/html/lovgarden_site/lovgarden/Application/Runtime/Cache/Home/afae4ad50d97c51a10b9a6b53125e1ae.php 第 286 行.
NOTIC: [8] Undefined index: flowerOccasion /application/nginx-1.12.2/html/lovgarden_site/lovgarden/Application/Runtime/Cache/Home/afae4ad50d97c51a10b9a6b53125e1ae.php 第 286 行.
NOTIC: [2] in_array() expects parameter 2 to be array, null given /application/nginx-1.12.2/html/lovgarden_site/lovgarden/Application/Runtime/Cache/Home/afae4ad50d97c51a10b9a6b53125e1ae.php 第 286 行.
NOTIC: [8] Undefined index: flowerOccasion /application/nginx-1.12.2/html/lovgarden_site/lovgarden/Application/Runtime/Cache/Home/afae4ad50d97c51a10b9a6b53125e1ae.php 第 297 行.
NOTIC: [2] in_array() expects parameter 2 to be array, null given /application/nginx-1.12.2/html/lovgarden_site/lovgarden/Application/Runtime/Cache/Home/afae4ad50d97c51a10b9a6b53125e1ae.php 第 297 行.
NOTIC: [8] Undefined index: flowerOccasion /application/nginx-1.12.2/html/lovgarden_site/lovgarden/Application/Runtime/Cache/Home/afae4ad50d97c51a10b9a6b53125e1ae.php 第 297 行.
NOTIC: [2] in_array() expects parameter 2 to be array, null given /application/nginx-1.12.2/html/lovgarden_site/lovgarden/Application/Runtime/Cache/Home/afae4ad50d97c51a10b9a6b53125e1ae.php 第 297 行.
NOTIC: [8] Undefined index: flowerOccasion /application/nginx-1.12.2/html/lovgarden_site/lovgarden/Application/Runtime/Cache/Home/afae4ad50d97c51a10b9a6b53125e1ae.php 第 297 行.
NOTIC: [2] in_array() expects parameter 2 to be array, null given /application/nginx-1.12.2/html/lovgarden_site/lovgarden/Application/Runtime/Cache/Home/afae4ad50d97c51a10b9a6b53125e1ae.php 第 297 行.
NOTIC: [8] Undefined index: flowerOccasion /application/nginx-1.12.2/html/lovgarden_site/lovgarden/Application/Runtime/Cache/Home/afae4ad50d97c51a10b9a6b53125e1ae.php 第 297 行.
NOTIC: [2] in_array() expects parameter 2 to be array, null given /application/nginx-1.12.2/html/lovgarden_site/lovgarden/Application/Runtime/Cache/Home/afae4ad50d97c51a10b9a6b53125e1ae.php 第 297 行.
NOTIC: [8] Undefined index: flowerOccasion /application/nginx-1.12.2/html/lovgarden_site/lovgarden/Application/Runtime/Cache/Home/afae4ad50d97c51a10b9a6b53125e1ae.php 第 297 行.
NOTIC: [2] in_array() expects parameter 2 to be array, null given /application/nginx-1.12.2/html/lovgarden_site/lovgarden/Application/Runtime/Cache/Home/afae4ad50d97c51a10b9a6b53125e1ae.php 第 297 行.
NOTIC: [8] Undefined index: flowerColor /application/nginx-1.12.2/html/lovgarden_site/lovgarden/Application/Runtime/Cache/Home/afae4ad50d97c51a10b9a6b53125e1ae.php 第 313 行.
NOTIC: [2] in_array() expects parameter 2 to be array, null given /application/nginx-1.12.2/html/lovgarden_site/lovgarden/Application/Runtime/Cache/Home/afae4ad50d97c51a10b9a6b53125e1ae.php 第 313 行.
NOTIC: [8] Undefined index: flowerColor /application/nginx-1.12.2/html/lovgarden_site/lovgarden/Application/Runtime/Cache/Home/afae4ad50d97c51a10b9a6b53125e1ae.php 第 313 行.
NOTIC: [2] in_array() expects parameter 2 to be array, null given /application/nginx-1.12.2/html/lovgarden_site/lovgarden/Application/Runtime/Cache/Home/afae4ad50d97c51a10b9a6b53125e1ae.php 第 313 行.
NOTIC: [8] Undefined index: flowerColor /application/nginx-1.12.2/html/lovgarden_site/lovgarden/Application/Runtime/Cache/Home/afae4ad50d97c51a10b9a6b53125e1ae.php 第 313 行.
NOTIC: [2] in_array() expects parameter 2 to be array, null given /application/nginx-1.12.2/html/lovgarden_site/lovgarden/Application/Runtime/Cache/Home/afae4ad50d97c51a10b9a6b53125e1ae.php 第 313 行.
NOTIC: [8] Undefined index: flowerColor /application/nginx-1.12.2/html/lovgarden_site/lovgarden/Application/Runtime/Cache/Home/afae4ad50d97c51a10b9a6b53125e1ae.php 第 324 行.
NOTIC: [2] in_array() expects parameter 2 to be array, null given /application/nginx-1.12.2/html/lovgarden_site/lovgarden/Application/Runtime/Cache/Home/afae4ad50d97c51a10b9a6b53125e1ae.php 第 324 行.
NOTIC: [8] Undefined index: flowerColor /application/nginx-1.12.2/html/lovgarden_site/lovgarden/Application/Runtime/Cache/Home/afae4ad50d97c51a10b9a6b53125e1ae.php 第 324 行.
NOTIC: [2] in_array() expects parameter 2 to be array, null given /application/nginx-1.12.2/html/lovgarden_site/lovgarden/Application/Runtime/Cache/Home/afae4ad50d97c51a10b9a6b53125e1ae.php 第 324 行.
NOTIC: [8] Undefined index: flowerColor /application/nginx-1.12.2/html/lovgarden_site/lovgarden/Application/Runtime/Cache/Home/afae4ad50d97c51a10b9a6b53125e1ae.php 第 324 行.
NOTIC: [2] in_array() expects parameter 2 to be array, null given /application/nginx-1.12.2/html/lovgarden_site/lovgarden/Application/Runtime/Cache/Home/afae4ad50d97c51a10b9a6b53125e1ae.php 第 324 行.
NOTIC: [8] Undefined index: hurryLevel /application/nginx-1.12.2/html/lovgarden_site/lovgarden/Application/Runtime/Cache/Home/afae4ad50d97c51a10b9a6b53125e1ae.php 第 427 行.
NOTIC: [2] in_array() expects parameter 2 to be array, null given /application/nginx-1.12.2/html/lovgarden_site/lovgarden/Application/Runtime/Cache/Home/afae4ad50d97c51a10b9a6b53125e1ae.php 第 427 行.
NOTIC: [8] Undefined index: hurryLevel /application/nginx-1.12.2/html/lovgarden_site/lovgarden/Application/Runtime/Cache/Home/afae4ad50d97c51a10b9a6b53125e1ae.php 第 427 行.
NOTIC: [2] in_array() expects parameter 2 to be array, null given /application/nginx-1.12.2/html/lovgarden_site/lovgarden/Application/Runtime/Cache/Home/afae4ad50d97c51a10b9a6b53125e1ae.php 第 427 行.
NOTIC: [8] Undefined index: flowerType /application/nginx-1.12.2/html/lovgarden_site/lovgarden/Application/Runtime/Cache/Home/afae4ad50d97c51a10b9a6b53125e1ae.php 第 435 行.
NOTIC: [2] in_array() expects parameter 2 to be array, null given /application/nginx-1.12.2/html/lovgarden_site/lovgarden/Application/Runtime/Cache/Home/afae4ad50d97c51a10b9a6b53125e1ae.php 第 435 行.
NOTIC: [8] Undefined index: flowerType /application/nginx-1.12.2/html/lovgarden_site/lovgarden/Application/Runtime/Cache/Home/afae4ad50d97c51a10b9a6b53125e1ae.php 第 435 行.
NOTIC: [2] in_array() expects parameter 2 to be array, null given /application/nginx-1.12.2/html/lovgarden_site/lovgarden/Application/Runtime/Cache/Home/afae4ad50d97c51a10b9a6b53125e1ae.php 第 435 行.
NOTIC: [8] Undefined index: flowerType /application/nginx-1.12.2/html/lovgarden_site/lovgarden/Application/Runtime/Cache/Home/afae4ad50d97c51a10b9a6b53125e1ae.php 第 435 行.
NOTIC: [2] in_array() expects parameter 2 to be array, null given /application/nginx-1.12.2/html/lovgarden_site/lovgarden/Application/Runtime/Cache/Home/afae4ad50d97c51a10b9a6b53125e1ae.php 第 435 行.
NOTIC: [8] Undefined index: flowerType /application/nginx-1.12.2/html/lovgarden_site/lovgarden/Application/Runtime/Cache/Home/afae4ad50d97c51a10b9a6b53125e1ae.php 第 435 行.
NOTIC: [2] in_array() expects parameter 2 to be array, null given /application/nginx-1.12.2/html/lovgarden_site/lovgarden/Application/Runtime/Cache/Home/afae4ad50d97c51a10b9a6b53125e1ae.php 第 435 行.
NOTIC: [8] Undefined index: flowerType /application/nginx-1.12.2/html/lovgarden_site/lovgarden/Application/Runtime/Cache/Home/afae4ad50d97c51a10b9a6b53125e1ae.php 第 435 行.
NOTIC: [2] in_array() expects parameter 2 to be array, null given /application/nginx-1.12.2/html/lovgarden_site/lovgarden/Application/Runtime/Cache/Home/afae4ad50d97c51a10b9a6b53125e1ae.php 第 435 行.
NOTIC: [8] Undefined index: flowerType /application/nginx-1.12.2/html/lovgarden_site/lovgarden/Application/Runtime/Cache/Home/afae4ad50d97c51a10b9a6b53125e1ae.php 第 435 行.
NOTIC: [2] in_array() expects parameter 2 to be array, null given /application/nginx-1.12.2/html/lovgarden_site/lovgarden/Application/Runtime/Cache/Home/afae4ad50d97c51a10b9a6b53125e1ae.php 第 435 行.
NOTIC: [8] Undefined index: flowerType /application/nginx-1.12.2/html/lovgarden_site/lovgarden/Application/Runtime/Cache/Home/afae4ad50d97c51a10b9a6b53125e1ae.php 第 435 行.
NOTIC: [2] in_array() expects parameter 2 to be array, null given /application/nginx-1.12.2/html/lovgarden_site/lovgarden/Application/Runtime/Cache/Home/afae4ad50d97c51a10b9a6b53125e1ae.php 第 435 行.
NOTIC: [8] Undefined index: flowerType /application/nginx-1.12.2/html/lovgarden_site/lovgarden/Application/Runtime/Cache/Home/afae4ad50d97c51a10b9a6b53125e1ae.php 第 435 行.
NOTIC: [2] in_array() expects parameter 2 to be array, null given /application/nginx-1.12.2/html/lovgarden_site/lovgarden/Application/Runtime/Cache/Home/afae4ad50d97c51a10b9a6b53125e1ae.php 第 435 行.
NOTIC: [8] Undefined index: flowerType /application/nginx-1.12.2/html/lovgarden_site/lovgarden/Application/Runtime/Cache/Home/afae4ad50d97c51a10b9a6b53125e1ae.php 第 435 行.
NOTIC: [2] in_array() expects parameter 2 to be array, null given /application/nginx-1.12.2/html/lovgarden_site/lovgarden/Application/Runtime/Cache/Home/afae4ad50d97c51a10b9a6b53125e1ae.php 第 435 行.
NOTIC: [8] Undefined index: flowerType /application/nginx-1.12.2/html/lovgarden_site/lovgarden/Application/Runtime/Cache/Home/afae4ad50d97c51a10b9a6b53125e1ae.php 第 435 行.
NOTIC: [2] in_array() expects parameter 2 to be array, null given /application/nginx-1.12.2/html/lovgarden_site/lovgarden/Application/Runtime/Cache/Home/afae4ad50d97c51a10b9a6b53125e1ae.php 第 435 行.
NOTIC: [8] Undefined index: flowerType /application/nginx-1.12.2/html/lovgarden_site/lovgarden/Application/Runtime/Cache/Home/afae4ad50d97c51a10b9a6b53125e1ae.php 第 435 行.
NOTIC: [2] in_array() expects parameter 2 to be array, null given /application/nginx-1.12.2/html/lovgarden_site/lovgarden/Application/Runtime/Cache/Home/afae4ad50d97c51a10b9a6b53125e1ae.php 第 435 行.
NOTIC: [8] Undefined index: flowerType /application/nginx-1.12.2/html/lovgarden_site/lovgarden/Application/Runtime/Cache/Home/afae4ad50d97c51a10b9a6b53125e1ae.php 第 435 行.
NOTIC: [2] in_array() expects parameter 2 to be array, null given /application/nginx-1.12.2/html/lovgarden_site/lovgarden/Application/Runtime/Cache/Home/afae4ad50d97c51a10b9a6b53125e1ae.php 第 435 行.
NOTIC: [8] Undefined index: flowerType /application/nginx-1.12.2/html/lovgarden_site/lovgarden/Application/Runtime/Cache/Home/afae4ad50d97c51a10b9a6b53125e1ae.php 第 435 行.
NOTIC: [2] in_array() expects parameter 2 to be array, null given /application/nginx-1.12.2/html/lovgarden_site/lovgarden/Application/Runtime/Cache/Home/afae4ad50d97c51a10b9a6b53125e1ae.php 第 435 行.
NOTIC: [8] Undefined index: flowerType /application/nginx-1.12.2/html/lovgarden_site/lovgarden/Application/Runtime/Cache/Home/afae4ad50d97c51a10b9a6b53125e1ae.php 第 435 行.
NOTIC: [2] in_array() expects parameter 2 to be array, null given /application/nginx-1.12.2/html/lovgarden_site/lovgarden/Application/Runtime/Cache/Home/afae4ad50d97c51a10b9a6b53125e1ae.php 第 435 行.
NOTIC: [8] Undefined index: flowerType /application/nginx-1.12.2/html/lovgarden_site/lovgarden/Application/Runtime/Cache/Home/afae4ad50d97c51a10b9a6b53125e1ae.php 第 435 行.
NOTIC: [2] in_array() expects parameter 2 to be array, null given /application/nginx-1.12.2/html/lovgarden_site/lovgarden/Application/Runtime/Cache/Home/afae4ad50d97c51a10b9a6b53125e1ae.php 第 435 行.
NOTIC: [8] Undefined index: flowerOccasion /application/nginx-1.12.2/html/lovgarden_site/lovgarden/Application/Runtime/Cache/Home/afae4ad50d97c51a10b9a6b53125e1ae.php 第 443 行.
NOTIC: [2] in_array() expects parameter 2 to be array, null given /application/nginx-1.12.2/html/lovgarden_site/lovgarden/Application/Runtime/Cache/Home/afae4ad50d97c51a10b9a6b53125e1ae.php 第 443 行.
NOTIC: [8] Undefined index: flowerOccasion /application/nginx-1.12.2/html/lovgarden_site/lovgarden/Application/Runtime/Cache/Home/afae4ad50d97c51a10b9a6b53125e1ae.php 第 443 行.
NOTIC: [2] in_array() expects parameter 2 to be array, null given /application/nginx-1.12.2/html/lovgarden_site/lovgarden/Application/Runtime/Cache/Home/afae4ad50d97c51a10b9a6b53125e1ae.php 第 443 行.
NOTIC: [8] Undefined index: flowerOccasion /application/nginx-1.12.2/html/lovgarden_site/lovgarden/Application/Runtime/Cache/Home/afae4ad50d97c51a10b9a6b53125e1ae.php 第 443 行.
NOTIC: [2] in_array() expects parameter 2 to be array, null given /application/nginx-1.12.2/html/lovgarden_site/lovgarden/Application/Runtime/Cache/Home/afae4ad50d97c51a10b9a6b53125e1ae.php 第 443 行.
NOTIC: [8] Undefined index: flowerOccasion /application/nginx-1.12.2/html/lovgarden_site/lovgarden/Application/Runtime/Cache/Home/afae4ad50d97c51a10b9a6b53125e1ae.php 第 443 行.
NOTIC: [2] in_array() expects parameter 2 to be array, null given /application/nginx-1.12.2/html/lovgarden_site/lovgarden/Application/Runtime/Cache/Home/afae4ad50d97c51a10b9a6b53125e1ae.php 第 443 行.
NOTIC: [8] Undefined index: flowerOccasion /application/nginx-1.12.2/html/lovgarden_site/lovgarden/Application/Runtime/Cache/Home/afae4ad50d97c51a10b9a6b53125e1ae.php 第 443 行.
NOTIC: [2] in_array() expects parameter 2 to be array, null given /application/nginx-1.12.2/html/lovgarden_site/lovgarden/Application/Runtime/Cache/Home/afae4ad50d97c51a10b9a6b53125e1ae.php 第 443 行.
NOTIC: [8] Undefined index: flowerOccasion /application/nginx-1.12.2/html/lovgarden_site/lovgarden/Application/Runtime/Cache/Home/afae4ad50d97c51a10b9a6b53125e1ae.php 第 443 行.
NOTIC: [2] in_array() expects parameter 2 to be array, null given /application/nginx-1.12.2/html/lovgarden_site/lovgarden/Application/Runtime/Cache/Home/afae4ad50d97c51a10b9a6b53125e1ae.php 第 443 行.
NOTIC: [8] Undefined index: flowerOccasion /application/nginx-1.12.2/html/lovgarden_site/lovgarden/Application/Runtime/Cache/Home/afae4ad50d97c51a10b9a6b53125e1ae.php 第 443 行.
NOTIC: [2] in_array() expects parameter 2 to be array, null given /application/nginx-1.12.2/html/lovgarden_site/lovgarden/Application/Runtime/Cache/Home/afae4ad50d97c51a10b9a6b53125e1ae.php 第 443 行.
NOTIC: [8] Undefined index: flowerOccasion /application/nginx-1.12.2/html/lovgarden_site/lovgarden/Application/Runtime/Cache/Home/afae4ad50d97c51a10b9a6b53125e1ae.php 第 443 行.
NOTIC: [2] in_array() expects parameter 2 to be array, null given /application/nginx-1.12.2/html/lovgarden_site/lovgarden/Application/Runtime/Cache/Home/afae4ad50d97c51a10b9a6b53125e1ae.php 第 443 行.
NOTIC: [8] Undefined index: flowerOccasion /application/nginx-1.12.2/html/lovgarden_site/lovgarden/Application/Runtime/Cache/Home/afae4ad50d97c51a10b9a6b53125e1ae.php 第 443 行.
NOTIC: [2] in_array() expects parameter 2 to be array, null given /application/nginx-1.12.2/html/lovgarden_site/lovgarden/Application/Runtime/Cache/Home/afae4ad50d97c51a10b9a6b53125e1ae.php 第 443 行.
NOTIC: [8] Undefined index: flowerOccasion /application/nginx-1.12.2/html/lovgarden_site/lovgarden/Application/Runtime/Cache/Home/afae4ad50d97c51a10b9a6b53125e1ae.php 第 443 行.
NOTIC: [2] in_array() expects parameter 2 to be array, null given /application/nginx-1.12.2/html/lovgarden_site/lovgarden/Application/Runtime/Cache/Home/afae4ad50d97c51a10b9a6b53125e1ae.php 第 443 行.
NOTIC: [8] Undefined index: flowerColor /application/nginx-1.12.2/html/lovgarden_site/lovgarden/Application/Runtime/Cache/Home/afae4ad50d97c51a10b9a6b53125e1ae.php 第 451 行.
NOTIC: [2] in_array() expects parameter 2 to be array, null given /application/nginx-1.12.2/html/lovgarden_site/lovgarden/Application/Runtime/Cache/Home/afae4ad50d97c51a10b9a6b53125e1ae.php 第 451 行.
NOTIC: [8] Undefined index: flowerColor /application/nginx-1.12.2/html/lovgarden_site/lovgarden/Application/Runtime/Cache/Home/afae4ad50d97c51a10b9a6b53125e1ae.php 第 451 行.
NOTIC: [2] in_array() expects parameter 2 to be array, null given /application/nginx-1.12.2/html/lovgarden_site/lovgarden/Application/Runtime/Cache/Home/afae4ad50d97c51a10b9a6b53125e1ae.php 第 451 行.
NOTIC: [8] Undefined index: flowerColor /application/nginx-1.12.2/html/lovgarden_site/lovgarden/Application/Runtime/Cache/Home/afae4ad50d97c51a10b9a6b53125e1ae.php 第 451 行.
NOTIC: [2] in_array() expects parameter 2 to be array, null given /application/nginx-1.12.2/html/lovgarden_site/lovgarden/Application/Runtime/Cache/Home/afae4ad50d97c51a10b9a6b53125e1ae.php 第 451 行.
NOTIC: [8] Undefined index: flowerColor /application/nginx-1.12.2/html/lovgarden_site/lovgarden/Application/Runtime/Cache/Home/afae4ad50d97c51a10b9a6b53125e1ae.php 第 451 行.
NOTIC: [2] in_array() expects parameter 2 to be array, null given /application/nginx-1.12.2/html/lovgarden_site/lovgarden/Application/Runtime/Cache/Home/afae4ad50d97c51a10b9a6b53125e1ae.php 第 451 行.
NOTIC: [8] Undefined index: flowerColor /application/nginx-1.12.2/html/lovgarden_site/lovgarden/Application/Runtime/Cache/Home/afae4ad50d97c51a10b9a6b53125e1ae.php 第 451 行.
NOTIC: [2] in_array() expects parameter 2 to be array, null given /application/nginx-1.12.2/html/lovgarden_site/lovgarden/Application/Runtime/Cache/Home/afae4ad50d97c51a10b9a6b53125e1ae.php 第 451 行.
NOTIC: [8] Undefined index: flowerColor /application/nginx-1.12.2/html/lovgarden_site/lovgarden/Application/Runtime/Cache/Home/afae4ad50d97c51a10b9a6b53125e1ae.php 第 451 行.
NOTIC: [2] in_array() expects parameter 2 to be array, null given /application/nginx-1.12.2/html/lovgarden_site/lovgarden/Application/Runtime/Cache/Home/afae4ad50d97c51a10b9a6b53125e1ae.php 第 451 行.
INFO: Run Behavior\ParseTemplateBehavior [ RunTime:0.006389s ]
INFO: [ view_parse ] --END-- [ RunTime:0.006410s ]
INFO: [ view_filter ] --START--
INFO: Run Behavior\WriteHtmlCacheBehavior [ RunTime:0.000028s ]
INFO: [ view_filter ] --END-- [ RunTime:0.000040s ]
INFO: [ app_end ] --START--
INFO: Run Behavior\ShowPageTraceBehavior [ RunTime:0.000029s ]
INFO: [ app_end ] --END-- [ RunTime:0.000049s ]

[ 2018-05-01T13:20:07+08:00 ] 124.160.219.86 /user/get_user_status
INFO: [ app_init ] --START--
INFO: Run Behavior\BuildLiteBehavior [ RunTime:0.000009s ]
INFO: [ app_init ] --END-- [ RunTime:0.000049s ]
INFO: [ app_begin ] --START--
INFO: Run Behavior\ReadHtmlCacheBehavior [ RunTime:0.000020s ]
INFO: [ app_begin ] --END-- [ RunTime:0.000036s ]
INFO: [ app_end ] --START--
INFO: Run Behavior\ShowPageTraceBehavior [ RunTime:0.000015s ]
INFO: [ app_end ] --END-- [ RunTime:0.000029s ]

[ 2018-05-01T13:20:07+08:00 ] 124.160.219.86 /user/get_cart_info
INFO: [ app_init ] --START--
INFO: Run Behavior\BuildLiteBehavior [ RunTime:0.000008s ]
INFO: [ app_init ] --END-- [ RunTime:0.000048s ]
INFO: [ app_begin ] --START--
INFO: Run Behavior\ReadHtmlCacheBehavior [ RunTime:0.000017s ]
INFO: [ app_begin ] --END-- [ RunTime:0.000032s ]
INFO: [ app_end ] --START--
INFO: Run Behavior\ShowPageTraceBehavior [ RunTime:0.000017s ]
INFO: [ app_end ] --END-- [ RunTime:0.000031s ]

[ 2018-05-01T13:20:07+08:00 ] 124.160.219.86 /cart/ajax_get_cart_items
INFO: [ app_init ] --START--
INFO: Run Behavior\BuildLiteBehavior [ RunTime:0.000008s ]
INFO: [ app_init ] --END-- [ RunTime:0.000061s ]
INFO: [ app_begin ] --START--
INFO: Run Behavior\ReadHtmlCacheBehavior [ RunTime:0.000019s ]
INFO: [ app_begin ] --END-- [ RunTime:0.000035s ]
INFO: [ app_end ] --START--
INFO: Run Behavior\ShowPageTraceBehavior [ RunTime:0.000020s ]
INFO: [ app_end ] --END-- [ RunTime:0.000038s ]

[ 2018-05-01T13:20:12+08:00 ] 124.160.219.86 /product/show/sku_id/180011
INFO: [ app_init ] --START--
INFO: Run Behavior\BuildLiteBehavior [ RunTime:0.000008s ]
INFO: [ app_init ] --END-- [ RunTime:0.000050s ]
INFO: [ app_begin ] --START--
INFO: Run Behavior\ReadHtmlCacheBehavior [ RunTime:0.000018s ]
INFO: [ app_begin ] --END-- [ RunTime:0.000033s ]
NOTIC: [2] Declaration of Home\Controller\ProductController::show($sku_id) should be compatible with Think\Controller::show($content, $charset = '', $contentType = '', $prefix = '') /application/nginx-1.12.2/html/lovgarden_site/lovgarden/Application/Home/Controller/ProductController.class.php 第 0 行.
SQL: SELECT sku_id FROM lovgarden_product_varient WHERE sku_id = '180011' [ RunTime:0.0001s ]
SQL: SELECT a.id,a.sku_id,a.varient_name,a.varient_summary,a.varient_body,a.varient_status,a.varient_price,a.decoration_level,a.vase,b.`image_url`,c.`flower_home_id` FROM lovgarden_product_varient AS a
                    LEFT JOIN lovgarden_product_varient_images AS b ON a.`id`=b.`product_varient_id`
                    LEFT JOIN lovgarden_product_varient_flower_home AS c ON a.`id`=c.`product_varient_id`
                    WHERE a.`sku_id` IN (180011,180012,180013) ; [ RunTime:0.0001s ]
NOTIC: [8] Undefined index: image_url /application/nginx-1.12.2/html/lovgarden_site/lovgarden/Application/Common/Common/function.php 第 109 行.
NOTIC: [2] in_array() expects parameter 2 to be array, null given /application/nginx-1.12.2/html/lovgarden_site/lovgarden/Application/Common/Common/function.php 第 109 行.
NOTIC: [8] Undefined index: flower_home_id /application/nginx-1.12.2/html/lovgarden_site/lovgarden/Application/Common/Common/function.php 第 109 行.
NOTIC: [2] in_array() expects parameter 2 to be array, null given /application/nginx-1.12.2/html/lovgarden_site/lovgarden/Application/Common/Common/function.php 第 109 行.
NOTIC: [8] Undefined index: image_url /application/nginx-1.12.2/html/lovgarden_site/lovgarden/Application/Common/Common/function.php 第 109 行.
NOTIC: [2] in_array() expects parameter 2 to be array, null given /application/nginx-1.12.2/html/lovgarden_site/lovgarden/Application/Common/Common/function.php 第 109 行.
NOTIC: [8] Undefined index: flower_home_id /application/nginx-1.12.2/html/lovgarden_site/lovgarden/Application/Common/Common/function.php 第 109 行.
NOTIC: [2] in_array() expects parameter 2 to be array, null given /application/nginx-1.12.2/html/lovgarden_site/lovgarden/Application/Common/Common/function.php 第 109 行.
NOTIC: [8] Undefined index: image_url /application/nginx-1.12.2/html/lovgarden_site/lovgarden/Application/Common/Common/function.php 第 109 行.
NOTIC: [2] in_array() expects parameter 2 to be array, null given /application/nginx-1.12.2/html/lovgarden_site/lovgarden/Application/Common/Common/function.php 第 109 行.
NOTIC: [8] Undefined index: flower_home_id /application/nginx-1.12.2/html/lovgarden_site/lovgarden/Application/Common/Common/function.php 第 109 行.
NOTIC: [2] in_array() expects parameter 2 to be array, null given /application/nginx-1.12.2/html/lovgarden_site/lovgarden/Application/Common/Common/function.php 第 109 行.
INFO: [ view_parse ] --START--
INFO: [ template_filter ] --START--
INFO: Run Behavior\ContentReplaceBehavior [ RunTime:0.000193s ]
INFO: [ template_filter ] --END-- [ RunTime:0.000219s ]
INFO: Run Behavior\ParseTemplateBehavior [ RunTime:0.004035s ]
INFO: [ view_parse ] --END-- [ RunTime:0.004057s ]
INFO: [ view_filter ] --START--
INFO: Run Behavior\WriteHtmlCacheBehavior [ RunTime:0.000024s ]
INFO: [ view_filter ] --END-- [ RunTime:0.000035s ]

[ 2018-05-01T13:20:15+08:00 ] 124.160.219.86 /user/get_user_status
INFO: [ app_init ] --START--
INFO: Run Behavior\BuildLiteBehavior [ RunTime:0.000009s ]
INFO: [ app_init ] --END-- [ RunTime:0.000050s ]
INFO: [ app_begin ] --START--
INFO: Run Behavior\ReadHtmlCacheBehavior [ RunTime:0.000032s ]
INFO: [ app_begin ] --END-- [ RunTime:0.000049s ]
INFO: [ app_end ] --START--
INFO: Run Behavior\ShowPageTraceBehavior [ RunTime:0.000014s ]
INFO: [ app_end ] --END-- [ RunTime:0.000026s ]

[ 2018-05-01T13:20:15+08:00 ] 124.160.219.86 /user/get_cart_info
INFO: [ app_init ] --START--
INFO: Run Behavior\BuildLiteBehavior [ RunTime:0.000007s ]
INFO: [ app_init ] --END-- [ RunTime:0.000050s ]
INFO: [ app_begin ] --START--
INFO: Run Behavior\ReadHtmlCacheBehavior [ RunTime:0.000017s ]
INFO: [ app_begin ] --END-- [ RunTime:0.000032s ]
INFO: [ app_end ] --START--
INFO: Run Behavior\ShowPageTraceBehavior [ RunTime:0.000013s ]
INFO: [ app_end ] --END-- [ RunTime:0.000027s ]

[ 2018-05-01T13:20:15+08:00 ] 124.160.219.86 /cart/ajax_get_cart_items
INFO: [ app_init ] --START--
INFO: Run Behavior\BuildLiteBehavior [ RunTime:0.000004s ]
INFO: [ app_init ] --END-- [ RunTime:0.000030s ]
INFO: [ app_begin ] --START--
INFO: Run Behavior\ReadHtmlCacheBehavior [ RunTime:0.000015s ]
INFO: [ app_begin ] --END-- [ RunTime:0.000030s ]
INFO: [ app_end ] --START--
INFO: Run Behavior\ShowPageTraceBehavior [ RunTime:0.000012s ]
INFO: [ app_end ] --END-- [ RunTime:0.000024s ]

[ 2018-05-01T13:20:27+08:00 ] 124.160.219.86 /product/ajax_add_to_cart
INFO: [ app_init ] --START--
INFO: Run Behavior\BuildLiteBehavior [ RunTime:0.000008s ]
INFO: [ app_init ] --END-- [ RunTime:0.000056s ]
INFO: [ app_begin ] --START--
INFO: Run Behavior\ReadHtmlCacheBehavior [ RunTime:0.000018s ]
INFO: [ app_begin ] --END-- [ RunTime:0.000034s ]
NOTIC: [2] Declaration of Home\Controller\ProductController::show($sku_id) should be compatible with Think\Controller::show($content, $charset = '', $contentType = '', $prefix = '') /application/nginx-1.12.2/html/lovgarden_site/lovgarden/Application/Home/Controller/ProductController.class.php 第 0 行.
INFO: [ app_end ] --START--
INFO: Run Behavior\ShowPageTraceBehavior [ RunTime:0.000068s ]
INFO: [ app_end ] --END-- [ RunTime:0.000120s ]

[ 2018-05-01T13:20:32+08:00 ] 124.160.219.86 /user/login
INFO: [ app_init ] --START--
INFO: Run Behavior\BuildLiteBehavior [ RunTime:0.000009s ]
INFO: [ app_init ] --END-- [ RunTime:0.000052s ]
INFO: [ app_begin ] --START--
INFO: Run Behavior\ReadHtmlCacheBehavior [ RunTime:0.000027s ]
INFO: [ app_begin ] --END-- [ RunTime:0.000060s ]
INFO: [ view_parse ] --START--
INFO: [ template_filter ] --START--
INFO: Run Behavior\ContentReplaceBehavior [ RunTime:0.000119s ]
INFO: [ template_filter ] --END-- [ RunTime:0.000146s ]
NOTIC: [8] Undefined variable: user_telephone /application/nginx-1.12.2/html/lovgarden_site/lovgarden/Application/Runtime/Cache/Home/5c9ee6d19cd41add49f97afe3aef0b25.php 第 233 行.
INFO: Run Behavior\ParseTemplateBehavior [ RunTime:0.002845s ]
INFO: [ view_parse ] --END-- [ RunTime:0.002863s ]
INFO: [ view_filter ] --START--
INFO: Run Behavior\WriteHtmlCacheBehavior [ RunTime:0.000024s ]
INFO: [ view_filter ] --END-- [ RunTime:0.000035s ]
INFO: [ app_end ] --START--
INFO: Run Behavior\ShowPageTraceBehavior [ RunTime:0.000023s ]
INFO: [ app_end ] --END-- [ RunTime:0.000041s ]

[ 2018-05-01T13:20:32+08:00 ] 124.160.219.86 /user/get_user_status
INFO: [ app_init ] --START--
INFO: Run Behavior\BuildLiteBehavior [ RunTime:0.000008s ]
INFO: [ app_init ] --END-- [ RunTime:0.000063s ]
INFO: [ app_begin ] --START--
INFO: Run Behavior\ReadHtmlCacheBehavior [ RunTime:0.000030s ]
INFO: [ app_begin ] --END-- [ RunTime:0.000048s ]
INFO: [ app_end ] --START--
INFO: Run Behavior\ShowPageTraceBehavior [ RunTime:0.000017s ]
INFO: [ app_end ] --END-- [ RunTime:0.000031s ]

[ 2018-05-01T13:20:32+08:00 ] 124.160.219.86 /user/get_cart_info
INFO: [ app_init ] --START--
INFO: Run Behavior\BuildLiteBehavior [ RunTime:0.000007s ]
INFO: [ app_init ] --END-- [ RunTime:0.000041s ]
INFO: [ app_begin ] --START--
INFO: Run Behavior\ReadHtmlCacheBehavior [ RunTime:0.000017s ]
INFO: [ app_begin ] --END-- [ RunTime:0.000033s ]
INFO: [ app_end ] --START--
INFO: Run Behavior\ShowPageTraceBehavior [ RunTime:0.000015s ]
INFO: [ app_end ] --END-- [ RunTime:0.000030s ]

[ 2018-05-01T13:25:42+08:00 ] 178.63.110.18 /Dockerfile
INFO: [ app_init ] --START--
INFO: Run Behavior\BuildLiteBehavior [ RunTime:0.000012s ]
INFO: [ app_init ] --END-- [ RunTime:0.000080s ]
INFO: [ app_begin ] --START--
INFO: Run Behavior\ReadHtmlCacheBehavior [ RunTime:0.000025s ]
INFO: [ app_begin ] --END-- [ RunTime:0.000043s ]
ERR: 无法加载控制器:Dockerfile

[ 2018-05-01T13:33:09+08:00 ] 106.11.226.16 /
INFO: [ app_init ] --START--
INFO: Run Behavior\BuildLiteBehavior [ RunTime:0.000009s ]
INFO: [ app_init ] --END-- [ RunTime:0.000058s ]
INFO: [ app_begin ] --START--
INFO: Run Behavior\ReadHtmlCacheBehavior [ RunTime:0.000035s ]
INFO: [ app_begin ] --END-- [ RunTime:0.000058s ]
SQL: SHOW COLUMNS FROM `lovgarden_block` [ RunTime:0.0005s ]
SQL: SELECT image_pc,image_mobile,block_title,block_body,block_link_title,block_link,page_link FROM lovgarden_block WHERE page_link = 'front' ORDER BY block_order ASC; [ RunTime:0.0001s ]
INFO: [ view_parse ] --START--
INFO: [ template_filter ] --START--
INFO: Run Behavior\ContentReplaceBehavior [ RunTime:0.000123s ]
INFO: [ template_filter ] --END-- [ RunTime:0.000289s ]
INFO: Run Behavior\ParseTemplateBehavior [ RunTime:0.003780s ]
INFO: [ view_parse ] --END-- [ RunTime:0.003802s ]
INFO: [ view_filter ] --START--
INFO: Run Behavior\WriteHtmlCacheBehavior [ RunTime:0.000031s ]
INFO: [ view_filter ] --END-- [ RunTime:0.000041s ]
INFO: [ app_end ] --START--
INFO: Run Behavior\ShowPageTraceBehavior [ RunTime:0.000029s ]
INFO: [ app_end ] --END-- [ RunTime:0.000047s ]

[ 2018-05-01T13:44:03+08:00 ] 178.63.110.18 /.env
INFO: [ app_init ] --START--
INFO: Run Behavior\BuildLiteBehavior [ RunTime:0.000009s ]
INFO: [ app_init ] --END-- [ RunTime:0.000058s ]
INFO: [ app_begin ] --START--
INFO: Run Behavior\ReadHtmlCacheBehavior [ RunTime:0.000025s ]
INFO: [ app_begin ] --END-- [ RunTime:0.000043s ]
ERR: 无法加载控制器:.env

[ 2018-05-01T16:21:51+08:00 ] 59.110.6.177 /
INFO: [ app_init ] --START--
INFO: Run Behavior\BuildLiteBehavior [ RunTime:0.000009s ]
INFO: [ app_init ] --END-- [ RunTime:0.000058s ]
INFO: [ app_begin ] --START--
INFO: Run Behavior\ReadHtmlCacheBehavior [ RunTime:0.000034s ]
INFO: [ app_begin ] --END-- [ RunTime:0.000051s ]
SQL: SHOW COLUMNS FROM `lovgarden_block` [ RunTime:0.0005s ]
SQL: SELECT image_pc,image_mobile,block_title,block_body,block_link_title,block_link,page_link FROM lovgarden_block WHERE page_link = 'front' ORDER BY block_order ASC; [ RunTime:0.0001s ]
INFO: [ view_parse ] --START--
INFO: [ template_filter ] --START--
INFO: Run Behavior\ContentReplaceBehavior [ RunTime:0.000119s ]
INFO: [ template_filter ] --END-- [ RunTime:0.000143s ]
INFO: Run Behavior\ParseTemplateBehavior [ RunTime:0.003718s ]
INFO: [ view_parse ] --END-- [ RunTime:0.003742s ]
INFO: [ view_filter ] --START--
INFO: Run Behavior\WriteHtmlCacheBehavior [ RunTime:0.000031s ]
INFO: [ view_filter ] --END-- [ RunTime:0.000041s ]
INFO: [ app_end ] --START--
INFO: Run Behavior\ShowPageTraceBehavior [ RunTime:0.000031s ]
INFO: [ app_end ] --END-- [ RunTime:0.000049s ]

[ 2018-05-01T17:06:04+08:00 ] 42.189.48.255 /
INFO: [ app_init ] --START--
INFO: Run Behavior\BuildLiteBehavior [ RunTime:0.000009s ]
INFO: [ app_init ] --END-- [ RunTime:0.000055s ]
INFO: [ app_begin ] --START--
INFO: Run Behavior\ReadHtmlCacheBehavior [ RunTime:0.000025s ]
INFO: [ app_begin ] --END-- [ RunTime:0.000041s ]
SQL: SHOW COLUMNS FROM `lovgarden_block` [ RunTime:0.0005s ]
SQL: SELECT image_pc,image_mobile,block_title,block_body,block_link_title,block_link,page_link FROM lovgarden_block WHERE page_link = 'front' ORDER BY block_order ASC; [ RunTime:0.0001s ]
INFO: [ view_parse ] --START--
INFO: [ template_filter ] --START--
INFO: Run Behavior\ContentReplaceBehavior [ RunTime:0.000119s ]
INFO: [ template_filter ] --END-- [ RunTime:0.000144s ]
INFO: Run Behavior\ParseTemplateBehavior [ RunTime:0.003612s ]
INFO: [ view_parse ] --END-- [ RunTime:0.003635s ]
INFO: [ view_filter ] --START--
INFO: Run Behavior\WriteHtmlCacheBehavior [ RunTime:0.000031s ]
INFO: [ view_filter ] --END-- [ RunTime:0.000042s ]
INFO: [ app_end ] --START--
INFO: Run Behavior\ShowPageTraceBehavior [ RunTime:0.000029s ]
INFO: [ app_end ] --END-- [ RunTime:0.000047s ]

[ 2018-05-01T18:34:12+08:00 ] 107.170.228.78 /
INFO: [ app_init ] --START--
INFO: Run Behavior\BuildLiteBehavior [ RunTime:0.000008s ]
INFO: [ app_init ] --END-- [ RunTime:0.000059s ]
INFO: [ app_begin ] --START--
INFO: Run Behavior\ReadHtmlCacheBehavior [ RunTime:0.000023s ]
INFO: [ app_begin ] --END-- [ RunTime:0.000039s ]
SQL: SHOW COLUMNS FROM `lovgarden_block` [ RunTime:0.0005s ]
SQL: SELECT image_pc,image_mobile,block_title,block_body,block_link_title,block_link,page_link FROM lovgarden_block WHERE page_link = 'front' ORDER BY block_order ASC; [ RunTime:0.0001s ]
INFO: [ view_parse ] --START--
INFO: [ template_filter ] --START--
INFO: Run Behavior\ContentReplaceBehavior [ RunTime:0.000119s ]
INFO: [ template_filter ] --END-- [ RunTime:0.000141s ]
INFO: Run Behavior\ParseTemplateBehavior [ RunTime:0.003582s ]
INFO: [ view_parse ] --END-- [ RunTime:0.003605s ]
INFO: [ view_filter ] --START--
INFO: Run Behavior\WriteHtmlCacheBehavior [ RunTime:0.000031s ]
INFO: [ view_filter ] --END-- [ RunTime:0.000044s ]
INFO: [ app_end ] --START--
INFO: Run Behavior\ShowPageTraceBehavior [ RunTime:0.000032s ]
INFO: [ app_end ] --END-- [ RunTime:0.000050s ]

[ 2018-05-01T19:32:30+08:00 ] 164.52.24.140 /
INFO: [ app_init ] --START--
INFO: Run Behavior\BuildLiteBehavior [ RunTime:0.000013s ]
INFO: [ app_init ] --END-- [ RunTime:0.000079s ]
INFO: [ app_begin ] --START--
INFO: Run Behavior\ReadHtmlCacheBehavior [ RunTime:0.000026s ]
INFO: [ app_begin ] --END-- [ RunTime:0.000044s ]
SQL: SHOW COLUMNS FROM `lovgarden_block` [ RunTime:0.0006s ]
SQL: SELECT image_pc,image_mobile,block_title,block_body,block_link_title,block_link,page_link FROM lovgarden_block WHERE page_link = 'front' ORDER BY block_order ASC; [ RunTime:0.0001s ]
INFO: [ view_parse ] --START--
INFO: [ template_filter ] --START--
INFO: Run Behavior\ContentReplaceBehavior [ RunTime:0.000138s ]
INFO: [ template_filter ] --END-- [ RunTime:0.000165s ]
INFO: Run Behavior\ParseTemplateBehavior [ RunTime:0.003928s ]
INFO: [ view_parse ] --END-- [ RunTime:0.003954s ]
INFO: [ view_filter ] --START--
INFO: Run Behavior\WriteHtmlCacheBehavior [ RunTime:0.000031s ]
INFO: [ view_filter ] --END-- [ RunTime:0.000045s ]
INFO: [ app_end ] --START--
INFO: Run Behavior\ShowPageTraceBehavior [ RunTime:0.000042s ]
INFO: [ app_end ] --END-- [ RunTime:0.000067s ]

[ 2018-05-01T19:37:34+08:00 ] 104.236.5.37 /
INFO: [ app_init ] --START--
INFO: Run Behavior\BuildLiteBehavior [ RunTime:0.000009s ]
INFO: [ app_init ] --END-- [ RunTime:0.000059s ]
INFO: [ app_begin ] --START--
INFO: Run Behavior\ReadHtmlCacheBehavior [ RunTime:0.000023s ]
INFO: [ app_begin ] --END-- [ RunTime:0.000038s ]
SQL: SHOW COLUMNS FROM `lovgarden_block` [ RunTime:0.0011s ]
SQL: SELECT image_pc,image_mobile,block_title,block_body,block_link_title,block_link,page_link FROM lovgarden_block WHERE page_link = 'front' ORDER BY block_order ASC; [ RunTime:0.0001s ]
INFO: [ view_parse ] --START--
INFO: [ template_filter ] --START--
INFO: Run Behavior\ContentReplaceBehavior [ RunTime:0.000119s ]
INFO: [ template_filter ] --END-- [ RunTime:0.000143s ]
INFO: Run Behavior\ParseTemplateBehavior [ RunTime:0.003664s ]
INFO: [ view_parse ] --END-- [ RunTime:0.003687s ]
INFO: [ view_filter ] --START--
INFO: Run Behavior\WriteHtmlCacheBehavior [ RunTime:0.000031s ]
INFO: [ view_filter ] --END-- [ RunTime:0.000043s ]
INFO: [ app_end ] --START--
INFO: Run Behavior\ShowPageTraceBehavior [ RunTime:0.000031s ]
INFO: [ app_end ] --END-- [ RunTime:0.000049s ]

[ 2018-05-01T21:45:50+08:00 ] 31.184.193.154 /
INFO: [ app_init ] --START--
INFO: Run Behavior\BuildLiteBehavior [ RunTime:0.000010s ]
INFO: [ app_init ] --END-- [ RunTime:0.000073s ]
INFO: [ app_begin ] --START--
INFO: Run Behavior\ReadHtmlCacheBehavior [ RunTime:0.000023s ]
INFO: [ app_begin ] --END-- [ RunTime:0.000039s ]
SQL: SHOW COLUMNS FROM `lovgarden_block` [ RunTime:0.0005s ]
SQL: SELECT image_pc,image_mobile,block_title,block_body,block_link_title,block_link,page_link FROM lovgarden_block WHERE page_link = 'front' ORDER BY block_order ASC; [ RunTime:0.0001s ]
INFO: [ view_parse ] --START--
INFO: [ template_filter ] --START--
INFO: Run Behavior\ContentReplaceBehavior [ RunTime:0.000120s ]
INFO: [ template_filter ] --END-- [ RunTime:0.000144s ]
INFO: Run Behavior\ParseTemplateBehavior [ RunTime:0.003716s ]
INFO: [ view_parse ] --END-- [ RunTime:0.003740s ]
INFO: [ view_filter ] --START--
INFO: Run Behavior\WriteHtmlCacheBehavior [ RunTime:0.000033s ]
INFO: [ view_filter ] --END-- [ RunTime:0.000044s ]
INFO: [ app_end ] --START--
INFO: Run Behavior\ShowPageTraceBehavior [ RunTime:0.000031s ]
INFO: [ app_end ] --END-- [ RunTime:0.000049s ]

