[ 2018-05-21T01:43:29+08:00 ] 140.205.205.25 /
INFO: [ app_init ] --START--
INFO: Run Behavior\BuildLiteBehavior [ RunTime:0.000013s ]
INFO: [ app_init ] --END-- [ RunTime:0.000097s ]
INFO: [ app_begin ] --START--
INFO: Run Behavior\ReadHtmlCacheBehavior [ RunTime:0.000036s ]
INFO: [ app_begin ] --END-- [ RunTime:0.000061s ]
SQL: SHOW COLUMNS FROM `lovgarden_block` [ RunTime:0.0007s ]
SQL: SELECT image_pc,image_mobile,block_title,block_body,block_link_title,block_link,page_link FROM lovgarden_block WHERE page_link = 'front' ORDER BY block_order ASC; [ RunTime:0.0002s ]
INFO: [ view_parse ] --START--
INFO: [ template_filter ] --START--
INFO: Run Behavior\ContentReplaceBehavior [ RunTime:0.000132s ]
INFO: [ template_filter ] --END-- [ RunTime:0.000166s ]
INFO: Run Behavior\ParseTemplateBehavior [ RunTime:0.004418s ]
INFO: [ view_parse ] --END-- [ RunTime:0.004450s ]
INFO: [ view_filter ] --START--
INFO: Run Behavior\WriteHtmlCacheBehavior [ RunTime:0.000052s ]
INFO: [ view_filter ] --END-- [ RunTime:0.000073s ]
INFO: [ app_end ] --START--
INFO: Run Behavior\ShowPageTraceBehavior [ RunTime:0.000037s ]
INFO: [ app_end ] --END-- [ RunTime:0.000057s ]

[ 2018-05-21T03:26:24+08:00 ] 47.97.10.19 /
INFO: [ app_init ] --START--
INFO: Run Behavior\BuildLiteBehavior [ RunTime:0.000009s ]
INFO: [ app_init ] --END-- [ RunTime:0.000068s ]
INFO: [ app_begin ] --START--
INFO: Run Behavior\ReadHtmlCacheBehavior [ RunTime:0.000024s ]
INFO: [ app_begin ] --END-- [ RunTime:0.000039s ]
SQL: SHOW COLUMNS FROM `lovgarden_block` [ RunTime:0.0005s ]
SQL: SELECT image_pc,image_mobile,block_title,block_body,block_link_title,block_link,page_link FROM lovgarden_block WHERE page_link = 'front' ORDER BY block_order ASC; [ RunTime:0.0001s ]
INFO: [ view_parse ] --START--
INFO: [ template_filter ] --START--
INFO: Run Behavior\ContentReplaceBehavior [ RunTime:0.000118s ]
INFO: [ template_filter ] --END-- [ RunTime:0.000139s ]
INFO: Run Behavior\ParseTemplateBehavior [ RunTime:0.003578s ]
INFO: [ view_parse ] --END-- [ RunTime:0.003601s ]
INFO: [ view_filter ] --START--
INFO: Run Behavior\WriteHtmlCacheBehavior [ RunTime:0.000030s ]
INFO: [ view_filter ] --END-- [ RunTime:0.000042s ]
INFO: [ app_end ] --START--
INFO: Run Behavior\ShowPageTraceBehavior [ RunTime:0.000030s ]
INFO: [ app_end ] --END-- [ RunTime:0.000047s ]

[ 2018-05-21T03:47:52+08:00 ] 202.108.211.56 /
INFO: [ app_init ] --START--
INFO: Run Behavior\BuildLiteBehavior [ RunTime:0.000008s ]
INFO: [ app_init ] --END-- [ RunTime:0.000057s ]
INFO: [ app_begin ] --START--
INFO: Run Behavior\ReadHtmlCacheBehavior [ RunTime:0.000023s ]
INFO: [ app_begin ] --END-- [ RunTime:0.000038s ]
SQL: SHOW COLUMNS FROM `lovgarden_block` [ RunTime:0.0005s ]
SQL: SELECT image_pc,image_mobile,block_title,block_body,block_link_title,block_link,page_link FROM lovgarden_block WHERE page_link = 'front' ORDER BY block_order ASC; [ RunTime:0.0001s ]
INFO: [ view_parse ] --START--
INFO: [ template_filter ] --START--
INFO: Run Behavior\ContentReplaceBehavior [ RunTime:0.000125s ]
INFO: [ template_filter ] --END-- [ RunTime:0.000147s ]
INFO: Run Behavior\ParseTemplateBehavior [ RunTime:0.003570s ]
INFO: [ view_parse ] --END-- [ RunTime:0.003593s ]
INFO: [ view_filter ] --START--
INFO: Run Behavior\WriteHtmlCacheBehavior [ RunTime:0.000030s ]
INFO: [ view_filter ] --END-- [ RunTime:0.000040s ]
INFO: [ app_end ] --START--
INFO: Run Behavior\ShowPageTraceBehavior [ RunTime:0.000030s ]
INFO: [ app_end ] --END-- [ RunTime:0.000047s ]

[ 2018-05-21T07:37:41+08:00 ] 140.205.205.23 /
INFO: [ app_init ] --START--
INFO: Run Behavior\BuildLiteBehavior [ RunTime:0.000008s ]
INFO: [ app_init ] --END-- [ RunTime:0.000056s ]
INFO: [ app_begin ] --START--
INFO: Run Behavior\ReadHtmlCacheBehavior [ RunTime:0.000025s ]
INFO: [ app_begin ] --END-- [ RunTime:0.000041s ]
SQL: SHOW COLUMNS FROM `lovgarden_block` [ RunTime:0.0006s ]
SQL: SELECT image_pc,image_mobile,block_title,block_body,block_link_title,block_link,page_link FROM lovgarden_block WHERE page_link = 'front' ORDER BY block_order ASC; [ RunTime:0.0001s ]
INFO: [ view_parse ] --START--
INFO: [ template_filter ] --START--
INFO: Run Behavior\ContentReplaceBehavior [ RunTime:0.000120s ]
INFO: [ template_filter ] --END-- [ RunTime:0.000145s ]
INFO: Run Behavior\ParseTemplateBehavior [ RunTime:0.003825s ]
INFO: [ view_parse ] --END-- [ RunTime:0.003850s ]
INFO: [ view_filter ] --START--
INFO: Run Behavior\WriteHtmlCacheBehavior [ RunTime:0.000032s ]
INFO: [ view_filter ] --END-- [ RunTime:0.000043s ]
INFO: [ app_end ] --START--
INFO: Run Behavior\ShowPageTraceBehavior [ RunTime:0.000031s ]
INFO: [ app_end ] --END-- [ RunTime:0.000050s ]

[ 2018-05-21T07:37:41+08:00 ] 140.205.205.23 /www.baidu.com
INFO: [ app_init ] --START--
INFO: Run Behavior\BuildLiteBehavior [ RunTime:0.000008s ]
INFO: [ app_init ] --END-- [ RunTime:0.000050s ]
INFO: [ app_begin ] --START--
INFO: Run Behavior\ReadHtmlCacheBehavior [ RunTime:0.000043s ]
INFO: [ app_begin ] --END-- [ RunTime:0.000062s ]
ERR: 无法加载控制器:Www.baidu.com

[ 2018-05-21T07:37:41+08:00 ] 140.205.205.23 /link/more
INFO: [ app_init ] --START--
INFO: Run Behavior\BuildLiteBehavior [ RunTime:0.000006s ]
INFO: [ app_init ] --END-- [ RunTime:0.000035s ]
INFO: [ app_begin ] --START--
INFO: Run Behavior\ReadHtmlCacheBehavior [ RunTime:0.000017s ]
INFO: [ app_begin ] --END-- [ RunTime:0.000033s ]
ERR: 无法加载控制器:Link

[ 2018-05-21T07:37:41+08:00 ] 140.205.205.25 /article/faq/id/32
INFO: [ app_init ] --START--
INFO: Run Behavior\BuildLiteBehavior [ RunTime:0.000006s ]
INFO: [ app_init ] --END-- [ RunTime:0.000030s ]
INFO: [ app_begin ] --START--
INFO: Run Behavior\ReadHtmlCacheBehavior [ RunTime:0.000015s ]
INFO: [ app_begin ] --END-- [ RunTime:0.000030s ]
SQL: SHOW COLUMNS FROM `lovgarden_article` [ RunTime:0.0004s ]
SQL: SELECT `id`,`article_title`,`article_summary`,`article_body`,`article_category`,`banner_image` FROM `lovgarden_article` WHERE `article_publish` = 1 AND `article_category` = 7  [ RunTime:0.0001s ]
INFO: [ view_parse ] --START--
INFO: [ template_filter ] --START--
INFO: Run Behavior\ContentReplaceBehavior [ RunTime:0.000677s ]
INFO: [ template_filter ] --END-- [ RunTime:0.000709s ]
INFO: Run Behavior\ParseTemplateBehavior [ RunTime:0.005324s ]
INFO: [ view_parse ] --END-- [ RunTime:0.005348s ]
INFO: [ view_filter ] --START--
INFO: Run Behavior\WriteHtmlCacheBehavior [ RunTime:0.000022s ]
INFO: [ view_filter ] --END-- [ RunTime:0.000033s ]

[ 2018-05-21T07:37:41+08:00 ] 140.205.205.25 /user/login
INFO: [ app_init ] --START--
INFO: Run Behavior\BuildLiteBehavior [ RunTime:0.000005s ]
INFO: [ app_init ] --END-- [ RunTime:0.000033s ]
INFO: [ app_begin ] --START--
INFO: Run Behavior\ReadHtmlCacheBehavior [ RunTime:0.000015s ]
INFO: [ app_begin ] --END-- [ RunTime:0.000046s ]
INFO: [ view_parse ] --START--
INFO: [ template_filter ] --START--
INFO: Run Behavior\ContentReplaceBehavior [ RunTime:0.000109s ]
INFO: [ template_filter ] --END-- [ RunTime:0.000133s ]
NOTIC: [8] Undefined variable: user_telephone /application/nginx-1.12.2/html/lovgarden_site/lovgarden/Application/Runtime/Cache/Home/5c9ee6d19cd41add49f97afe3aef0b25.php 第 233 行.
INFO: Run Behavior\ParseTemplateBehavior [ RunTime:0.003356s ]
INFO: [ view_parse ] --END-- [ RunTime:0.003373s ]
INFO: [ view_filter ] --START--
INFO: Run Behavior\WriteHtmlCacheBehavior [ RunTime:0.000020s ]
INFO: [ view_filter ] --END-- [ RunTime:0.000031s ]
INFO: [ app_end ] --START--
INFO: Run Behavior\ShowPageTraceBehavior [ RunTime:0.000025s ]
INFO: [ app_end ] --END-- [ RunTime:0.000062s ]

[ 2018-05-21T07:37:41+08:00 ] 140.205.205.23 /article/helpcenter
INFO: [ app_init ] --START--
INFO: Run Behavior\BuildLiteBehavior [ RunTime:0.000005s ]
INFO: [ app_init ] --END-- [ RunTime:0.000030s ]
INFO: [ app_begin ] --START--
INFO: Run Behavior\ReadHtmlCacheBehavior [ RunTime:0.000024s ]
INFO: [ app_begin ] --END-- [ RunTime:0.003063s ]
INFO: [ view_parse ] --START--
INFO: [ template_filter ] --START--
INFO: Run Behavior\ContentReplaceBehavior [ RunTime:0.000091s ]
INFO: [ template_filter ] --END-- [ RunTime:0.000113s ]
INFO: Run Behavior\ParseTemplateBehavior [ RunTime:0.002594s ]
INFO: [ view_parse ] --END-- [ RunTime:0.002615s ]
INFO: [ view_filter ] --START--
INFO: Run Behavior\WriteHtmlCacheBehavior [ RunTime:0.000020s ]
INFO: [ view_filter ] --END-- [ RunTime:0.000030s ]
INFO: [ app_end ] --START--
INFO: Run Behavior\ShowPageTraceBehavior [ RunTime:0.000022s ]
INFO: [ app_end ] --END-- [ RunTime:0.000044s ]

[ 2018-05-21T07:37:41+08:00 ] 140.205.205.25 /
INFO: [ app_init ] --START--
INFO: Run Behavior\BuildLiteBehavior [ RunTime:0.000005s ]
INFO: [ app_init ] --END-- [ RunTime:0.000031s ]
INFO: [ app_begin ] --START--
INFO: Run Behavior\ReadHtmlCacheBehavior [ RunTime:0.000014s ]
INFO: [ app_begin ] --END-- [ RunTime:0.000028s ]
SQL: SHOW COLUMNS FROM `lovgarden_block` [ RunTime:0.0005s ]
SQL: SELECT image_pc,image_mobile,block_title,block_body,block_link_title,block_link,page_link FROM lovgarden_block WHERE page_link = 'front' ORDER BY block_order ASC; [ RunTime:0.0033s ]
INFO: [ view_parse ] --START--
INFO: [ template_filter ] --START--
INFO: Run Behavior\ContentReplaceBehavior [ RunTime:0.000116s ]
INFO: [ template_filter ] --END-- [ RunTime:0.000139s ]
INFO: Run Behavior\ParseTemplateBehavior [ RunTime:0.004256s ]
INFO: [ view_parse ] --END-- [ RunTime:0.004279s ]
INFO: [ view_filter ] --START--
INFO: Run Behavior\WriteHtmlCacheBehavior [ RunTime:0.000022s ]
INFO: [ view_filter ] --END-- [ RunTime:0.000033s ]
INFO: [ app_end ] --START--
INFO: Run Behavior\ShowPageTraceBehavior [ RunTime:0.000035s ]
INFO: [ app_end ] --END-- [ RunTime:0.000054s ]

[ 2018-05-21T07:37:41+08:00 ] 140.205.205.25 /article/faq/id/28
INFO: [ app_init ] --START--
INFO: Run Behavior\BuildLiteBehavior [ RunTime:0.000006s ]
INFO: [ app_init ] --END-- [ RunTime:0.000050s ]
INFO: [ app_begin ] --START--
INFO: Run Behavior\ReadHtmlCacheBehavior [ RunTime:0.000017s ]
INFO: [ app_begin ] --END-- [ RunTime:0.000031s ]
SQL: SHOW COLUMNS FROM `lovgarden_article` [ RunTime:0.0032s ]
SQL: SELECT `id`,`article_title`,`article_summary`,`article_body`,`article_category`,`banner_image` FROM `lovgarden_article` WHERE `article_publish` = 1 AND `article_category` = 7  [ RunTime:0.0001s ]
INFO: [ view_parse ] --START--
INFO: [ template_filter ] --START--
INFO: Run Behavior\ContentReplaceBehavior [ RunTime:0.000080s ]
INFO: [ template_filter ] --END-- [ RunTime:0.000102s ]
INFO: Run Behavior\ParseTemplateBehavior [ RunTime:0.002352s ]
INFO: [ view_parse ] --END-- [ RunTime:0.002375s ]
INFO: [ view_filter ] --START--
INFO: Run Behavior\WriteHtmlCacheBehavior [ RunTime:0.000021s ]
INFO: [ view_filter ] --END-- [ RunTime:0.000031s ]

[ 2018-05-21T07:37:41+08:00 ] 140.205.205.25 /user/register
INFO: [ app_init ] --START--
INFO: Run Behavior\BuildLiteBehavior [ RunTime:0.000005s ]
INFO: [ app_init ] --END-- [ RunTime:0.000030s ]
INFO: [ app_begin ] --START--
INFO: Run Behavior\ReadHtmlCacheBehavior [ RunTime:0.000015s ]
INFO: [ app_begin ] --END-- [ RunTime:0.000029s ]
INFO: [ view_parse ] --START--
INFO: [ template_filter ] --START--
INFO: Run Behavior\ContentReplaceBehavior [ RunTime:0.000110s ]
INFO: [ template_filter ] --END-- [ RunTime:0.000144s ]
NOTIC: [8] Undefined variable: error_message /application/nginx-1.12.2/html/lovgarden_site/lovgarden/Application/Runtime/Cache/Home/3359adbadf95118621a5c500fb3ff893.php 第 227 行.
INFO: Run Behavior\ParseTemplateBehavior [ RunTime:0.003908s ]
INFO: [ view_parse ] --END-- [ RunTime:0.003923s ]
INFO: [ view_filter ] --START--
INFO: Run Behavior\WriteHtmlCacheBehavior [ RunTime:0.000021s ]
INFO: [ view_filter ] --END-- [ RunTime:0.000030s ]
INFO: [ app_end ] --START--
INFO: Run Behavior\ShowPageTraceBehavior [ RunTime:0.000023s ]
INFO: [ app_end ] --END-- [ RunTime:0.000044s ]

[ 2018-05-21T07:37:42+08:00 ] 140.205.205.23 /flowers/all
INFO: [ app_init ] --START--
INFO: Run Behavior\BuildLiteBehavior [ RunTime:0.000005s ]
INFO: [ app_init ] --END-- [ RunTime:0.000031s ]
INFO: [ app_begin ] --START--
INFO: Run Behavior\ReadHtmlCacheBehavior [ RunTime:0.000033s ]
INFO: [ app_begin ] --END-- [ RunTime:0.000052s ]
ERR: 无法加载控制器:Flowers

[ 2018-05-21T07:37:42+08:00 ] 140.205.205.23 /product/select_list
INFO: [ app_init ] --START--
INFO: Run Behavior\BuildLiteBehavior [ RunTime:0.000007s ]
INFO: [ app_init ] --END-- [ RunTime:0.000070s ]
INFO: [ app_begin ] --START--
INFO: Run Behavior\ReadHtmlCacheBehavior [ RunTime:0.000020s ]
INFO: [ app_begin ] --END-- [ RunTime:0.000039s ]
NOTIC: [2] Declaration of Home\Controller\ProductController::show($sku_id) should be compatible with Think\Controller::show($content, $charset = '', $contentType = '', $prefix = '') /application/nginx-1.12.2/html/lovgarden_site/lovgarden/Application/Home/Controller/ProductController.class.php 第 0 行.
SQL: SELECT image_pc,block_title,block_body,block_link_title FROM lovgarden_block WHERE page_link = "/product/select_list" [ RunTime:0.0001s ]
NOTIC: [2] Declaration of Admin\Model\ProductVarientModel::_before_insert($data, $option) should be compatible with Think\Model::_before_insert(&$data, $options) /application/nginx-1.12.2/html/lovgarden_site/lovgarden/Application/Admin/Model/ProductVarientModel.class.php 第 0 行.
SQL: SHOW COLUMNS FROM `lovgarden_product_varient` [ RunTime:0.0005s ]
SQL: SELECT product.id,product.sku_id,product.varient_name,product.varient_summary,product.varient_price,images.`image_url`,hurrylevelid.hurry_level_id,hurrylevel.hurry_level,flowertypeid.flower_type_id,flowertype.flower_name,floweroccasionid.flower_occasion_id,floweroccasion.flower_occasion,flowercolorid.flower_color_id,flowercolor.flower_color FROM lovgarden_product_varient product LEFT JOIN lovgarden_product_varient_images AS images ON product.id = images.product_varient_id LEFT JOIN lovgarden_product_varient_hurry_level AS hurrylevelid ON product.id = hurrylevelid.product_varient_id LEFT JOIN lovgarden_hurry_level AS hurrylevel ON hurrylevelid.hurry_level_id = hurrylevel.id LEFT JOIN lovgarden_product_varient_flower_type AS flowertypeid ON product.id = flowertypeid.product_varient_id LEFT JOIN lovgarden_flower_type AS flowertype ON flowertypeid.flower_type_id = flowertype.id LEFT JOIN lovgarden_product_varient_flower_occasion AS floweroccasionid ON product.id = floweroccasionid.product_varient_id LEFT JOIN lovgarden_flower_occasion AS floweroccasion ON floweroccasionid.flower_occasion_id = floweroccasion.id LEFT JOIN lovgarden_product_varient_flower_color AS flowercolorid ON product.id = flowercolorid.product_varient_id LEFT JOIN lovgarden_flower_color AS flowercolor ON flowercolorid.flower_color_id = flowercolor.id  WHERE product.varient_status = '1' ORDER BY product.sku_id asc  [ RunTime:0.0318s ]
NOTIC: [8] Undefined index: image_url /application/nginx-1.12.2/html/lovgarden_site/lovgarden/Application/Common/Common/function.php 第 130 行.
NOTIC: [2] in_array() expects parameter 2 to be array, null given /application/nginx-1.12.2/html/lovgarden_site/lovgarden/Application/Common/Common/function.php 第 130 行.
NOTIC: [8] Undefined index: hurry_level_id /application/nginx-1.12.2/html/lovgarden_site/lovgarden/Application/Common/Common/function.php 第 130 行.
NOTIC: [2] in_array() expects parameter 2 to be array, null given /application/nginx-1.12.2/html/lovgarden_site/lovgarden/Application/Common/Common/function.php 第 130 行.
NOTIC: [8] Undefined index: hurry_level /application/nginx-1.12.2/html/lovgarden_site/lovgarden/Application/Common/Common/function.php 第 130 行.
NOTIC: [2] in_array() expects parameter 2 to be array, null given /application/nginx-1.12.2/html/lovgarden_site/lovgarden/Application/Common/Common/function.php 第 130 行.
NOTIC: [8] Undefined index: flower_type_id /application/nginx-1.12.2/html/lovgarden_site/lovgarden/Application/Common/Common/function.php 第 130 行.
NOTIC: [2] in_array() expects parameter 2 to be array, null given /application/nginx-1.12.2/html/lovgarden_site/lovgarden/Application/Common/Common/function.php 第 130 行.
NOTIC: [8] Undefined index: flower_name /application/nginx-1.12.2/html/lovgarden_site/lovgarden/Application/Common/Common/function.php 第 130 行.
NOTIC: [2] in_array() expects parameter 2 to be array, null given /application/nginx-1.12.2/html/lovgarden_site/lovgarden/Application/Common/Common/function.php 第 130 行.
NOTIC: [8] Undefined index: flower_occasion_id /application/nginx-1.12.2/html/lovgarden_site/lovgarden/Application/Common/Common/function.php 第 130 行.
NOTIC: [2] in_array() expects parameter 2 to be array, null given /application/nginx-1.12.2/html/lovgarden_site/lovgarden/Application/Common/Common/function.php 第 130 行.
NOTIC: [8] Undefined index: flower_occasion /application/nginx-1.12.2/html/lovgarden_site/lovgarden/Application/Common/Common/function.php 第 130 行.
NOTIC: [2] in_array() expects parameter 2 to be array, null given /application/nginx-1.12.2/html/lovgarden_site/lovgarden/Application/Common/Common/function.php 第 130 行.
NOTIC: [8] Undefined index: flower_color_id /application/nginx-1.12.2/html/lovgarden_site/lovgarden/Application/Common/Common/function.php 第 130 行.
NOTIC: [2] in_array() expects parameter 2 to be array, null given /application/nginx-1.12.2/html/lovgarden_site/lovgarden/Application/Common/Common/function.php 第 130 行.
NOTIC: [8] Undefined index: flower_color /application/nginx-1.12.2/html/lovgarden_site/lovgarden/Application/Common/Common/function.php 第 130 行.
NOTIC: [2] in_array() expects parameter 2 to be array, null given /application/nginx-1.12.2/html/lovgarden_site/lovgarden/Application/Common/Common/function.php 第 130 行.
NOTIC: [8] Undefined index: image_url /application/nginx-1.12.2/html/lovgarden_site/lovgarden/Application/Common/Common/function.php 第 130 行.
NOTIC: [2] in_array() expects parameter 2 to be array, null given /application/nginx-1.12.2/html/lovgarden_site/lovgarden/Application/Common/Common/function.php 第 130 行.
NOTIC: [8] Undefined index: hurry_level_id /application/nginx-1.12.2/html/lovgarden_site/lovgarden/Application/Common/Common/function.php 第 130 行.
NOTIC: [2] in_array() expects parameter 2 to be array, null given /application/nginx-1.12.2/html/lovgarden_site/lovgarden/Application/Common/Common/function.php 第 130 行.
NOTIC: [8] Undefined index: hurry_level /application/nginx-1.12.2/html/lovgarden_site/lovgarden/Application/Common/Common/function.php 第 130 行.
NOTIC: [2] in_array() expects parameter 2 to be array, null given /application/nginx-1.12.2/html/lovgarden_site/lovgarden/Application/Common/Common/function.php 第 130 行.
NOTIC: [8] Undefined index: flower_type_id /application/nginx-1.12.2/html/lovgarden_site/lovgarden/Application/Common/Common/function.php 第 130 行.
NOTIC: [2] in_array() expects parameter 2 to be array, null given /application/nginx-1.12.2/html/lovgarden_site/lovgarden/Application/Common/Common/function.php 第 130 行.
NOTIC: [8] Undefined index: flower_name /application/nginx-1.12.2/html/lovgarden_site/lovgarden/Application/Common/Common/function.php 第 130 行.
NOTIC: [2] in_array() expects parameter 2 to be array, null given /application/nginx-1.12.2/html/lovgarden_site/lovgarden/Application/Common/Common/function.php 第 130 行.
NOTIC: [8] Undefined index: flower_occasion_id /application/nginx-1.12.2/html/lovgarden_site/lovgarden/Application/Common/Common/function.php 第 130 行.
NOTIC: [2] in_array() expects parameter 2 to be array, null given /application/nginx-1.12.2/html/lovgarden_site/lovgarden/Application/Common/Common/function.php 第 130 行.
NOTIC: [8] Undefined index: flower_occasion /application/nginx-1.12.2/html/lovgarden_site/lovgarden/Application/Common/Common/function.php 第 130 行.
NOTIC: [2] in_array() expects parameter 2 to be array, null given /application/nginx-1.12.2/html/lovgarden_site/lovgarden/Application/Common/Common/function.php 第 130 行.
NOTIC: [8] Undefined index: flower_color_id /application/nginx-1.12.2/html/lovgarden_site/lovgarden/Application/Common/Common/function.php 第 130 行.
NOTIC: [2] in_array() expects parameter 2 to be array, null given /application/nginx-1.12.2/html/lovgarden_site/lovgarden/Application/Common/Common/function.php 第 130 行.
NOTIC: [8] Undefined index: flower_color /application/nginx-1.12.2/html/lovgarden_site/lovgarden/Application/Common/Common/function.php 第 130 行.
NOTIC: [2] in_array() expects parameter 2 to be array, null given /application/nginx-1.12.2/html/lovgarden_site/lovgarden/Application/Common/Common/function.php 第 130 行.
NOTIC: [8] Undefined index: image_url /application/nginx-1.12.2/html/lovgarden_site/lovgarden/Application/Common/Common/function.php 第 130 行.
NOTIC: [2] in_array() expects parameter 2 to be array, null given /application/nginx-1.12.2/html/lovgarden_site/lovgarden/Application/Common/Common/function.php 第 130 行.
NOTIC: [8] Undefined index: hurry_level_id /application/nginx-1.12.2/html/lovgarden_site/lovgarden/Application/Common/Common/function.php 第 130 行.
NOTIC: [2] in_array() expects parameter 2 to be array, null given /application/nginx-1.12.2/html/lovgarden_site/lovgarden/Application/Common/Common/function.php 第 130 行.
NOTIC: [8] Undefined index: hurry_level /application/nginx-1.12.2/html/lovgarden_site/lovgarden/Application/Common/Common/function.php 第 130 行.
NOTIC: [2] in_array() expects parameter 2 to be array, null given /application/nginx-1.12.2/html/lovgarden_site/lovgarden/Application/Common/Common/function.php 第 130 行.
NOTIC: [8] Undefined index: flower_type_id /application/nginx-1.12.2/html/lovgarden_site/lovgarden/Application/Common/Common/function.php 第 130 行.
NOTIC: [2] in_array() expects parameter 2 to be array, null given /application/nginx-1.12.2/html/lovgarden_site/lovgarden/Application/Common/Common/function.php 第 130 行.
NOTIC: [8] Undefined index: flower_name /application/nginx-1.12.2/html/lovgarden_site/lovgarden/Application/Common/Common/function.php 第 130 行.
NOTIC: [2] in_array() expects parameter 2 to be array, null given /application/nginx-1.12.2/html/lovgarden_site/lovgarden/Application/Common/Common/function.php 第 130 行.
NOTIC: [8] Undefined index: flower_occasion_id /application/nginx-1.12.2/html/lovgarden_site/lovgarden/Application/Common/Common/function.php 第 130 行.
NOTIC: [2] in_array() expects parameter 2 to be array, null given /application/nginx-1.12.2/html/lovgarden_site/lovgarden/Application/Common/Common/function.php 第 130 行.
NOTIC: [8] Undefined index: flower_occasion /application/nginx-1.12.2/html/lovgarden_site/lovgarden/Application/Common/Common/function.php 第 130 行.
NOTIC: [2] in_array() expects parameter 2 to be array, null given /application/nginx-1.12.2/html/lovgarden_site/lovgarden/Application/Common/Common/function.php 第 130 行.
NOTIC: [8] Undefined index: flower_color_id /application/nginx-1.12.2/html/lovgarden_site/lovgarden/Application/Common/Common/function.php 第 130 行.
NOTIC: [2] in_array() expects parameter 2 to be array, null given /application/nginx-1.12.2/html/lovgarden_site/lovgarden/Application/Common/Common/function.php 第 130 行.
NOTIC: [8] Undefined index: flower_color /application/nginx-1.12.2/html/lovgarden_site/lovgarden/Application/Common/Common/function.php 第 130 行.
NOTIC: [2] in_array() expects parameter 2 to be array, null given /application/nginx-1.12.2/html/lovgarden_site/lovgarden/Application/Common/Common/function.php 第 130 行.
NOTIC: [8] Undefined index: image_url /application/nginx-1.12.2/html/lovgarden_site/lovgarden/Application/Common/Common/function.php 第 130 行.
NOTIC: [2] in_array() expects parameter 2 to be array, null given /application/nginx-1.12.2/html/lovgarden_site/lovgarden/Application/Common/Common/function.php 第 130 行.
NOTIC: [8] Undefined index: hurry_level_id /application/nginx-1.12.2/html/lovgarden_site/lovgarden/Application/Common/Common/function.php 第 130 行.
NOTIC: [2] in_array() expects parameter 2 to be array, null given /application/nginx-1.12.2/html/lovgarden_site/lovgarden/Application/Common/Common/function.php 第 130 行.
NOTIC: [8] Undefined index: hurry_level /application/nginx-1.12.2/html/lovgarden_site/lovgarden/Application/Common/Common/function.php 第 130 行.
NOTIC: [2] in_array() expects parameter 2 to be array, null given /application/nginx-1.12.2/html/lovgarden_site/lovgarden/Application/Common/Common/function.php 第 130 行.
NOTIC: [8] Undefined index: flower_type_id /application/nginx-1.12.2/html/lovgarden_site/lovgarden/Application/Common/Common/function.php 第 130 行.
NOTIC: [2] in_array() expects parameter 2 to be array, null given /application/nginx-1.12.2/html/lovgarden_site/lovgarden/Application/Common/Common/function.php 第 130 行.
NOTIC: [8] Undefined index: flower_name /application/nginx-1.12.2/html/lovgarden_site/lovgarden/Application/Common/Common/function.php 第 130 行.
NOTIC: [2] in_array() expects parameter 2 to be array, null given /application/nginx-1.12.2/html/lovgarden_site/lovgarden/Application/Common/Common/function.php 第 130 行.
NOTIC: [8] Undefined index: flower_occasion_id /application/nginx-1.12.2/html/lovgarden_site/lovgarden/Application/Common/Common/function.php 第 130 行.
NOTIC: [2] in_array() expects parameter 2 to be array, null given /application/nginx-1.12.2/html/lovgarden_site/lovgarden/Application/Common/Common/function.php 第 130 行.
NOTIC: [8] Undefined index: flower_occasion /application/nginx-1.12.2/html/lovgarden_site/lovgarden/Application/Common/Common/function.php 第 130 行.
NOTIC: [2] in_array() expects parameter 2 to be array, null given /application/nginx-1.12.2/html/lovgarden_site/lovgarden/Application/Common/Common/function.php 第 130 行.
NOTIC: [8] Undefined index: flower_color_id /application/nginx-1.12.2/html/lovgarden_site/lovgarden/Application/Common/Common/function.php 第 130 行.
NOTIC: [2] in_array() expects parameter 2 to be array, null given /application/nginx-1.12.2/html/lovgarden_site/lovgarden/Application/Common/Common/function.php 第 130 行.
NOTIC: [8] Undefined index: flower_color /application/nginx-1.12.2/html/lovgarden_site/lovgarden/Application/Common/Common/function.php 第 130 行.
NOTIC: [2] in_array() expects parameter 2 to be array, null given /application/nginx-1.12.2/html/lovgarden_site/lovgarden/Application/Common/Common/function.php 第 130 行.
NOTIC: [8] Undefined index: image_url /application/nginx-1.12.2/html/lovgarden_site/lovgarden/Application/Common/Common/function.php 第 130 行.
NOTIC: [2] in_array() expects parameter 2 to be array, null given /application/nginx-1.12.2/html/lovgarden_site/lovgarden/Application/Common/Common/function.php 第 130 行.
NOTIC: [8] Undefined index: hurry_level_id /application/nginx-1.12.2/html/lovgarden_site/lovgarden/Application/Common/Common/function.php 第 130 行.
NOTIC: [2] in_array() expects parameter 2 to be array, null given /application/nginx-1.12.2/html/lovgarden_site/lovgarden/Application/Common/Common/function.php 第 130 行.
NOTIC: [8] Undefined index: hurry_level /application/nginx-1.12.2/html/lovgarden_site/lovgarden/Application/Common/Common/function.php 第 130 行.
NOTIC: [2] in_array() expects parameter 2 to be array, null given /application/nginx-1.12.2/html/lovgarden_site/lovgarden/Application/Common/Common/function.php 第 130 行.
NOTIC: [8] Undefined index: flower_type_id /application/nginx-1.12.2/html/lovgarden_site/lovgarden/Application/Common/Common/function.php 第 130 行.
NOTIC: [2] in_array() expects parameter 2 to be array, null given /application/nginx-1.12.2/html/lovgarden_site/lovgarden/Application/Common/Common/function.php 第 130 行.
NOTIC: [8] Undefined index: flower_name /application/nginx-1.12.2/html/lovgarden_site/lovgarden/Application/Common/Common/function.php 第 130 行.
NOTIC: [2] in_array() expects parameter 2 to be array, null given /application/nginx-1.12.2/html/lovgarden_site/lovgarden/Application/Common/Common/function.php 第 130 行.
NOTIC: [8] Undefined index: flower_occasion_id /application/nginx-1.12.2/html/lovgarden_site/lovgarden/Application/Common/Common/function.php 第 130 行.
NOTIC: [2] in_array() expects parameter 2 to be array, null given /application/nginx-1.12.2/html/lovgarden_site/lovgarden/Application/Common/Common/function.php 第 130 行.
NOTIC: [8] Undefined index: flower_occasion /application/nginx-1.12.2/html/lovgarden_site/lovgarden/Application/Common/Common/function.php 第 130 行.
NOTIC: [2] in_array() expects parameter 2 to be array, null given /application/nginx-1.12.2/html/lovgarden_site/lovgarden/Application/Common/Common/function.php 第 130 行.
NOTIC: [8] Undefined index: flower_color_id /application/nginx-1.12.2/html/lovgarden_site/lovgarden/Application/Common/Common/function.php 第 130 行.
NOTIC: [2] in_array() expects parameter 2 to be array, null given /application/nginx-1.12.2/html/lovgarden_site/lovgarden/Application/Common/Common/function.php 第 130 行.
NOTIC: [8] Undefined index: flower_color /application/nginx-1.12.2/html/lovgarden_site/lovgarden/Application/Common/Common/function.php 第 130 行.
NOTIC: [2] in_array() expects parameter 2 to be array, null given /application/nginx-1.12.2/html/lovgarden_site/lovgarden/Application/Common/Common/function.php 第 130 行.
NOTIC: [8] Undefined index: image_url /application/nginx-1.12.2/html/lovgarden_site/lovgarden/Application/Common/Common/function.php 第 130 行.
NOTIC: [2] in_array() expects parameter 2 to be array, null given /application/nginx-1.12.2/html/lovgarden_site/lovgarden/Application/Common/Common/function.php 第 130 行.
NOTIC: [8] Undefined index: hurry_level_id /application/nginx-1.12.2/html/lovgarden_site/lovgarden/Application/Common/Common/function.php 第 130 行.
NOTIC: [2] in_array() expects parameter 2 to be array, null given /application/nginx-1.12.2/html/lovgarden_site/lovgarden/Application/Common/Common/function.php 第 130 行.
NOTIC: [8] Undefined index: hurry_level /application/nginx-1.12.2/html/lovgarden_site/lovgarden/Application/Common/Common/function.php 第 130 行.
NOTIC: [2] in_array() expects parameter 2 to be array, null given /application/nginx-1.12.2/html/lovgarden_site/lovgarden/Application/Common/Common/function.php 第 130 行.
NOTIC: [8] Undefined index: flower_type_id /application/nginx-1.12.2/html/lovgarden_site/lovgarden/Application/Common/Common/function.php 第 130 行.
NOTIC: [2] in_array() expects parameter 2 to be array, null given /application/nginx-1.12.2/html/lovgarden_site/lovgarden/Application/Common/Common/function.php 第 130 行.
NOTIC: [8] Undefined index: flower_name /application/nginx-1.12.2/html/lovgarden_site/lovgarden/Application/Common/Common/function.php 第 130 行.
NOTIC: [2] in_array() expects parameter 2 to be array, null given /application/nginx-1.12.2/html/lovgarden_site/lovgarden/Application/Common/Common/function.php 第 130 行.
NOTIC: [8] Undefined index: flower_occasion_id /application/nginx-1.12.2/html/lovgarden_site/lovgarden/Application/Common/Common/function.php 第 130 行.
NOTIC: [2] in_array() expects parameter 2 to be array, null given /application/nginx-1.12.2/html/lovgarden_site/lovgarden/Application/Common/Common/function.php 第 130 行.
NOTIC: [8] Undefined index: flower_occasion /application/nginx-1.12.2/html/lovgarden_site/lovgarden/Application/Common/Common/function.php 第 130 行.
NOTIC: [2] in_array() expects parameter 2 to be array, null given /application/nginx-1.12.2/html/lovgarden_site/lovgarden/Application/Common/Common/function.php 第 130 行.
NOTIC: [8] Undefined index: flower_color_id /application/nginx-1.12.2/html/lovgarden_site/lovgarden/Application/Common/Common/function.php 第 130 行.
NOTIC: [2] in_array() expects parameter 2 to be array, null given /application/nginx-1.12.2/html/lovgarden_site/lovgarden/Application/Common/Common/function.php 第 130 行.
NOTIC: [8] Undefined index: flower_color /application/nginx-1.12.2/html/lovgarden_site/lovgarden/Application/Common/Common/function.php 第 130 行.
NOTIC: [2] in_array() expects parameter 2 to be array, null given /application/nginx-1.12.2/html/lovgarden_site/lovgarden/Application/Common/Common/function.php 第 130 行.
NOTIC: [8] Undefined index: image_url /application/nginx-1.12.2/html/lovgarden_site/lovgarden/Application/Common/Common/function.php 第 130 行.
NOTIC: [2] in_array() expects parameter 2 to be array, null given /application/nginx-1.12.2/html/lovgarden_site/lovgarden/Application/Common/Common/function.php 第 130 行.
NOTIC: [8] Undefined index: hurry_level_id /application/nginx-1.12.2/html/lovgarden_site/lovgarden/Application/Common/Common/function.php 第 130 行.
NOTIC: [2] in_array() expects parameter 2 to be array, null given /application/nginx-1.12.2/html/lovgarden_site/lovgarden/Application/Common/Common/function.php 第 130 行.
NOTIC: [8] Undefined index: hurry_level /application/nginx-1.12.2/html/lovgarden_site/lovgarden/Application/Common/Common/function.php 第 130 行.
NOTIC: [2] in_array() expects parameter 2 to be array, null given /application/nginx-1.12.2/html/lovgarden_site/lovgarden/Application/Common/Common/function.php 第 130 行.
NOTIC: [8] Undefined index: flower_type_id /application/nginx-1.12.2/html/lovgarden_site/lovgarden/Application/Common/Common/function.php 第 130 行.
NOTIC: [2] in_array() expects parameter 2 to be array, null given /application/nginx-1.12.2/html/lovgarden_site/lovgarden/Application/Common/Common/function.php 第 130 行.
NOTIC: [8] Undefined index: flower_name /application/nginx-1.12.2/html/lovgarden_site/lovgarden/Application/Common/Common/function.php 第 130 行.
NOTIC: [2] in_array() expects parameter 2 to be array, null given /application/nginx-1.12.2/html/lovgarden_site/lovgarden/Application/Common/Common/function.php 第 130 行.
NOTIC: [8] Undefined index: flower_occasion_id /application/nginx-1.12.2/html/lovgarden_site/lovgarden/Application/Common/Common/function.php 第 130 行.
NOTIC: [2] in_array() expects parameter 2 to be array, null given /application/nginx-1.12.2/html/lovgarden_site/lovgarden/Application/Common/Common/function.php 第 130 行.
NOTIC: [8] Undefined index: flower_occasion /application/nginx-1.12.2/html/lovgarden_site/lovgarden/Application/Common/Common/function.php 第 130 行.
NOTIC: [2] in_array() expects parameter 2 to be array, null given /application/nginx-1.12.2/html/lovgarden_site/lovgarden/Application/Common/Common/function.php 第 130 行.
NOTIC: [8] Undefined index: flower_color_id /application/nginx-1.12.2/html/lovgarden_site/lovgarden/Application/Common/Common/function.php 第 130 行.
NOTIC: [2] in_array() expects parameter 2 to be array, null given /application/nginx-1.12.2/html/lovgarden_site/lovgarden/Application/Common/Common/function.php 第 130 行.
NOTIC: [8] Undefined index: flower_color /application/nginx-1.12.2/html/lovgarden_site/lovgarden/Application/Common/Common/function.php 第 130 行.
NOTIC: [2] in_array() expects parameter 2 to be array, null given /application/nginx-1.12.2/html/lovgarden_site/lovgarden/Application/Common/Common/function.php 第 130 行.
NOTIC: [8] Undefined index: image_url /application/nginx-1.12.2/html/lovgarden_site/lovgarden/Application/Common/Common/function.php 第 130 行.
NOTIC: [2] in_array() expects parameter 2 to be array, null given /application/nginx-1.12.2/html/lovgarden_site/lovgarden/Application/Common/Common/function.php 第 130 行.
NOTIC: [8] Undefined index: hurry_level_id /application/nginx-1.12.2/html/lovgarden_site/lovgarden/Application/Common/Common/function.php 第 130 行.
NOTIC: [2] in_array() expects parameter 2 to be array, null given /application/nginx-1.12.2/html/lovgarden_site/lovgarden/Application/Common/Common/function.php 第 130 行.
NOTIC: [8] Undefined index: hurry_level /application/nginx-1.12.2/html/lovgarden_site/lovgarden/Application/Common/Common/function.php 第 130 行.
NOTIC: [2] in_array() expects parameter 2 to be array, null given /application/nginx-1.12.2/html/lovgarden_site/lovgarden/Application/Common/Common/function.php 第 130 行.
NOTIC: [8] Undefined index: flower_type_id /application/nginx-1.12.2/html/lovgarden_site/lovgarden/Application/Common/Common/function.php 第 130 行.
NOTIC: [2] in_array() expects parameter 2 to be array, null given /application/nginx-1.12.2/html/lovgarden_site/lovgarden/Application/Common/Common/function.php 第 130 行.
NOTIC: [8] Undefined index: flower_name /application/nginx-1.12.2/html/lovgarden_site/lovgarden/Application/Common/Common/function.php 第 130 行.
NOTIC: [2] in_array() expects parameter 2 to be array, null given /application/nginx-1.12.2/html/lovgarden_site/lovgarden/Application/Common/Common/function.php 第 130 行.
NOTIC: [8] Undefined index: flower_occasion_id /application/nginx-1.12.2/html/lovgarden_site/lovgarden/Application/Common/Common/function.php 第 130 行.
NOTIC: [2] in_array() expects parameter 2 to be array, null given /application/nginx-1.12.2/html/lovgarden_site/lovgarden/Application/Common/Common/function.php 第 130 行.
NOTIC: [8] Undefined index: flower_occasion /application/nginx-1.12.2/html/lovgarden_site/lovgarden/Application/Common/Common/function.php 第 130 行.
NOTIC: [2] in_array() expects parameter 2 to be array, null given /application/nginx-1.12.2/html/lovgarden_site/lovgarden/Application/Common/Common/function.php 第 130 行.
NOTIC: [8] Undefined index: flower_color_id /application/nginx-1.12.2/html/lovgarden_site/lovgarden/Application/Common/Common/function.php 第 130 行.
NOTIC: [2] in_array() expects parameter 2 to be array, null given /application/nginx-1.12.2/html/lovgarden_site/lovgarden/Application/Common/Common/function.php 第 130 行.
NOTIC: [8] Undefined index: flower_color /application/nginx-1.12.2/html/lovgarden_site/lovgarden/Application/Common/Common/function.php 第 130 行.
NOTIC: [2] in_array() expects parameter 2 to be array, null given /application/nginx-1.12.2/html/lovgarden_site/lovgarden/Application/Common/Common/function.php 第 130 行.
NOTIC: [8] Undefined index: image_url /application/nginx-1.12.2/html/lovgarden_site/lovgarden/Application/Common/Common/function.php 第 130 行.
NOTIC: [2] in_array() expects parameter 2 to be array, null given /application/nginx-1.12.2/html/lovgarden_site/lovgarden/Application/Common/Common/function.php 第 130 行.
NOTIC: [8] Undefined index: hurry_level_id /application/nginx-1.12.2/html/lovgarden_site/lovgarden/Application/Common/Common/function.php 第 130 行.
NOTIC: [2] in_array() expects parameter 2 to be array, null given /application/nginx-1.12.2/html/lovgarden_site/lovgarden/Application/Common/Common/function.php 第 130 行.
NOTIC: [8] Undefined index: hurry_level /application/nginx-1.12.2/html/lovgarden_site/lovgarden/Application/Common/Common/function.php 第 130 行.
NOTIC: [2] in_array() expects parameter 2 to be array, null given /application/nginx-1.12.2/html/lovgarden_site/lovgarden/Application/Common/Common/function.php 第 130 行.
NOTIC: [8] Undefined index: flower_type_id /application/nginx-1.12.2/html/lovgarden_site/lovgarden/Application/Common/Common/function.php 第 130 行.
NOTIC: [2] in_array() expects parameter 2 to be array, null given /application/nginx-1.12.2/html/lovgarden_site/lovgarden/Application/Common/Common/function.php 第 130 行.
NOTIC: [8] Undefined index: flower_name /application/nginx-1.12.2/html/lovgarden_site/lovgarden/Application/Common/Common/function.php 第 130 行.
NOTIC: [2] in_array() expects parameter 2 to be array, null given /application/nginx-1.12.2/html/lovgarden_site/lovgarden/Application/Common/Common/function.php 第 130 行.
NOTIC: [8] Undefined index: flower_occasion_id /application/nginx-1.12.2/html/lovgarden_site/lovgarden/Application/Common/Common/function.php 第 130 行.
NOTIC: [2] in_array() expects parameter 2 to be array, null given /application/nginx-1.12.2/html/lovgarden_site/lovgarden/Application/Common/Common/function.php 第 130 行.
NOTIC: [8] Undefined index: flower_occasion /application/nginx-1.12.2/html/lovgarden_site/lovgarden/Application/Common/Common/function.php 第 130 行.
NOTIC: [2] in_array() expects parameter 2 to be array, null given /application/nginx-1.12.2/html/lovgarden_site/lovgarden/Application/Common/Common/function.php 第 130 行.
NOTIC: [8] Undefined index: flower_color_id /application/nginx-1.12.2/html/lovgarden_site/lovgarden/Application/Common/Common/function.php 第 130 行.
NOTIC: [2] in_array() expects parameter 2 to be array, null given /application/nginx-1.12.2/html/lovgarden_site/lovgarden/Application/Common/Common/function.php 第 130 行.
NOTIC: [8] Undefined index: flower_color /application/nginx-1.12.2/html/lovgarden_site/lovgarden/Application/Common/Common/function.php 第 130 行.
NOTIC: [2] in_array() expects parameter 2 to be array, null given /application/nginx-1.12.2/html/lovgarden_site/lovgarden/Application/Common/Common/function.php 第 130 行.
NOTIC: [8] Undefined index: image_url /application/nginx-1.12.2/html/lovgarden_site/lovgarden/Application/Common/Common/function.php 第 130 行.
NOTIC: [2] in_array() expects parameter 2 to be array, null given /application/nginx-1.12.2/html/lovgarden_site/lovgarden/Application/Common/Common/function.php 第 130 行.
NOTIC: [8] Undefined index: hurry_level_id /application/nginx-1.12.2/html/lovgarden_site/lovgarden/Application/Common/Common/function.php 第 130 行.
NOTIC: [2] in_array() expects parameter 2 to be array, null given /application/nginx-1.12.2/html/lovgarden_site/lovgarden/Application/Common/Common/function.php 第 130 行.
NOTIC: [8] Undefined index: hurry_level /application/nginx-1.12.2/html/lovgarden_site/lovgarden/Application/Common/Common/function.php 第 130 行.
NOTIC: [2] in_array() expects parameter 2 to be array, null given /application/nginx-1.12.2/html/lovgarden_site/lovgarden/Application/Common/Common/function.php 第 130 行.
NOTIC: [8] Undefined index: flower_type_id /application/nginx-1.12.2/html/lovgarden_site/lovgarden/Application/Common/Common/function.php 第 130 行.
NOTIC: [2] in_array() expects parameter 2 to be array, null given /application/nginx-1.12.2/html/lovgarden_site/lovgarden/Application/Common/Common/function.php 第 130 行.
NOTIC: [8] Undefined index: flower_name /application/nginx-1.12.2/html/lovgarden_site/lovgarden/Application/Common/Common/function.php 第 130 行.
NOTIC: [2] in_array() expects parameter 2 to be array, null given /application/nginx-1.12.2/html/lovgarden_site/lovgarden/Application/Common/Common/function.php 第 130 行.
NOTIC: [8] Undefined index: flower_occasion_id /application/nginx-1.12.2/html/lovgarden_site/lovgarden/Application/Common/Common/function.php 第 130 行.
NOTIC: [2] in_array() expects parameter 2 to be array, null given /application/nginx-1.12.2/html/lovgarden_site/lovgarden/Application/Common/Common/function.php 第 130 行.
NOTIC: [8] Undefined index: flower_occasion /application/nginx-1.12.2/html/lovgarden_site/lovgarden/Application/Common/Common/function.php 第 130 行.
NOTIC: [2] in_array() expects parameter 2 to be array, null given /application/nginx-1.12.2/html/lovgarden_site/lovgarden/Application/Common/Common/function.php 第 130 行.
NOTIC: [8] Undefined index: flower_color_id /application/nginx-1.12.2/html/lovgarden_site/lovgarden/Application/Common/Common/function.php 第 130 行.
NOTIC: [2] in_array() expects parameter 2 to be array, null given /application/nginx-1.12.2/html/lovgarden_site/lovgarden/Application/Common/Common/function.php 第 130 行.
NOTIC: [8] Undefined index: flower_color /application/nginx-1.12.2/html/lovgarden_site/lovgarden/Application/Common/Common/function.php 第 130 行.
NOTIC: [2] in_array() expects parameter 2 to be array, null given /application/nginx-1.12.2/html/lovgarden_site/lovgarden/Application/Common/Common/function.php 第 130 行.
NOTIC: [8] Undefined index: image_url /application/nginx-1.12.2/html/lovgarden_site/lovgarden/Application/Common/Common/function.php 第 130 行.
NOTIC: [2] in_array() expects parameter 2 to be array, null given /application/nginx-1.12.2/html/lovgarden_site/lovgarden/Application/Common/Common/function.php 第 130 行.
NOTIC: [8] Undefined index: hurry_level_id /application/nginx-1.12.2/html/lovgarden_site/lovgarden/Application/Common/Common/function.php 第 130 行.
NOTIC: [2] in_array() expects parameter 2 to be array, null given /application/nginx-1.12.2/html/lovgarden_site/lovgarden/Application/Common/Common/function.php 第 130 行.
NOTIC: [8] Undefined index: hurry_level /application/nginx-1.12.2/html/lovgarden_site/lovgarden/Application/Common/Common/function.php 第 130 行.
NOTIC: [2] in_array() expects parameter 2 to be array, null given /application/nginx-1.12.2/html/lovgarden_site/lovgarden/Application/Common/Common/function.php 第 130 行.
NOTIC: [8] Undefined index: flower_type_id /application/nginx-1.12.2/html/lovgarden_site/lovgarden/Application/Common/Common/function.php 第 130 行.
NOTIC: [2] in_array() expects parameter 2 to be array, null given /application/nginx-1.12.2/html/lovgarden_site/lovgarden/Application/Common/Common/function.php 第 130 行.
NOTIC: [8] Undefined index: flower_name /application/nginx-1.12.2/html/lovgarden_site/lovgarden/Application/Common/Common/function.php 第 130 行.
NOTIC: [2] in_array() expects parameter 2 to be array, null given /application/nginx-1.12.2/html/lovgarden_site/lovgarden/Application/Common/Common/function.php 第 130 行.
NOTIC: [8] Undefined index: flower_occasion_id /application/nginx-1.12.2/html/lovgarden_site/lovgarden/Application/Common/Common/function.php 第 130 行.
NOTIC: [2] in_array() expects parameter 2 to be array, null given /application/nginx-1.12.2/html/lovgarden_site/lovgarden/Application/Common/Common/function.php 第 130 行.
NOTIC: [8] Undefined index: flower_occasion /application/nginx-1.12.2/html/lovgarden_site/lovgarden/Application/Common/Common/function.php 第 130 行.
NOTIC: [2] in_array() expects parameter 2 to be array, null given /application/nginx-1.12.2/html/lovgarden_site/lovgarden/Application/Common/Common/function.php 第 130 行.
NOTIC: [8] Undefined index: flower_color_id /application/nginx-1.12.2/html/lovgarden_site/lovgarden/Application/Common/Common/function.php 第 130 行.
NOTIC: [2] in_array() expects parameter 2 to be array, null given /application/nginx-1.12.2/html/lovgarden_site/lovgarden/Application/Common/Common/function.php 第 130 行.
NOTIC: [8] Undefined index: flower_color /application/nginx-1.12.2/html/lovgarden_site/lovgarden/Application/Common/Common/function.php 第 130 行.
NOTIC: [2] in_array() expects parameter 2 to be array, null given /application/nginx-1.12.2/html/lovgarden_site/lovgarden/Application/Common/Common/function.php 第 130 行.
NOTIC: [8] Undefined index: image_url /application/nginx-1.12.2/html/lovgarden_site/lovgarden/Application/Common/Common/function.php 第 130 行.
NOTIC: [2] in_array() expects parameter 2 to be array, null given /application/nginx-1.12.2/html/lovgarden_site/lovgarden/Application/Common/Common/function.php 第 130 行.
NOTIC: [8] Undefined index: hurry_level_id /application/nginx-1.12.2/html/lovgarden_site/lovgarden/Application/Common/Common/function.php 第 130 行.
NOTIC: [2] in_array() expects parameter 2 to be array, null given /application/nginx-1.12.2/html/lovgarden_site/lovgarden/Application/Common/Common/function.php 第 130 行.
NOTIC: [8] Undefined index: hurry_level /application/nginx-1.12.2/html/lovgarden_site/lovgarden/Application/Common/Common/function.php 第 130 行.
NOTIC: [2] in_array() expects parameter 2 to be array, null given /application/nginx-1.12.2/html/lovgarden_site/lovgarden/Application/Common/Common/function.php 第 130 行.
NOTIC: [8] Undefined index: flower_type_id /application/nginx-1.12.2/html/lovgarden_site/lovgarden/Application/Common/Common/function.php 第 130 行.
NOTIC: [2] in_array() expects parameter 2 to be array, null given /application/nginx-1.12.2/html/lovgarden_site/lovgarden/Application/Common/Common/function.php 第 130 行.
NOTIC: [8] Undefined index: flower_name /application/nginx-1.12.2/html/lovgarden_site/lovgarden/Application/Common/Common/function.php 第 130 行.
NOTIC: [2] in_array() expects parameter 2 to be array, null given /application/nginx-1.12.2/html/lovgarden_site/lovgarden/Application/Common/Common/function.php 第 130 行.
NOTIC: [8] Undefined index: flower_occasion_id /application/nginx-1.12.2/html/lovgarden_site/lovgarden/Application/Common/Common/function.php 第 130 行.
NOTIC: [2] in_array() expects parameter 2 to be array, null given /application/nginx-1.12.2/html/lovgarden_site/lovgarden/Application/Common/Common/function.php 第 130 行.
NOTIC: [8] Undefined index: flower_occasion /application/nginx-1.12.2/html/lovgarden_site/lovgarden/Application/Common/Common/function.php 第 130 行.
NOTIC: [2] in_array() expects parameter 2 to be array, null given /application/nginx-1.12.2/html/lovgarden_site/lovgarden/Application/Common/Common/function.php 第 130 行.
NOTIC: [8] Undefined index: flower_color_id /application/nginx-1.12.2/html/lovgarden_site/lovgarden/Application/Common/Common/function.php 第 130 行.
NOTIC: [2] in_array() expects parameter 2 to be array, null given /application/nginx-1.12.2/html/lovgarden_site/lovgarden/Application/Common/Common/function.php 第 130 行.
NOTIC: [8] Undefined index: flower_color /application/nginx-1.12.2/html/lovgarden_site/lovgarden/Application/Common/Common/function.php 第 130 行.
NOTIC: [2] in_array() expects parameter 2 to be array, null given /application/nginx-1.12.2/html/lovgarden_site/lovgarden/Application/Common/Common/function.php 第 130 行.
SQL: select id, hurry_level from lovgarden_hurry_level [ RunTime:0.0001s ]
SQL: select id, flower_name from lovgarden_flower_type [ RunTime:0.0001s ]
SQL: select id, flower_occasion from lovgarden_flower_occasion [ RunTime:0.0000s ]
SQL: select id, flower_color from lovgarden_flower_color [ RunTime:0.0000s ]
INFO: [ view_parse ] --START--
INFO: [ template_filter ] --START--
INFO: Run Behavior\ContentReplaceBehavior [ RunTime:0.000254s ]
INFO: [ template_filter ] --END-- [ RunTime:0.000278s ]
NOTIC: [8] Undefined index: hurryLevel /application/nginx-1.12.2/html/lovgarden_site/lovgarden/Application/Runtime/Cache/Home/afae4ad50d97c51a10b9a6b53125e1ae.php 第 245 行.
NOTIC: [2] in_array() expects parameter 2 to be array, null given /application/nginx-1.12.2/html/lovgarden_site/lovgarden/Application/Runtime/Cache/Home/afae4ad50d97c51a10b9a6b53125e1ae.php 第 245 行.
NOTIC: [8] Undefined index: hurryLevel /application/nginx-1.12.2/html/lovgarden_site/lovgarden/Application/Runtime/Cache/Home/afae4ad50d97c51a10b9a6b53125e1ae.php 第 245 行.
NOTIC: [2] in_array() expects parameter 2 to be array, null given /application/nginx-1.12.2/html/lovgarden_site/lovgarden/Application/Runtime/Cache/Home/afae4ad50d97c51a10b9a6b53125e1ae.php 第 245 行.
NOTIC: [8] Undefined index: flowerType /application/nginx-1.12.2/html/lovgarden_site/lovgarden/Application/Runtime/Cache/Home/afae4ad50d97c51a10b9a6b53125e1ae.php 第 259 行.
NOTIC: [2] in_array() expects parameter 2 to be array, null given /application/nginx-1.12.2/html/lovgarden_site/lovgarden/Application/Runtime/Cache/Home/afae4ad50d97c51a10b9a6b53125e1ae.php 第 259 行.
NOTIC: [8] Undefined index: flowerType /application/nginx-1.12.2/html/lovgarden_site/lovgarden/Application/Runtime/Cache/Home/afae4ad50d97c51a10b9a6b53125e1ae.php 第 259 行.
NOTIC: [2] in_array() expects parameter 2 to be array, null given /application/nginx-1.12.2/html/lovgarden_site/lovgarden/Application/Runtime/Cache/Home/afae4ad50d97c51a10b9a6b53125e1ae.php 第 259 行.
NOTIC: [8] Undefined index: flowerType /application/nginx-1.12.2/html/lovgarden_site/lovgarden/Application/Runtime/Cache/Home/afae4ad50d97c51a10b9a6b53125e1ae.php 第 259 行.
NOTIC: [2] in_array() expects parameter 2 to be array, null given /application/nginx-1.12.2/html/lovgarden_site/lovgarden/Application/Runtime/Cache/Home/afae4ad50d97c51a10b9a6b53125e1ae.php 第 259 行.
NOTIC: [8] Undefined index: flowerType /application/nginx-1.12.2/html/lovgarden_site/lovgarden/Application/Runtime/Cache/Home/afae4ad50d97c51a10b9a6b53125e1ae.php 第 259 行.
NOTIC: [2] in_array() expects parameter 2 to be array, null given /application/nginx-1.12.2/html/lovgarden_site/lovgarden/Application/Runtime/Cache/Home/afae4ad50d97c51a10b9a6b53125e1ae.php 第 259 行.
NOTIC: [8] Undefined index: flowerType /application/nginx-1.12.2/html/lovgarden_site/lovgarden/Application/Runtime/Cache/Home/afae4ad50d97c51a10b9a6b53125e1ae.php 第 259 行.
NOTIC: [2] in_array() expects parameter 2 to be array, null given /application/nginx-1.12.2/html/lovgarden_site/lovgarden/Application/Runtime/Cache/Home/afae4ad50d97c51a10b9a6b53125e1ae.php 第 259 行.
NOTIC: [8] Undefined index: flowerType /application/nginx-1.12.2/html/lovgarden_site/lovgarden/Application/Runtime/Cache/Home/afae4ad50d97c51a10b9a6b53125e1ae.php 第 259 行.
NOTIC: [2] in_array() expects parameter 2 to be array, null given /application/nginx-1.12.2/html/lovgarden_site/lovgarden/Application/Runtime/Cache/Home/afae4ad50d97c51a10b9a6b53125e1ae.php 第 259 行.
NOTIC: [8] Undefined index: flowerType /application/nginx-1.12.2/html/lovgarden_site/lovgarden/Application/Runtime/Cache/Home/afae4ad50d97c51a10b9a6b53125e1ae.php 第 259 行.
NOTIC: [2] in_array() expects parameter 2 to be array, null given /application/nginx-1.12.2/html/lovgarden_site/lovgarden/Application/Runtime/Cache/Home/afae4ad50d97c51a10b9a6b53125e1ae.php 第 259 行.
NOTIC: [8] Undefined index: flowerType /application/nginx-1.12.2/html/lovgarden_site/lovgarden/Application/Runtime/Cache/Home/afae4ad50d97c51a10b9a6b53125e1ae.php 第 259 行.
NOTIC: [2] in_array() expects parameter 2 to be array, null given /application/nginx-1.12.2/html/lovgarden_site/lovgarden/Application/Runtime/Cache/Home/afae4ad50d97c51a10b9a6b53125e1ae.php 第 259 行.
NOTIC: [8] Undefined index: flowerType /application/nginx-1.12.2/html/lovgarden_site/lovgarden/Application/Runtime/Cache/Home/afae4ad50d97c51a10b9a6b53125e1ae.php 第 270 行.
NOTIC: [2] in_array() expects parameter 2 to be array, null given /application/nginx-1.12.2/html/lovgarden_site/lovgarden/Application/Runtime/Cache/Home/afae4ad50d97c51a10b9a6b53125e1ae.php 第 270 行.
NOTIC: [8] Undefined index: flowerType /application/nginx-1.12.2/html/lovgarden_site/lovgarden/Application/Runtime/Cache/Home/afae4ad50d97c51a10b9a6b53125e1ae.php 第 270 行.
NOTIC: [2] in_array() expects parameter 2 to be array, null given /application/nginx-1.12.2/html/lovgarden_site/lovgarden/Application/Runtime/Cache/Home/afae4ad50d97c51a10b9a6b53125e1ae.php 第 270 行.
NOTIC: [8] Undefined index: flowerType /application/nginx-1.12.2/html/lovgarden_site/lovgarden/Application/Runtime/Cache/Home/afae4ad50d97c51a10b9a6b53125e1ae.php 第 270 行.
NOTIC: [2] in_array() expects parameter 2 to be array, null given /application/nginx-1.12.2/html/lovgarden_site/lovgarden/Application/Runtime/Cache/Home/afae4ad50d97c51a10b9a6b53125e1ae.php 第 270 行.
NOTIC: [8] Undefined index: flowerType /application/nginx-1.12.2/html/lovgarden_site/lovgarden/Application/Runtime/Cache/Home/afae4ad50d97c51a10b9a6b53125e1ae.php 第 270 行.
NOTIC: [2] in_array() expects parameter 2 to be array, null given /application/nginx-1.12.2/html/lovgarden_site/lovgarden/Application/Runtime/Cache/Home/afae4ad50d97c51a10b9a6b53125e1ae.php 第 270 行.
NOTIC: [8] Undefined index: flowerType /application/nginx-1.12.2/html/lovgarden_site/lovgarden/Application/Runtime/Cache/Home/afae4ad50d97c51a10b9a6b53125e1ae.php 第 270 行.
NOTIC: [2] in_array() expects parameter 2 to be array, null given /application/nginx-1.12.2/html/lovgarden_site/lovgarden/Application/Runtime/Cache/Home/afae4ad50d97c51a10b9a6b53125e1ae.php 第 270 行.
NOTIC: [8] Undefined index: flowerType /application/nginx-1.12.2/html/lovgarden_site/lovgarden/Application/Runtime/Cache/Home/afae4ad50d97c51a10b9a6b53125e1ae.php 第 270 行.
NOTIC: [2] in_array() expects parameter 2 to be array, null given /application/nginx-1.12.2/html/lovgarden_site/lovgarden/Application/Runtime/Cache/Home/afae4ad50d97c51a10b9a6b53125e1ae.php 第 270 行.
NOTIC: [8] Undefined index: flowerType /application/nginx-1.12.2/html/lovgarden_site/lovgarden/Application/Runtime/Cache/Home/afae4ad50d97c51a10b9a6b53125e1ae.php 第 270 行.
NOTIC: [2] in_array() expects parameter 2 to be array, null given /application/nginx-1.12.2/html/lovgarden_site/lovgarden/Application/Runtime/Cache/Home/afae4ad50d97c51a10b9a6b53125e1ae.php 第 270 行.
NOTIC: [8] Undefined index: flowerOccasion /application/nginx-1.12.2/html/lovgarden_site/lovgarden/Application/Runtime/Cache/Home/afae4ad50d97c51a10b9a6b53125e1ae.php 第 286 行.
NOTIC: [2] in_array() expects parameter 2 to be array, null given /application/nginx-1.12.2/html/lovgarden_site/lovgarden/Application/Runtime/Cache/Home/afae4ad50d97c51a10b9a6b53125e1ae.php 第 286 行.
NOTIC: [8] Undefined index: flowerOccasion /application/nginx-1.12.2/html/lovgarden_site/lovgarden/Application/Runtime/Cache/Home/afae4ad50d97c51a10b9a6b53125e1ae.php 第 286 行.
NOTIC: [2] in_array() expects parameter 2 to be array, null given /application/nginx-1.12.2/html/lovgarden_site/lovgarden/Application/Runtime/Cache/Home/afae4ad50d97c51a10b9a6b53125e1ae.php 第 286 行.
NOTIC: [8] Undefined index: flowerOccasion /application/nginx-1.12.2/html/lovgarden_site/lovgarden/Application/Runtime/Cache/Home/afae4ad50d97c51a10b9a6b53125e1ae.php 第 286 行.
NOTIC: [2] in_array() expects parameter 2 to be array, null given /application/nginx-1.12.2/html/lovgarden_site/lovgarden/Application/Runtime/Cache/Home/afae4ad50d97c51a10b9a6b53125e1ae.php 第 286 行.
NOTIC: [8] Undefined index: flowerOccasion /application/nginx-1.12.2/html/lovgarden_site/lovgarden/Application/Runtime/Cache/Home/afae4ad50d97c51a10b9a6b53125e1ae.php 第 286 行.
NOTIC: [2] in_array() expects parameter 2 to be array, null given /application/nginx-1.12.2/html/lovgarden_site/lovgarden/Application/Runtime/Cache/Home/afae4ad50d97c51a10b9a6b53125e1ae.php 第 286 行.
NOTIC: [8] Undefined index: flowerOccasion /application/nginx-1.12.2/html/lovgarden_site/lovgarden/Application/Runtime/Cache/Home/afae4ad50d97c51a10b9a6b53125e1ae.php 第 286 行.
NOTIC: [2] in_array() expects parameter 2 to be array, null given /application/nginx-1.12.2/html/lovgarden_site/lovgarden/Application/Runtime/Cache/Home/afae4ad50d97c51a10b9a6b53125e1ae.php 第 286 行.
NOTIC: [8] Undefined index: flowerOccasion /application/nginx-1.12.2/html/lovgarden_site/lovgarden/Application/Runtime/Cache/Home/afae4ad50d97c51a10b9a6b53125e1ae.php 第 297 行.
NOTIC: [2] in_array() expects parameter 2 to be array, null given /application/nginx-1.12.2/html/lovgarden_site/lovgarden/Application/Runtime/Cache/Home/afae4ad50d97c51a10b9a6b53125e1ae.php 第 297 行.
NOTIC: [8] Undefined index: flowerOccasion /application/nginx-1.12.2/html/lovgarden_site/lovgarden/Application/Runtime/Cache/Home/afae4ad50d97c51a10b9a6b53125e1ae.php 第 297 行.
NOTIC: [2] in_array() expects parameter 2 to be array, null given /application/nginx-1.12.2/html/lovgarden_site/lovgarden/Application/Runtime/Cache/Home/afae4ad50d97c51a10b9a6b53125e1ae.php 第 297 行.
NOTIC: [8] Undefined index: flowerOccasion /application/nginx-1.12.2/html/lovgarden_site/lovgarden/Application/Runtime/Cache/Home/afae4ad50d97c51a10b9a6b53125e1ae.php 第 297 行.
NOTIC: [2] in_array() expects parameter 2 to be array, null given /application/nginx-1.12.2/html/lovgarden_site/lovgarden/Application/Runtime/Cache/Home/afae4ad50d97c51a10b9a6b53125e1ae.php 第 297 行.
NOTIC: [8] Undefined index: flowerOccasion /application/nginx-1.12.2/html/lovgarden_site/lovgarden/Application/Runtime/Cache/Home/afae4ad50d97c51a10b9a6b53125e1ae.php 第 297 行.
NOTIC: [2] in_array() expects parameter 2 to be array, null given /application/nginx-1.12.2/html/lovgarden_site/lovgarden/Application/Runtime/Cache/Home/afae4ad50d97c51a10b9a6b53125e1ae.php 第 297 行.
NOTIC: [8] Undefined index: flowerOccasion /application/nginx-1.12.2/html/lovgarden_site/lovgarden/Application/Runtime/Cache/Home/afae4ad50d97c51a10b9a6b53125e1ae.php 第 297 行.
NOTIC: [2] in_array() expects parameter 2 to be array, null given /application/nginx-1.12.2/html/lovgarden_site/lovgarden/Application/Runtime/Cache/Home/afae4ad50d97c51a10b9a6b53125e1ae.php 第 297 行.
NOTIC: [8] Undefined index: flowerColor /application/nginx-1.12.2/html/lovgarden_site/lovgarden/Application/Runtime/Cache/Home/afae4ad50d97c51a10b9a6b53125e1ae.php 第 313 行.
NOTIC: [2] in_array() expects parameter 2 to be array, null given /application/nginx-1.12.2/html/lovgarden_site/lovgarden/Application/Runtime/Cache/Home/afae4ad50d97c51a10b9a6b53125e1ae.php 第 313 行.
NOTIC: [8] Undefined index: flowerColor /application/nginx-1.12.2/html/lovgarden_site/lovgarden/Application/Runtime/Cache/Home/afae4ad50d97c51a10b9a6b53125e1ae.php 第 313 行.
NOTIC: [2] in_array() expects parameter 2 to be array, null given /application/nginx-1.12.2/html/lovgarden_site/lovgarden/Application/Runtime/Cache/Home/afae4ad50d97c51a10b9a6b53125e1ae.php 第 313 行.
NOTIC: [8] Undefined index: flowerColor /application/nginx-1.12.2/html/lovgarden_site/lovgarden/Application/Runtime/Cache/Home/afae4ad50d97c51a10b9a6b53125e1ae.php 第 313 行.
NOTIC: [2] in_array() expects parameter 2 to be array, null given /application/nginx-1.12.2/html/lovgarden_site/lovgarden/Application/Runtime/Cache/Home/afae4ad50d97c51a10b9a6b53125e1ae.php 第 313 行.
NOTIC: [8] Undefined index: flowerColor /application/nginx-1.12.2/html/lovgarden_site/lovgarden/Application/Runtime/Cache/Home/afae4ad50d97c51a10b9a6b53125e1ae.php 第 324 行.
NOTIC: [2] in_array() expects parameter 2 to be array, null given /application/nginx-1.12.2/html/lovgarden_site/lovgarden/Application/Runtime/Cache/Home/afae4ad50d97c51a10b9a6b53125e1ae.php 第 324 行.
NOTIC: [8] Undefined index: flowerColor /application/nginx-1.12.2/html/lovgarden_site/lovgarden/Application/Runtime/Cache/Home/afae4ad50d97c51a10b9a6b53125e1ae.php 第 324 行.
NOTIC: [2] in_array() expects parameter 2 to be array, null given /application/nginx-1.12.2/html/lovgarden_site/lovgarden/Application/Runtime/Cache/Home/afae4ad50d97c51a10b9a6b53125e1ae.php 第 324 行.
NOTIC: [8] Undefined index: flowerColor /application/nginx-1.12.2/html/lovgarden_site/lovgarden/Application/Runtime/Cache/Home/afae4ad50d97c51a10b9a6b53125e1ae.php 第 324 行.
NOTIC: [2] in_array() expects parameter 2 to be array, null given /application/nginx-1.12.2/html/lovgarden_site/lovgarden/Application/Runtime/Cache/Home/afae4ad50d97c51a10b9a6b53125e1ae.php 第 324 行.
NOTIC: [8] Undefined index: hurryLevel /application/nginx-1.12.2/html/lovgarden_site/lovgarden/Application/Runtime/Cache/Home/afae4ad50d97c51a10b9a6b53125e1ae.php 第 427 行.
NOTIC: [2] in_array() expects parameter 2 to be array, null given /application/nginx-1.12.2/html/lovgarden_site/lovgarden/Application/Runtime/Cache/Home/afae4ad50d97c51a10b9a6b53125e1ae.php 第 427 行.
NOTIC: [8] Undefined index: hurryLevel /application/nginx-1.12.2/html/lovgarden_site/lovgarden/Application/Runtime/Cache/Home/afae4ad50d97c51a10b9a6b53125e1ae.php 第 427 行.
NOTIC: [2] in_array() expects parameter 2 to be array, null given /application/nginx-1.12.2/html/lovgarden_site/lovgarden/Application/Runtime/Cache/Home/afae4ad50d97c51a10b9a6b53125e1ae.php 第 427 行.
NOTIC: [8] Undefined index: flowerType /application/nginx-1.12.2/html/lovgarden_site/lovgarden/Application/Runtime/Cache/Home/afae4ad50d97c51a10b9a6b53125e1ae.php 第 435 行.
NOTIC: [2] in_array() expects parameter 2 to be array, null given /application/nginx-1.12.2/html/lovgarden_site/lovgarden/Application/Runtime/Cache/Home/afae4ad50d97c51a10b9a6b53125e1ae.php 第 435 行.
NOTIC: [8] Undefined index: flowerType /application/nginx-1.12.2/html/lovgarden_site/lovgarden/Application/Runtime/Cache/Home/afae4ad50d97c51a10b9a6b53125e1ae.php 第 435 行.
NOTIC: [2] in_array() expects parameter 2 to be array, null given /application/nginx-1.12.2/html/lovgarden_site/lovgarden/Application/Runtime/Cache/Home/afae4ad50d97c51a10b9a6b53125e1ae.php 第 435 行.
NOTIC: [8] Undefined index: flowerType /application/nginx-1.12.2/html/lovgarden_site/lovgarden/Application/Runtime/Cache/Home/afae4ad50d97c51a10b9a6b53125e1ae.php 第 435 行.
NOTIC: [2] in_array() expects parameter 2 to be array, null given /application/nginx-1.12.2/html/lovgarden_site/lovgarden/Application/Runtime/Cache/Home/afae4ad50d97c51a10b9a6b53125e1ae.php 第 435 行.
NOTIC: [8] Undefined index: flowerType /application/nginx-1.12.2/html/lovgarden_site/lovgarden/Application/Runtime/Cache/Home/afae4ad50d97c51a10b9a6b53125e1ae.php 第 435 行.
NOTIC: [2] in_array() expects parameter 2 to be array, null given /application/nginx-1.12.2/html/lovgarden_site/lovgarden/Application/Runtime/Cache/Home/afae4ad50d97c51a10b9a6b53125e1ae.php 第 435 行.
NOTIC: [8] Undefined index: flowerType /application/nginx-1.12.2/html/lovgarden_site/lovgarden/Application/Runtime/Cache/Home/afae4ad50d97c51a10b9a6b53125e1ae.php 第 435 行.
NOTIC: [2] in_array() expects parameter 2 to be array, null given /application/nginx-1.12.2/html/lovgarden_site/lovgarden/Application/Runtime/Cache/Home/afae4ad50d97c51a10b9a6b53125e1ae.php 第 435 行.
NOTIC: [8] Undefined index: flowerType /application/nginx-1.12.2/html/lovgarden_site/lovgarden/Application/Runtime/Cache/Home/afae4ad50d97c51a10b9a6b53125e1ae.php 第 435 行.
NOTIC: [2] in_array() expects parameter 2 to be array, null given /application/nginx-1.12.2/html/lovgarden_site/lovgarden/Application/Runtime/Cache/Home/afae4ad50d97c51a10b9a6b53125e1ae.php 第 435 行.
NOTIC: [8] Undefined index: flowerType /application/nginx-1.12.2/html/lovgarden_site/lovgarden/Application/Runtime/Cache/Home/afae4ad50d97c51a10b9a6b53125e1ae.php 第 435 行.
NOTIC: [2] in_array() expects parameter 2 to be array, null given /application/nginx-1.12.2/html/lovgarden_site/lovgarden/Application/Runtime/Cache/Home/afae4ad50d97c51a10b9a6b53125e1ae.php 第 435 行.
NOTIC: [8] Undefined index: flowerType /application/nginx-1.12.2/html/lovgarden_site/lovgarden/Application/Runtime/Cache/Home/afae4ad50d97c51a10b9a6b53125e1ae.php 第 435 行.
NOTIC: [2] in_array() expects parameter 2 to be array, null given /application/nginx-1.12.2/html/lovgarden_site/lovgarden/Application/Runtime/Cache/Home/afae4ad50d97c51a10b9a6b53125e1ae.php 第 435 行.
NOTIC: [8] Undefined index: flowerType /application/nginx-1.12.2/html/lovgarden_site/lovgarden/Application/Runtime/Cache/Home/afae4ad50d97c51a10b9a6b53125e1ae.php 第 435 行.
NOTIC: [2] in_array() expects parameter 2 to be array, null given /application/nginx-1.12.2/html/lovgarden_site/lovgarden/Application/Runtime/Cache/Home/afae4ad50d97c51a10b9a6b53125e1ae.php 第 435 行.
NOTIC: [8] Undefined index: flowerType /application/nginx-1.12.2/html/lovgarden_site/lovgarden/Application/Runtime/Cache/Home/afae4ad50d97c51a10b9a6b53125e1ae.php 第 435 行.
NOTIC: [2] in_array() expects parameter 2 to be array, null given /application/nginx-1.12.2/html/lovgarden_site/lovgarden/Application/Runtime/Cache/Home/afae4ad50d97c51a10b9a6b53125e1ae.php 第 435 行.
NOTIC: [8] Undefined index: flowerType /application/nginx-1.12.2/html/lovgarden_site/lovgarden/Application/Runtime/Cache/Home/afae4ad50d97c51a10b9a6b53125e1ae.php 第 435 行.
NOTIC: [2] in_array() expects parameter 2 to be array, null given /application/nginx-1.12.2/html/lovgarden_site/lovgarden/Application/Runtime/Cache/Home/afae4ad50d97c51a10b9a6b53125e1ae.php 第 435 行.
NOTIC: [8] Undefined index: flowerType /application/nginx-1.12.2/html/lovgarden_site/lovgarden/Application/Runtime/Cache/Home/afae4ad50d97c51a10b9a6b53125e1ae.php 第 435 行.
NOTIC: [2] in_array() expects parameter 2 to be array, null given /application/nginx-1.12.2/html/lovgarden_site/lovgarden/Application/Runtime/Cache/Home/afae4ad50d97c51a10b9a6b53125e1ae.php 第 435 行.
NOTIC: [8] Undefined index: flowerType /application/nginx-1.12.2/html/lovgarden_site/lovgarden/Application/Runtime/Cache/Home/afae4ad50d97c51a10b9a6b53125e1ae.php 第 435 行.
NOTIC: [2] in_array() expects parameter 2 to be array, null given /application/nginx-1.12.2/html/lovgarden_site/lovgarden/Application/Runtime/Cache/Home/afae4ad50d97c51a10b9a6b53125e1ae.php 第 435 行.
NOTIC: [8] Undefined index: flowerType /application/nginx-1.12.2/html/lovgarden_site/lovgarden/Application/Runtime/Cache/Home/afae4ad50d97c51a10b9a6b53125e1ae.php 第 435 行.
NOTIC: [2] in_array() expects parameter 2 to be array, null given /application/nginx-1.12.2/html/lovgarden_site/lovgarden/Application/Runtime/Cache/Home/afae4ad50d97c51a10b9a6b53125e1ae.php 第 435 行.
NOTIC: [8] Undefined index: flowerType /application/nginx-1.12.2/html/lovgarden_site/lovgarden/Application/Runtime/Cache/Home/afae4ad50d97c51a10b9a6b53125e1ae.php 第 435 行.
NOTIC: [2] in_array() expects parameter 2 to be array, null given /application/nginx-1.12.2/html/lovgarden_site/lovgarden/Application/Runtime/Cache/Home/afae4ad50d97c51a10b9a6b53125e1ae.php 第 435 行.
NOTIC: [8] Undefined index: flowerOccasion /application/nginx-1.12.2/html/lovgarden_site/lovgarden/Application/Runtime/Cache/Home/afae4ad50d97c51a10b9a6b53125e1ae.php 第 443 行.
NOTIC: [2] in_array() expects parameter 2 to be array, null given /application/nginx-1.12.2/html/lovgarden_site/lovgarden/Application/Runtime/Cache/Home/afae4ad50d97c51a10b9a6b53125e1ae.php 第 443 行.
NOTIC: [8] Undefined index: flowerOccasion /application/nginx-1.12.2/html/lovgarden_site/lovgarden/Application/Runtime/Cache/Home/afae4ad50d97c51a10b9a6b53125e1ae.php 第 443 行.
NOTIC: [2] in_array() expects parameter 2 to be array, null given /application/nginx-1.12.2/html/lovgarden_site/lovgarden/Application/Runtime/Cache/Home/afae4ad50d97c51a10b9a6b53125e1ae.php 第 443 行.
NOTIC: [8] Undefined index: flowerOccasion /application/nginx-1.12.2/html/lovgarden_site/lovgarden/Application/Runtime/Cache/Home/afae4ad50d97c51a10b9a6b53125e1ae.php 第 443 行.
NOTIC: [2] in_array() expects parameter 2 to be array, null given /application/nginx-1.12.2/html/lovgarden_site/lovgarden/Application/Runtime/Cache/Home/afae4ad50d97c51a10b9a6b53125e1ae.php 第 443 行.
NOTIC: [8] Undefined index: flowerOccasion /application/nginx-1.12.2/html/lovgarden_site/lovgarden/Application/Runtime/Cache/Home/afae4ad50d97c51a10b9a6b53125e1ae.php 第 443 行.
NOTIC: [2] in_array() expects parameter 2 to be array, null given /application/nginx-1.12.2/html/lovgarden_site/lovgarden/Application/Runtime/Cache/Home/afae4ad50d97c51a10b9a6b53125e1ae.php 第 443 行.
NOTIC: [8] Undefined index: flowerOccasion /application/nginx-1.12.2/html/lovgarden_site/lovgarden/Application/Runtime/Cache/Home/afae4ad50d97c51a10b9a6b53125e1ae.php 第 443 行.
NOTIC: [2] in_array() expects parameter 2 to be array, null given /application/nginx-1.12.2/html/lovgarden_site/lovgarden/Application/Runtime/Cache/Home/afae4ad50d97c51a10b9a6b53125e1ae.php 第 443 行.
NOTIC: [8] Undefined index: flowerOccasion /application/nginx-1.12.2/html/lovgarden_site/lovgarden/Application/Runtime/Cache/Home/afae4ad50d97c51a10b9a6b53125e1ae.php 第 443 行.
NOTIC: [2] in_array() expects parameter 2 to be array, null given /application/nginx-1.12.2/html/lovgarden_site/lovgarden/Application/Runtime/Cache/Home/afae4ad50d97c51a10b9a6b53125e1ae.php 第 443 行.
NOTIC: [8] Undefined index: flowerOccasion /application/nginx-1.12.2/html/lovgarden_site/lovgarden/Application/Runtime/Cache/Home/afae4ad50d97c51a10b9a6b53125e1ae.php 第 443 行.
NOTIC: [2] in_array() expects parameter 2 to be array, null given /application/nginx-1.12.2/html/lovgarden_site/lovgarden/Application/Runtime/Cache/Home/afae4ad50d97c51a10b9a6b53125e1ae.php 第 443 行.
NOTIC: [8] Undefined index: flowerOccasion /application/nginx-1.12.2/html/lovgarden_site/lovgarden/Application/Runtime/Cache/Home/afae4ad50d97c51a10b9a6b53125e1ae.php 第 443 行.
NOTIC: [2] in_array() expects parameter 2 to be array, null given /application/nginx-1.12.2/html/lovgarden_site/lovgarden/Application/Runtime/Cache/Home/afae4ad50d97c51a10b9a6b53125e1ae.php 第 443 行.
NOTIC: [8] Undefined index: flowerOccasion /application/nginx-1.12.2/html/lovgarden_site/lovgarden/Application/Runtime/Cache/Home/afae4ad50d97c51a10b9a6b53125e1ae.php 第 443 行.
NOTIC: [2] in_array() expects parameter 2 to be array, null given /application/nginx-1.12.2/html/lovgarden_site/lovgarden/Application/Runtime/Cache/Home/afae4ad50d97c51a10b9a6b53125e1ae.php 第 443 行.
NOTIC: [8] Undefined index: flowerOccasion /application/nginx-1.12.2/html/lovgarden_site/lovgarden/Application/Runtime/Cache/Home/afae4ad50d97c51a10b9a6b53125e1ae.php 第 443 行.
NOTIC: [2] in_array() expects parameter 2 to be array, null given /application/nginx-1.12.2/html/lovgarden_site/lovgarden/Application/Runtime/Cache/Home/afae4ad50d97c51a10b9a6b53125e1ae.php 第 443 行.
NOTIC: [8] Undefined index: flowerColor /application/nginx-1.12.2/html/lovgarden_site/lovgarden/Application/Runtime/Cache/Home/afae4ad50d97c51a10b9a6b53125e1ae.php 第 451 行.
NOTIC: [2] in_array() expects parameter 2 to be array, null given /application/nginx-1.12.2/html/lovgarden_site/lovgarden/Application/Runtime/Cache/Home/afae4ad50d97c51a10b9a6b53125e1ae.php 第 451 行.
NOTIC: [8] Undefined index: flowerColor /application/nginx-1.12.2/html/lovgarden_site/lovgarden/Application/Runtime/Cache/Home/afae4ad50d97c51a10b9a6b53125e1ae.php 第 451 行.
NOTIC: [2] in_array() expects parameter 2 to be array, null given /application/nginx-1.12.2/html/lovgarden_site/lovgarden/Application/Runtime/Cache/Home/afae4ad50d97c51a10b9a6b53125e1ae.php 第 451 行.
NOTIC: [8] Undefined index: flowerColor /application/nginx-1.12.2/html/lovgarden_site/lovgarden/Application/Runtime/Cache/Home/afae4ad50d97c51a10b9a6b53125e1ae.php 第 451 行.
NOTIC: [2] in_array() expects parameter 2 to be array, null given /application/nginx-1.12.2/html/lovgarden_site/lovgarden/Application/Runtime/Cache/Home/afae4ad50d97c51a10b9a6b53125e1ae.php 第 451 行.
NOTIC: [8] Undefined index: flowerColor /application/nginx-1.12.2/html/lovgarden_site/lovgarden/Application/Runtime/Cache/Home/afae4ad50d97c51a10b9a6b53125e1ae.php 第 451 行.
NOTIC: [2] in_array() expects parameter 2 to be array, null given /application/nginx-1.12.2/html/lovgarden_site/lovgarden/Application/Runtime/Cache/Home/afae4ad50d97c51a10b9a6b53125e1ae.php 第 451 行.
NOTIC: [8] Undefined index: flowerColor /application/nginx-1.12.2/html/lovgarden_site/lovgarden/Application/Runtime/Cache/Home/afae4ad50d97c51a10b9a6b53125e1ae.php 第 451 行.
NOTIC: [2] in_array() expects parameter 2 to be array, null given /application/nginx-1.12.2/html/lovgarden_site/lovgarden/Application/Runtime/Cache/Home/afae4ad50d97c51a10b9a6b53125e1ae.php 第 451 行.
NOTIC: [8] Undefined index: flowerColor /application/nginx-1.12.2/html/lovgarden_site/lovgarden/Application/Runtime/Cache/Home/afae4ad50d97c51a10b9a6b53125e1ae.php 第 451 行.
NOTIC: [2] in_array() expects parameter 2 to be array, null given /application/nginx-1.12.2/html/lovgarden_site/lovgarden/Application/Runtime/Cache/Home/afae4ad50d97c51a10b9a6b53125e1ae.php 第 451 行.
INFO: Run Behavior\ParseTemplateBehavior [ RunTime:0.006175s ]
INFO: [ view_parse ] --END-- [ RunTime:0.006194s ]
INFO: [ view_filter ] --START--
INFO: Run Behavior\WriteHtmlCacheBehavior [ RunTime:0.000023s ]
INFO: [ view_filter ] --END-- [ RunTime:0.000035s ]
INFO: [ app_end ] --START--
INFO: Run Behavior\ShowPageTraceBehavior [ RunTime:0.000025s ]
INFO: [ app_end ] --END-- [ RunTime:0.000046s ]

[ 2018-05-21T08:06:51+08:00 ] 77.88.47.58 /robots.txt
INFO: [ app_init ] --START--
INFO: Run Behavior\BuildLiteBehavior [ RunTime:0.000009s ]
INFO: [ app_init ] --END-- [ RunTime:0.000060s ]
INFO: [ app_begin ] --START--
INFO: Run Behavior\ReadHtmlCacheBehavior [ RunTime:0.000025s ]
INFO: [ app_begin ] --END-- [ RunTime:0.000043s ]
ERR: 无法加载控制器:Robots.txt

[ 2018-05-21T08:06:55+08:00 ] 77.88.47.58 /
INFO: [ app_init ] --START--
INFO: Run Behavior\BuildLiteBehavior [ RunTime:0.000009s ]
INFO: [ app_init ] --END-- [ RunTime:0.000071s ]
INFO: [ app_begin ] --START--
INFO: Run Behavior\ReadHtmlCacheBehavior [ RunTime:0.000017s ]
INFO: [ app_begin ] --END-- [ RunTime:0.000031s ]
SQL: SHOW COLUMNS FROM `lovgarden_block` [ RunTime:0.0005s ]
SQL: SELECT image_pc,image_mobile,block_title,block_body,block_link_title,block_link,page_link FROM lovgarden_block WHERE page_link = 'front' ORDER BY block_order ASC; [ RunTime:0.0001s ]
INFO: [ view_parse ] --START--
INFO: [ template_filter ] --START--
INFO: Run Behavior\ContentReplaceBehavior [ RunTime:0.000127s ]
INFO: [ template_filter ] --END-- [ RunTime:0.000151s ]
INFO: Run Behavior\ParseTemplateBehavior [ RunTime:0.003590s ]
INFO: [ view_parse ] --END-- [ RunTime:0.003614s ]
INFO: [ view_filter ] --START--
INFO: Run Behavior\WriteHtmlCacheBehavior [ RunTime:0.000032s ]
INFO: [ view_filter ] --END-- [ RunTime:0.000043s ]
INFO: [ app_end ] --START--
INFO: Run Behavior\ShowPageTraceBehavior [ RunTime:0.000030s ]
INFO: [ app_end ] --END-- [ RunTime:0.000047s ]

[ 2018-05-21T10:47:39+08:00 ] 107.170.229.146 /
INFO: [ app_init ] --START--
INFO: Run Behavior\BuildLiteBehavior [ RunTime:0.000009s ]
INFO: [ app_init ] --END-- [ RunTime:0.000063s ]
INFO: [ app_begin ] --START--
INFO: Run Behavior\ReadHtmlCacheBehavior [ RunTime:0.000025s ]
INFO: [ app_begin ] --END-- [ RunTime:0.000043s ]
SQL: SHOW COLUMNS FROM `lovgarden_block` [ RunTime:0.0007s ]
SQL: SELECT image_pc,image_mobile,block_title,block_body,block_link_title,block_link,page_link FROM lovgarden_block WHERE page_link = 'front' ORDER BY block_order ASC; [ RunTime:0.0001s ]
INFO: [ view_parse ] --START--
INFO: [ template_filter ] --START--
INFO: Run Behavior\ContentReplaceBehavior [ RunTime:0.000152s ]
INFO: [ template_filter ] --END-- [ RunTime:0.000183s ]
INFO: Run Behavior\ParseTemplateBehavior [ RunTime:0.003909s ]
INFO: [ view_parse ] --END-- [ RunTime:0.003936s ]
INFO: [ view_filter ] --START--
INFO: Run Behavior\WriteHtmlCacheBehavior [ RunTime:0.000033s ]
INFO: [ view_filter ] --END-- [ RunTime:0.000046s ]
INFO: [ app_end ] --START--
INFO: Run Behavior\ShowPageTraceBehavior [ RunTime:0.000059s ]
INFO: [ app_end ] --END-- [ RunTime:0.000108s ]

[ 2018-05-21T11:57:22+08:00 ] 123.207.85.84 /otsmobile/app/mgs/mgw.htm?operationType=com.cars.otsmobile.queryLeftTicket&requestData=%5B%7B%22train_date%22%3A%2220180531%22%2C%22purpose_codes%22%3A%2200%22%2C%22from_station%22%3A%22PIJ%22%2C%22to_station%22%3A%22POJ%22%2C%22station_train_code%22%3A%22%22%2C%22start_time_begin%22%3A%220000%22%2C%22start_time_end%22%3A%222400%22%2C%22train_headers%22%3A%22QB%23%22%2C%22train_flag%22%3A%22%22%2C%22seat_type%22%3A%22%22%2C%22seatBack_Type%22%3A%22%22%2C%22ticket_num%22%3A%22%22%2C%22dfpStr%22%3A%22%22%2C%22secret_str%22%3A%22%E5%90%8E%E5%8F%B0%E5%BC%80%E5%85%B3%E8%8E%B7%E5%8F%96%E5%A4%B1%E8%B4%A5%EF%BC%8C%E6%88%96%E9%85%8D%E7%BD%AE%E5%BC%80%E5%85%B3%E4%B8%BAfalse.null%22%2C%22baseDTO%22%3A%7B%22check_code%22%3A%228bc09ed776b5d03662de82232f42aedb%22%2C%22device_no%22%3A%22d010208ed83a785a%22%2C%22mobile_no%22%3A%22%22%2C%22os_type%22%3A%22a%22%2C%22time_str%22%3A%2220180521115722%22%2C%22user_name%22%3A%22%22%2C%22version_no%22%3A%223.0.1.01221000%22%7D%7D%5D&ts=1526875042364&sign=
INFO: [ app_init ] --START--
INFO: Run Behavior\BuildLiteBehavior [ RunTime:0.000008s ]
INFO: [ app_init ] --END-- [ RunTime:0.000058s ]
INFO: [ app_begin ] --START--
INFO: Run Behavior\ReadHtmlCacheBehavior [ RunTime:0.000032s ]
INFO: [ app_begin ] --END-- [ RunTime:0.000050s ]
ERR: 无法加载控制器:Otsmobile

[ 2018-05-21T12:03:46+08:00 ] 47.97.204.168 /
INFO: [ app_init ] --START--
INFO: Run Behavior\BuildLiteBehavior [ RunTime:0.000022s ]
INFO: [ app_init ] --END-- [ RunTime:0.000073s ]
INFO: [ app_begin ] --START--
INFO: Run Behavior\ReadHtmlCacheBehavior [ RunTime:0.000023s ]
INFO: [ app_begin ] --END-- [ RunTime:0.000037s ]
SQL: SHOW COLUMNS FROM `lovgarden_block` [ RunTime:0.0005s ]
SQL: SELECT image_pc,image_mobile,block_title,block_body,block_link_title,block_link,page_link FROM lovgarden_block WHERE page_link = 'front' ORDER BY block_order ASC; [ RunTime:0.0001s ]
INFO: [ view_parse ] --START--
INFO: [ template_filter ] --START--
INFO: Run Behavior\ContentReplaceBehavior [ RunTime:0.000126s ]
INFO: [ template_filter ] --END-- [ RunTime:0.000219s ]
INFO: Run Behavior\ParseTemplateBehavior [ RunTime:0.003673s ]
INFO: [ view_parse ] --END-- [ RunTime:0.003697s ]
INFO: [ view_filter ] --START--
INFO: Run Behavior\WriteHtmlCacheBehavior [ RunTime:0.000032s ]
INFO: [ view_filter ] --END-- [ RunTime:0.000043s ]
INFO: [ app_end ] --START--
INFO: Run Behavior\ShowPageTraceBehavior [ RunTime:0.000030s ]
INFO: [ app_end ] --END-- [ RunTime:0.000048s ]

[ 2018-05-21T12:15:01+08:00 ] 106.15.186.63 /
INFO: [ app_init ] --START--
INFO: Run Behavior\BuildLiteBehavior [ RunTime:0.000009s ]
INFO: [ app_init ] --END-- [ RunTime:0.000058s ]
INFO: [ app_begin ] --START--
INFO: Run Behavior\ReadHtmlCacheBehavior [ RunTime:0.000024s ]
INFO: [ app_begin ] --END-- [ RunTime:0.000038s ]
SQL: SHOW COLUMNS FROM `lovgarden_block` [ RunTime:0.0005s ]
SQL: SELECT image_pc,image_mobile,block_title,block_body,block_link_title,block_link,page_link FROM lovgarden_block WHERE page_link = 'front' ORDER BY block_order ASC; [ RunTime:0.0001s ]
INFO: [ view_parse ] --START--
INFO: [ template_filter ] --START--
INFO: Run Behavior\ContentReplaceBehavior [ RunTime:0.000123s ]
INFO: [ template_filter ] --END-- [ RunTime:0.000173s ]
INFO: Run Behavior\ParseTemplateBehavior [ RunTime:0.003628s ]
INFO: [ view_parse ] --END-- [ RunTime:0.003652s ]
INFO: [ view_filter ] --START--
INFO: Run Behavior\WriteHtmlCacheBehavior [ RunTime:0.000031s ]
INFO: [ view_filter ] --END-- [ RunTime:0.000044s ]
INFO: [ app_end ] --START--
INFO: Run Behavior\ShowPageTraceBehavior [ RunTime:0.000034s ]
INFO: [ app_end ] --END-- [ RunTime:0.000067s ]

[ 2018-05-21T12:15:46+08:00 ] 106.14.217.247 /
INFO: [ app_init ] --START--
INFO: Run Behavior\BuildLiteBehavior [ RunTime:0.000009s ]
INFO: [ app_init ] --END-- [ RunTime:0.000048s ]
INFO: [ app_begin ] --START--
INFO: Run Behavior\ReadHtmlCacheBehavior [ RunTime:0.000018s ]
INFO: [ app_begin ] --END-- [ RunTime:0.000033s ]
SQL: SHOW COLUMNS FROM `lovgarden_block` [ RunTime:0.0005s ]
SQL: SELECT image_pc,image_mobile,block_title,block_body,block_link_title,block_link,page_link FROM lovgarden_block WHERE page_link = 'front' ORDER BY block_order ASC; [ RunTime:0.0001s ]
INFO: [ view_parse ] --START--
INFO: [ template_filter ] --START--
INFO: Run Behavior\ContentReplaceBehavior [ RunTime:0.000140s ]
INFO: [ template_filter ] --END-- [ RunTime:0.000165s ]
INFO: Run Behavior\ParseTemplateBehavior [ RunTime:0.003588s ]
INFO: [ view_parse ] --END-- [ RunTime:0.003621s ]
INFO: [ view_filter ] --START--
INFO: Run Behavior\WriteHtmlCacheBehavior [ RunTime:0.000022s ]
INFO: [ view_filter ] --END-- [ RunTime:0.000033s ]
INFO: [ app_end ] --START--
INFO: Run Behavior\ShowPageTraceBehavior [ RunTime:0.000022s ]
INFO: [ app_end ] --END-- [ RunTime:0.000039s ]

[ 2018-05-21T12:25:35+08:00 ] 47.98.97.252 /
INFO: [ app_init ] --START--
INFO: Run Behavior\BuildLiteBehavior [ RunTime:0.000009s ]
INFO: [ app_init ] --END-- [ RunTime:0.000059s ]
INFO: [ app_begin ] --START--
INFO: Run Behavior\ReadHtmlCacheBehavior [ RunTime:0.000034s ]
INFO: [ app_begin ] --END-- [ RunTime:0.000056s ]
SQL: SHOW COLUMNS FROM `lovgarden_block` [ RunTime:0.0006s ]
SQL: SELECT image_pc,image_mobile,block_title,block_body,block_link_title,block_link,page_link FROM lovgarden_block WHERE page_link = 'front' ORDER BY block_order ASC; [ RunTime:0.0001s ]
INFO: [ view_parse ] --START--
INFO: [ template_filter ] --START--
INFO: Run Behavior\ContentReplaceBehavior [ RunTime:0.000128s ]
INFO: [ template_filter ] --END-- [ RunTime:0.000160s ]
INFO: Run Behavior\ParseTemplateBehavior [ RunTime:0.003823s ]
INFO: [ view_parse ] --END-- [ RunTime:0.003854s ]
INFO: [ view_filter ] --START--
INFO: Run Behavior\WriteHtmlCacheBehavior [ RunTime:0.000031s ]
INFO: [ view_filter ] --END-- [ RunTime:0.000044s ]
INFO: [ app_end ] --START--
INFO: Run Behavior\ShowPageTraceBehavior [ RunTime:0.000031s ]
INFO: [ app_end ] --END-- [ RunTime:0.000053s ]

[ 2018-05-21T14:43:00+08:00 ] 5.188.9.100 /
INFO: [ app_init ] --START--
INFO: Run Behavior\BuildLiteBehavior [ RunTime:0.000010s ]
INFO: [ app_init ] --END-- [ RunTime:0.000069s ]
INFO: [ app_begin ] --START--
INFO: Run Behavior\ReadHtmlCacheBehavior [ RunTime:0.000036s ]
INFO: [ app_begin ] --END-- [ RunTime:0.000055s ]
SQL: SHOW COLUMNS FROM `lovgarden_block` [ RunTime:0.0006s ]
SQL: SELECT image_pc,image_mobile,block_title,block_body,block_link_title,block_link,page_link FROM lovgarden_block WHERE page_link = 'front' ORDER BY block_order ASC; [ RunTime:0.0001s ]
INFO: [ view_parse ] --START--
INFO: [ template_filter ] --START--
INFO: Run Behavior\ContentReplaceBehavior [ RunTime:0.000126s ]
INFO: [ template_filter ] --END-- [ RunTime:0.000152s ]
INFO: Run Behavior\ParseTemplateBehavior [ RunTime:0.004019s ]
INFO: [ view_parse ] --END-- [ RunTime:0.004046s ]
INFO: [ view_filter ] --START--
INFO: Run Behavior\WriteHtmlCacheBehavior [ RunTime:0.000031s ]
INFO: [ view_filter ] --END-- [ RunTime:0.000052s ]
INFO: [ app_end ] --START--
INFO: Run Behavior\ShowPageTraceBehavior [ RunTime:0.000053s ]
INFO: [ app_end ] --END-- [ RunTime:0.000076s ]

[ 2018-05-21T16:17:50+08:00 ] 47.92.4.72 /
INFO: [ app_init ] --START--
INFO: Run Behavior\BuildLiteBehavior [ RunTime:0.000011s ]
INFO: [ app_init ] --END-- [ RunTime:0.000078s ]
INFO: [ app_begin ] --START--
INFO: Run Behavior\ReadHtmlCacheBehavior [ RunTime:0.000045s ]
INFO: [ app_begin ] --END-- [ RunTime:0.000068s ]
SQL: SHOW COLUMNS FROM `lovgarden_block` [ RunTime:0.0007s ]
SQL: SELECT image_pc,image_mobile,block_title,block_body,block_link_title,block_link,page_link FROM lovgarden_block WHERE page_link = 'front' ORDER BY block_order ASC; [ RunTime:0.0001s ]
INFO: [ view_parse ] --START--
INFO: [ template_filter ] --START--
INFO: Run Behavior\ContentReplaceBehavior [ RunTime:0.000122s ]
INFO: [ template_filter ] --END-- [ RunTime:0.000145s ]
INFO: Run Behavior\ParseTemplateBehavior [ RunTime:0.003998s ]
INFO: [ view_parse ] --END-- [ RunTime:0.004024s ]
INFO: [ view_filter ] --START--
INFO: Run Behavior\WriteHtmlCacheBehavior [ RunTime:0.000030s ]
INFO: [ view_filter ] --END-- [ RunTime:0.000041s ]
INFO: [ app_end ] --START--
INFO: Run Behavior\ShowPageTraceBehavior [ RunTime:0.000034s ]
INFO: [ app_end ] --END-- [ RunTime:0.000057s ]

[ 2018-05-21T19:46:11+08:00 ] 106.11.226.32 /
INFO: [ app_init ] --START--
INFO: Run Behavior\BuildLiteBehavior [ RunTime:0.000009s ]
INFO: [ app_init ] --END-- [ RunTime:0.000056s ]
INFO: [ app_begin ] --START--
INFO: Run Behavior\ReadHtmlCacheBehavior [ RunTime:0.000022s ]
INFO: [ app_begin ] --END-- [ RunTime:0.000038s ]
SQL: SHOW COLUMNS FROM `lovgarden_block` [ RunTime:0.0005s ]
SQL: SELECT image_pc,image_mobile,block_title,block_body,block_link_title,block_link,page_link FROM lovgarden_block WHERE page_link = 'front' ORDER BY block_order ASC; [ RunTime:0.0001s ]
INFO: [ view_parse ] --START--
INFO: [ template_filter ] --START--
INFO: Run Behavior\ContentReplaceBehavior [ RunTime:0.000119s ]
INFO: [ template_filter ] --END-- [ RunTime:0.000142s ]
INFO: Run Behavior\ParseTemplateBehavior [ RunTime:0.003628s ]
INFO: [ view_parse ] --END-- [ RunTime:0.003651s ]
INFO: [ view_filter ] --START--
INFO: Run Behavior\WriteHtmlCacheBehavior [ RunTime:0.000030s ]
INFO: [ view_filter ] --END-- [ RunTime:0.000040s ]
INFO: [ app_end ] --START--
INFO: Run Behavior\ShowPageTraceBehavior [ RunTime:0.000030s ]
INFO: [ app_end ] --END-- [ RunTime:0.000048s ]

[ 2018-05-21T21:48:08+08:00 ] 13.56.232.243 /
INFO: [ app_init ] --START--
INFO: Run Behavior\BuildLiteBehavior [ RunTime:0.000011s ]
INFO: [ app_init ] --END-- [ RunTime:0.000070s ]
INFO: [ app_begin ] --START--
INFO: Run Behavior\ReadHtmlCacheBehavior [ RunTime:0.000026s ]
INFO: [ app_begin ] --END-- [ RunTime:0.000043s ]
SQL: SHOW COLUMNS FROM `lovgarden_block` [ RunTime:0.0006s ]
SQL: SELECT image_pc,image_mobile,block_title,block_body,block_link_title,block_link,page_link FROM lovgarden_block WHERE page_link = 'front' ORDER BY block_order ASC; [ RunTime:0.0001s ]
INFO: [ view_parse ] --START--
INFO: [ template_filter ] --START--
INFO: Run Behavior\ContentReplaceBehavior [ RunTime:0.000129s ]
INFO: [ template_filter ] --END-- [ RunTime:0.000168s ]
INFO: Run Behavior\ParseTemplateBehavior [ RunTime:0.003974s ]
INFO: [ view_parse ] --END-- [ RunTime:0.004002s ]
INFO: [ view_filter ] --START--
INFO: Run Behavior\WriteHtmlCacheBehavior [ RunTime:0.000031s ]
INFO: [ view_filter ] --END-- [ RunTime:0.000043s ]
INFO: [ app_end ] --START--
INFO: Run Behavior\ShowPageTraceBehavior [ RunTime:0.000047s ]
INFO: [ app_end ] --END-- [ RunTime:0.000072s ]

[ 2018-05-21T22:21:15+08:00 ] 139.224.11.233 /
INFO: [ app_init ] --START--
INFO: Run Behavior\BuildLiteBehavior [ RunTime:0.000010s ]
INFO: [ app_init ] --END-- [ RunTime:0.000073s ]
INFO: [ app_begin ] --START--
INFO: Run Behavior\ReadHtmlCacheBehavior [ RunTime:0.000032s ]
INFO: [ app_begin ] --END-- [ RunTime:0.000054s ]
SQL: SHOW COLUMNS FROM `lovgarden_block` [ RunTime:0.0006s ]
SQL: SELECT image_pc,image_mobile,block_title,block_body,block_link_title,block_link,page_link FROM lovgarden_block WHERE page_link = 'front' ORDER BY block_order ASC; [ RunTime:0.0001s ]
INFO: [ view_parse ] --START--
INFO: [ template_filter ] --START--
INFO: Run Behavior\ContentReplaceBehavior [ RunTime:0.000124s ]
INFO: [ template_filter ] --END-- [ RunTime:0.000150s ]
INFO: Run Behavior\ParseTemplateBehavior [ RunTime:0.003858s ]
INFO: [ view_parse ] --END-- [ RunTime:0.003894s ]
INFO: [ view_filter ] --START--
INFO: Run Behavior\WriteHtmlCacheBehavior [ RunTime:0.000036s ]
INFO: [ view_filter ] --END-- [ RunTime:0.000053s ]
INFO: [ app_end ] --START--
INFO: Run Behavior\ShowPageTraceBehavior [ RunTime:0.000038s ]
INFO: [ app_end ] --END-- [ RunTime:0.000062s ]

[ 2018-05-21T23:21:07+08:00 ] 47.100.38.9 /
INFO: [ app_init ] --START--
INFO: Run Behavior\BuildLiteBehavior [ RunTime:0.000009s ]
INFO: [ app_init ] --END-- [ RunTime:0.000061s ]
INFO: [ app_begin ] --START--
INFO: Run Behavior\ReadHtmlCacheBehavior [ RunTime:0.000023s ]
INFO: [ app_begin ] --END-- [ RunTime:0.000038s ]
SQL: SHOW COLUMNS FROM `lovgarden_block` [ RunTime:0.0005s ]
SQL: SELECT image_pc,image_mobile,block_title,block_body,block_link_title,block_link,page_link FROM lovgarden_block WHERE page_link = 'front' ORDER BY block_order ASC; [ RunTime:0.0001s ]
INFO: [ view_parse ] --START--
INFO: [ template_filter ] --START--
INFO: Run Behavior\ContentReplaceBehavior [ RunTime:0.000119s ]
INFO: [ template_filter ] --END-- [ RunTime:0.000142s ]
INFO: Run Behavior\ParseTemplateBehavior [ RunTime:0.003722s ]
INFO: [ view_parse ] --END-- [ RunTime:0.003748s ]
INFO: [ view_filter ] --START--
INFO: Run Behavior\WriteHtmlCacheBehavior [ RunTime:0.000031s ]
INFO: [ view_filter ] --END-- [ RunTime:0.000042s ]
INFO: [ app_end ] --START--
INFO: Run Behavior\ShowPageTraceBehavior [ RunTime:0.000031s ]
INFO: [ app_end ] --END-- [ RunTime:0.000049s ]

[ 2018-05-21T23:43:59+08:00 ] 216.218.206.66 /
INFO: [ app_init ] --START--
INFO: Run Behavior\BuildLiteBehavior [ RunTime:0.000009s ]
INFO: [ app_init ] --END-- [ RunTime:0.000057s ]
INFO: [ app_begin ] --START--
INFO: Run Behavior\ReadHtmlCacheBehavior [ RunTime:0.000024s ]
INFO: [ app_begin ] --END-- [ RunTime:0.000041s ]
SQL: SHOW COLUMNS FROM `lovgarden_block` [ RunTime:0.0006s ]
SQL: SELECT image_pc,image_mobile,block_title,block_body,block_link_title,block_link,page_link FROM lovgarden_block WHERE page_link = 'front' ORDER BY block_order ASC; [ RunTime:0.0001s ]
INFO: [ view_parse ] --START--
INFO: [ template_filter ] --START--
INFO: Run Behavior\ContentReplaceBehavior [ RunTime:0.000129s ]
INFO: [ template_filter ] --END-- [ RunTime:0.000158s ]
INFO: Run Behavior\ParseTemplateBehavior [ RunTime:0.003730s ]
INFO: [ view_parse ] --END-- [ RunTime:0.003757s ]
INFO: [ view_filter ] --START--
INFO: Run Behavior\WriteHtmlCacheBehavior [ RunTime:0.000031s ]
INFO: [ view_filter ] --END-- [ RunTime:0.000043s ]
INFO: [ app_end ] --START--
INFO: Run Behavior\ShowPageTraceBehavior [ RunTime:0.000041s ]
INFO: [ app_end ] --END-- [ RunTime:0.000066s ]

